<?xml version="1.0" encoding="UTF-8"?>
<testsuite xmlns:xsi="http://www.w3.org/2001/XMLSchema-instance" xsi:noNamespaceSchemaLocation="https://maven.apache.org/surefire/maven-surefire-plugin/xsd/surefire-test-report.xsd" version="3.0.2" name="TestSuite" time="23.72" tests="24" errors="0" skipped="0" failures="0">
  <properties>
    <property name="java.specification.version" value="22"/>
    <property name="sun.cpu.isalist" value="amd64"/>
    <property name="sun.jnu.encoding" value="Cp1252"/>
    <property name="java.class.path" value="C:\Users\Techie\OneDrive\Desktop\GW-Automation\New folder\New folder\Website-Learners\API_automation\GravitywriteAutomation\target\test-classes;C:\Users\Techie\OneDrive\Desktop\GW-Automation\New folder\New folder\Website-Learners\API_automation\GravitywriteAutomation\target\classes;C:\Users\Techie\.m2\repository\io\rest-assured\rest-assured\5.5.1\rest-assured-5.5.1.jar;C:\Users\Techie\.m2\repository\org\apache\groovy\groovy\4.0.22\groovy-4.0.22.jar;C:\Users\Techie\.m2\repository\org\apache\groovy\groovy-xml\4.0.22\groovy-xml-4.0.22.jar;C:\Users\Techie\.m2\repository\org\apache\httpcomponents\httpclient\4.5.13\httpclient-4.5.13.jar;C:\Users\Techie\.m2\repository\org\apache\httpcomponents\httpcore\4.4.13\httpcore-4.4.13.jar;C:\Users\Techie\.m2\repository\commons-logging\commons-logging\1.2\commons-logging-1.2.jar;C:\Users\Techie\.m2\repository\org\apache\httpcomponents\httpmime\4.5.13\httpmime-4.5.13.jar;C:\Users\Techie\.m2\repository\org\hamcrest\hamcrest\2.2\hamcrest-2.2.jar;C:\Users\Techie\.m2\repository\org\ccil\cowan\tagsoup\tagsoup\1.2.1\tagsoup-1.2.1.jar;C:\Users\Techie\.m2\repository\io\rest-assured\xml-path\5.5.1\xml-path-5.5.1.jar;C:\Users\Techie\.m2\repository\io\rest-assured\json-path\5.5.1\json-path-5.5.1.jar;C:\Users\Techie\.m2\repository\org\apache\groovy\groovy-json\4.0.22\groovy-json-4.0.22.jar;C:\Users\Techie\.m2\repository\io\rest-assured\rest-assured-common\5.5.1\rest-assured-common-5.5.1.jar;C:\Users\Techie\.m2\repository\org\json\json\20250107\json-20250107.jar;C:\Users\Techie\.m2\repository\org\testng\testng\7.11.0\testng-7.11.0.jar;C:\Users\Techie\.m2\repository\org\slf4j\slf4j-api\2.0.16\slf4j-api-2.0.16.jar;C:\Users\Techie\.m2\repository\org\jcommander\jcommander\1.83\jcommander-1.83.jar;C:\Users\Techie\.m2\repository\org\webjars\jquery\3.7.1\jquery-3.7.1.jar;C:\Users\Techie\.m2\repository\com\github\scribejava\scribejava-apis\8.3.3\scribejava-apis-8.3.3.jar;C:\Users\Techie\.m2\repository\com\github\scribejava\scribejava-core\8.3.3\scribejava-core-8.3.3.jar;C:\Users\Techie\.m2\repository\com\github\scribejava\scribejava-java8\8.3.3\scribejava-java8-8.3.3.jar;C:\Users\Techie\.m2\repository\com\fasterxml\jackson\core\jackson-databind\2.14.0\jackson-databind-2.14.0.jar;C:\Users\Techie\.m2\repository\com\fasterxml\jackson\core\jackson-annotations\2.14.0\jackson-annotations-2.14.0.jar;C:\Users\Techie\.m2\repository\com\fasterxml\jackson\core\jackson-core\2.14.0\jackson-core-2.14.0.jar;C:\Users\Techie\.m2\repository\com\github\javafaker\javafaker\1.0.2\javafaker-1.0.2.jar;C:\Users\Techie\.m2\repository\org\apache\commons\commons-lang3\3.5\commons-lang3-3.5.jar;C:\Users\Techie\.m2\repository\org\yaml\snakeyaml\1.23\snakeyaml-1.23-android.jar;C:\Users\Techie\.m2\repository\com\github\mifmif\generex\1.0.2\generex-1.0.2.jar;C:\Users\Techie\.m2\repository\dk\brics\automaton\automaton\1.11-8\automaton-1.11-8.jar;C:\Users\Techie\.m2\repository\com\github\java-json-tools\json-schema-validator\2.2.14\json-schema-validator-2.2.14.jar;C:\Users\Techie\.m2\repository\com\google\guava\guava\28.2-android\guava-28.2-android.jar;C:\Users\Techie\.m2\repository\com\google\guava\failureaccess\1.0.1\failureaccess-1.0.1.jar;C:\Users\Techie\.m2\repository\com\google\guava\listenablefuture\9999.0-empty-to-avoid-conflict-with-guava\listenablefuture-9999.0-empty-to-avoid-conflict-with-guava.jar;C:\Users\Techie\.m2\repository\org\checkerframework\checker-compat-qual\2.5.5\checker-compat-qual-2.5.5.jar;C:\Users\Techie\.m2\repository\com\google\errorprone\error_prone_annotations\2.3.4\error_prone_annotations-2.3.4.jar;C:\Users\Techie\.m2\repository\com\google\j2objc\j2objc-annotations\1.3\j2objc-annotations-1.3.jar;C:\Users\Techie\.m2\repository\com\github\java-json-tools\jackson-coreutils-equivalence\1.0\jackson-coreutils-equivalence-1.0.jar;C:\Users\Techie\.m2\repository\com\github\java-json-tools\jackson-coreutils\2.0\jackson-coreutils-2.0.jar;C:\Users\Techie\.m2\repository\com\github\java-json-tools\msg-simple\1.2\msg-simple-1.2.jar;C:\Users\Techie\.m2\repository\com\github\java-json-tools\btf\1.3\btf-1.3.jar;C:\Users\Techie\.m2\repository\com\github\java-json-tools\json-schema-core\1.2.14\json-schema-core-1.2.14.jar;C:\Users\Techie\.m2\repository\com\github\java-json-tools\uri-template\0.10\uri-template-0.10.jar;C:\Users\Techie\.m2\repository\org\mozilla\rhino\1.7.7.2\rhino-1.7.7.2.jar;C:\Users\Techie\.m2\repository\com\sun\mail\mailapi\1.6.2\mailapi-1.6.2.jar;C:\Users\Techie\.m2\repository\joda-time\joda-time\2.10.5\joda-time-2.10.5.jar;C:\Users\Techie\.m2\repository\com\googlecode\libphonenumber\libphonenumber\8.11.1\libphonenumber-8.11.1.jar;C:\Users\Techie\.m2\repository\com\google\code\findbugs\jsr305\3.0.2\jsr305-3.0.2.jar;C:\Users\Techie\.m2\repository\net\sf\jopt-simple\jopt-simple\5.0.4\jopt-simple-5.0.4.jar;C:\Users\Techie\.m2\repository\com\aventstack\extentreports\5.1.2\extentreports-5.1.2.jar;C:\Users\Techie\.m2\repository\io\reactivex\rxjava3\rxjava\3.1.6\rxjava-3.1.6.jar;C:\Users\Techie\.m2\repository\org\reactivestreams\reactive-streams\1.0.4\reactive-streams-1.0.4.jar;C:\Users\Techie\.m2\repository\org\freemarker\freemarker\2.3.32\freemarker-2.3.32.jar;C:\Users\Techie\.m2\repository\org\projectlombok\lombok\1.18.26\lombok-1.18.26.jar;C:\Users\Techie\.m2\repository\com\google\code\gson\gson\2.10.1\gson-2.10.1.jar;C:\Users\Techie\.m2\repository\org\apache\poi\poi\5.4.0\poi-5.4.0.jar;C:\Users\Techie\.m2\repository\commons-codec\commons-codec\1.17.1\commons-codec-1.17.1.jar;C:\Users\Techie\.m2\repository\org\apache\commons\commons-collections4\4.4\commons-collections4-4.4.jar;C:\Users\Techie\.m2\repository\org\apache\commons\commons-math3\3.6.1\commons-math3-3.6.1.jar;C:\Users\Techie\.m2\repository\commons-io\commons-io\2.18.0\commons-io-2.18.0.jar;C:\Users\Techie\.m2\repository\com\zaxxer\SparseBitSet\1.3\SparseBitSet-1.3.jar;C:\Users\Techie\.m2\repository\org\apache\poi\poi-ooxml\5.4.0\poi-ooxml-5.4.0.jar;C:\Users\Techie\.m2\repository\org\apache\poi\poi-ooxml-lite\5.4.0\poi-ooxml-lite-5.4.0.jar;C:\Users\Techie\.m2\repository\org\apache\xmlbeans\xmlbeans\5.3.0\xmlbeans-5.3.0.jar;C:\Users\Techie\.m2\repository\org\apache\commons\commons-compress\1.27.1\commons-compress-1.27.1.jar;C:\Users\Techie\.m2\repository\com\github\virtuald\curvesapi\1.08\curvesapi-1.08.jar;C:\Users\Techie\.m2\repository\org\apache\logging\log4j\log4j-api\2.17.1\log4j-api-2.17.1.jar;C:\Users\Techie\.m2\repository\org\apache\logging\log4j\log4j-core\2.17.1\log4j-core-2.17.1.jar;"/>
    <property name="java.vm.vendor" value="Oracle Corporation"/>
    <property name="sun.arch.data.model" value="64"/>
    <property name="user.variant" value=""/>
    <property name="java.vendor.url" value="https://java.oracle.com/"/>
    <property name="user.timezone" value="Asia/Calcutta"/>
    <property name="os.name" value="Windows 11"/>
    <property name="java.vm.specification.version" value="22"/>
    <property name="sun.java.launcher" value="SUN_STANDARD"/>
    <property name="user.country" value="IN"/>
    <property name="sun.boot.library.path" value="C:\Users\Techie\jdk-22_windows-x64_bin\jdk-22.0.1\bin"/>
    <property name="sun.java.command" value="C:\Users\Techie\AppData\Local\Temp\surefire7719189800818196748\surefirebooter-20250317120352863_3.jar C:\Users\Techie\AppData\Local\Temp\surefire7719189800818196748 2025-03-17T12-03-52_664-jvmRun1 surefire-20250317120352863_1tmp surefire_0-20250317120352863_2tmp"/>
    <property name="jdk.debug" value="release"/>
    <property name="surefire.test.class.path" value="C:\Users\Techie\OneDrive\Desktop\GW-Automation\New folder\New folder\Website-Learners\API_automation\GravitywriteAutomation\target\test-classes;C:\Users\Techie\OneDrive\Desktop\GW-Automation\New folder\New folder\Website-Learners\API_automation\GravitywriteAutomation\target\classes;C:\Users\Techie\.m2\repository\io\rest-assured\rest-assured\5.5.1\rest-assured-5.5.1.jar;C:\Users\Techie\.m2\repository\org\apache\groovy\groovy\4.0.22\groovy-4.0.22.jar;C:\Users\Techie\.m2\repository\org\apache\groovy\groovy-xml\4.0.22\groovy-xml-4.0.22.jar;C:\Users\Techie\.m2\repository\org\apache\httpcomponents\httpclient\4.5.13\httpclient-4.5.13.jar;C:\Users\Techie\.m2\repository\org\apache\httpcomponents\httpcore\4.4.13\httpcore-4.4.13.jar;C:\Users\Techie\.m2\repository\commons-logging\commons-logging\1.2\commons-logging-1.2.jar;C:\Users\Techie\.m2\repository\org\apache\httpcomponents\httpmime\4.5.13\httpmime-4.5.13.jar;C:\Users\Techie\.m2\repository\org\hamcrest\hamcrest\2.2\hamcrest-2.2.jar;C:\Users\Techie\.m2\repository\org\ccil\cowan\tagsoup\tagsoup\1.2.1\tagsoup-1.2.1.jar;C:\Users\Techie\.m2\repository\io\rest-assured\xml-path\5.5.1\xml-path-5.5.1.jar;C:\Users\Techie\.m2\repository\io\rest-assured\json-path\5.5.1\json-path-5.5.1.jar;C:\Users\Techie\.m2\repository\org\apache\groovy\groovy-json\4.0.22\groovy-json-4.0.22.jar;C:\Users\Techie\.m2\repository\io\rest-assured\rest-assured-common\5.5.1\rest-assured-common-5.5.1.jar;C:\Users\Techie\.m2\repository\org\json\json\20250107\json-20250107.jar;C:\Users\Techie\.m2\repository\org\testng\testng\7.11.0\testng-7.11.0.jar;C:\Users\Techie\.m2\repository\org\slf4j\slf4j-api\2.0.16\slf4j-api-2.0.16.jar;C:\Users\Techie\.m2\repository\org\jcommander\jcommander\1.83\jcommander-1.83.jar;C:\Users\Techie\.m2\repository\org\webjars\jquery\3.7.1\jquery-3.7.1.jar;C:\Users\Techie\.m2\repository\com\github\scribejava\scribejava-apis\8.3.3\scribejava-apis-8.3.3.jar;C:\Users\Techie\.m2\repository\com\github\scribejava\scribejava-core\8.3.3\scribejava-core-8.3.3.jar;C:\Users\Techie\.m2\repository\com\github\scribejava\scribejava-java8\8.3.3\scribejava-java8-8.3.3.jar;C:\Users\Techie\.m2\repository\com\fasterxml\jackson\core\jackson-databind\2.14.0\jackson-databind-2.14.0.jar;C:\Users\Techie\.m2\repository\com\fasterxml\jackson\core\jackson-annotations\2.14.0\jackson-annotations-2.14.0.jar;C:\Users\Techie\.m2\repository\com\fasterxml\jackson\core\jackson-core\2.14.0\jackson-core-2.14.0.jar;C:\Users\Techie\.m2\repository\com\github\javafaker\javafaker\1.0.2\javafaker-1.0.2.jar;C:\Users\Techie\.m2\repository\org\apache\commons\commons-lang3\3.5\commons-lang3-3.5.jar;C:\Users\Techie\.m2\repository\org\yaml\snakeyaml\1.23\snakeyaml-1.23-android.jar;C:\Users\Techie\.m2\repository\com\github\mifmif\generex\1.0.2\generex-1.0.2.jar;C:\Users\Techie\.m2\repository\dk\brics\automaton\automaton\1.11-8\automaton-1.11-8.jar;C:\Users\Techie\.m2\repository\com\github\java-json-tools\json-schema-validator\2.2.14\json-schema-validator-2.2.14.jar;C:\Users\Techie\.m2\repository\com\google\guava\guava\28.2-android\guava-28.2-android.jar;C:\Users\Techie\.m2\repository\com\google\guava\failureaccess\1.0.1\failureaccess-1.0.1.jar;C:\Users\Techie\.m2\repository\com\google\guava\listenablefuture\9999.0-empty-to-avoid-conflict-with-guava\listenablefuture-9999.0-empty-to-avoid-conflict-with-guava.jar;C:\Users\Techie\.m2\repository\org\checkerframework\checker-compat-qual\2.5.5\checker-compat-qual-2.5.5.jar;C:\Users\Techie\.m2\repository\com\google\errorprone\error_prone_annotations\2.3.4\error_prone_annotations-2.3.4.jar;C:\Users\Techie\.m2\repository\com\google\j2objc\j2objc-annotations\1.3\j2objc-annotations-1.3.jar;C:\Users\Techie\.m2\repository\com\github\java-json-tools\jackson-coreutils-equivalence\1.0\jackson-coreutils-equivalence-1.0.jar;C:\Users\Techie\.m2\repository\com\github\java-json-tools\jackson-coreutils\2.0\jackson-coreutils-2.0.jar;C:\Users\Techie\.m2\repository\com\github\java-json-tools\msg-simple\1.2\msg-simple-1.2.jar;C:\Users\Techie\.m2\repository\com\github\java-json-tools\btf\1.3\btf-1.3.jar;C:\Users\Techie\.m2\repository\com\github\java-json-tools\json-schema-core\1.2.14\json-schema-core-1.2.14.jar;C:\Users\Techie\.m2\repository\com\github\java-json-tools\uri-template\0.10\uri-template-0.10.jar;C:\Users\Techie\.m2\repository\org\mozilla\rhino\1.7.7.2\rhino-1.7.7.2.jar;C:\Users\Techie\.m2\repository\com\sun\mail\mailapi\1.6.2\mailapi-1.6.2.jar;C:\Users\Techie\.m2\repository\joda-time\joda-time\2.10.5\joda-time-2.10.5.jar;C:\Users\Techie\.m2\repository\com\googlecode\libphonenumber\libphonenumber\8.11.1\libphonenumber-8.11.1.jar;C:\Users\Techie\.m2\repository\com\google\code\findbugs\jsr305\3.0.2\jsr305-3.0.2.jar;C:\Users\Techie\.m2\repository\net\sf\jopt-simple\jopt-simple\5.0.4\jopt-simple-5.0.4.jar;C:\Users\Techie\.m2\repository\com\aventstack\extentreports\5.1.2\extentreports-5.1.2.jar;C:\Users\Techie\.m2\repository\io\reactivex\rxjava3\rxjava\3.1.6\rxjava-3.1.6.jar;C:\Users\Techie\.m2\repository\org\reactivestreams\reactive-streams\1.0.4\reactive-streams-1.0.4.jar;C:\Users\Techie\.m2\repository\org\freemarker\freemarker\2.3.32\freemarker-2.3.32.jar;C:\Users\Techie\.m2\repository\org\projectlombok\lombok\1.18.26\lombok-1.18.26.jar;C:\Users\Techie\.m2\repository\com\google\code\gson\gson\2.10.1\gson-2.10.1.jar;C:\Users\Techie\.m2\repository\org\apache\poi\poi\5.4.0\poi-5.4.0.jar;C:\Users\Techie\.m2\repository\commons-codec\commons-codec\1.17.1\commons-codec-1.17.1.jar;C:\Users\Techie\.m2\repository\org\apache\commons\commons-collections4\4.4\commons-collections4-4.4.jar;C:\Users\Techie\.m2\repository\org\apache\commons\commons-math3\3.6.1\commons-math3-3.6.1.jar;C:\Users\Techie\.m2\repository\commons-io\commons-io\2.18.0\commons-io-2.18.0.jar;C:\Users\Techie\.m2\repository\com\zaxxer\SparseBitSet\1.3\SparseBitSet-1.3.jar;C:\Users\Techie\.m2\repository\org\apache\poi\poi-ooxml\5.4.0\poi-ooxml-5.4.0.jar;C:\Users\Techie\.m2\repository\org\apache\poi\poi-ooxml-lite\5.4.0\poi-ooxml-lite-5.4.0.jar;C:\Users\Techie\.m2\repository\org\apache\xmlbeans\xmlbeans\5.3.0\xmlbeans-5.3.0.jar;C:\Users\Techie\.m2\repository\org\apache\commons\commons-compress\1.27.1\commons-compress-1.27.1.jar;C:\Users\Techie\.m2\repository\com\github\virtuald\curvesapi\1.08\curvesapi-1.08.jar;C:\Users\Techie\.m2\repository\org\apache\logging\log4j\log4j-api\2.17.1\log4j-api-2.17.1.jar;C:\Users\Techie\.m2\repository\org\apache\logging\log4j\log4j-core\2.17.1\log4j-core-2.17.1.jar;"/>
    <property name="sun.cpu.endian" value="little"/>
    <property name="user.home" value="C:\Users\Techie"/>
    <property name="user.language" value="en"/>
    <property name="java.specification.vendor" value="Oracle Corporation"/>
    <property name="java.version.date" value="2024-04-16"/>
    <property name="java.home" value="C:\Users\Techie\jdk-22_windows-x64_bin\jdk-22.0.1"/>
    <property name="file.separator" value="\"/>
    <property name="basedir" value="C:\Users\Techie\OneDrive\Desktop\GW-Automation\New folder\New folder\Website-Learners\API_automation\GravitywriteAutomation"/>
    <property name="java.vm.compressedOopsMode" value="Zero based"/>
    <property name="line.separator" value="&#10;"/>
    <property name="java.vm.specification.vendor" value="Oracle Corporation"/>
    <property name="java.specification.name" value="Java Platform API Specification"/>
    <property name="surefire.real.class.path" value="C:\Users\Techie\AppData\Local\Temp\surefire7719189800818196748\surefirebooter-20250317120352863_3.jar"/>
    <property name="user.script" value=""/>
    <property name="sun.management.compiler" value="HotSpot 64-Bit Tiered Compilers"/>
    <property name="java.runtime.version" value="22.0.1+8-16"/>
    <property name="user.name" value="Techie"/>
    <property name="stdout.encoding" value="Cp1252"/>
    <property name="path.separator" value=";"/>
    <property name="os.version" value="10.0"/>
    <property name="java.runtime.name" value="Java(TM) SE Runtime Environment"/>
    <property name="file.encoding" value="UTF-8"/>
    <property name="java.vm.name" value="Java HotSpot(TM) 64-Bit Server VM"/>
    <property name="localRepository" value="C:\Users\Techie\.m2\repository"/>
    <property name="java.vendor.url.bug" value="https://bugreport.java.com/bugreport/"/>
    <property name="java.io.tmpdir" value="C:\Users\Techie\AppData\Local\Temp\"/>
    <property name="java.version" value="22.0.1"/>
    <property name="user.dir" value="C:\Users\Techie\OneDrive\Desktop\GW-Automation\New folder\New folder\Website-Learners\API_automation\GravitywriteAutomation"/>
    <property name="os.arch" value="amd64"/>
    <property name="java.vm.specification.name" value="Java Virtual Machine Specification"/>
    <property name="sun.os.patch.level" value=""/>
    <property name="native.encoding" value="Cp1252"/>
    <property name="java.library.path" value="C:\Users\Techie\jdk-22_windows-x64_bin\jdk-22.0.1\bin;C:\Windows\Sun\Java\bin;C:\Windows\system32;C:\Windows;C:\Windows\system32;C:\Windows;C:\Windows\System32\Wbem;C:\Windows\System32\WindowsPowerShell\v1.0\;C:\Windows\System32\OpenSSH\;C:\ProgramData\chocolatey\bin;C:\Program Files\nodejs\;C:\Users\Techie\OneDrive\Documents\apache-maven-3.9.9\bin;C:\Program Files\dotnet\;C:\Users\Techie\.local\bin;C:\Users\Techie\AppData\Local\Programs\Python\Python313\Scripts\;C:\Users\Techie\AppData\Local\Programs\Python\Python313\;C:\Users\Techie\scoop\shims;C:\Users\Techie\AppData\Local\Microsoft\WindowsApps;C:\Users\Techie\AppData\Local\Programs\Microsoft VS Code\bin;C:\Users\Techie\AppData\Roaming\npm;C:\Users\Techie\jdk-22_windows-x64_bin\jdk-22.0.1\bin;C:\Users\Techie\AppData\Local\Programs\Git\cmd;."/>
    <property name="java.vm.info" value="mixed mode, sharing"/>
    <property name="stderr.encoding" value="Cp1252"/>
    <property name="java.vendor" value="Oracle Corporation"/>
    <property name="java.vm.version" value="22.0.1+8-16"/>
    <property name="sun.io.unicode.encoding" value="UnicodeLittle"/>
    <property name="java.class.version" value="66.0"/>
  </properties>
  <testcase name="testUserLogin[Valid Login, websitelearnertest@gmail.com, Website@123, 200](1)" classname="api.test.AuthTests.LoginTests" time="5.135">
    <system-err><![CDATA[SLF4J(W): No SLF4J providers were found.
SLF4J(W): Defaulting to no-operation (NOP) logger implementation
SLF4J(W): See https://www.slf4j.org/codes.html#noProviders for further details.
]]></system-err>
  </testcase>
  <testcase name="testInvalidUserRegister[, Test@1234, Test User, 422](1)" classname="api.test.AuthTests.RegisterTests" time="0.103">
    <system-out><![CDATA[{
    "error": "The email field is required.",
    "message": "The email field is required.",
    "type": "info"
}
]]></system-out>
  </testcase>
  <testcase name="testInvalidUserRegister[testuser1@gmail.com, , Test User, 409](2)" classname="api.test.AuthTests.RegisterTests" time="0.1">
    <system-out><![CDATA[{
    "error": "Email already exists, Please Login to Continue",
    "message": "Email already exists, Please Login to Continue",
    "type": "info"
}
]]></system-out>
  </testcase>
  <testcase name="testInvalidUserRegister[testuser1@gmail.com, Test@1234, , 409](3)" classname="api.test.AuthTests.RegisterTests" time="0.133">
    <system-out><![CDATA[{
    "error": "Email already exists, Please Login to Continue",
    "message": "Email already exists, Please Login to Continue",
    "type": "info"
}
]]></system-out>
  </testcase>
  <testcase name="testInvalidUserRegister[invalidemail, Test@1234, Test User, 422](4)" classname="api.test.AuthTests.RegisterTests" time="0.115">
    <system-out><![CDATA[{
    "error": "The email must be a valid email address.",
    "message": "The email must be a valid email address.",
    "type": "info"
}
]]></system-out>
  </testcase>
  <testcase name="testInvalidUserRegister[user@example.com, short, Test User, 409](5)" classname="api.test.AuthTests.RegisterTests" time="1.778">
    <system-out><![CDATA[{
    "error": "The email seems to be invalid or you’re using a disposable address",
    "message": "The email seems to be invalid or you’re using a disposable address",
    "type": "info"
}
]]></system-out>
  </testcase>
  <testcase name="testInvalidUserRegister[websitelearnertest@gmail.com, Test@1234, Test User, 409](6)" classname="api.test.AuthTests.RegisterTests" time="0.085">
    <system-out><![CDATA[{
    "error": "Email already exists, Please Login to Continue",
    "message": "Email already exists, Please Login to Continue",
    "type": "info"
}
]]></system-out>
  </testcase>
  <testcase name="testInvalidUserRegister[, , , 422](7)" classname="api.test.AuthTests.RegisterTests" time="0.083">
    <system-out><![CDATA[{
    "error": "The email field is required.",
    "message": "The email field is required.",
    "type": "info"
}
]]></system-out>
  </testcase>
  <testcase name="testValidUserRegister[testuser1742193242529@wl.com, Test@12345, User One, 401](1)" classname="api.test.AuthTests.RegisterTests" time="3.51">
    <system-out><![CDATA[{
    "error": "Please Verify to Continue",
    "message": "Please Verify to Continue",
    "type": "email-not-verified"
}
]]></system-out>
  </testcase>
  <testcase name="testValidUserRegister[userexample1742193242529@wl.com, SecurePass@4567, User Example, 401](2)" classname="api.test.AuthTests.RegisterTests" time="2.936">
    <system-out><![CDATA[{
    "error": "Please Verify to Continue",
    "message": "Please Verify to Continue",
    "type": "email-not-verified"
}
]]></system-out>
  </testcase>
  <testcase name="testGetUserWithValidToken" classname="api.test.AuthTests.GetUserTests" time="0.123">
    <system-out><![CDATA[HTTP/1.1 200 OK
Server: nginx/1.22.0 (Ubuntu)
Content-Type: application/json
Transfer-Encoding: chunked
Connection: keep-alive
Cache-Control: no-cache, private
Date: Mon, 17 Mar 2025 06:34:06 GMT
Access-Control-Allow-Origin: *
Access-Control-Allow-Methods: POST, GET, OPTIONS, PUT, DELETE
Access-Control-Allow-Headers: Content-Type, X-Auth-Token, Origin, Authorization
X-RateLimit-Limit: 120
X-RateLimit-Remaining: 119
Access-Control-Expose-Headers: X-Engine-Id, content_id, Content-Type, Cache-Control
X-Frame-Options: SAMEORIGIN
X-XSS-Protection: 1; mode=block
X-Content-Type-Options: nosniff

{
    "data": {
        "user": {
            "id": 980150,
            "name": "Nirmal Test",
            "email": "websitelearnertest@gmail.com",
            "email_verified_at": null,
            "is_logged_in": 1,
            "logged_device": null,
            "last_ip_address": "124.123.69.155",
            "last_location": "India",
            "created_at": "2024-06-24 07:14:55",
            "updated_at": "2025-03-17 11:56:21",
            "deleted_at": null,
            "deleted_reason": null,
            "language_id": 21,
            "stripe_id": "cus_PzIz9hkAaHLLbW",
            "pm_type": null,
            "pm_last_four": null,
            "trial_ends_at": null,
            "razorpay_id": null,
            "verified": 1,
            "total_usage": 474977,
            "total_cost": 0,
            "verified_at": null,
            "verification_token": "1WkMuzjGfHPA3bSg7kppC2Bo8m73IaBzSUFUwzY1uGYanentlkaBiWhB8TPRuhyI",
            "google_id": "107778931994378818767",
            "on_board_data": null,
            "is_onboard": false,
            "chat_daily_usage": 73042,
            "is_react": "0",
            "mailerlite_subscriber_id": null,
            "check_admin": 0,
            "connect_status": 1,
            "wp_user": 1,
            "is_webinar": 1,
            "total_bonus": "",
            "webinar": {
                "webinar_status": 1,
                "webinar_date": "2025-01-17 20:01:00",
                "webinar_title": "Invitation from GravityWrite to join our Live Webinar !",
                "webinar_description": "Thank You for registering to our Live Webinar today! You can find information about this webinar below. See you there!",
                "webinar_location": "chennai"
            },
            "wpToken": "",
            "used_credits": {
                "used_word": 8141,
                "used_image": 23,
                "used_voice": 34
            },
            "addOnCredits": {
                "word": {
                    "credit": 345,
                    "usage": 245
                },
                "image": {
                    "credit": 345,
                    "usage": 245
                },
                "voice": {
                    "credit": 345,
                    "usage": 215
                }
            },
            "user_subscription": {
                "id": 912188,
                "start_at": null,
                "end_at": null,
                "canceled_at": null,
                "cancelled_reason": null,
                "status": "active",
                "payment_frequency": "yearly",
                "pp_subscription": null,
                "usage": 3026,
                "template_run_usage": 0,
                "multiprompt_company_usage": 0,
                "long_blog_usage": 48963,
                "long_blog_image_usage": 77,
                "stock_img_usage": 0,
                "image_bg_remover_usage": 0,
                "chat_usage": 535,
                "image_prompt_usage": 5085,
                "daily_token_limit": 0,
                "monthly_token_limit": 0,
                "created_at": "2024-03-20 07:14:57",
                "created_by": 980150,
                "updated_at": "2025-03-17 09:27:14",
                "updated_by": 980150,
                "deleted_at": null,
                "user_id": 980150,
                "plan_id": 2,
                "image_usage": 7,
                "stripe_subscription": null,
                "razorpay_subscription": null,
                "is_react": "0",
                "is_admin": 0,
                "is_manual": 0,
                "last_reset_date": "2025-02-20 00:00:02",
                "reset_expiry_date": null,
                "site_import_usage": 0,
                "storyboard_usage": 11443,
                "storyboard_image_usage": 2,
                "total_long_blog_post_credit": 10,
                "earned_bonus": 0,
                "used_bonus": 0,
                "remaining_bonus": 0,
                "total_bonus": 25000,
                "created_at_formatted": "20 Mar 2024",
                "canceled_at_formatted": null,
                "end_at_formatted": null,
                "next_reset_date": "20 Mar 2025",
                "plan": {
                    "id": 2,
                    "title": "Starter",
                    "description": "A great choice for individual bloggers or small content creators.",
                    "price_monthly": "19.00",
                    "price_yearly": "180.00",
                    "offer_price": "97.00",
                    "price_monthly_inr": "0.00",
                    "price_yearly_inr": "17462.00",
                    "offer_price_inr": "9429.00",
                    "pp_monthly_plan": "P-19V24010UH285591UMQOPUIA",
                    "pp_yearly_plan": "P-0V734620BM953954UMQE6KNQ",
                    "type": "paid",
                    "word_limit": 75000,
                    "key_features": "👍 Single User\r\n👍 Get 75,000 Words/mo\r\n👍 Limited Chat Words\r\n👍 AI Image Creation - 50/mo\r\n👍 Al Website Builder - 5/mo\r\n👍 Standard Quality  Images\r\n👍 200 Stock Images for Blogs\r\n👍 100+ Content Templates\r\n👍 15+ Tones\r\n👍 15+ Languages\r\n👍 Unlimited Downloads",
                    "template_run": 350,
                    "company_limit": 50,
                    "multiprompt_regenerate_limit": 200,
                    "image_bg_remover_limit": 50,
                    "created_at": null,
                    "updated_at": "2025-01-07 14:06:21",
                    "deleted_at": null,
                    "image_limit": 50,
                    "stripe_monthly_plan": "price_1Mo0S5SH3wxLolo33yfJaLBC",
                    "stripe_yearly_plan": "price_1Mo0S5SH3wxLolo3AgS7YHvP",
                    "razorpay_monthly_plan": "plan_OS5kCkbfQOpPtg",
                    "razorpay_yearly_plan": "plan_OS5mlcwi4ZpqKp",
                    "site_import_limit": 5,
                    "voice_limit": 150,
                    "stock_img_limit": 500
                }
            }
        },
        "gravator": "https://www.gravatar.com/avatar/5674124e09ed89d1c982931876849777?s=80&d=identicon&r=g"
    },
    "message": "success",
    "code": 200,
    "response": "OK"
}
]]></system-out>
  </testcase>
  <testcase name="testForgotPassword[Valid Forgot Password, websitelearnertest@gmail.com, 200](1)" classname="api.test.AuthTests.ForgotPasswordTests" time="1.576"/>
  <testcase name="testForgotPassword[Unregistered Email, wrongemail@gmail.com, 405](2)" classname="api.test.AuthTests.ForgotPasswordTests" time="0.086"/>
  <testcase name="testForgotPassword[Invalid Email Format, invalidemailformat, 405](3)" classname="api.test.AuthTests.ForgotPasswordTests" time="0.094"/>
  <testcase name="testForgotPassword[Empty Email, &quot; &quot;, 405](4)" classname="api.test.AuthTests.ForgotPasswordTests" time="0.078"/>
  <testcase name="testPromptListErrors[Valid Request (Success), 100, 1, 200](1)" classname="api.test.SinglePromptTests.PromptListTests" time="0.729">
    <system-out><![CDATA[Module: Authentication Tests | Passed: 15 | Failed: 0 | Skipped: 0 | Execution Time: 16715ms
HTTP/1.1 200 OK
Server: nginx/1.22.0 (Ubuntu)
Content-Type: application/json
Transfer-Encoding: chunked
Connection: keep-alive
Cache-Control: no-cache, private
Date: Mon, 17 Mar 2025 06:34:08 GMT
Access-Control-Allow-Origin: *
Access-Control-Allow-Methods: POST, GET, OPTIONS, PUT, DELETE
Access-Control-Allow-Headers: Content-Type, X-Auth-Token, Origin, Authorization
X-RateLimit-Limit: 120
X-RateLimit-Remaining: 105
Access-Control-Expose-Headers: X-Engine-Id, content_id, Content-Type, Cache-Control
X-Frame-Options: SAMEORIGIN
X-XSS-Protection: 1; mode=block
X-Content-Type-Options: nosniff

{
    "data": {
        "current_page": 1,
        "data": [
            {
                "id": 4905,
                "title": "3D Animated - Story Generator",
                "slug": "3D-animated-story-development",
                "description": "Expands a one-liner into a full story with vibrant scenes, lovable characters, and dynamic action perfect for 3D animation.",
                "frontend_headline": "Transform a Single Line into a Complete 3D Animated",
                "icon_type": "icon",
                "icon_content": "fa-solid fa-pen",
                "category_id": 48,
                "plan_id": "",
                "usage": 6406,
                "favcount": 89,
                "frontend_description": "## Introduction\r\n\r\n**3D Animated Story Development** template is designed to transform a simple one-liner story idea into a captivating narrative suitable for children’s 3D animation. Utilizing this template, users can create immersive stories with vibrant scenes and dynamic action, resulting in vibrant characters and engaging plots. This tool is especially beneficial for storytellers looking to visualize a complete tale vividly in a 3D format.\r\n\r\n## Key Functionalities\r\n\r\n-   **Story Expansion**: Transforms a one-liner into a comprehensive story, detailing characters, settings, and precise actions to fit 3D animation requirements.\r\n    \r\n-   **Dynamic Scene Breakdown**: Divides the expanded narrative into 15-18 engaging scenes to effectively depict progression and action.\r\n    \r\n-   **Child-Friendly Focus**: Ensures content remains appropriate for young audiences, making it ideal for children's storytelling.\r\n    \r\n-   **Character Incorporation**: Allows users to specify the number of main characters to tailor the narrative accordingly.\r\n    \r\n\r\n## How To Use The Tool\r\n\r\nFollow these steps to create your 3D animated story:\r\n\r\n1.  **Enter Your Story Idea**: Begin by providing a brief, one-line idea of your story. This serves as the foundation for expansion.\r\n    \r\n2.  **Specify Characters**: Decide how many main characters you wish to include, providing this number when prompted.\r\n    \r\n3.  **Create Content**: Press the \"Create Content\" button to initiate the expansion process. The template will generate an engaging narrative based on your inputs.\r\n    \r\n4.  **Review Output**: The generated story will be presented in markdown format, including a story summary and detailed scenes.\r\n    \r\n\r\n## Tips for Using the Tool\r\n\r\n-   **Imagination is Key**: The richer your initial one-liner, the more depth the expanded story can attain.\r\n    \r\n-   **Character Consideration**: Think about how each character will drive the story. More characters can add complexity and depth, while fewer can streamline the narrative.\r\n    \r\n-   **3D Visualization**: When inputting your story idea, envision how it might look in a 3D environment—dynamic action and colorful settings can enhance storytelling.\r\n\r\n## FAQ's\r\n1.  **Q**: What type of story ideas work best with this template?\r\n    \r\n    **A**: This template is perfect for simple, imaginative stories that can be expanded into exciting narratives. Think about fun adventures, magical worlds, or whimsical characters — any idea that can be brought to life with vibrant scenes and dynamic action.\r\n    \r\n2.  **Q**: How many main characters should I have in my story?\r\n    \r\n    **A**: You can set number of main characters between 1 to 3, which is recommended for simplicity and to maintain clarity in a children's narrative.\r\n    \r\n3.  **Q**: What is the ideal length for my one-line story idea?\r\n    \r\n    **A**: Keep your one-line story concise but descriptive enough to give a clear idea of the core plot or main idea. It should inspire creativity without overwhelming with detail.\r\n    \r\n4.  **Q**: Can I include complex themes in my story?\r\n    \r\n    **A**: While complex themes can be intriguing, the focus should remain on creating a child-friendly story. Emphasize positive messages, simple conflicts, and resolutions suitable for children.\r\n    \r\n5.  **Q**: How does this template ensure the story is suitable for 3D animation?\r\n    \r\n    **A**: The template encourages the inclusion of vibrant visuals and dynamic actions that translate well into 3D animation, focusing on interesting settings and engaging character movements.\r\n    \r\n6.  **Q**: Can the tool assist with creative blocks during story development?\r\n    \r\n    **A**: Yes! The tool expands a brief idea into a full narrative, breaking it down into scenes and descriptions, which can help overcome creative blocks by providing structured guidance.\r\n    \r\n7.  **Q**: What kind of characters should I introduce for the best results?\r\n    \r\n    **A**: Characters should be colorful and engaging, each with distinct traits and motivations. Think of animals, mythical creatures, or even everyday heroes who can come to life in 3D.\r\n    \r\n8.  **Q**: Can I specify action scenes or specific settings in my story?\r\n    \r\n    **A**: While you can't specify every detail at the start, the template will organically develop action and settings that fit your story's theme, ensuring they are suitable for a 3D format.\r\n    \r\n9.  **Q**: How are the scenes structured in the expanded story?\r\n    \r\n    **A**: The story is typically broken into 15-18 scenes, each with its title and description. This ensures a complete narrative arc, from beginning to end, enhancing storytelling clarity.\r\n    \r\n10.  **Q**: What makes a story engaging in this template?\r\n    \r\n     **A**: An engaging story is vibrant, features interesting characters, and takes place in dynamic environments. It includes a clear beginning, middle, and end while being fun and suitable for children.\r\n    \r\n\r\n## Feedback\r\n\r\nWe value your thoughts and suggestions to help us improve the tool continuously. If you have feedback or want to share your experiences using the 3D Animated Story Development template, please complete our [feedback form](https://websitelearners.typeform.com/gravityai#name=3D%20Animated%20Story%20Development).",
                "created_at": "2024-12-06T07:18:03.000000Z",
                "updated_at": "2025-03-17T06:12:58.000000Z",
                "is_multiprompt": false,
                "website_title": null,
                "allow_website": 0,
                "website_input_title": null,
                "website_input_placeholder": null,
                "category_name": "3D Animation",
                "bgImage": "https://gravitywrite.sgp1.digitaloceanspaces.com/gw/Gu9IC4b6MuwZt4v2PAlMjFxVY1MuZFmDbZP2KykH.svg",
                "iconColor": "#321fff"
            },
            {
                "id": 4906,
                "title": "3D Animated - Character Generator",
                "slug": "3D-animated-character-generation",
                "description": "Creates character details for each character in your story, including their look, outfit, and personality traits",
                "frontend_headline": "Bring your story characters to life with detailed character profiles",
                "icon_type": "icon",
                "icon_content": "fa-regular fa-people",
                "category_id": 48,
                "plan_id": "",
                "usage": 4143,
                "favcount": 90,
                "frontend_description": "## Introduction\r\n\r\nThe '3D Animated Character Generation' template on GravityWrite is designed to help creators develop detailed character profiles for 3D animated stories. This tool provides comprehensive descriptions of characters, covering their appearance, outfits, and personality traits to enrich your storytelling process. Whether you are a seasoned writer or a novice storyteller, this template assists in visualizing your characters, ensuring they align with the narrative and tone of your story.\r\n\r\n## Key Functionalities of the Tool\r\n\r\n-   **Character Detailing**: Automatically generates detailed character profiles, including facial structure, hairstyle, body type, and outfit.\r\n    \r\n-   **Creativity & Consistency**: The tool intelligently fills in gaps when details are missing, offering creative suggestions that remain consistent with the story's tone and setting.\r\n    \r\n-   **Organized Output**: Provides easy-to-follow character descriptions in a structured format, enhancing readability and ease of use.\r\n    \r\n\r\n## How To Use The Tool\r\n\r\n### Step-by-Step Process\r\n\r\n1.  **Enter the Story**:\r\n    \r\n    -   Begin by inputting your story into the designated input field.\r\n        \r\n2.  **Generate Content**:\r\n    \r\n    -   Once you've entered the story, press the \"Create Content\" button to initiate the character creation process.\r\n        \r\n3.  **Review Output**:\r\n    \r\n    -   The template processes the story and delivers a comprehensive analysis followed by detailed character descriptions.\r\n        \r\n4.  **Refine if Needed**:\r\n    \r\n    -   Review the character details for any adjustments to match your vision more closely.\r\n        \r\n\r\n## Tips for Using the Tool\r\n\r\n-   **Be Descriptive**: Provide as much detail as you can when entering the story to aid the template in generating precise character descriptions.\r\n    \r\n-   **Creativity Is Key**: Embrace the creative freedom the tool offers when it fills in missing details. Unique character traits can add depth to your story.\r\n    \r\n-   **Adhere to Tone**: Ensure the story's tone is maintained throughout by reviewing the generated descriptions and making small tweaks if necessary.\r\n    \r\n-   **Review & Edit**: While the tool provides a comprehensive start, always review and edit the outputs to align them perfectly with your vision.\r\n\r\n## FAQ's\r\n1.  **Q**: What does this template do?\r\n    \r\n    **A**: This template helps you create detailed descriptions of characters for your 3D animated story. It covers personality traits, appearances, and outfits for each character.\r\n    \r\n2.  **Q**: What information do I need to provide?\r\n    \r\n    **A**: You need to enter your story. The template will read the story to identify and create detailed character descriptions.\r\n    \r\n3.  **Q**: How are character details generated?\r\n    \r\n    **A**: The template reads your story and makes detailed character descriptions. It uses information from the story and adds creative details if needed to fit the narrative.\r\n    \r\n4.  **Q**: What if my story doesn’t mention certain character details?\r\n    \r\n    **A**: Don’t worry! The template uses creativity to fill in any details not mentioned in the story, like facial features or outfit styles, ensuring they match the story's tone.\r\n    \r\n5.  **Q**: Can I control the output style?\r\n    \r\n    **A**: Yes, your story's tone and details will influence the output. The AI will create character descriptions that are consistent with your story's style.\r\n    \r\n6.  **Q**: What if I don't like the character details provided?\r\n    \r\n    **A**: You can refine and adjust the initial descriptions to better fit your vision for the characters. Feel free to regenerate the character descriptions with a more detailed story input.\r\n    \r\n7.  **Q**: Are specific stories needed, like children's stories?\r\n    \r\n    **A**: Yes, the template is designed for kids' 3D animated stories, and it works best with narratives suited to children's genres.\r\n    \r\n8.  **Q**: How do I get the final character analysis?\r\n    \r\n    **A**: Simply enter your story and click \"Create Content.\" The AI will provide a comprehensive character analysis as per the template instructions.\r\n    \r\n9.  **Q**: Is it possible to change a character’s details after generation?\r\n    \r\n    **A**: Yes, you can modify the generated details to better align with your preferences or to add new ideas.\r\n    \r\n10.  **Q**: What format will the output be in?\r\n    \r\n     **A**: The output will be formatted with headers and subheaders for clarity, presenting each character's details sequentially as instructed in the template.\r\n    \r\n\r\n## Feedback\r\n\r\nWe value your opinion and are always looking to improve. Please share your experiences, suggestions, or issues with the 3D Animated Character Generation template by following the feedback link: [https://websitelearners.typeform.com/gravityai#name=3D%20Animated%20Character%20Generation](https://websitelearners.typeform.com/gravityai#name=3D%20Animated%20Character%20Generation)\r\n\r\nThis documentation aims to ensure you have all the information needed to effectively use the '3D Animated Character Generation' template. Happy storytelling!",
                "created_at": "2024-12-06T08:46:25.000000Z",
                "updated_at": "2025-03-17T06:31:38.000000Z",
                "is_multiprompt": false,
                "website_title": null,
                "allow_website": 0,
                "website_input_title": null,
                "website_input_placeholder": null,
                "category_name": "3D Animation",
                "bgImage": "https://gravitywrite.sgp1.digitaloceanspaces.com/gw/Gu9IC4b6MuwZt4v2PAlMjFxVY1MuZFmDbZP2KykH.svg",
                "iconColor": "#321fff"
            },
            {
                "id": 5001,
                "title": "2D Animation - Kids Story Ideas",
                "slug": "2d-animation-kids-story-ideas",
                "description": "This tool helps you come up with 10 fun and creative story ideas for 2D children's animations based on your chosen theme.",
                "frontend_headline": "Create Exciting Stories for Kids' 2D Animations",
                "icon_type": "icon",
                "icon_content": "fa-solid fa-lightbulb-on",
                "category_id": 49,
                "plan_id": "",
                "usage": 1377,
                "favcount": 22,
                "frontend_description": "## Introduction\r\n\r\nWelcome to **'2D - Kids Story Ideas template!** This tool designed to help you 10 fun and imaginative ideas for children's D animations based on theme of your choice Whether you're a budding, writer, or educator this template provides a springboard to develop and age-appropriate stories that captivate audiences.\r\n\r\n## How To Use The Tool\r\n\r\nUsing 2D Animation Kids Story Ideas is simple and intuitive Follow these steps to start unique storytelling concepts:\r\n\r\n1. **Enter Story:** Begin by input your theme or topic the story ideas the provided field. theme will serve as foundation for your creative ideas.\r\n\r\n2. **Content:** After entering desired theme, click the \"Create Content button. This will prompt tool to generate a of 10 diverse ideas tailored to your theme.\r\n\r\n3. **Review Ideas:** Examine the resulting of story ideas generated based on your input. These ideas will be presented under heading \"Top 10 Story Ideas for Kids,\" with each idea consisting of brief title and description.\r\n\r\n## Tips for Using the Tool\r\n\r\nHere are some tips to maximize your experience:\r\n\r\n- **Choose a Broad Theme:** Selecting a broad theme can result in a range of creative ideas. For example, instead of \"cats,\" consider a theme like \"pets\" or \"animals.\"\r\n\r\n- **Consider the Audience:** Ensure the theme you select is suitable for children and aligns with age-appropriate interests.\r\n\r\n- **Explore Different Themes:** Experiment with different themes to generate a variety of story concepts can inspire or combine into a unique storyline.\r\n\r\n- **Refine and Develop:** Use the generated ideas as a starting point and add your personal touch create compelling narratives ready for animation.\r\n\r\n## Feedback\r\n\r\nYour experience is important to! We encourage you to share your thoughts and suggestions on how we can enhance 2D Animation - Kids Story Ideas tool. Please provide your feedback this link: [Feedback for GravityWrite 2D Animation - Kids Story Ideas](https://websitelearners.typeform.com/gravity#name=2D%20Animation%20-%20Kids%25Story%20Ideas)",
                "created_at": "2024-12-23T08:41:15.000000Z",
                "updated_at": "2025-03-17T06:26:13.000000Z",
                "is_multiprompt": false,
                "website_title": null,
                "allow_website": 0,
                "website_input_title": null,
                "website_input_placeholder": null,
                "category_name": "2D Animation",
                "bgImage": "https://gravitywrite.sgp1.digitaloceanspaces.com/gw/pzKYloD91YBNUNAqPGDfdY0kKNKF1dABya6OnQXi.svg",
                "iconColor": "#de7224"
            },
            {
                "id": 5005,
                "title": "2D Animation - Story Generator",
                "slug": "2d-animation-story-generator",
                "description": "This tool turns a one-line idea into a fun and interesting story, perfect for children's 2D animation projects.",
                "frontend_headline": "Turn Simple Ideas into Captivating Stories for 2D Animation",
                "icon_type": "icon",
                "icon_content": "fa-solid fa-pen",
                "category_id": 49,
                "plan_id": "",
                "usage": 868,
                "favcount": 16,
                "frontend_description": "## Introduction\r\n\r\nWelcome to the '2D Animation - Story Generator' template on GravityWrite! Designed for creators and storytellers in the realm of children's media, this tool transforms your simple, one-line story ideas into fully-fledged narratives tailored for 2D animation. Imagine bringing your imaginative concepts to life with engaging, vibrant stories perfect for young audiences. This tool allows you to craft vivid plots, ensuring each story is suitable and visually captivating for children's 2D animation projects.\r\n\r\n## Key Functionalities of the Tool\r\n\r\n- **Story Expansion**: Converts a one-line story idea into a complete narrative with structured scenes, making it ideal for animation scripting.\r\n- **Character Customization**: Optionally specify the number of characters you want in your story for enhanced storytelling.\r\n- **Child-Friendly Content**: Ensures stories are suitable for young audiences, adhering to guidelines for non-violent and age-appropriate content.\r\n- **Scene Breakdown**: Provides a detailed scene-by-scene breakdown, aiding in visualization and animation planning.\r\n\r\n## How To Use The Tool\r\n\r\n1. **Input Your Story Idea**: Begin by entering a one-line story idea when prompted: \"✨ Enter your Story Idea!\"\r\n2. **Specify Characters**: Optionally, input the number of characters you wish to include in your story: \"👧 How many characters should be included in the story? (optional)\"\r\n3. **Create Content**: Once your inputs are ready, click on the \"Create Content\" button.\r\n4. **Review Output**: The tool will generate an expanded story in markdown format, organized into story summary and 8-10 scenes, prominently designed for 2D animation use.\r\n\r\n## Tips for Using the Tool\r\n\r\n- **Be Clear with Ideas**: Ensure your one-line story idea is concise yet descriptive to inspire a more dynamic narrative.\r\n- **Consider Character Dynamics**: While choosing the number of characters, think about interactions that will enrich the story.\r\n- **Visualize the Scenes**: As you review scene descriptions, imagine how they could be illustrated within a 2D animated framework, looking for vibrant, action-oriented moments.\r\n- **Iterate and Refine**: Feel free to experiment with different ideas and character setups to find the most engaging story for your project.\r\n\r\n## FAQ's\r\n1. **Q**: How does the '2D Animation - Story Generator' transform a one-line into a story?\r\n    \r\n    **A**: The tool expands your one-line story idea a complete narrative that's perfect for children's 2D animation, by creating a detailed summary, breaking it into scenes, and ensuring it’s child-friendly.\r\n    \r\n2. **Q**: Do I need to know how many characters are in my story idea?\r\n    \r\n    **A**: It’s optional. You can specify the number of characters you want, or leave it blank and the tool will decide based on your story idea.\r\n    \r\n3. **Q**: Can the tool generate a plot with a beginning, middle, and end?\r\n    \r\n    **A**: Yes, the story generator ensures your story has a structured plot by smoothly transitioning from beginning to end across different scenes.\r\n    \r\n4. **Q**: How does the tool ensure the story is suitable for children?\r\n    \r\n    **A**: The tool focuses on creating child-friendly content by avoiding scary or inappropriate elements and using vibrant, fun settings and characters.\r\n    \r\n5. **Q**: Is the generated story limited to a certain number of scenes?\r\n    \r\n    **A**: The story typically consists of 8-10 scenes, making it detailed yet concise enough for a children’s animated short film.\r\n    \r\n6. **Q**: What makes the stories suitable for 2D animation?\r\n    \r\n    **A**: The tool crafts stories with simple yet dynamic environments, colorful characters, and engaging actions that are perfect for animators to bring to life in 2D.\r\n    \r\n7. **Q**: Does the tool keep the language simple for children of all ages?\r\n    \r\n    **A**: Yes, it uses straightforward language that is easy for children to understand and enjoy.\r\n    \r\n8. **Q**: How can I visualize the output for a scene?\r\n    \r\n    **A**: Each scene describes characters, settings, and actions, giving you a clear picture of what’s happening and how it can be animated.\r\n    \r\n9. **Q**: Can I adjust my story after it’s been generated?\r\n    \r\n    **A**: Yes, once the story is generated, you can review and make any changes you see fit to better meet your needs.\r\n    \r\n10. **Q**: What should I expect in the final output format?\r\n    \r\n    **A**: The story is presented in markdown format with headings, making it easy to read and navigate through the story summary and detailed scene descriptions.\r\n\r\n## Feedback\r\n\r\nWe value your input on how we can enhance the 2D Animation - Story Generator tool! Please share your experiences, insights, or suggestions by filling out our feedback form: [Feedback Form](https://websitelearners.typeform.com/gravityai#name=2D%20Animation%20-%20Story%20Generator)",
                "created_at": "2024-12-24T04:09:38.000000Z",
                "updated_at": "2025-03-17T06:18:26.000000Z",
                "is_multiprompt": false,
                "website_title": null,
                "allow_website": 0,
                "website_input_title": null,
                "website_input_placeholder": null,
                "category_name": "2D Animation",
                "bgImage": "https://gravitywrite.sgp1.digitaloceanspaces.com/gw/pzKYloD91YBNUNAqPGDfdY0kKNKF1dABya6OnQXi.svg",
                "iconColor": "#de7224"
            },
            {
                "id": 5007,
                "title": "2D Animation - Characters Generator",
                "slug": "2d-animation-characters-generator",
                "description": "This tool identifies main characters from the provided story and generates clear, vivid descriptions for 2D animation.",
                "frontend_headline": "Generate Descriptive Characters from Your Stories",
                "icon_type": "icon",
                "icon_content": "fa-regular fa-people",
                "category_id": 49,
                "plan_id": "",
                "usage": 553,
                "favcount": 8,
                "frontend_description": "## Introduction\r\n\r\nWelcome to the '2D Animation - Characters Generator' template of GravityWrite. This tool is designed to assist storytellers, animators, and illustrators by providing concise and vivid descriptions of main characters from a given story. By analyzing story elements, the tool identifies key characters and generates visual descriptions suited for 2D animation, enhancing the storytelling process and facilitating animation production. Whether you're crafting a whimsical children's story or creating a dynamic animated series, this template helps bring your characters to life with clarity and precision.\r\n\r\n## How To Use The Tool\r\n\r\n### Step-by-Step Process\r\n\r\n1. **Prepare Your Story Idea**:\r\n    - Before using the tool, conceptualize your story. Clearly outline the plot and characters to make it easier for the tool to generate accurate descriptions.\r\n2. **Enter Your Story Idea**:\r\n    - When you're ready, enter your story idea into the designated field labeled **“✨ Enter your Story Idea!”**. Provide as much detail as possible regarding the story and characters.\r\n3. **Create Content**:\r\n    - Once your story is entered, click on the **“Create Content”** button. The tool will analyze the information and generate descriptions for the main characters.\r\n4. **Receive Character Descriptions**:\r\n    - After processing, you will receive a concise visual description of each main character, formatted for easy reference. These descriptions will include attributes such as age, eye color, hair details, build, and distinctive features.\r\n\r\n## Tips for Using the Tool\r\n\r\n- **Provide Detailed Story Inputs**: The more detailed your input story is, the more accurate and comprehensive the generated character descriptions will be.\r\n- **Focus on Main Characters**: While the tool can identify all characters, focus your story input on the main characters who are crucial to your plot.\r\n- **Review and Customize Descriptions**: Use the generated descriptions as a base. Feel free to customize them to better fit your creative vision for the animation.\r\n\r\n## FAQ’s\r\n\r\n1. **Q**: How does the character generator identify main characters from my story?\r\n    \r\n    **A**: The tool analyzes your story, picking out characters based on their importance to the plot and frequency of appearance.\r\n    \r\n2. **Q**: What kind of details should I expect in the character descriptions?\r\n    \r\n    **A**: You'll receive details about the characters' age, eye color, hair, build, skin tone, and any distinctive features, all formatted concisely.\r\n    \r\n3. **Q**: Can I input any type of story for character generation?\r\n    \r\n    **A**: Yes, as long as you provide a story with distinct characters, the tool will generate descriptions suitable for 2D animation.\r\n    \r\n4. **Q**: Do I need to format my story in a specific way before inputting it?\r\n    \r\n    **A**: No specific formatting is required. Simply enter your story idea as text.\r\n    \r\n5. **Q**: How do I ensure I get the most out of this template?\r\n    \r\n    **A**: Provide a complete story idea with clear character involvement for effective analysis and detailed descriptions.\r\n    \r\n6. **Q**: What if my story doesn't mention physical traits of a character?\r\n    \r\n    **A**: The tool will focus on the essence of the character based on their role and general traits to fill in the visual details.\r\n    \r\n7. **Q**: Do I get character expressions or posture in the description?\r\n    \r\n    **A**: No, the descriptions focus on physical traits like hair and eye color, but not on expressions or postures.\r\n    \r\n8. **Q**: Can the tool handle stories with multiple main characters?\r\n    \r\n    **A**: Yes, the tool can analyze and provide descriptions for multiple main characters as per the story.\r\n    \r\n9. **Q**: What if I want to change the character details after generation?\r\n    \r\n    **A**: You can refine your story input and generate new descriptions or manually adjust the output.\r\n    \r\n\r\n## Feedback\r\n\r\nYour input is invaluable in improving our tools. Please take a moment to share your experiences and suggestions with us using the [Feedback Form](https://websitelearners.typeform.com/gravityai#name=2D%20Animation%20-%20Characters%20Generator).",
                "created_at": "2024-12-24T06:41:43.000000Z",
                "updated_at": "2025-03-16T16:42:15.000000Z",
                "is_multiprompt": false,
                "website_title": null,
                "allow_website": 0,
                "website_input_title": null,
                "website_input_placeholder": null,
                "category_name": "2D Animation",
                "bgImage": "https://gravitywrite.sgp1.digitaloceanspaces.com/gw/pzKYloD91YBNUNAqPGDfdY0kKNKF1dABya6OnQXi.svg",
                "iconColor": "#de7224"
            },
            {
                "id": 5009,
                "title": "2D Animation - Image Prompts Generator",
                "slug": "2d-animation-image-prompts-generator",
                "description": "This tool turns your stories and character details into image prompts, helping you create clear and vivid illustrations for every scene.",
                "frontend_headline": "Generate Image Prompts from Your Story",
                "icon_type": "icon",
                "icon_content": "fa-solid fa-image",
                "category_id": 49,
                "plan_id": "",
                "usage": 512,
                "favcount": 9,
                "frontend_description": "## Introduction\r\n\r\nWelcome to **2D Animation - Image Prompts Generator template on GravityWrite. This tool is designed to transform your captivating stories and vibrant character details into image prompts. These prompts help you create clear, vivid illustrations for every scene in a story, assisting in crafting detailed visual narratives that bring your children's stories to life.\r\n\r\n### Benefits:\r\n\r\n- **Ease of Visualization**: Seamlessly convert textual narratives into visual prompts suitable for AI image generation models.\r\n- **Enhanced Creativity**: Provides a structured approach to breaking down scenes, enabling the creation of consistent and coherent story illustrations.\r\n- **User-Friendly**: Designed for both beginners and expert storytellers, making the process straightforward and intuitive.\r\n\r\n## How to Use the Tool\r\n\r\nTo create compelling image prompts using the 2D Animation - Image Prompts Generator, follow these simple steps:\r\n\r\n1. **Enter Your Story**: Start by pasting your entire story in the text box provided. This is the narrative your image prompts will be based on.\r\n2. **Describe Your Characters**: Enter the names of your main characters along with detailed descriptions. Be sure to cover their appearance, personality traits, and distinct features.\r\n3. **Create Content**: Once your story and character descriptions are entered, press the \"Create Content\" button. The tool will process your input and generate a series of image prompts.\r\n\r\n## Tips for Using the Tool\r\n\r\n- **Detailed Descriptions**: When describing characters and scenes, include specific details where possible. This helps ensure the image prompts are vivid and precise.\r\n- **Scene Breakdown**: Think about your story in logical scenes and actions, as this will help in generating coherent prompts.\r\n- **Consistent Backgrounds**: When dealing with multiple characters in a scene, ensure the backdrop remains consistent to maintain narrative continuity.\r\n- **Feedback & Iteration**: After your initial prompts are generated, review them carefully against your story. Adjust your input in the \"Enter your Story\" and \"Enter your main characters and their descriptions\" fields if needed for improved output.\r\n\r\n## FAQ’s\r\n\r\n1. **Q**: How do I start using the '2D Animation - Image Prompts Generator' template?\r\n**A**: Begin by entering your story in the 'Enter your Story!' section and then describe the main characters in 'Enter your main characters and their descriptions.' Press \"Create Content\" to generate prompts.\r\n2. **Q**: What details should I include when I enter my story?\r\n**A**: Provide a concise version of your story covering all key scenes, main events, and how the story progresses from start to end.\r\n3. **Q**: How are image prompts created from the story and character details I provide?\r\n**A**: The template breaks down each scene into shots and creates image prompts focusing on visuals like character actions, expressions, and the setting.\r\n4. **Q**: What should I do if the output prompts don't match my story accurately?\r\n**A**: Consider refining your story and character descriptions to be more detailed or clear and retry generating the prompts.\r\n5. **Q**: Is the sequence of image prompts generated aligned with my story progression?\r\n**A**: Yes, the template ensures that the sequence of prompts logically follows the progression of your story.\r\n\r\n## Feedback\r\n\r\nYour experience is important to us! We invite you to share your feedback and suggestions for the **2D Animation - Image Prompts Generator**. Your input will help us enhance the tool. Please visit [this feedback link](https://websitelearners.typeform.com/gravityai#name=2D%20Animation%20-%20Image%20Prompts%20Generator) to provide your thoughts.",
                "created_at": "2024-12-24T07:35:32.000000Z",
                "updated_at": "2025-03-17T05:09:07.000000Z",
                "is_multiprompt": false,
                "website_title": null,
                "allow_website": 0,
                "website_input_title": null,
                "website_input_placeholder": null,
                "category_name": "2D Animation",
                "bgImage": "https://gravitywrite.sgp1.digitaloceanspaces.com/gw/pzKYloD91YBNUNAqPGDfdY0kKNKF1dABya6OnQXi.svg",
                "iconColor": "#de7224"
            },
            {
                "id": 5044,
                "title": "2D Video Prompt Generator",
                "slug": "2d-video-prompt-generator",
                "description": "This tool converts story-based image prompts into detailed, actionable video prompts tailored for 2D animation videos.",
                "frontend_headline": "Convert Image Prompts into Actionable Video Prompts",
                "icon_type": "icon",
                "icon_content": "fa-solid fa-photo-film",
                "category_id": 49,
                "plan_id": "",
                "usage": 418,
                "favcount": 8,
                "frontend_description": "## Introduction\r\n\r\nThe **2D Video Prompt Generator** is an innovative tool designed to transform story-based image prompts into detailed, actionable video prompts specifically tailored for 2D animation videos. This template is ideal for animators and creators who wish to streamline the process of turning visual concepts into vibrant animated scenes. By providing clear and concise prompts, this tool helps ensure high-quality animation outcomes that closely align with your creative vision.\r\n\r\n## Key Functionalities of the Tool\r\n\r\n- **Story and Image Prompt Integration:** Seamlessly converts the narrative and visual elements of a story into structured video prompts.\r\n- **Detailed Descriptions:** Ensures complete and detailed character and scene descriptions for precise animation instructions.\r\n- **Scene and Shot Breakdown:** Categorizes scenes and shots to provide a structured approach to video prompt creation.\r\n\r\n## How To Use The Tool\r\n\r\n### Step-by-Step Process\r\n\r\n1. **Enter Your Story:** Start by inputting the story that provides context to the animation. This should outline the plot, characters, and settings.\r\n2. **Enter the Image Prompts:** Next, provide image prompts that visually represent key elements or moments from the story. These will serve as the foundation for the video prompts.\r\n3. **Create Content:** After entering the necessary information, click on the \"Create Content\" button. This will initiate the conversion process, generating detailed video prompts from the inputs.\r\n4. **Receive Output:** The tool will produce structured video prompts divided by scenes and shots, formatted for easy implementation into animation projects.\r\n\r\n## Tips for Using the Tool\r\n\r\n- **Precision and Clarity:** Use precise language and detailed descriptions in both story and image prompts to ensure accurate video prompt generation.\r\n- **Consistency in Descriptions:** Maintain consistency in character appearances and scene settings across prompts for continuity.\r\n- **Leverage Environmental Details:** Incorporate elements like weather, lighting, and background movement to enrich the animation's visual quality.\r\n- **Experiment and Iterate:** Feel free to adjust story and image prompts to explore different visual outcomes and enhance creativity.\r\n\r\n## FAQ’s\r\n\r\n1. **Q**: How do I start using the 2D video prompt generator?\r\n    \r\n    **A**: To start, enter your story in the specified input box and then provide the image prompts for each scene of your story. After both are entered, press \"Create Content\" to generate your video prompts.\r\n    \r\n2. **Q**: What exactly are image prompts?\r\n    \r\n    **A**: Image prompts are detailed descriptions of visuals or scenes from your story. These prompts help the template understand what visuals are needed in each shot of your animation.\r\n    \r\n3. **Q**: Why do I need to provide a story and image prompts?\r\n    \r\n    **A**: The story provides context for the scenes, while the image prompts give specific details for each shot. This combination helps create accurate and actionable video prompts for animators.\r\n    \r\n4. **Q**: What should I include in my story input?\r\n    \r\n    **A**: Include the main plot points, setting, and character interactions of your story. Make sure it's clear enough to understand the sequence and flow of your narrative.\r\n    \r\n5. **Q**: How detailed do my image prompts need to be?\r\n    \r\n    **A**: As detailed as possible. Include descriptions of characters, their actions, and the environment. Details help create vivid and precise video prompts for animation.\r\n    \r\n6. **Q**: What style should I expect for the video prompts?\r\n    \r\n    **A**: Prompts are designed for a 2D animated cartoon style. Each prompt will describe the scene in detail, focusing on actions, movements, and environmental elements suitable for this style of animation.\r\n    \r\n7. **Q**: What if I want to change something in my story or image prompts after generating the output?\r\n    \r\n    **A**: Simply edit your story or image prompts and click \"Create Content\" again. The template will generate a new set of video prompts based on your updated inputs.\r\n    \r\n\r\n## Feedback\r\n\r\nWe value your experience and suggestions for improving the **2D Video Prompt Generator**. Please share your feedback by visiting: [Feedback Form](https://websitelearners.typeform.com/gravityai#name=2D%20Video%20Prompt%20Generator).",
                "created_at": "2024-12-30T05:10:20.000000Z",
                "updated_at": "2025-03-17T06:27:01.000000Z",
                "is_multiprompt": false,
                "website_title": null,
                "allow_website": 0,
                "website_input_title": null,
                "website_input_placeholder": null,
                "category_name": "2D Animation",
                "bgImage": "https://gravitywrite.sgp1.digitaloceanspaces.com/gw/pzKYloD91YBNUNAqPGDfdY0kKNKF1dABya6OnQXi.svg",
                "iconColor": "#de7224"
            },
            {
                "id": 5045,
                "title": "2D Video Script Generator",
                "slug": "2d-video-script-generator",
                "description": "This tool turns children's stories into fun and engaging 2D animation scripts with simple narration and dialogue, perfect for capturing kids' attention.",
                "frontend_headline": "Turn Children's Stories into Creative Animation Scripts",
                "icon_type": "icon",
                "icon_content": "fa-solid fa-scroll",
                "category_id": 49,
                "plan_id": "",
                "usage": 359,
                "favcount": 9,
                "frontend_description": "## Introduction\r\n\r\nWelcome to the **2D Video Script Generator**! This cutting-edge tool transforms children's stories into engaging and fun 2D animation scripts. Crafted with simplicity and creativity in mind, this template is perfect for captivating a child's imagination through imaginative narration and dialogue. Whether you're an educator, parent, or content creator, this tool helps bring stories to life as compelling animated video scripts.\r\n\r\n## Key Functionalities of the Tool\r\n\r\n- **Automated Script Creation**: Converts text stories into a formatted script ready for animation.\r\n- **Scene Separation**: Organizes your story into distinct scenes, ensuring a clear progression.\r\n- **Child-Friendly Narration**: Ensures narration is engaging and suitable for young audiences.\r\n- **Basic Dialogue Integration**: Includes simple dialogues to enhance storytelling.\r\n\r\n## How To Use The Tool\r\n\r\n1. **Enter Your Story**:\r\n    - Begin by entering your children's story in the specified input field labeled \"✨ Enter your Story!\"\r\n2. **Create Content**:\r\n    - Once your story is entered, click on the \"Create Content\" button to generate the script.\r\n3. **Review Your Script**:\r\n    - The tool will transform the input story into a formatted script. Each scene will be divided as per the original story layout, providing narration and dialogue that adhere to child-friendly standards.\r\n\r\n## Tips for Using the Tool\r\n\r\n- **Ensure Clarity**: Keep your original story clear and straightforward, as this will lead to a more cohesive script.\r\n- **Maintain Simplicity**: Use simple vocabulary and concepts, aligning with children's comprehension levels.\r\n- **Focus on Engagement**: Think about elements that will captivate a child's interest, like vibrant descriptions and playful dialogues.\r\n- **Scene Structure**: Break down your story into well-defined scenes to enhance clarity and flow in the resulting script.\r\n\r\n## FAQ’s\r\n\r\n1. **Q**: What type of stories should I use for the 2D Video Script Generator?\r\n    \r\n    **A**: Use simple and engaging children's stories that are easy to divide into scenes. Ensure the stories have clear storylines, with beginnings, middles, and ends, to make script generation straightforward.\r\n    \r\n2. **Q**: How should I enter my story into the tool?\r\n    \r\n    **A**: Simply type or paste your story into the \"Enter your Story\" input box. Make sure your story is divided into scenes for better script organization.\r\n    \r\n3. **Q**: What happens if my story is too complex?\r\n    \r\n    **A**: The tool simplifies complex stories to maintain children's interest. Try to simplify your story before inputting if possible.\r\n    \r\n4. **Q**: What age group is the script intended for?\r\n    \r\n    **A**: The script is crafted for young children. It uses simple, engaging language suitable for ages 3-8.\r\n    \r\n5. **Q**: Can I edit the generated script if needed?\r\n    \r\n    **A**: Yes, you can edit the script after it’s generated to match your specific requirements or style.\r\n    \r\n6. **Q**: What if I don’t like the generated script?\r\n    \r\n    **A**: You can adjust your original story or the scene divisions and re-generate a new script, or make personal edits to the provided script.\r\n    \r\n\r\n## Feedback\r\n\r\nWe value your insights and suggestions. Please share your experiences or offer feedback on how we can enhance the 2D Video Script Generator. Visit our feedback page at: [Feedback Form](https://websitelearners.typeform.com/gravityai#name=2D%20Video%20Script%20Generator)",
                "created_at": "2024-12-30T05:45:39.000000Z",
                "updated_at": "2025-03-17T06:20:21.000000Z",
                "is_multiprompt": false,
                "website_title": null,
                "allow_website": 0,
                "website_input_title": null,
                "website_input_placeholder": null,
                "category_name": "2D Animation",
                "bgImage": "https://gravitywrite.sgp1.digitaloceanspaces.com/gw/pzKYloD91YBNUNAqPGDfdY0kKNKF1dABya6OnQXi.svg",
                "iconColor": "#de7224"
            },
            {
                "id": 470,
                "title": "Niche Idea Generator",
                "slug": "niche-idea-generator",
                "description": "Get unique, engaging, and specially tailored niche concepts for content based on a specific category and topic.",
                "frontend_headline": "Unlock niche inspiration for your writing projects.",
                "icon_type": "svg",
                "icon_content": "<svg version=\"1.1\"      id=\"svg2\"      xmlns:dc=\"http://purl.org/dc/elements/1.1/\"      xmlns:cc=\"http://creativecommons.org/ns#\"      xmlns:rdf=\"http://www.w3.org/1999/02/22-rdf-syntax-ns#\"      xmlns:svg=\"http://www.w3.org/2000/svg\"      xmlns:sodipodi=\"http://sodipodi.sourceforge.net/DTD/sodipodi-0.dtd\"      xmlns:inkscape=\"http://www.inkscape.org/namespaces/inkscape\"      sodipodi:docname=\"idea.svg\"      inkscape:version=\"0.48.4 r9939\"      xmlns=\"http://www.w3.org/2000/svg\"      xmlns:xlink=\"http://www.w3.org/1999/xlink\"      width=\"18px\"      height=\"18px\"      viewBox=\"0 0 1200 1200\"      enable-background=\"new 0 0 1200 1200\"      xml:space=\"preserve\">     <path id=\"rect2989-0\"           inkscape:connector-curvature=\"0\"           d=\"M567.663,0v190.423h64.679V0h-64.685H567.663z M303.553,57.225l-52.992,37.103l109.203,155.946l52.963-37.104L303.553,57.225z M896.439,57.225L787.268,213.171l52.971,37.104L949.44,94.328l-52.992-37.103H896.439z M599.989,242.524c-158.227,0-286.493,96.083-286.493,214.625l162.772,492.948h247.47l162.758-492.948c0-118.54-128.258-214.625-286.492-214.625H599.989z M85.465,299.673l-22.099,60.814l178.849,65.114l22.181-60.785L85.461,299.673H85.465z M1114.527,299.673l-178.936,65.148l22.106,60.792l178.936-65.125L1114.527,299.673z M255.756,577.681L71.856,627.007l16.686,62.431l183.9-49.255l-16.683-62.502H255.756z M944.236,577.681l-16.674,62.501l183.9,49.247l16.674-62.432l-183.9-49.318V577.681z M472.66,986.032v85.686h254.687v-85.673H472.661L472.66,986.032z M472.66,1114.314V1200h254.687v-85.672H472.661L472.66,1114.314z\"           fill=\"currentColor\"/> </svg>",
                "category_id": 29,
                "plan_id": "",
                "usage": 74648,
                "favcount": 501,
                "frontend_description": "## Introduction:\r\n\r\nThe 'Niche Idea Generator' template is designed to provide you with unique, engaging, and specially tailored niche concepts for your content based on a specific category and topic. Whether you're a blogger, content creator, or marketer, this tool can help you discover fresh ideas to captivate your audience.\r\n\r\n## How To Use The Tool:\r\n\r\n1. Begin by answering the question, \"What are you interested in?\"\r\n2. Once you have entered your interests, press \"Create Content\" to generate niche ideas based on your preferences.\r\n\r\n## Tips for using the tool:\r\n\r\n- Experiment with different combinations of interests to explore a wide range of niche ideas.\r\n- Save your favorite ideas for future reference or inspiration.\r\n- Use the generated niche ideas as a starting point and customize them to suit your brand or style.\r\n\r\n## **FAQ for Tools**\r\n\r\n1. **Q**: How does the Niche Idea work?\r\n    \r\n    **A**: Simply input what you are interested in and press \"Create Content\" to receive unique niche concepts tailored to your specific category and topic.\r\n    \r\n2. **Q**: Can I select multiple interests for generating niche ideas?\r\n    \r\n    **A:** Currently, you can only input one interest at a time to receive niche concepts, but you can try different interests consecutively for varied ideas.\r\n    \r\n3. **Q**: How long does it take to generate niche ideas after pressing \"Create Content\"?\r\n    \r\n    **A:** : The generated niche ideas are typically provided instantly after you submit your interest and press the button.\r\n    \r\n4. **Q**: Are the niche ideas generated by the Niche Idea Generator copyrighted?\r\n    \r\n    **A**: The niche ideas provided are unique concepts generated by the AI specifically for your input and are not copyrighted.\r\n    \r\n5. **Q**: Can I use the niche ideas for commercial purposes?\r\n    \r\n    **A:** : The niche ideas provided can be used for commercial purposes, such as content creation, brainstorming, or marketing strategies.\r\n    \r\n6. **Q**: What kind of niche ideas can I expect from the Niche Idea Generator?\r\n    \r\n    **A:** : The Niche Idea Generator provides unique, engaging, and specially tailored niche concepts based on your specific interests, ensuring a fresh perspective on your chosen category and topic.\r\n    \r\n7. **Q**: Can I request specific types of niche ideas within the Niche Idea Generator?\r\n    \r\n    **A:** : The Niche Idea Generator automatically generates niche ideas based on your input interest without the option to request specific types at this time.\r\n    \r\n8. **Q**: How can I use the niche ideas generated to improve my content creation strategy?\r\n    \r\n    **A**: The niche ideas can serve as inspiration for creating unique and engaging content, helping you explore new angles and topics within your chosen category.\r\n    \r\n\r\n## Feedback:\r\n\r\nWe value your input! Share your experience and suggestions for improving the 'Niche Idea Generator' template by clicking on the following link: [[Feedback Form]](https://websitelearners.typeform.com/gravityai#name=niche-idea-generator)",
                "created_at": "2023-10-10T01:58:08.000000Z",
                "updated_at": "2025-03-17T06:23:09.000000Z",
                "is_multiprompt": false,
                "website_title": null,
                "allow_website": 0,
                "website_input_title": null,
                "website_input_placeholder": null,
                "category_name": "Idea Generation",
                "bgImage": "https://gravitywrite.sgp1.digitaloceanspaces.com/gw/l3cWTVFtFjP09QeThAKDYVMExOOK6dAIBZH0FEsl.svg",
                "iconColor": "#0b3866"
            },
            {
                "id": 154,
                "title": "Movie Trailer Script",
                "slug": "movie-trailer-script",
                "description": "This is your go-to tool for creating engaging movie trailer scripts. It's as simple as providing your film's genre and trailer duration.",
                "frontend_headline": "Quickly generate attention-grabbing previews for your films.",
                "icon_type": "icon",
                "icon_content": "fa-solid fa-film",
                "category_id": 27,
                "plan_id": "1",
                "usage": 122396,
                "favcount": 692,
                "frontend_description": "## Introduction:\r\n\r\nThe 'Movie Trailer Script' template is your ultimate tool for crafting captivating movie trailer scripts effortlessly. By simply specifying the genre of your film, the desired duration of your trailer, and adding a one-liner story, you can create a compelling script that sets the stage for your upcoming movie.\r\n\r\n## How To Use The Tool:\r\n\r\n1. Start by entering the genre of your film.\r\n2. Next, specify the duration you want for your trailer.\r\n3. Add a gripping one-liner story to hook your audience.\r\n4. Once all questions are answered, click on \"Create Content\" to generate your movie trailer script.\r\n\r\n## Tips for Using the Tool:\r\n\r\n- Be creative with your one-liner story to capture the essence of your film.\r\n- Keep your trailer duration in mind to ensure it aligns with industry standards.\r\n- Experiment with different genres to explore various storytelling possibilities.\r\n\r\n## **FAQ for Tools**\r\n\r\n1. **Q**: How does the 'Movie Trailer Script' template work?\r\n    \r\n    **A**: Simply input the genre of your film, the desired duration of your trailer, and add a one-line story to create an engaging movie trailer script.\r\n    \r\n2. **Q**: What information do I need to provide to use the 'Movie Trailer Script' template?\r\n    \r\n    **A**: You need to provide the genre of the film, the desired duration of the trailer, and a one-line story to get started.\r\n    \r\n3. **Q**: Can I customize the movie trailer script generated by this template?\r\n    \r\n    **A**: Yes, you can customize the output generated by adjusting the genre, duration, or story input to better fit your film.\r\n    \r\n4. **Q**: How long does it take to generate a movie trailer script using this template?\r\n    \r\n    **A**: It takes just a few seconds to generate a movie trailer script once you have provided the necessary information and clicked on 'Create Content'.\r\n    \r\n5. **Q**: Is the movie trailer script generated by this template suitable for different genres?\r\n    \r\n    **A**: Yes, the template is versatile and can create engaging movie trailer scripts for a wide range of genres.\r\n    \r\n6. **Q**: Can I preview the movie trailer script before finalizing it?\r\n    \r\n    **A**: Unfortunately, you cannot preview the script before finalizing it, but you can always make changes to the input parameters and generate a new script.\r\n    \r\n7. **Q**: Are there any restrictions on the duration of the movie trailer script I can create?\r\n    \r\n    **A**: You can input your desired duration for the trailer, but keep in mind that the generated script will be based on the information provided.\r\n    \r\n8. **Q**: Do I need to have a specific level of writing expertise to use this template?\r\n    \r\n    **A**: No, the 'Movie Trailer Script' template is designed to be user-friendly and does not require any specific writing expertise to use.\r\n    \r\n9. **Q**: Can I use the movie trailer script generated by this template for commercial purposes?\r\n    \r\n    **A**: Yes, you can use the script generated by this template for commercial purposes, such as creating a trailer for your film.\r\n    \r\n10. **Q**: How accurate and engaging are the movie trailer scripts generated by this template?\r\n    \r\n    **A**: The movie trailer scripts generated by this template are accurate and engaging, providing a solid foundation for crafting your film's trailer.\r\n    \r\n\r\n## Feedback:\r\n\r\nWe value your feedback! Share your experience with the 'Movie Trailer Script' template and any suggestions for improvement by visiting our feedback link: [Feedback Form](https://websitelearners.typeform.com/gravityai#name=movie-trailer-script)",
                "created_at": "2023-09-12T04:01:16.000000Z",
                "updated_at": "2025-03-16T11:39:02.000000Z",
                "is_multiprompt": false,
                "website_title": null,
                "allow_website": 0,
                "website_input_title": null,
                "website_input_placeholder": null,
                "category_name": "Film Making Tools",
                "bgImage": "https://gravitywrite.sgp1.digitaloceanspaces.com/gw/enrBCIkbzgO6tUSGx1pJ6UKSb1IFWcvpAwzQY0OT.svg",
                "iconColor": "#0b72d9"
            },
            {
                "id": 162,
                "title": "Long-tail Keyword Generator",
                "slug": "long-tail-keyword-generator",
                "description": "Give us your chosen keyword and allow us to construct a table of 30 unique long-tail keywords, accompanying blog post titles, categories, and identified search intents.",
                "frontend_headline": "Get a list of 30 long-tail keywords and blog post titles",
                "icon_type": "icon",
                "icon_content": "fa-solid fa-magnifying-glass-chart",
                "category_id": 22,
                "plan_id": "",
                "usage": 24189,
                "favcount": 165,
                "frontend_description": "## Introduction:\r\n\r\nThe 'Long-tail Keyword Generator' template on gravitywrite allows you to input your target keyword and receive a list of 30 unique long-tail keywords, along with blog post titles, categories, and search intents. This tool is designed to help you enhance your content strategy and improve SEO performance.\r\n\r\n## Key Functionalities:\r\n\r\n- Generate 30 unique long-tail keywords based on your target keyword\r\n- Receive accompanying blog post titles and categories for each generated keyword\r\n- Understand the search intents behind the long-tail keywords provided\r\n\r\n## How To Use The Tool:\r\n\r\n1. Enter your target keyword in the designated field.\r\n2. Press the \"Create Content\" button to generate the output.\r\n3. Review the list of 30 unique long-tail keywords, blog post titles, categories, and search intents provided.\r\n\r\n## Tips for Using the Tool:\r\n\r\n- Experiment with different variations of your target keyword to generate a diverse list of long-tail keywords.\r\n- Use the identified search intents to tailor your content to better meet the needs of your audience.\r\n- Regularly update your keyword research to stay ahead of the competition and adapt to changing trends in your industry.\r\n\r\n## FAQs:\r\n\r\n1. **Q**: How does the 'Long-tail Keyword Generator' template work?\r\n    \r\n    **A**: Simply enter your target keyword, and our AI will generate a table of 30 unique long-tail keywords, blog post titles, categories, and identified search intents based on your input.\r\n    \r\n2. **Q**: Can I input multiple keywords at once?\r\n    \r\n    **A**: This template accepts one keyword at a time for generating long-tail keywords. If you have multiple keywords, you can input them one after the other to get tailored results for each.\r\n    \r\n3. **Q**: What can I do with the generated long-tail keywords?\r\n    \r\n    **A**: The long-tail keywords generated can help you optimize your content for better search engine visibility, attract targeted traffic, and provide ideas for relevant blog post topics.\r\n    \r\n4. **Q**: How can I use the blog post titles suggested by the AI?\r\n    \r\n    **A**: The suggested blog post titles can serve as inspiration for creating engaging and relevant content around your target keyword, helping you attract more readers and improve your SEO efforts.\r\n    \r\n5. **Q**: What is the significance of identifying search intents in the generated keywords?\r\n    \r\n    **A**: Understanding the search intents behind each long-tail keyword can help you tailor your content to meet the specific needs and expectations of users searching for that particular topic.\r\n    \r\n6. **Q**: Are the generated long-tail keywords suitable for all types of content?\r\n    \r\n    **A**: The long-tail keywords generated by this template are versatile and can be used for various content types such as blog posts, articles, product descriptions, and more, depending on your content strategy.\r\n    \r\n7. **Q**: Can I export the generated long-tail keywords for future reference?\r\n    \r\n    **A**: Currently, the option to export the generated long-tail keywords is not available within the template. We recommend taking screenshots or notes for future use.\r\n    \r\n8. **Q**: How often should I use the 'Long-tail Keyword Generator' template for my content strategy?\r\n    \r\n    **A**: Using this template periodically can help you discover new long-tail keywords, stay updated on search trends, and continuously optimize your content to reach a broader audience.\r\n    \r\n9. **Q**: Can the 'Long-tail Keyword Generator' template help me with my SEO efforts?\r\n    \r\n    **A**: Yes, the long-tail keywords generated by this template can improve your SEO by targeting specific search queries, reducing competition, and driving more organic traffic to your website.\r\n    \r\n\r\n## Feedback:\r\n\r\nWe value your feedback! Please share your experiences and suggestions for improving the 'Long-tail Keyword Generator' template by clicking the following link: [[LINK]](https://websitelearners.typeform.com/gravityai#name=long-tail-keyword-generator)",
                "created_at": "2023-09-12T05:59:04.000000Z",
                "updated_at": "2025-03-17T06:25:58.000000Z",
                "is_multiprompt": false,
                "website_title": null,
                "allow_website": 0,
                "website_input_title": null,
                "website_input_placeholder": null,
                "category_name": "SEO Tools",
                "bgImage": "https://gravitywrite.sgp1.digitaloceanspaces.com/gw/zuyLAio7iaCRQ4Z47qv1gqE4glTfMeqPnEUwOrZn.svg",
                "iconColor": "#1500fa"
            },
            {
                "id": 110,
                "title": "Quora Answer",
                "slug": "quora-answer",
                "description": "Answer Quora questions with ease using our tool. It crafts responses in a human-like style, fitting your niche and language perfectly, without any personal bias.",
                "frontend_headline": "Save time by generating Quora responses with our tool",
                "icon_type": "icon",
                "icon_content": "fa-solid fa-comment",
                "category_id": 22,
                "plan_id": "",
                "usage": 5095,
                "favcount": 50,
                "frontend_description": "## Introduction\r\n\r\nThe Quora Answer template on our gravitywrite AI writing platform allows you to effortlessly respond to Quora questions in a natural and personalized manner. By providing key information about the product or brand, niche description, and the Quora question, you can generate engaging responses tailored to your needs without any personal bias.\r\n\r\n## Key Functionalities\r\n\r\n- Craft responses in a human-like style\r\n- Fit your niche and language perfectly\r\n- Remove personal bias from your answers\r\n\r\n## How To Use The Tool\r\n\r\n1. Begin by entering the product or brand name.\r\n2. Describe your niche accurately.\r\n3. Input the Quora question you wish to answer.\r\n4. Press \"Create Content\" to generate your response.\r\n\r\n## Tips for Using the Tool\r\n\r\n- Provide clear and concise information in the input fields to ensure the generated response is accurate and relevant.\r\n- Review the generated response for any errors or inaccuracies before posting it on Quora.\r\n- Experiment with different combinations of information to see which one produces the best results.\r\n\r\n## FAQ's\r\n\r\n1. **Q**: How does the 'Quora Answer' template work?\r\n    \r\n    **A**: The 'Quora Answer' template makes it easy to respond to Quora questions by providing a user-friendly interface where you can input the product/brand name, describe your niche, and the specific Quora question you want to address. Simply answer these questions and click 'Create Content' to generate a response.\r\n    \r\n2. **Q**: Will the responses created by the 'Quora Answer' template sound like they were written by a real person?\r\n    \r\n    **A**: Yes, the responses crafted by the 'Quora Answer' template are designed to sound human-like and natural, fitting your niche and language preferences. The template ensures that there is no personal bias in the generated content.\r\n    \r\n3. **Q**: Is there a limit to the number of Quora questions I can answer using this template?\r\n    \r\n    **A**: There is no set limit to the number of Quora questions you can address with the 'Quora Answer' template. You can use it to respond to as many questions as you like, making it a versatile tool for engaging with the Quora community.\r\n    \r\n4. **Q**: Is it easy to use the 'Quora Answer' template, even for beginners?\r\n    \r\n    **A**: Yes, the 'Quora Answer' template is designed to be user-friendly and intuitive, making it easy for beginners to use. Simply follow the instructions, input your information, and let the template do the rest.\r\n    \r\n5. **Q:** Can I review and edit the responses before posting them on Quora?\r\n    \r\n    **A**: Yes, you have the option to review and edit the responses generated by the 'Quora Answer' template before posting them on Quora. This allows you to make any final adjustments or additions to ensure the response reflects your intentions accurately.\r\n    \r\n6. **Q**: Will the responses generated by the 'Quora Answer' template be relevant to the Quora question asked?\r\n    \r\n    **A**: Yes, the 'Quora Answer' template is designed to create responses that are relevant and specific to the Quora question provided. By inputting the necessary details in the template, you can ensure that the generated response directly addresses the question at hand.\r\n    \r\n7. **Q**: Can I use the 'Quora Answer' template to respond to a wide range of Quora questions?\r\n    \r\n    **A**: Yes, you can use the 'Quora Answer' template to address a variety of Quora questions within your niche. By describing your niche when answering the template questions, you can tailor the responses to different topics and discussions on Quora.\r\n    \r\n8. **Q:**  Is there a preview feature to see how the generated response will look before posting it?\r\n    \r\n    **A**: Unfortunately, there is currently no preview feature available to see how the generated response will look before posting it on Quora. However, you can review and edit the response within the template itself to ensure it meets your standards before sharing it with the Quora community.\r\n    \r\n\r\n## Feedback\r\n\r\nWe value your feedback! Share your experiences and suggestions for improving the Quora Answer template by clicking [[here]](https://websitelearners.typeform.com/gravityai#name=quora-answer)\r\n\r\nYour input helps us enhance our services for you.",
                "created_at": "2023-07-03T00:19:15.000000Z",
                "updated_at": "2025-03-17T05:05:40.000000Z",
                "is_multiprompt": false,
                "website_title": null,
                "allow_website": 0,
                "website_input_title": null,
                "website_input_placeholder": null,
                "category_name": "SEO Tools",
                "bgImage": "https://gravitywrite.sgp1.digitaloceanspaces.com/gw/zuyLAio7iaCRQ4Z47qv1gqE4glTfMeqPnEUwOrZn.svg",
                "iconColor": "#1500fa"
            },
            {
                "id": 167,
                "title": "Keyword Clustering - PRO",
                "slug": "keyword-clustering-pro",
                "description": "Analyze keywords like a pro. It sorts and clusters keywords based on their search intent, and provides a list of long-tail keywords.",
                "frontend_headline": "Find the perfect keywords for your SEO strategy.",
                "icon_type": "icon",
                "icon_content": "fa-solid fa-clipboard-check",
                "category_id": 22,
                "plan_id": "",
                "usage": 1959,
                "favcount": 46,
                "frontend_description": "## Introduction:\r\n\r\nThe Keyword Clustering - PRO template is a powerful tool designed to help you analyze keywords like a pro. It sorts and clusters keywords based on their search intent, providing you with a list of valuable long-tail keywords. This tool is essential for optimizing your content and boosting your SEO strategy.\r\n\r\n## Key Functionalities:\r\n\r\n- Sort and cluster keywords based on search intent\r\n- Generate a list of long-tail keywords for your content strategy\r\n\r\n## How To Use The Tool:\r\n\r\n1. Enter your target keyword in the provided field.\r\n2. Press \"Create Content\" to generate the output.\r\n3. Review the list of sorted and clustered keywords.\r\n4. Use these insights to optimize your content strategy and improve your SEO performance.\r\n\r\n## Tips for Using The Tool:\r\n\r\n- Experiment with different target keywords to explore a wide range of keyword clusters.\r\n- Pay attention to the search intent of each keyword cluster to tailor your content effectively.\r\n- Regularly update your keyword research to stay ahead of the competition and adapt to changing trends.\r\n\r\n## FAQ's:\r\n\r\n1. **Q**: How does the Keyword Clustering - PRO template work?\r\n    \r\n    **A**: The Keyword Clustering - PRO template works by analyzing the target keyword provided by the user. It then sorts and clusters related keywords based on their search intent, helping you identify valuable long-tail keywords for your content.\r\n    \r\n2. **Q**: What is the main purpose of the Keyword Clustering - PRO template?\r\n    \r\n    **A**: The main purpose of the Keyword Clustering - PRO template is to help users analyze keywords effectively, identify search intent, and generate a list of long-tail keywords to improve the SEO and relevance of their content.\r\n    \r\n3. **Q**: What can I expect to receive as output from the Keyword Clustering - PRO template?\r\n    \r\n    **A**: From the Keyword Clustering - PRO template, you can expect to receive a sorted and clustered list of related keywords based on search intent, as well as a selection of valuable long-tail keywords to enhance your content.\r\n    \r\n4. **Q**: Is the Keyword Clustering - PRO template suitable for beginners?\r\n    \r\n    **A:** Yes, the Keyword Clustering - PRO template is suitable for users of all levels, including beginners. It provides a user-friendly interface and clear output to help you understand keyword relationships easily.\r\n    \r\n5. **Q**: How will the Keyword Clustering - PRO template benefit my content strategy?\r\n    \r\n    **A**: The Keyword Clustering - PRO template will benefit your content strategy by guiding you to use relevant keywords, understand search intent, and incorporate long-tail keywords that can increase your content's visibility and engagement.\r\n    \r\n6. **Q:** Can I use the Keyword Clustering - PRO template for multiple target keywords?\r\n    \r\n    **A**: Yes, you can use the Keyword Clustering - PRO template for multiple target keywords. Simply enter a new keyword each time you want to analyze its related keywords and search intent.\r\n    \r\n7. **Q**: Will the Keyword Clustering - PRO template provide keyword suggestions based on my target keyword?\r\n    \r\n    **A**: Yes, the Keyword Clustering - PRO template will provide keyword suggestions based on your target keyword. It helps you explore variations and related terms that can enhance the depth of your content.\r\n    \r\n8. **Q**: How accurate are the keyword clusters generated by the Keyword Clustering - PRO template?\r\n    \r\n    **A**: The keyword clusters generated by the Keyword Clustering - PRO template are based on advanced algorithms and analysis techniques to provide accurate and relevant results for your content optimization.\r\n    \r\n9. **Q**: Can I export the keyword clusters and long-tail keywords from the Keyword Clustering - PRO template?\r\n    \r\n    **A**: Yes, you can export the keyword clusters and long-tail keywords generated by the Keyword Clustering - PRO template for further use. Simply download or copy the results to incorporate them into your content creation process.\r\n    \r\n\r\n## Feedback:\r\n\r\nWe value your feedback! Please share your experiences and suggestions for improving the Keyword Clustering - PRO template by clicking on the following link: [Feedback Form](https://websitelearners.typeform.com/gravityai#name=keyword-clustering-pro)",
                "created_at": "2023-09-12T06:33:56.000000Z",
                "updated_at": "2025-03-17T02:24:29.000000Z",
                "is_multiprompt": false,
                "website_title": null,
                "allow_website": 0,
                "website_input_title": null,
                "website_input_placeholder": null,
                "category_name": "SEO Tools",
                "bgImage": "https://gravitywrite.sgp1.digitaloceanspaces.com/gw/zuyLAio7iaCRQ4Z47qv1gqE4glTfMeqPnEUwOrZn.svg",
                "iconColor": "#1500fa"
            },
            {
                "id": 168,
                "title": "Ranking Guidelines for 1 Keyword",
                "slug": "ranking-guidelines-for-1-keyword",
                "description": "A comprehensive tool for keyword research, providing related queries, long-tail keywords, and SEO entities, while also helping create engaging meta titles and descriptions.",
                "frontend_headline": "Improve your content strategy with targeted keyword.",
                "icon_type": "icon",
                "icon_content": "fa-solid fa-ranking-star",
                "category_id": 22,
                "plan_id": "",
                "usage": 2667,
                "favcount": 52,
                "frontend_description": "### Introduction:\r\n\r\nThe 'Ranking Guidelines for 1 Keyword' template is a powerful tool for conducting keyword research. It provides you with related queries, long-tail keywords, and SEO entities to help you optimize your content. Additionally, it assists you in creating engaging meta titles and descriptions to improve your search engine rankings.\r\n\r\n### How To Use The Tool:\r\n\r\n1. Start by entering your target keyword in the designated field.\r\n2. Once you have entered your target keyword, click on the \"Create Content\" button to generate the output.\r\n3. The template will provide you with a list of related queries, long-tail keywords, and SEO entities that you can incorporate into your content.\r\n4. Use the generated meta titles and descriptions to optimize your web pages for search engines and improve your ranking.\r\n\r\n### Tips for Using the Tool:\r\n\r\n- Experiment with different target keywords to explore a wide range of related queries and long-tail keywords.\r\n- Regularly update your meta titles and descriptions based on the insights provided by the template to stay ahead of your competition.\r\n- Analyze the performance of your optimized content using tools like Google Analytics to track improvements in your search engine ranking.\r\n\r\n### FAQ’s:\r\n\r\n1. **Q**: How does the 'Ranking Guidelines for 1 Keyword' template work?\r\n    \r\n    **A**: To use the 'Ranking Guidelines for 1 Keyword' template, simply enter your target keyword and click on \"Create Content\" to receive comprehensive keyword research, related queries, long-tail keywords, SEO entities, and suggestions for creating engaging meta titles and descriptions.\r\n    \r\n2. **Q**: What kind of information will I get from using this template?\r\n    \r\n    **A**: By using this template, you will receive related queries, long-tail keywords, SEO entities, as well as suggestions for creating engaging meta titles and descriptions based on your target keyword.\r\n    \r\n3. **Q**: Can I input more than one keyword in this template?\r\n    \r\n    **A**: No, this template is designed to provide ranking guidelines specific to one keyword at a time for in-depth analysis and optimization purposes.\r\n    \r\n4. **Q**: Will this template help me improve my SEO strategy?\r\n    \r\n    **A**: Yes, this template is a valuable tool for improving your SEO strategy by providing insights into related queries, long-tail keywords, and SEO entities related to your target keyword.\r\n    \r\n5. **Q**: How can I utilize the suggested meta titles and descriptions generated by this template?\r\n    \r\n    **A**: The suggested meta titles and descriptions provided by the template can help you optimize your content for search engines, improve click-through rates, and attract more organic traffic to your website.\r\n    \r\n6. **Q**: Is this template suitable for beginners in SEO?\r\n    \r\n    **A**: Yes, this template is beginner-friendly and can be used by individuals at any level of expertise to enhance their keyword research and SEO optimization efforts.\r\n    \r\n7. **Q**: Can I export the output generated by this template?\r\n    \r\n    **A**: Yes, you can easily export the output from this template to utilize it in your content creation, SEO campaigns, or other digital marketing initiatives.\r\n    \r\n8. **Q**: Are the long-tail keywords suggested by this template effective for improving search engine rankings?\r\n    \r\n    **A**: Yes, the long-tail keywords provided by this template are carefully selected to help you target specific audience segments and improve your search engine rankings.\r\n    \r\n9. **Q**: Will this template provide me with real-time data on keyword performance?\r\n    \r\n    **A**: While this template does not provide real-time data, it offers valuable insights and recommendations based on current keyword trends and search engine algorithms.\r\n    \r\n10. **Q**: How often should I use this template for keyword research?\r\n    \r\n    **A**: It is recommended to use this template whenever you are working on new content or optimizing existing content to ensure that your keyword strategy remains up-to-date and effective.\r\n    \r\n\r\n### Feedback:\r\n\r\nWe value your feedback! Share your experiences and suggestions for improving the 'Ranking Guidelines for 1 Keyword' template by clicking [here](https://websitelearners.typeform.com/gravityai#name=ranking-guidelines-for-1-keyword).",
                "created_at": "2023-09-12T06:36:19.000000Z",
                "updated_at": "2025-03-17T05:24:41.000000Z",
                "is_multiprompt": false,
                "website_title": null,
                "allow_website": 0,
                "website_input_title": null,
                "website_input_placeholder": null,
                "category_name": "SEO Tools",
                "bgImage": "https://gravitywrite.sgp1.digitaloceanspaces.com/gw/zuyLAio7iaCRQ4Z47qv1gqE4glTfMeqPnEUwOrZn.svg",
                "iconColor": "#1500fa"
            },
            {
                "id": 169,
                "title": "Google Ads Pro",
                "slug": "google-ads-pro",
                "description": "Your secret weapon for high-performing, emotionally engaging Google Ads that readers can't resist.",
                "frontend_headline": "Turn Visitors into Customers with High-Performing Ads",
                "icon_type": "svg",
                "icon_content": "<svg xmlns=\"http://www.w3.org/2000/svg\" width=\"18\" height=\"18\" viewBox=\"0 0 24 24\" fill=\"currentColor\">   <path d=\"M20.283 10.356h-8.327v3.451h4.792c-.446 2.193-2.313 3.453-4.792 3.453a5.27 5.27 0 0 1-5.279-5.28 5.27 5.27 0 0 1 5.279-5.279c1.259 0 2.397.447 3.29 1.178l2.6-2.599c-1.584-1.381-3.615-2.233-5.89-2.233a8.908 8.908 0 0 0-8.934 8.934 8.907 8.907 0 0 0 8.934 8.934c4.467 0 8.529-3.249 8.529-8.934 0-.528-.081-1.097-.202-1.625z\"/> </svg>",
                "category_id": 17,
                "plan_id": "",
                "usage": 871,
                "favcount": 30,
                "frontend_description": "## Introduction\r\n\r\nThe 'Google Ads Pro' template is your go-to tool for creating highly effective, emotionally engaging Google Ads that will captivate your audience. With its user-friendly interface and powerful features, this template will help you craft ads that drive results and stand out from the competition.\r\n\r\n## How to Use the Tool\r\n\r\n1. Start by entering the topic of your ad copy in the provided field.\r\n2. Press the \"Create Content\" button to generate your customized Google Ad.\r\n\r\n## Tips for Using the Tool\r\n\r\n- Be clear and concise in your ad copy to grab the reader's attention.\r\n- Use emotional language to evoke a response from your audience.\r\n- Test different variations of your ad to see which performs best.\r\n\r\n## FAQ's\r\n\r\n1. **Q**: How do I use the 'Google Ads Pro' template?\r\n    \r\n    **A**: Simply input the topic of your Ad Copy when prompted, then press \"Create Content\" to generate high-performing Google Ads.\r\n    \r\n2. **Q**: What makes the 'Google Ads Pro' template different from other AI writing tools?\r\n    \r\n    **A**: This template focuses on creating emotionally engaging ad copy that captivates readers and drives results for your Google Ads.\r\n    \r\n3. **Q**: How can I ensure my Google Ads stand out using this template?\r\n    \r\n    **A**: By inputting a compelling topic for your Ad Copy and leveraging the emotionally engaging language generated, your Google Ads will be irresistible to readers.\r\n    \r\n4. **Q**: Will the 'Google Ads Pro' template help increase my click-through rates?\r\n    \r\n    **A**: Yes, the emotionally engaging and high-performing ad copy generated by this template is designed to attract more clicks and improve your overall ad performance.\r\n    \r\n5. **Q**: Can I trust the quality of the ad copy generated by the 'Google Ads Pro' template?\r\n    \r\n    **A**: Yes, the template is designed to produce top-quality, emotionally engaging ad copy that is proven to drive results and capture the attention of readers.\r\n    \r\n6. **Q**: Will the 'Google Ads Pro' template help me save time and resources on ad copy creation?\r\n    \r\n    **A**: Absolutely. By streamlining the ad copy creation process and providing high-performing content, this template will save you time and resources while maximizing your ad effectiveness.\r\n    \r\n\r\n## Feedback\r\n\r\nWe value your input! Share your experience and suggestions for improving the 'Google Ads Pro' template by clicking [here](https://websitelearners.typeform.com/gravityai#name=google-ads-pro). \r\n\r\nYour feedback helps us enhance the tool for all users.",
                "created_at": "2023-09-12T06:38:35.000000Z",
                "updated_at": "2025-03-17T06:27:36.000000Z",
                "is_multiprompt": false,
                "website_title": null,
                "allow_website": 0,
                "website_input_title": null,
                "website_input_placeholder": null,
                "category_name": "Advertising Tools",
                "bgImage": "https://gravitywrite.sgp1.digitaloceanspaces.com/gw/uZaDLrVForDA7O8d0LUru6MiBhQCXRAZV0dJ9NtH.svg",
                "iconColor": "#12b3eb"
            },
            {
                "id": 193,
                "title": "Video to Article Converter",
                "slug": "video-to-article-converter",
                "description": "Convert your YouTube transcripts into unique, SEO-friendly articles in any language with ease.",
                "frontend_headline": "Easily convert video transcripts into SEO-friendly articles.",
                "icon_type": "icon",
                "icon_content": "fa-solid fa-video",
                "category_id": 28,
                "plan_id": "",
                "usage": 1551,
                "favcount": 65,
                "frontend_description": "##  Introduction\r\n\r\nThe 'Video to Article Converter' template on gravitywrite allows you to effortlessly convert your YouTube transcripts into unique, SEO-friendly articles in any language. This tool simplifies the process of content creation and helps you repurpose your video content into written articles.\r\n\r\n## How To Use The Tool\r\n\r\n1. Start by entering your Video Transcript in the designated field.\r\n2. Once you have entered the transcript, click on \"Create Content\" to generate the output.\r\n3. Your unique, SEO-friendly article will be created based on the input provided.\r\n\r\n## **Tips for Using the Tool**\r\n\r\n- Ensure your video transcript is clear and accurate to generate the best possible article.\r\n- Proofread the generated article to make any necessary edits for improved quality.\r\n- Experiment with different sections of the video transcript to create multiple articles from the same content.\r\n\r\n## **FAQ for Tools**\r\n\r\n1. **Q**: What kind of content can I convert using the 'Video to Article Converter' template?\r\n    \r\n    **A**: You can convert any YouTube video transcript into a unique and SEO-friendly article using this template, regardless of the language.\r\n    \r\n2. **Q**: I don't have a transcript for the YouTube video, can I still use this tool?\r\n    \r\n    **A**: The template works specifically with video transcripts. If you do not currently have a transcript, consider using YouTube's automatic transcription feature or a separate transcription service, and then paste the transcript into the tool.\r\n    \r\n3. **Q**: Does this template also translate the transcripts?\r\n    \r\n    **A**: No, this template doesn't translate languages. It's designed to convert transcripts into SEO-friendly articles in the original language of the transcript.\r\n    \r\n4. **Q**: Can this tool handle industry-specific jargon in my transcripts?\r\n    \r\n    **A**: Yes, the template is built with advanced AI that contextualizes information based on the input, so it can convert transcripts with industry-specific jargon into accurate, readable articles.\r\n    \r\n5. **Q**: What does SEO-friendly mean in the context of these articles?\r\n    \r\n    **A**: SEO-friendly means the content is crafted in a way that helps increase its visibility on search engines like Google. This includes using relevant keywords, headers, and logical, easy-to-follow structures.\r\n    \r\n6. **Q**: How long should my video transcript be?\r\n    \r\n    **A**: There are no set limitations on the length of the transcript. However, a longer transcript will create a longer article. Consider the desired length of your final article when choosing your transcript.\r\n    \r\n7. **Q**: How unique will my article be compared to the video transcript?\r\n    \r\n    **A**: The AI will parse through your transcript and aims to convert it into an article that is unique and engaging, maintaining the ideas conveyed in the video while reframing them in an article format.\r\n    \r\n8. **Q**: Does the 'Video to Article Converter' have a usage limit?\r\n    \r\n    **A**: Usage limits would largely depend on the platform's overall guidelines. For specifics regarding this, it would be best to check with the particular AI writing platform's guidelines or terms of service.\r\n    \r\n\r\n## Feedback\r\n\r\nWe value your feedback! Share your experiences and suggestions for improving the 'Video to Article Converter' template through our feedback link: [[Link](https://websitelearners.typeform.com/gravityai#name=video-to-article-converter)]",
                "created_at": "2023-09-14T06:42:24.000000Z",
                "updated_at": "2025-03-16T08:54:11.000000Z",
                "is_multiprompt": false,
                "website_title": null,
                "allow_website": 0,
                "website_input_title": null,
                "website_input_placeholder": null,
                "category_name": "Re-Purpose Content",
                "bgImage": "https://gravitywrite.sgp1.digitaloceanspaces.com/gw/zf3FeKLqNnmgw268N4HywXwwS4JSGdib4zUYORyL.svg",
                "iconColor": "#460079"
            },
            {
                "id": 196,
                "title": "Article to Video Script Convertor",
                "slug": "article-to-video-script-convertor",
                "description": "Turn your articles into engaging video scripts effortlessly with this AI Tool, making video content creation a breeze.",
                "frontend_headline": "Unlock video potential from your written content effortlessly.",
                "icon_type": "icon",
                "icon_content": "fa-solid fa-sheet-plastic",
                "category_id": 28,
                "plan_id": "",
                "usage": 3657,
                "favcount": 87,
                "frontend_description": "## Introduction:\r\n\r\nThe 'Article to Video Script Convertor' template on gravitywrite is designed to help you effortlessly transform your written articles into engaging video scripts. This AI tool makes video content creation a breeze, allowing you to repurpose your existing articles into visually captivating video content.\r\n\r\n## How To Use The Tool:\r\n\r\n1. Begin by entering your entire article in the designated text box.\r\n2. Once you have entered your article, click on the \"Create Content\" button to generate the output.\r\n3. The tool will then convert your article into a video script, ready for you to use in your video content creation process.\r\n\r\n## Tips for using the tool:\r\n\r\n- Make sure to proofread your article before entering it into the tool to ensure the final video script is accurate and error-free.\r\n- Consider editing the generated video script to add a personal touch or adjust the content to better fit your video creation style.\r\n- Experiment with different articles to see how the tool can help you create diverse video scripts for your content.\r\n\r\n## **FAQ for Tools**\r\n\r\n1. **Q**: How can I convert my written article into a video script using this AI tool?\r\n    \r\n    **A**: Simply enter your whole article into the designated box, then press \"Create Content\" to generate your video script effortlessly.\r\n    \r\n2. **Q**: What type of articles can I convert into video scripts with this tool?\r\n    \r\n    **A**: You can convert any type of article, whether it's a blog post, news article, or informational piece, into a video script using this AI tool.\r\n    \r\n3. **Q**: Will the video script generated by the AI tool be engaging and suitable for creating videos?\r\n    \r\n    **A**: The video script generated by the AI tool is designed to be engaging and suitable for creating videos, making content creation a breeze for you.\r\n    \r\n4. **Q**: How long does it take to convert an article into a video script using this AI tool?\r\n    \r\n    **A**: It only takes a few seconds for the AI tool to convert your article into a video script, saving you time and effort in the content creation process.\r\n    \r\n5. **Q**: Is there a limit to the length of the article I can input into the AI tool?\r\n    \r\n    **A**: You can input any length of the article into the AI tool to convert it into a video script, ensuring flexibility and convenience for your content creation needs.\r\n    \r\n6. **Q**: How accurate is the conversion process from article to video script using this AI tool?\r\n    \r\n    **A**: The AI tool is designed to accurately convert your article into a video script, but it's always good to review and adjust the script to ensure it fits your specific requirements.\r\n    \r\n7. **Q**: Can I save the video script for future use or reference?\r\n    \r\n    **A**: You can copy and save the generated video script to your preferred device or platform for future use or reference.\r\n    \r\n8. **Q**: Will the AI tool assist me in creating visual content for the video script?\r\n    \r\n    **A**: This AI tool focuses on converting your article into a video script only. To create visual content, you may need to use video editing software or other design tools.\r\n    \r\n\r\n## Feedback:\r\n\r\nWe value your feedback! If you have any suggestions, experiences, or recommendations for improving the 'Article to Video Script Convertor' template, please share them with us through this [feedback link](https://websitelearners.typeform.com/gravityai#name=Article-to-Video-Script-Convertor).",
                "created_at": "2023-09-14T22:49:39.000000Z",
                "updated_at": "2025-03-16T12:39:45.000000Z",
                "is_multiprompt": false,
                "website_title": null,
                "allow_website": 0,
                "website_input_title": null,
                "website_input_placeholder": null,
                "category_name": "Re-Purpose Content",
                "bgImage": "https://gravitywrite.sgp1.digitaloceanspaces.com/gw/zf3FeKLqNnmgw268N4HywXwwS4JSGdib4zUYORyL.svg",
                "iconColor": "#460079"
            },
            {
                "id": 224,
                "title": "LinkedIn Ad",
                "slug": "linkedin-ad",
                "description": "Create impactful LinkedIn Single Image Ads with AdCraft Pro! It's your go-to tool for crafting professional ads that grab attention, spark interest, ignite desire, and motivate action.",
                "frontend_headline": "Get Professional, Attention-Grabbing LinkedIn Ads Fast",
                "icon_type": "svg",
                "icon_content": "<svg fill=\"currentColor\" height=\"18px\" width=\"18px\" version=\"1.1\" id=\"Layer_1\" xmlns=\"http://www.w3.org/2000/svg\" xmlns:xlink=\"http://www.w3.org/1999/xlink\" viewBox=\"-143 145 512 512\" xml:space=\"preserve\">     <path d=\"M329,145h-432c-22.1,0-40,17.9-40,40v432c0,22.1,17.9,40,40,40h432c22.1,0,40-17.9,40-40V185C369,162.9,351.1,145,329,145z M41.4,508.1H-8.5V348.4h49.9V508.1z M15.1,328.4h-0.4c-18.1,0-29.8-12.2-29.8-27.7c0-15.8,12.1-27.7,30.5-27.7c18.4,0,29.7,11.9,30.1,27.7C45.6,316.1,33.9,328.4,15.1,328.4z M241,508.1h-56.6v-82.6c0-21.6-8.8-36.4-28.3-36.4c-14.9,0-23.2,10-27,19.6c-1.4,3.4-1.2,8.2-1.2,13.1v86.3H71.8c0,0,0.7-146.4,0-159.7h56.1v25.1c3.3-11,21.2-26.6,49.8-26.6c35.5,0,63.3,23,63.3,72.4V508.1z\"/> </svg>",
                "category_id": 17,
                "plan_id": "",
                "usage": 1032,
                "favcount": 25,
                "frontend_description": "## Introduction\r\n\r\nWelcome to the LinkedIn Ad template on AdCraft Pro! This powerful tool allows you to create impactful Single Image Ads that will help you grab attention, spark interest, ignite desire, and motivate action on LinkedIn. Whether you're promoting a product or a service, this template is designed to help you craft professional ads that drive results.\r\n\r\n## Key Functionalities\r\n\r\n- Easily create eye-catching Single Image Ads for LinkedIn.\r\n- Customize your ad with your product or brand name.\r\n- Define your product or service and target audience for a tailored ad experience.\r\n\r\n## How to Use the Tool\r\n\r\n1. Start by entering your Product/Brand Name in the designated field.\r\n2. Describe your Product/Service in a clear and concise manner.\r\n3. Specify your target audience to ensure your ad reaches the right people.\r\n4. Once you have answered these questions, press \"Create Content\" to generate your personalized LinkedIn Ad.\r\n\r\n## Tips for Using the Tool\r\n\r\n- Use high-quality images that are relevant to your ad.\r\n- Craft a compelling headline and concise copy to grab attention.\r\n- Test different variations of your ad to see what resonates best with your target audience.\r\n\r\n## FAQ's\r\n\r\n1. **Q**: How do I use the LinkedIn Ad template on AdCraft Pro?\r\n    \r\n    **A**: To use the LinkedIn Ad template, simply fill in the details requested such as your Product/Brand Name, description of your product/service, and your target audience. Then, press \"Create Content\" to generate your professional ad.\r\n    \r\n2. **Q**: What kind of ads can I create using the LinkedIn Ad template?\r\n    \r\n    **A**: With the LinkedIn Ad template on AdCraft Pro, you can create impactful Single Image Ads that are designed to grab attention, spark interest, ignite desire, and motivate action on LinkedIn.\r\n    \r\n3. **Q**: Will my LinkedIn ad be optimized for mobile users?\r\n    \r\n    **A**: Yes, the LinkedIn Ad template ensures that your Single Image Ad is optimized for mobile users, allowing you to reach a wider audience effectively.\r\n    \r\n4. **Q**: How can I ensure that my ad will resonate with my target audience?\r\n    \r\n    **A**: By accurately describing your product/service and identifying your target audience when using the LinkedIn Ad template, you can create content that speaks directly to the needs and interests of your desired demographic.\r\n    \r\n5. **Q**: Are there any best practices to follow when using the LinkedIn Ad template?\r\n    \r\n    **A**: When using the LinkedIn Ad template, ensure that your ad is clear, concise, and visually appealing to maximize its impact on LinkedIn users. Focus on a strong call-to-action to drive engagement.\r\n    \r\n6. **Q**: How can I track the performance of my LinkedIn ad created with this template?\r\n    \r\n    **A**: To track the performance of your LinkedIn ad, monitor key metrics such as click-through rates, engagement, and conversions on your LinkedIn ad campaign dashboard.\r\n    \r\n7. **Q**: Is there a limit to the number of LinkedIn ads I can create using this template?\r\n    \r\n    **A**: There is no limit to the number of LinkedIn ads you can create using the LinkedIn Ad template on AdCraft Pro. You can create multiple ads to test different messaging and target audience segments.\r\n    \r\n8. **Q**: Can I use the LinkedIn Ad template for different types of products or services?\r\n    \r\n    **A**: Yes, the LinkedIn Ad template is versatile and can be used for various products or services. Simply tailor your responses to the questions asked in the template to suit the specific offering you want to promote.\r\n    \r\n\r\n## Feedback\r\n\r\nYour feedback is important in helping us improve. Share your experiences and suggestions to continuously improve this tool. You can submit your feedback via this link: [Feedback Form](https://websitelearners.typeform.com/gravityai#name=linkedin-ad)",
                "created_at": "2023-09-19T00:19:22.000000Z",
                "updated_at": "2025-03-16T09:26:40.000000Z",
                "is_multiprompt": false,
                "website_title": null,
                "allow_website": 0,
                "website_input_title": null,
                "website_input_placeholder": null,
                "category_name": "Advertising Tools",
                "bgImage": "https://gravitywrite.sgp1.digitaloceanspaces.com/gw/uZaDLrVForDA7O8d0LUru6MiBhQCXRAZV0dJ9NtH.svg",
                "iconColor": "#12b3eb"
            },
            {
                "id": 375,
                "title": "Blog to Reels Script",
                "slug": "blog-to-reels-script",
                "description": "This tool will extract key points from a blog post or article and formatting them into an engaging, concise script suitable for YouTube Shorts or Instagram Reels.",
                "frontend_headline": "Easily turn blog posts into engaging scripts for social media.",
                "icon_type": "svg",
                "icon_content": "<svg fill=\"currentColor\" height=\"18px\" width=\"18px\" version=\"1.1\" xmlns=\"http://www.w3.org/2000/svg\" xmlns:xlink=\"http://www.w3.org/1999/xlink\" viewBox=\"0 0 491.52 491.52\" xml:space=\"preserve\">     <g>         <g>             <g>                 <polygon points=\"204.8,12.001 204.8,122.88 315.679,122.88\"/>                 <path d=\"M163.84,143.36V0H20.48C9.175,0,0,9.175,0,20.48v450.56c0,11.305,9.175,20.48,20.48,20.48H307.2                     c11.305,0,20.48-9.175,20.48-20.48v-307.2H184.32C173.015,163.84,163.84,154.665,163.84,143.36z M225.28,409.6H81.92                     c-11.305,0-20.48-9.175-20.48-20.48c0-11.305,9.175-20.48,20.48-20.48h143.36c11.305,0,20.48,9.175,20.48,20.48                     C245.76,400.425,236.585,409.6,225.28,409.6z M225.28,327.68H81.92c-11.305,0-20.48-9.175-20.48-20.48                     c0-11.305,9.175-20.48,20.48-20.48h143.36c11.305,0,20.48,9.175,20.48,20.48C245.76,318.505,236.585,327.68,225.28,327.68z                     M245.76,225.28c0,11.305-9.175,20.48-20.48,20.48H81.92c-11.305,0-20.48-9.175-20.48-20.48c0-11.305,9.175-20.48,20.48-20.48                     h143.36C236.585,204.8,245.76,213.975,245.76,225.28z\"/>                 <path d=\"M368.64,409.6c0,4.035,1.208,8.008,3.441,11.366l40.96,61.44c3.809,5.693,10.199,9.114,17.039,9.114                     c6.84,0,13.23-3.42,17.039-9.114l40.96-61.44c2.232-3.359,3.441-7.332,3.441-11.366V143.36H368.64V409.6z\"/>                 <path d=\"M430.08,0c-33.874,0-61.44,27.566-61.44,61.44v40.96h122.88V61.44C491.52,27.566,463.954,0,430.08,0z\"/>             </g>         </g>     </g> </svg>",
                "category_id": 28,
                "plan_id": "",
                "usage": 1460,
                "favcount": 59,
                "frontend_description": "## **Introduction:**\r\n\r\nThe 'Blog to Reels Script' template on GravityWrite is designed to help you effortlessly transform your blog posts or articles into engaging scripts suitable for YouTube Shorts or Instagram Reels. This tool extracts key points from your written content and formats them in a concise and captivating manner, saving you time and effort in repurposing your content for video platforms.\r\n\r\n## **Key Functionalities:**\r\n\r\n- Extracts key points from blog posts or articles\r\n- Formats content into engaging scripts for video platforms\r\n- Saves time in creating content for YouTube Shorts or Instagram Reels\r\n\r\n## **How To Use The Tool:**\r\n\r\n1. Start by entering the URL or text of your blog post or article.\r\n2. Answer any additional questions prompted by the tool.\r\n3. Click on \"Create Content\" to generate your script for YouTube Shorts or Instagram Reels.\r\n\r\n## **Tips for Using the Tool:**\r\n\r\n- Ensure that your blog post or article is well-written and clearly structured for better script outcomes.\r\n- Edit and customize the script generated to match your style and tone.\r\n- Experiment with different output options to find the script that best suits your video content.\r\n\r\n## **FAQ for Tools**\r\n\r\n1. **Q**: Can I use any type of blog post or article with this template?\r\n    \r\n    **A**: Yes, you can enter any blog post or article into the input field for this template to create a script.\r\n    \r\n2. **Q**: How do I use the 'Blog to Reels Script' template?\r\n    \r\n    **A**: Simply copy and paste your blog post or article into the designated input field, then click on \"Create Content\" to generate your script.\r\n    \r\n3. **Q**: Will the script created be suitable for YouTube Shorts and Instagram Reels?\r\n    \r\n    **A**: Yes, the script generated by this template is specifically formatted to be engaging and concise for platforms like YouTube Shorts and Instagram Reels.\r\n    \r\n4. **Q**: How long does it take to generate the script?\r\n    \r\n    **A**: The script creation process is fast, and you should receive your generated script almost instantly after clicking on \"Create Content\".\r\n    \r\n5. **Q**: Will the script keep the main points of my blog post intact?\r\n    \r\n    **A**: Yes, the script will extract key points from your blog post or article to ensure that the main ideas are preserved in the script.\r\n    \r\n6. **Q**: Can I use the script for other platforms besides YouTube and Instagram?\r\n    \r\n    **A**: While the script is optimized for YouTube Shorts and Instagram Reels, you can also adapt it for other platforms as needed.\r\n    \r\n7. **Q**: Is there a limit to the length of the blog post or article I can input?\r\n    \r\n    **A**: There is no specified limit to the length of the blog post or article you can input, but for best results, it's recommended to use a concise and focused piece.\r\n    \r\n8. **Q**: Will the script created by this template be SEO-friendly?\r\n    \r\n    **A**: While the focus of this template is on creating engaging scripts for videos, you can optimize the script further for SEO by incorporating relevant keywords and phrases.\r\n    \r\n\r\n## **Feedback:**\r\n\r\nWe value your feedback and suggestions for improving the 'Blog to Reels Script' template. Please share your experiences and recommendations by clicking on the following link: [Feedback Link](https://websitelearners.typeform.com/gravityai#name=blog-to-reels-script)",
                "created_at": "2023-10-04T05:17:40.000000Z",
                "updated_at": "2025-03-16T02:05:22.000000Z",
                "is_multiprompt": false,
                "website_title": null,
                "allow_website": 0,
                "website_input_title": null,
                "website_input_placeholder": null,
                "category_name": "Re-Purpose Content",
                "bgImage": "https://gravitywrite.sgp1.digitaloceanspaces.com/gw/zf3FeKLqNnmgw268N4HywXwwS4JSGdib4zUYORyL.svg",
                "iconColor": "#460079"
            },
            {
                "id": 376,
                "title": "YouTube video to Blog Post",
                "slug": "youtube-video-to-blog-post",
                "description": "This tool transforms a YouTube video transcript into a blog post while enhancing readability, preserving the video's spirit and perspective, introducing SEO elements, and creating compelling headlines, intros, and conclusions.",
                "frontend_headline": "Transform YouTube video transcripts into compelling blog content.",
                "icon_type": "icon",
                "icon_content": "fa-solid fa-file-video",
                "category_id": 28,
                "plan_id": "",
                "usage": 1319,
                "favcount": 60,
                "frontend_description": "## **Introduction:**\r\n\r\n'YouTube Video to Blog Post' template is a powerful tool designed to help you effortlessly transform a YouTube video transcript into a captivating blog post. By enhancing readability, preserving the video's essence and perspective, incorporating SEO elements, and crafting engaging headlines, intros, and conclusions, this tool streamlines the content creation process and boosts the impact of your blog posts.\r\n\r\n## **How To Use The Tool:**\r\n\r\n1. **Provide the YouTube video transcript:** Enter the transcript of the YouTube video you want to convert into a blog post.\r\n2. Click on the \"Create Content\" button to generate the output.\r\n\r\n## **Tips for Using the Tool:**\r\n\r\n- Ensure the accuracy and completeness of the YouTube video transcript for the best results.\r\n- Experiment with different SEO elements to optimize your blog post for search engines.\r\n- Customize the generated content to align with your writing style and audience preferences.\r\n- Review and edit the output to fine-tune the blog post before publishing it.\r\n\r\n## **FAQ for Tools**\r\n\r\n1. **Q**: What does this template do?\r\n    \r\n    **A**: This template converts a YouTube video transcript into a blog post. It enhances readability, retains the video's spirit, adds SEO elements, and creates engaging headlines, intros, and conclusions.\r\n    \r\n2. **Q**: What should I input in the template?\r\n    \r\n    **A**: All you need to do is provide the transcript of a YouTube video which you want to convert into a blog post.\r\n    \r\n3. **Q**: Can I add additional instructions to the generated blog post?\r\n    \r\n    **A**: No, this template strictly converts the provided transcript into a blog post with SEO elements, compelling headlines, intros, and conclusions. You cannot add additional instructions.\r\n    \r\n4. **Q**: Will the generated blog post lose the original video’s perspective?\r\n    \r\n    **A**: No, the template is designed to retain the original spirit and perspective of the video while enhancing readability.\r\n    \r\n5. **Q**: Do I need to understand SEO to use this template?\r\n    \r\n    **A**: No, you don't need to know SEO. The template automatically introduces SEO elements into the blog post for higher visibility.\r\n    \r\n6. **Q**: Does this template help with headlines and conclusions?\r\n    \r\n    **A**: Yes, the template is designed to create compelling headlines, intros, and conclusions for the blog post based on the provided transcript.\r\n    \r\n7. **Q**: Can I use this template for multiple video transcripts at a time?\r\n    \r\n    **A**: No, the template accepts and processes one transcript at a time.\r\n    \r\n8. **Q**: Can I generate a sample blog post before proceeding?\r\n    \r\n    **A**: The template doesn't support a sample test. You can, however, view the previous outputs for a better understanding of the results.\r\n    \r\n\r\n## **Feedback:**\r\n\r\nWe value your feedback! Share your experiences and suggestions for improving the 'YouTube Video to Blog Post' template by visiting the following link: [Feedback Form](https://websitelearners.typeform.com/gravityai#name=youtube-video-to-blog-post)",
                "created_at": "2023-10-04T05:23:36.000000Z",
                "updated_at": "2025-03-16T17:39:49.000000Z",
                "is_multiprompt": false,
                "website_title": null,
                "allow_website": 0,
                "website_input_title": null,
                "website_input_placeholder": null,
                "category_name": "Re-Purpose Content",
                "bgImage": "https://gravitywrite.sgp1.digitaloceanspaces.com/gw/zf3FeKLqNnmgw268N4HywXwwS4JSGdib4zUYORyL.svg",
                "iconColor": "#460079"
            },
            {
                "id": 163,
                "title": "Related Keyword & On Page SEO Guide",
                "slug": "related-keyword-on-page-seo-guide",
                "description": "This tool helps optimize your page with keyword variations, related keywords, SEO-friendly titles, meta descriptions, and page slug suggestions. It also provides feature image ideas for a complete SEO strategy.",
                "frontend_headline": "Discover the perfect keywords for your page optimization needs.",
                "icon_type": "icon",
                "icon_content": "fa-solid fa-laptop-file",
                "category_id": 22,
                "plan_id": "",
                "usage": 14697,
                "favcount": 119,
                "frontend_description": "## Introduction:\r\n\r\nThe 'Related Keyword & On Page SEO Guide' template is a useful tool for optimizing your webpage with keyword variations, related keywords, SEO-friendly titles, meta descriptions, and page slug suggestions. It also provides feature image ideas to enhance your SEO strategy. By using this template, you can imp rove your webpage's visibility and ranking on search engines.\r\n\r\n## Key Functionalities:\r\n\r\n- Identify keyword variations and related keywords to enhance SEO.\r\n- Generate SEO-friendly titles, meta descriptions, and page slug suggestions.\r\n- Provide feature image ideas to complement your SEO strategy.\r\n\r\n## How To Use The Tool:\r\n\r\n1. Begin by entering information about your business in response to the prompt: 'What's Your Business About?'\r\n2. Once you have answered the question, click on the \"Create Content\" button to generate the output.\r\n3. Review the suggestions and recommendations provided by the tool for optimizing your webpage for SEO.\r\n\r\n## Tips for Using the Tool:\r\n\r\n- Ensure that the information you provide about your business is accurate and relevant for best results.\r\n- Experiment with different keyword variations and related keywords to see which ones work best for your webpage.\r\n- Customize the SEO-friendly titles, meta descriptions, and page slug suggestions to align with your specific goals and target audience.\r\n- Use the feature image ideas to enhance the visual appeal and engagement of your webpage.\r\n\r\n## FAQs:\r\n\r\n1. **Q**: How can this tool help me optimize my page for SEO?\r\n    \r\n    **A**: This tool provides keyword variations, related keywords, SEO-friendly titles, meta descriptions, and page slug suggestions to help you optimize your page for better search engine rankings.\r\n    \r\n2. **Q**: What kind of suggestions does this tool give for SEO-friendly titles and meta descriptions?\r\n    \r\n    **A**: This tool provides suggestions for SEO-friendly titles and meta descriptions that are optimized for search engine visibility and user engagement.\r\n    \r\n3. **Q**: Can this tool help me with on-page SEO for my website?\r\n    \r\n    **A**: Yes, this tool can help you improve your on-page SEO by providing recommendations for keyword optimization and content structure.\r\n    \r\n4. **Q**: How does this tool generate feature image ideas for SEO?\r\n    \r\n    **A**: This tool analyzes your content and suggests feature image ideas that are relevant to your topic and can enhance your SEO strategy.\r\n    \r\n5. **Q**: Can I customize the suggestions provided by this tool?\r\n    \r\n    **A**: Yes, you can customize the keyword variations, related keywords, titles, meta descriptions, and feature image ideas to better fit your SEO strategy and content goals.\r\n    \r\n6. **Q**: Will using this tool guarantee top rankings on search engines?\r\n    \r\n    **A**: While this tool provides valuable SEO suggestions, the rankings on search engines depend on various factors like competition, content quality, and user engagement.\r\n    \r\n7. **Q**: How often should I use this tool to optimize my page for SEO?\r\n    \r\n    **A**: It is recommended to use this tool regularly to stay updated with the latest SEO trends and continually optimize your page for better search engine performance.\r\n    \r\n8. **Q**: Can I use this tool for multiple pages on my website?\r\n    \r\n    **A**: Yes, you can use this tool for multiple pages on your website to ensure all your content is optimized for SEO and user engagement.\r\n    \r\n9. **Q**: Does this tool provide suggestions for local SEO optimization?\r\n    \r\n    **A**: While this tool focuses on general SEO optimization, you can customize the keywords and meta descriptions for local SEO targeting specific locations.\r\n    \r\n10. **Q**: How user-friendly is this tool for beginners in SEO?\r\n    \r\n    **A**: This tool is designed to be user-friendly and intuitive, making it suitable for beginners in SEO to easily understand and implement the suggestions for better optimization.\r\n    \r\n\r\n## Feedback:\r\n\r\nWe value your feedback on using the 'Related Keyword & On Page SEO Guide' template. Share your experiences and suggestions for improving the tool by clicking on the following link: [Feedback Form](https://websitelearners.typeform.com/gravityai#name=related-keyword-on-page-seo-guide)\r\n\r\nThank you for using our tool to enhance your SEO strategy!",
                "created_at": "2023-09-12T06:04:21.000000Z",
                "updated_at": "2025-03-17T05:29:38.000000Z",
                "is_multiprompt": false,
                "website_title": null,
                "allow_website": 0,
                "website_input_title": null,
                "website_input_placeholder": null,
                "category_name": "SEO Tools",
                "bgImage": "https://gravitywrite.sgp1.digitaloceanspaces.com/gw/zuyLAio7iaCRQ4Z47qv1gqE4glTfMeqPnEUwOrZn.svg",
                "iconColor": "#1500fa"
            },
            {
                "id": 556,
                "title": "Cold Email",
                "slug": "cold-email",
                "description": "This tool will guide you in creating an effective and engaging cold email, focusing on a captivating subject line, structured body and a compelling call to action.",
                "frontend_headline": "Master the Art of Writing Efficient Cold Emails",
                "icon_type": "icon",
                "icon_content": "fa-solid fa-square-envelope",
                "category_id": 16,
                "plan_id": "",
                "usage": 11573,
                "favcount": 74,
                "frontend_description": "## Introduction\r\n\r\nThe 'Cold Email' template on GravityWrite is designed to assist you in creating impactful and engaging cold emails that will effectively communicate your message to recipients. By focusing on crafting captivating subject lines, structured body content, and compelling calls to action, this tool aims to enhance your email outreach efforts.\r\n\r\n## Key Functionalities\r\n\r\n- Craft catchy subject lines that create curiosity.\r\n- Structure email body into three concise paragraphs.\r\n- Provide clear and engaging calls to action.\r\n- Personalize content based on recipient details.\r\n\r\n## How to Use the Tool\r\n\r\n1. Answer the provided questions regarding your outreach goal, recipient details, and offered benefits.\r\n2. Click on \"Create Content\" to generate your cold email draft.\r\n3. Review and refine the content as needed before sending it out.\r\n\r\n## Tips for Using the Tool\r\n\r\n1. Be specific and concise with your responses. This helps ensure your emails are to-the-point, engaging, and don’t devolve into generic 'spammy' content.\r\n2. Add a personal touch by incorporating recipient-specific information gathered from any prior research or correspondence.\r\n3. Clearly articulate the unique value or solution you're proposing. This increases the likelihood of the recipient showing interest in your proposition.\r\n4. Define a concise and easy-to-take action as the desired end result of the email.\r\n\r\n## FAQ's\r\n\r\n1. **Q**: I'm not sure how to define my primary goal for reaching out. Can you assist?\r\n    \r\n    **A**: Sure! Think about your ultimate objective with this outreach. Are you looking to gain a new client, promote a product or service, or establish a partnership? Your primary goal should reflect the main reason why you are sending this email.\r\n    \r\n2. **Q**: What do \"full details and highlights of the person\" refer to?\r\n    \r\n    **A**: This refers to any information that may be relevant to your message about the recipient. It could include their occupation, any recent achievements, or how you might be connected. This can help to personalise your cold email, making it more likely to elicit a response.\r\n    \r\n3. **Q**: Do you need my complete biographical details for the \"Describe yourself\" part?\r\n    \r\n    **A**: Not necessarily, just provide basic details including your name, your role, the organization you are affiliated with, and perhaps a short statement about your professional background. Remember, the email is not about you, but how you can provide value to the recipient.\r\n    \r\n4. **Q**: I'm not exactly offering a specific product or service, can I still use this template?\r\n    \r\n    **A**: Absolutely, you just need to identify a unique opportunity or benefit that you intend to offer the recipient. This can be an invitation to an event, a collaboration proposal, or any incentive that might interest the recipient.\r\n    \r\n5. **Q**: What should I write in the \"specific action\" part?\r\n    \r\n    **A**: This refers to what you want the recipient to do after reading the email. It can be scheduling a phone call, meeting, responding to some questions, or visiting a website. Be specific to make it easy for the recipient to know the next steps.\r\n    \r\n6. **Q**: Do I need to press \"Create Content\" every time for a different output?\r\n    \r\n    **A**: Yes, after filling out the template with the required information, you need to press \"Create Content\" to generate a new, unique email each time.\r\n    \r\n7. **Q**: Is it necessary to answer all the questions in this template?\r\n    \r\n    **A**: Yes, for the best results, all the sections need to be filled out as they combine to generate a comprehensive and effective cold email.\r\n    \r\n8. **Q**: Can I save my responses for later use?\r\n    \r\n    **A**: Yes, you can save your responses and use it as a base for different emails, adjusting the specific details as per the recipient.\r\n    \r\n\r\n## Feedback\r\n\r\nWe value your feedback on the 'Cold Email' template. Share your experiences and suggestions for improvements [here](https://websitelearners.typeform.com/gravityai#name=cold-email). Your insights will help us enhance the tool for all users.",
                "created_at": "2023-10-17T04:26:10.000000Z",
                "updated_at": "2025-03-16T16:58:46.000000Z",
                "is_multiprompt": false,
                "website_title": null,
                "allow_website": 0,
                "website_input_title": null,
                "website_input_placeholder": null,
                "category_name": "E-mail Tools",
                "bgImage": "https://gravitywrite.sgp1.digitaloceanspaces.com/gw/i64tYC9ijq88xHX7sHqoqqD0oGq9UHdU3lOdNeC4.svg",
                "iconColor": "#0137db"
            },
            {
                "id": 557,
                "title": "Follow-up Cold Email",
                "slug": "follow-up-cold-email",
                "description": "This tool assists you in crafting a strategic follow-up cold email with a gripping subject line, concise content, and a persuasive call to action.",
                "frontend_headline": "Write follow-up emails that convert leads into customers",
                "icon_type": "svg",
                "icon_content": "<svg width=\"18px\" height=\"18px\" viewBox=\"0 0 24 24\" xmlns=\"http://www.w3.org/2000/svg\" fill=\"currentColor\">     <g>         <path fill=\"none\" d=\"M0 0h24v24H0z\"/>         <path d=\"M13 14.062V22H4a8 8 0 0 1 9-7.938zM12 13c-3.315 0-6-2.685-6-6s2.685-6 6-6 6 2.685 6 6-2.685 6-6 6zm5.793 6.914l3.535-3.535 1.415 1.414-4.95 4.95-3.536-3.536 1.415-1.414 2.12 2.121z\"/>     </g> </svg>",
                "category_id": 16,
                "plan_id": "",
                "usage": 1497,
                "favcount": 27,
                "frontend_description": "## Introduction\r\n\r\nThe 'Follow-up Cold Email' template on GravityWrite serves to help users craft effective follow-up emails that maintain a professional tone and encourage recipient engagement. By providing guidelines on structuring the email and offering practical tips, this tool aims to enhance communication and increase response rates.\r\n\r\n## Key Functionalities\r\n\r\n- Craft a subject line that balances familiarity and fresh appeal.\r\n- Structure the email into three concise paragraphs for easy readability.\r\n- Provide guidance on acknowledging the original email, addressing feedback, and presenting a clear call to action.\r\n- Emphasize courtesy, professionalism, and personalization in the email content.\r\n\r\n## How to Use the Tool\r\n\r\n1. Answer the questions prompted, including the original cold email sent, recipient's response (if any), and any new updates/offers.\r\n2. Press \"Create Content\" to generate the follow-up email output.\r\n3. Follow the guidelines provided to structure the email effectively.\r\n4. Review and customize the content as needed before sending it to the recipient.\r\n\r\n## Tips for Using the Tool\r\n\r\n- Personalize the content where possible to establish a connection with the recipient.\r\n- Proofread the email for clarity, grammar, and tone before sending it out.\r\n\r\n## FAQ's\r\n\r\n1. **Q**: What information do I need to input in this template?\r\n    \r\n    **A**: You will need to input the original cold email you sent, any responses received from the recipient, and any new updates or offers for the follow-up.\r\n    \r\n2. **Q**: What should I do if I didn't receive a reply to my original cold email?\r\n    \r\n    **A**: Even if you didn't receive a reply, you can still use this template. For the question about the recipient's response, simply answer 'No response'.\r\n    \r\n3. **Q**: Why do I need to share my original cold email?\r\n    \r\n    **A**: Sharing your original cold email helps the AI tool understand the context and enables it to craft an appropriate follow-up message.\r\n    \r\n4. **Q**: I don't have any new updates or offers, what should I put in that field?\r\n    \r\n    **A**: If you don't have any new updates or offers, you can simply answer 'No new updates or offers' and the AI will craft an effective follow-up email without this detail.\r\n    \r\n5. **Q**: How do I get the output for my follow-up cold email?\r\n    \r\n    **A**: Once you input your details, click on \"Create Content\" to generate your follow-up cold email.\r\n    \r\n6. **Q**: Will the AI tool use the same content from my previous cold email?\r\n    \r\n    **A**: No, the AI tool will use your previous email for context, but it will generate fresh content for your follow-up email.\r\n    \r\n7. **Q**: Will the AI create a new subject line for my follow-up email?\r\n    \r\n    **A**:  Yes, the AI tool will provide a new, gripping subject line intended to catch the recipient's attention.\r\n    \r\n8. **Q**: How persuasive will the call to action in my follow-up email be?\r\n    \r\n    **A**: The AI is designed to create compelling calls to action, intended to enhance engagement and encourages the recipient to respond.\r\n    \r\n9. **Q**: What if my original email was already a follow-up email?\r\n    \r\n    **A**: No worries, you can still use this template. The tool is designed to generate content for any stage of your email campaign.\r\n    \r\n\r\n## Feedback\r\n\r\nYour feedback is essential to us for continuously improving our tools and to serve you better. Please feel free to share your experiences and suggestions for the 'Follow-Up Cold Email Template' [here](https://websitelearners.typeform.com/gravityai#name=follow-up-cold-email).",
                "created_at": "2023-10-17T04:33:33.000000Z",
                "updated_at": "2025-03-16T06:59:26.000000Z",
                "is_multiprompt": false,
                "website_title": null,
                "allow_website": 0,
                "website_input_title": null,
                "website_input_placeholder": null,
                "category_name": "E-mail Tools",
                "bgImage": "https://gravitywrite.sgp1.digitaloceanspaces.com/gw/i64tYC9ijq88xHX7sHqoqqD0oGq9UHdU3lOdNeC4.svg",
                "iconColor": "#0137db"
            },
            {
                "id": 639,
                "title": "Interview Scheduling Email Generator",
                "slug": "interview-scheduling-email-generator",
                "description": "Organize your interviews smoothly with MeetEase. It's an AI tool that helps you draft professional interview scheduling emails in no time",
                "frontend_headline": "Generate professional interview scheduling emails in minutes.",
                "icon_type": "icon",
                "icon_content": "fa-solid fa-calendar-days",
                "category_id": 30,
                "plan_id": "",
                "usage": 380,
                "favcount": 8,
                "frontend_description": "## **Introduction:**\r\n\r\nThe 'Interview Scheduling Email Generator' template offered by MeetEase designed to help you effortlessly organize your interviews by creating professional email invitations in no time. By simply providing key details about the interview, you can generate a well-crafted email that sets the right tone for your communication with potential candidates.\r\n\r\n## **How To Use The Tool:**\r\n\r\n1.  Begin by entering your company name to personalize the email invitation.\r\n2.  Specify the role for which the interview is being conducted to give candidates a clear understanding of the position.\r\n3.  Enter the interview date and time to ensure candidates are aware of when to meet.\r\n4.  Provide the interview address to help candidates navigate to the location smoothly.\r\n5.  Select the interview mode (in-person, phone, video conference) for clear communication the interview will be conducted.\r\n6.  Add any additional information you want include in the email to provide further details to the candidates.\r\n\r\nAfter answering questions, click on \"Create Content\" to generate the interview scheduling email.\r\n\r\n## Tips for Using the Tool:\r\n\r\n-   Double-check all the details before sending email to avoid any mistakes in the scheduling information.\r\n-   Personalize the email by including the candidate's name or any specific details related to the interview.\r\n-   Consider adding brief introduction about the company or the hiring team to provide candidates with more context.\r\n\r\n## **FAQ's for Tools**\r\n\r\n1.  **Q**: How can I use the Interview Scheduling Email Generator template?\r\n    \r\n    **A**: To use the Interview Scheduling Email Generator, simply fill in the required information such as Company Name, Role, Interview Date and Time, Interview Address, Interview Mode, and any additional information you want to include. Then press \"Create Content\" to generate a professional interview scheduling email.\r\n    \r\n2.  **Q**: What information do I need to provide for the Interview Scheduling Email Generator template?\r\n    \r\n    **A:** You need to provide the Company Name, Role, Interview Date and Time, Interview Address, Interview Mode, and any other relevant information to create a customized interview scheduling email.\r\n    \r\n3.  **Q**: Can I customize the interview scheduling email generated by the template?\r\n    \r\n    **A**: Yes, you can customize the interview scheduling email by providing specific details related to the Company Name, Role, Interview Date and Time, Address, Interview Mode, and any other information you want to include before generating the email.\r\n    \r\n4.  **Q**: How quickly can I generate an interview scheduling email using this template?\r\n    \r\n    **A**: You can generate a professional interview scheduling email in no time by simply answering a few questions and pressing the \"Create Content\" button. The template streamlines the process for you.\r\n    \r\n5.  **Q**: What if I need to make changes to the interview details after generating the email?\r\n    \r\n    **A:** If you need to make changes to the interview details after generating the email, you can go back to the template, edit the relevant information, and generate a new email with the updated details.\r\n    \r\n6.  **Q**: Is the interview scheduling email generated by this template professional-looking?\r\n    \r\n    **A**: Yes, the interview scheduling email generated by this template is designed to be professional and includes all the necessary information required for organizing interviews effectively.\r\n    \r\n7.  **Q**: Can I use the Interview Scheduling Email Generator for different types of interviews?\r\n    \r\n    **A**: Yes, you can use the Interview Scheduling Email Generator for various types of interviews by providing the specific details related to each interview, such as Company Name, Role, Date and Time, Address, Interview Mode, and any other relevant information.\r\n    \r\n8.  **Q**: Is it necessary to provide all the information requested in the template?\r\n    \r\n    **A:** Yes, it is essential to provide all the required information in the template, including Company Name, Role, Interview Date and Time, Address, Interview Mode, and any other relevant details to ensure a comprehensive interview scheduling email is generated.\r\n    \r\n9.  **Q**: How can I ensure that the interview scheduling email is accurate and error-free?\r\n    \r\n    **A**: To ensure that the interview scheduling email is accurate and error-free, carefully review all the information provided in the template before generating the email. Double-check the Company Name, Role, Interview Date and Time, Address, Interview Mode, and any additional details you have included.\r\n    \r\n\r\n## **Feedback:**\r\n\r\nWe value your feedback on the 'Interview Scheduling Email Generator' template. Please share your experiences and suggestions for improving the tool by clicking on the following link: [[Feedback Link]](https://websitelearners.typeform.com/gravityai#name=interview-scheduling-email-generator)",
                "created_at": "2023-10-31T05:31:33.000000Z",
                "updated_at": "2025-03-14T06:50:50.000000Z",
                "is_multiprompt": false,
                "website_title": null,
                "allow_website": 0,
                "website_input_title": null,
                "website_input_placeholder": null,
                "category_name": "HR Tools",
                "bgImage": "https://gravitywrite.sgp1.digitaloceanspaces.com/gw/9aacPCpwe4oK0bcFMXgQ9KhdqroMImMR7KOW0nzk.svg",
                "iconColor": "#476470"
            },
            {
                "id": 640,
                "title": "Employee Confirmation Email",
                "slug": "employee-confirmation-email",
                "description": "A Confirmation Letter is a formal letter sent to an employee to confirm that they have been hired and that their start date is confirmed.",
                "frontend_headline": "Create professional employee confirmation emails effortlessly.",
                "icon_type": "svg",
                "icon_content": "<?xml version=\"1.0\" encoding=\"iso-8859-1\"?> <!-- Uploaded to: SVG Repo, www.svgrepo.com, Generator: SVG Repo Mixer Tools --> <!DOCTYPE svg PUBLIC \"-//W3C//DTD SVG 1.1//EN\" \"http://www.w3.org/Graphics/SVG/1.1/DTD/svg11.dtd\"> <svg version=\"1.1\" id=\"Capa_1\" xmlns=\"http://www.w3.org/2000/svg\" xmlns:xlink=\"http://www.w3.org/1999/xlink\"       width=\"18px\" height=\"18px\" viewBox=\"0 0 94.012 94.012\"      xml:space=\"preserve\"> <g>     <g>         <path fill=\"currentColor\" d=\"M92.324,55.304l-6.394-6.393c-1.079-1.081-2.545-1.689-4.073-1.689c-1.527,0-2.992,0.607-4.074,1.689l-8.856,8.857             c-0.825-0.946-1.849-1.656-2.97-2.117l-10.297-4.74l-4.947-4.172l-8.502,8.455l-8.523-8.455l-4.947,4.172l-10.298,4.74             c-1.523,0.627-2.875,1.707-3.781,3.229L0,83.388h48.164l8.039,8.039c1.078,1.08,2.545,1.688,4.072,1.688             c1.528,0,2.994-0.607,4.076-1.688l8.036-8.039H84.4l-4.496-7.516l12.42-12.422C94.574,61.2,94.574,57.554,92.324,55.304z              M60.213,86.872L40.885,67.544l6.393-6.392l12.936,12.937l21.582-21.584l6.392,6.393L60.213,86.872z\"/>         <path fill=\"currentColor\" d=\"M42.145,47.759v0.004c0.009,0,0.02-0.002,0.029-0.002c0.005,0,0.013,0.002,0.02,0.002c0.001,0,0.004,0,0.007,0             c0.003,0,0.006,0,0.007,0c0.007,0,0.015-0.002,0.02-0.002c0.01,0,0.02,0.002,0.029,0.002v-0.004             c12.005,0.183,19.302-10.324,19.49-27.646c0.12-12.017-7.332-18.888-19.47-19.212V0.897c-0.019,0-0.032,0.002-0.051,0.002V0.897             c-0.011,0-0.019,0-0.026,0.002c-0.008-0.002-0.018-0.002-0.026-0.002v0.002c-0.019,0-0.033-0.002-0.049-0.002v0.004             C29.987,1.225,22.533,8.096,22.654,20.113C22.843,37.436,30.14,47.942,42.145,47.759z\"/>     </g> </g> </svg>",
                "category_id": 30,
                "plan_id": "",
                "usage": 432,
                "favcount": 10,
                "frontend_description": "## Introduction:\r\n\r\nThe Employee Confirmation Email template is a formal letter that confirms an employee's hiring and start date. It helps maintain clear communication between the employer and the new employee, setting the tone for a positive onboarding experience.\r\n\r\n## How To Use The Tool:\r\n\r\n1.  Company Name: Enter the name of the company sending the confirmation email.\r\n2.  Employee Name: Input the name of the employee being confirmed.\r\n3.  Role: Specify the role or position the employee will be undertaking.\r\n4.  Work Location: Provide the location where the employee will be based.\r\n\r\nAfter entering the required information, click on 'Create Content' to generate the Employee Confirmation Email.\r\n\r\n## Tips for Using the Tool:\r\n\r\n-   Double-check all the information before sending the confirmation email to ensure accuracy.\r\n-   Personalize the email by adding specific details related to the employee and their role.\r\n-   Use a professional tone and format to convey the message effectively.\r\n\r\n## **FAQ for Tools**\r\n\r\n1.  **Q**: How do I use the Employee Confirmation Email template?\r\n    \r\n    **A:** To use the Employee Confirmation Email template, simply input the Company Name, Employee Name, Role, and Work Location when prompted, then press \"Create Content\" to generate the confirmation letter.\r\n    \r\n2.  **Q**: Is the Employee Confirmation Email template easy to customize?\r\n    \r\n    **A**: Yes, the Employee Confirmation Email template is easy to customize by providing the required information such as Company Name, Employee Name, Role, and Work Location.\r\n    \r\n3.  **Q**: Can I use the Employee Confirmation Email template for multiple employees?\r\n    \r\n    **A**: Yes, you can use the Employee Confirmation Email template for multiple employees by filling in the specific details for each employee when creating the confirmation letters.\r\n    \r\n4.  **Q**: What should I do if I don't know the exact start date for the employee?\r\n    \r\n    **A**: If you're unsure of the exact start date for the employee, you can leave that field blank or provide an estimated date in the Employee Confirmation Email template.\r\n    \r\n5.  **Q**: Is the content generated by the Employee Confirmation Email template professional?\r\n    \r\n    **A**: Yes, the content generated by the Employee Confirmation Email template is professional and formal, suitable for confirming an employee's hiring and start date.\r\n    \r\n6.  **Q**: Can I preview the Employee Confirmation Email before sending it to the employee?\r\n    \r\n    **A**: Unfortunately, there is no preview option available for the Employee Confirmation Email template, so make sure to review the information you input before creating the content.\r\n    \r\n7.  **Q**: How long does it take to generate the Employee Confirmation Email?\r\n    \r\n    **A**: Generating the Employee Confirmation Email is quick and efficient. Once you input the required information and press \"Create Content,\" the confirmation letter will be generated instantly.\r\n    \r\n8.  **Q**: Is there a character limit for the Employee Confirmation Email template?\r\n    \r\n    **A**: There is no specific character limit for the Employee Confirmation Email template, so you can provide as much information as necessary to confirm the employee's hiring and start date.\r\n    \r\n9.  **Q**: Can I save the Employee Confirmation Email template for future use?\r\n    \r\n    **A**: The Employee Confirmation Email template generates content instantly, so there's no need to save it for future use. Simply input the information each time you need to send a confirmation letter.\r\n    \r\n\r\n    \r\n\r\n## Feedback:\r\n\r\nWe value your feedback! Share your experience using the Employee Confirmation Email template and any suggestions for improvement by clicking on the following link: [Feedback Form](https://websitelearners.typeform.com/gravityai#name=Employee_Confirmation_Email)",
                "created_at": "2023-10-31T05:40:17.000000Z",
                "updated_at": "2025-03-16T15:40:21.000000Z",
                "is_multiprompt": false,
                "website_title": null,
                "allow_website": 0,
                "website_input_title": null,
                "website_input_placeholder": null,
                "category_name": "HR Tools",
                "bgImage": "https://gravitywrite.sgp1.digitaloceanspaces.com/gw/9aacPCpwe4oK0bcFMXgQ9KhdqroMImMR7KOW0nzk.svg",
                "iconColor": "#476470"
            },
            {
                "id": 641,
                "title": "On-boarding Process Email",
                "slug": "on-boarding-process-email",
                "description": "Ensuring a smooth on-boarding experience through efficient email communication.",
                "frontend_headline": "Elevate your on-boarding process through effective email messaging.",
                "icon_type": "icon",
                "icon_content": "fa-solid fa-person-walking-luggage",
                "category_id": 30,
                "plan_id": "",
                "usage": 279,
                "favcount": 8,
                "frontend_description": "## Introduction\r\n\r\nThe 'On-boarding Process Email' template is designed to help you streamline and automate the communication process for new employees joining your company. By using this template, you can ensure a smooth on-boarding experience through efficient email communication, making the transition for new hires seamless and welcoming.\r\n\r\n## How To Use The Tool\r\n\r\n1 . Start by filling in the required details:\r\n\r\n- Company Name\r\n- Employee Name\r\n- Role\r\n- Work Location\r\n- Joining Date and Reporting Time\r\n- Any Additional Information\r\n\r\n\r\n2 . Once you have provided all the necessary information, click on \"Create Content\" to generate the onboarding email.\r\n\r\n## Tips for Using the Tool\r\n\r\n- Make sure to double-check all the information provided before sending out the on-boarding email to avoid any errors.\r\n- Personalize the email by addressing the new employee by name and including any specific details related to their role or welcome message.\r\n- Use a friendly and welcoming tone in the email to make the new employee feel valued and excited about joining the company.\r\n\r\n## **FAQ's for Tools**\r\n\r\n1. **Q**: What is the purpose of the 'On-boarding Process Email' template?\r\n    \r\n    **A**: The purpose of this template is to help you create effective email communication for the on-boarding process of new employees in your company.\r\n    \r\n2. **Q**: How can I use the 'On-boarding Process Email' template?\r\n    \r\n    **A**: Simply fill in the required details such as Name, Employee Name, Role, Work Location, Joining Date and Reporting Time, and any additional information you want to include. Then, press \"Create Content\" to generate the email.\r\n    \r\n3. **Q**: Can I customize the content generated by the template?\r\n    \r\n    **A**: Yes, you can customize the content generated to suit your company's specific on-boarding process and communication style.\r\n    \r\n4. **Q**: What kind of information should I provide in the 'Any other information you want to add?' field?\r\n    \r\n    **A**: You can use this field to include any other relevant details or instructions for the new employee, such as dress code, parking information, or required documents.\r\n    \r\n5. **Q**: Is the email created by this template suitable for all types of employees?\r\n    \r\n    **A**: Yes, the email generated by this template is adaptable for different roles and levels of employees in your company.\r\n    \r\n6. **Q**: Can I preview the email before sending it to the new employee?\r\n    \r\n    **A**: Unfortunately, there is no preview option available. We recommend reviewing the content generated by the template before sending it out.\r\n    \r\n7. **Q**: How can I ensure that the email is professional and well-written?\r\n    \r\n    **A**: The template is designed to create professional and well-structured emails for on-boarding new employees. However, you can always review and edit the content to ensure it meets your standards.\r\n    \r\n8. **Q**: Do I need to have any technical skills to use this template?\r\n    \r\n    **A**: No, you do not need any technical skills to use this template. Simply follow the prompts and fill in the required information to create the on-boarding email.\r\n    \r\n9. **Q**: Can I save the email template for future use?\r\n    \r\n    **A**: Unfortunately, there is no option to save the generated email template within the platform. We recommend saving the content externally for future reference.\r\n    \r\n10. **Q**: How can I contact support if I encounter any issues with the 'On-boarding Process Email' template?\r\n    \r\n    **A**: If you encounter any issues or have questions about the template, you can reach out to our customer support team for assistance.\r\n    \r\n\r\n## Feedback\r\n\r\nWe value your feedback! If you have any suggestions or experience any issues while using the 'On-boarding Process Email' template, please share your thoughts with us by clicking on the following link: [Feedback Form](https://websitelearners.typeform.com/gravityai#name=On-boarding%20Process%20Email)",
                "created_at": "2023-10-31T05:43:58.000000Z",
                "updated_at": "2025-03-16T17:25:01.000000Z",
                "is_multiprompt": false,
                "website_title": null,
                "allow_website": 0,
                "website_input_title": null,
                "website_input_placeholder": null,
                "category_name": "HR Tools",
                "bgImage": "https://gravitywrite.sgp1.digitaloceanspaces.com/gw/9aacPCpwe4oK0bcFMXgQ9KhdqroMImMR7KOW0nzk.svg",
                "iconColor": "#476470"
            },
            {
                "id": 642,
                "title": "Job Rejection Email Generator",
                "slug": "job-rejection-email-generator",
                "description": "An AI tool designed to generate kind yet firm job rejection emails.",
                "frontend_headline": "Save time and energy with automated job rejections.",
                "icon_type": "svg",
                "icon_content": "<svg fill=\"currentColor\" width=\"18px\" height=\"18px\" viewBox=\"0 0 1920 1920\" xmlns=\"http://www.w3.org/2000/svg\">     <path d=\"M1468.235 1355.294h112.941v-338.823h-112.94v338.823Zm0 225.882h112.941v-112.94h-112.94v112.94Zm56.47-677.647c217.977 0 395.295 177.318 395.295 395.295 0 217.976-177.318 395.294-395.294 395.294-217.977 0-395.294-177.318-395.294-395.294 0-217.977 177.317-395.295 395.294-395.295Zm-847.058 338.824v112.941H338.824v-112.941h338.823ZM903.53 1016.47v112.94H338.824v-112.94h564.705Zm225.883-677.647v451.764H338.824V338.824h790.588Zm-112.941 960c0-260.895 198.324-474.015 451.764-502.476V0H0v1920h1468.235v-118.701c-253.44-28.461-451.764-241.581-451.764-502.475Z\" fill-rule=\"evenodd\"/> </svg>",
                "category_id": 30,
                "plan_id": "",
                "usage": 241,
                "favcount": 7,
                "frontend_description": "## Introduction\r\n\r\nThe Job Rejection Email Generator is an AI tool designed to help you create kind yet firm job rejection emails. It streamlines the process of delivering unpleasant news to job candidates in a professional and considerate manner.\r\n\r\n## How To Use The Tool\r\n\r\n1. **Company Name:** Enter the name of your company.\r\n2. **Role:** Specify the role for which the candidate applied.\r\n3. Click on \"Create Content\" to generate the job rejection email.\r\n\r\n## Tips for Using the Tool\r\n\r\n- Be concise yet empathetic in your rejection email.\r\n- Personalize the message by mentioning specific reasons for the decision.\r\n- Offer encouragement to the candidate for future opportunities.\r\n- Proofread the email for grammar and spelling errors before sending.\r\n\r\n## **FAQ's for Tools**\r\n\r\n1. **Q**: How does the Job Rejection Email Generator work?\r\n    \r\n    **A**: To use the Job Rejection Email Generator, simply input the Company Name, Role, and press \"Create Content\" to generate a kind yet firm job rejection email.\r\n    \r\n2. **Q**: Can I customize the content of the rejection email?\r\n    \r\n    **A**: Yes, you can customize the content of the rejection email by filling in the Company Name and Role before generating the email.\r\n    \r\n3. **Q**: Will the generated job rejection email sound professional?\r\n    \r\n    **A**: The AI tool is designed to generate professional and respectful job rejection emails that convey your message kindly yet firmly.\r\n    \r\n4. **Q**: How long does it take to generate a job rejection email?\r\n    \r\n    **A**: The process of generating a job rejection email is quick, just fill in the Company Name and Role, and press \"Create Content\" to get the email.\r\n    \r\n5. **Q**: Can I use the job rejection email generated by this tool for multiple candidates?\r\n    \r\n    **A**: Yes, you can use the job rejection email generated for multiple candidates by inputting different Company Names and Roles for each candidate.\r\n    \r\n6. **Q**: Is there a limit to the number of job rejection emails I can create?\r\n    \r\n    **A**: There is no limit to the number of job rejection emails you can create using this tool. You can generate as many as you need.\r\n    \r\n7. **Q**: Will the job rejection email be personalized?\r\n    \r\n    **A**: The job rejection email will be personalized with the Company Name and Role you input, making it specific to the candidate and position.\r\n    \r\n8. **Q**: Can I save or download the job rejection email generated?\r\n    \r\n    **A**: Currently, you can copy and paste the job rejection email generated to save or download it for future use.\r\n    \r\n9. **Q**: Are there any specific formatting options for the job rejection email?\r\n    \r\n    **A**: The generated job rejection email will be in a standard email format, making it easy to send directly to the candidate.\r\n    \r\n10. **Q**: Is there any cost associated with using the Job Rejection Email Generator?\r\n    \r\n    **A**: No, there is no cost associated with using the Job Rejection Email Generator. It is a free tool to help you create professional job rejection emails effortlessly.\r\n    \r\n\r\n## Feedback\r\n\r\nWe value your feedback! Share your experiences and suggestions for improving the Job Rejection Email Generator [here](https://websitelearners.typeform.com/gravityai#name=job-rejection-email-generator).",
                "created_at": "2023-10-31T05:46:58.000000Z",
                "updated_at": "2025-03-11T10:56:33.000000Z",
                "is_multiprompt": false,
                "website_title": null,
                "allow_website": 0,
                "website_input_title": null,
                "website_input_placeholder": null,
                "category_name": "HR Tools",
                "bgImage": "https://gravitywrite.sgp1.digitaloceanspaces.com/gw/9aacPCpwe4oK0bcFMXgQ9KhdqroMImMR7KOW0nzk.svg",
                "iconColor": "#476470"
            },
            {
                "id": 643,
                "title": "Employee Survey Questionnaire Generator",
                "slug": "employee-survey-questionnaire-generator",
                "description": "A tool that simplifies the process of generating employee survey questionnaires.",
                "frontend_headline": "Simplify the process of generating employee survey questionnaires.",
                "icon_type": "icon",
                "icon_content": "fa-solid fa-check-to-slot",
                "category_id": 30,
                "plan_id": "",
                "usage": 389,
                "favcount": 10,
                "frontend_description": "## Introduction:\r\n\r\nThe 'Employee Survey Questionnaire Generator' is a powerful tool designed to simplify the process of creating employee survey questionnaires. Whether you are looking to gather feedback, measure employee satisfaction, or identify areas for improvement, this template will make the task easy and efficient.\r\n\r\n## Key Functionalities:\r\n\r\n- Customizable survey objectives to match your specific needs.\r\n- Industry-specific question suggestions for relevant and actionable insights.\r\n- Easy one-click generation of survey questionnaires.\r\n\r\n## How To Use The Tool:\r\n\r\n1. Start by entering your survey objectives in the designated field.\r\n2. Specify your industry or field to receive targeted question recommendations.\r\n3. Press the 'Create Content' button to generate your customized survey questionnaire.\r\n\r\n## Tips for Using the Tool:\r\n\r\n- Be clear and concise in defining your survey objectives for more focused results.\r\n- Take advantage of the industry-specific questions to gain deeper insights.\r\n- Review and customize the generated questionnaire to fit your unique requirements.\r\n\r\n## **FAQ's for Tools**\r\n\r\n1. **Q**: How can I use the Employee Survey Questionnaire Generator?\r\n    \r\n    **A**: Simply answer the questions about your survey objectives and industry, then click on \"Create Content\" to get your customized questionnaire.\r\n    \r\n2. **Q**: What if I don't have specific survey objectives in mind?\r\n    \r\n    **A**: It's important to have clear survey objectives to get the most meaningful data. Take some time to think about what you want to achieve with the survey before using the tool.\r\n    \r\n3. **Q**: Will my data be stored in the tool?\r\n    \r\n    **A**: No, the tool does not store any of the data you input. Your privacy and information security are important to us.\r\n    \r\n4. **Q**: What types of industries or fields does the tool cater to?\r\n    \r\n    **A**: The Employee Survey Questionnaire Generator is flexible and can be used for any industry or field. Simply input your specific industry or field when prompted.\r\n    \r\n5. **Q**: Is the generated questionnaire scientifically validated?\r\n    \r\n    **A**: The questionnaire generated by the tool is based on industry best practices, but it's always recommended to validate the survey questions with experts in your field.\r\n    \r\n6. **Q**: Can I collaborate with others on creating the survey?\r\n    \r\n    **A**: Currently, the tool is designed for individual use. However, you can share the generated questionnaire with colleagues for feedback and input.\r\n    \r\n7. **Q**: Can I save the generated questionnaire for future use?\r\n    \r\n    **A**: At this time, the tool does not have a feature to save or download the generated questionnaire. We recommend copying and saving the content manually.\r\n    \r\n8. **Q**: What if I encounter technical issues with the tool?\r\n    \r\n    **A**: If you experience any technical difficulties, please reach out to our support team for assistance. They will be happy to help resolve any issues you may have.\r\n    \r\n\r\n## Feedback:\r\n\r\nWe value your feedback and suggestions for improving the 'Employee Survey Questionnaire Generator.' Please share your experiences with us using the following link: [Feedback Form](https://websitelearners.typeform.com/gravityai#name=EmployeeSurveyQuestionnaireGenerator)",
                "created_at": "2023-10-31T05:49:39.000000Z",
                "updated_at": "2025-03-12T18:20:42.000000Z",
                "is_multiprompt": false,
                "website_title": null,
                "allow_website": 0,
                "website_input_title": null,
                "website_input_placeholder": null,
                "category_name": "HR Tools",
                "bgImage": "https://gravitywrite.sgp1.digitaloceanspaces.com/gw/9aacPCpwe4oK0bcFMXgQ9KhdqroMImMR7KOW0nzk.svg",
                "iconColor": "#476470"
            },
            {
                "id": 645,
                "title": "Employee Referral Email Generator",
                "slug": "employee-referral-email-generator",
                "description": "This tool helps you craft effective, professional referral emails for potential employees in no time.",
                "frontend_headline": "Efficiently draft top-notch referral emails instantly.",
                "icon_type": "icon",
                "icon_content": "fa-solid fa-briefcase",
                "category_id": 30,
                "plan_id": "",
                "usage": 67,
                "favcount": 5,
                "frontend_description": "## Introduction:\r\n\r\nThe 'Employee Referral Email Generator' is a helpful tool designed to assist you in creating professional referral emails for potential employees effortlessly. By providing some essential information, you can quickly generate a well-crafted email to recommend a candidate for a job position.\r\n\r\n## Key Functionalities of the tool:\r\n\r\n- This tool prompts you to enter details such as Company Name, Role, Job responsibilities, Eligibility criteria, and any additional information you wish to include in the email.\r\n- Once you input these details and press \"Create Content,\" the tool generates a referral email template personalized to your specifications.\r\n\r\n## How To Use The Tool:\r\n\r\n1. Begin by entering the Company Name for which you are referring a candidate.\r\n2. Specify the Role for which the referral is being made.\r\n3. Describe the roles and responsibilities associated with the job.\r\n4. Outline the eligibility criteria required for the position.\r\n5. Optionally, add any other information you believe is pertinent for the referral email.\r\n6. Press \"Create Content\" to generate the email template.\r\n\r\n## Tips for using the tool:\r\n\r\n- Ensure that the information provided is accurate and reflects the candidate's qualifications effectively.\r\n- Personalize the referral email to make it more engaging and relevant to the recipient.\r\n- Proofread the generated email before sending it to ensure correctness and professionalism.\r\n\r\n## **FAQ's for Tools**\r\n\r\n1. **Q**: How can this tool help me create referral emails?\r\n    \r\n    **A**: This tool guides you through answering key questions about the job role and company, then generates a professional referral email for potential employees.\r\n    \r\n2. **Q**: What information do I need to provide to use this tool?\r\n    \r\n    **A**: You need to provide the company name, job role, roles and responsibilities, eligibility criteria, and any additional information you want to include in the referral email.\r\n    \r\n3. **Q**: Will the generated email be professional and effective?\r\n    \r\n    **A**: The tool is designed to help you create effective and professional referral emails for potential employees, ensuring you make a strong impression.\r\n    \r\n4. **Q**: Can I save or download the generated referral email?\r\n    \r\n    **A**: Yes, you can save or download the generated email for future reference or to easily share it with others.\r\n    \r\n5. **Q**: Is there a limit to the number of referral emails I can create using this tool?\r\n    \r\n    **A**: There is no limit to the number of referral emails you can create, allowing you to use the tool for multiple job openings within your company.\r\n    \r\n6. **Q**: How secure is the information I provide when using this tool?\r\n    \r\n    **A**: Your information is securely processed within the tool and is not stored or shared with any third parties, ensuring your data privacy.\r\n    \r\n7. **Q**: Can I use this tool on any device?\r\n    \r\n    **A**: Yes, you can access and use this tool on any device with an internet connection, making it convenient to craft referral emails anytime, anywhere.\r\n    \r\n8. **Q**: What do I do if I encounter any issues while using this tool?\r\n    \r\n    **A**: If you encounter any issues or have questions about using the tool, please reach out to our support team for assistance and we'll be happy to help you.\r\n    \r\n\r\n## Feedback:\r\n\r\nWe value your feedback and suggestions for improving our 'Employee Referral Email Generator' tool. Please share your experiences and recommendations with us by visiting the feedback link: [[LINK]](https://websitelearners.typeform.com/gravityai#name=EmployeeReferralEmailGenerator)",
                "created_at": "2023-10-31T06:14:11.000000Z",
                "updated_at": "2025-03-06T15:23:24.000000Z",
                "is_multiprompt": false,
                "website_title": null,
                "allow_website": 0,
                "website_input_title": null,
                "website_input_placeholder": null,
                "category_name": "HR Tools",
                "bgImage": "https://gravitywrite.sgp1.digitaloceanspaces.com/gw/9aacPCpwe4oK0bcFMXgQ9KhdqroMImMR7KOW0nzk.svg",
                "iconColor": "#476470"
            },
            {
                "id": 646,
                "title": "Exit Interview Questionnaire Generator",
                "slug": "exit-interview-questionnaire-generator",
                "description": "An exit interview questionnaire is a survey conducted with someone who is leaving an organization. The goal is to gain insights that can help retain employees. This tool makes creating exit interview questionnaires simple and stress-free.",
                "frontend_headline": "Simplify the process of creating exit interview surveys.",
                "icon_type": "icon",
                "icon_content": "fa-solid fa-book",
                "category_id": 30,
                "plan_id": "",
                "usage": 266,
                "favcount": 7,
                "frontend_description": "## Introduction\r\n\r\nThe Exit Interview Questionnaire Generator is a valuable tool designed to simplify the process of creating exit interview questionnaires for employees who are leaving an organization. By gathering insights from departing employees, organizations can identify areas for improvement and enhance employee retention strategies.\r\n\r\n## Key Functionalities\r\n\r\n- Generate customized exit interview questionnaires based on the user's industry or field and role.\r\n- Streamline the questionnaire creation process to save time and effort.\r\n\r\n## How To Use The Tool\r\n\r\n1. Start by entering your Industry or Field in the designated field.\r\n2. Enter your Role in the provided space.\r\n3. Click on the \"Create Content\" button to generate your exit interview questionnaire.\r\n\r\n## Tips for Using the Tool\r\n\r\n- Be specific when entering your Industry or Field and Role to ensure the questionnaire is tailored to your organization's needs.\r\n- Consider including a mix of open-ended and close-ended questions to gather comprehensive feedback from departing employees.\r\n\r\n## **FAQ's for Tools**\r\n\r\n1. **Q**: How can I use the Exit Questionnaire Generator?\r\n    \r\n    **A**: use the Exit Interview Questionnaire Generator, simply input your Industry or Field and Role, then press \"Create Content\" to generate a tailored questionnaire.\r\n    \r\n2. **Q**: What is the purpose of an exit interview questionnaire?\r\n    \r\n    **A**: An exit interview questionnaire is used to gather valuable insights from employees who are leaving an organization, helping to identify areas for improvement and retain future employees.\r\n    \r\n3. **Q**: How many questions are typically included in the exit interview questionnaire?\r\n    \r\n    **A**:  The number of questions in the exit interview questionnaire can vary, but it is recommended to keep it concise to encourage honest feedback from departing employees.\r\n    \r\n4. **Q**: Will the questionnaire be tailored to my Industry or Field?\r\n    \r\n    **A**: Yes, the exit interview questionnaire generated will be customized based on your Industry or Field and Role input to ensure relevance and effectiveness.\r\n    \r\n5. **Q**: Can I save the generated exit interview questionnaire for future use?\r\n    \r\n    **A**:  Yes, you can save the generated exit interview questionnaire for future reference or make edits as needed before conducting exit interviews.\r\n    \r\n6. **Q**: How can the insights from the questionnaire help retain employees?\r\n    \r\n    **A**: The insights gathered from the exit interview questionnaire can help identify patterns, issues, or areas of improvement that, when addressed, can contribute to higher employee retention rates.\r\n    \r\n7. **Q**:Is the exit interview questionnaire generator user-friendly?\r\n    \r\n    **A**: Yes, the Exit Interview Questionnaire Generator is designed to be user-friendly, making the process of creating tailored questionnaires simple and stress-free.\r\n    \r\n8. **Q**: Are the questions generated by the tool industry-specific?\r\n    \r\n    **A**:  Yes, the questions generated by the tool are tailored to your specified Industry or Field, ensuring that the questionnaire is relevant and effective in gathering valuable feedback.\r\n    \r\n\r\n## Feedback\r\n\r\nWe value your feedback! Share your experiences and suggestions for improving the Exit Interview Questionnaire Generator by filling out our feedback form [[here]](https://websitelearners.typeform.com/gravityai#name=exit-interview-questionnaire-generator)",
                "created_at": "2023-10-31T06:15:49.000000Z",
                "updated_at": "2025-03-16T09:22:55.000000Z",
                "is_multiprompt": false,
                "website_title": null,
                "allow_website": 0,
                "website_input_title": null,
                "website_input_placeholder": null,
                "category_name": "HR Tools",
                "bgImage": "https://gravitywrite.sgp1.digitaloceanspaces.com/gw/9aacPCpwe4oK0bcFMXgQ9KhdqroMImMR7KOW0nzk.svg",
                "iconColor": "#476470"
            },
            {
                "id": 647,
                "title": "Interview Assessment Questionnaire Generator",
                "slug": "interview-assessment-questionnaire-generator",
                "description": "An easy-to-use tool for making interview assessment questionnaires. It helps you create targeted questions for a detailed assessment of potential hires.",
                "frontend_headline": "Generate interview assessments quickly.",
                "icon_type": "icon",
                "icon_content": "fa-solid fa-envelope-open-text",
                "category_id": 30,
                "plan_id": "",
                "usage": 447,
                "favcount": 5,
                "frontend_description": "## Introduction:\r\n\r\nThe 'Interview Assessment Questionnaire Generator' is a user-friendly tool designed to help you create targeted questions for assessing potential hires during interviews. By using this template, you can easily customize your questionnaire to gather specific information aligned with the role and requirements of the position.\r\n\r\n## Key Functionalities:\r\n\r\n- Customize questions based on the role and requirements of the job.\r\n- Generate a detailed assessment questionnaire tailored to your needs.\r\n\r\n## How To Use The Tool:\r\n\r\n1. Start by entering the role for which you are conducting interviews.\r\n2. Next, specify the requirements for the position.\r\n3. Press the \"Create Content\" button to generate your customized interview assessment questionnaire.\r\n\r\n## Tips for Using the Tool:\r\n\r\n- Ensure the questions are relevant to the role and requirements to gather meaningful insights during interviews.\r\n- Consider including a mix of behavioral and situational questions to assess candidates effectively.\r\n\r\n## **FAQ's for Tools**\r\n\r\n1. **Q**: How do I use the Interview Assessment Questionnaire Generator?\r\n    \r\n    **A**: To use the Interview Assessment Questionnaire Generator, simply input the role and requirements for the position you are hiring for, then click on \"Create Content\" to generate targeted interview questions.\r\n    \r\n2. **Q**:  Can I customize the interview assessment questions generated by the tool?\r\n    \r\n    **A**:  Yes, you can customize the interview assessment questions generated by the tool to better suit your specific job requirements and company culture.\r\n    \r\n3. **Q**: What kind of roles can I create interview assessment questionnaires for?\r\n    \r\n    **A**:  You can create interview assessment questionnaires for various roles, including sales, marketing, engineering, customer service, and more.\r\n    \r\n4. **Q**: Will the tool suggest relevant questions based on the role and requirements I input?\r\n    \r\n    **A**: Yes, the tool will suggest relevant questions based on the role and requirements you input to ensure a detailed assessment of potential hires.\r\n    \r\n5. **Q**: How does the Interview Assessment Questionnaire Generator help in the hiring process?\r\n    \r\n    **A**: The tool helps in the hiring process by streamlining the creation of targeted interview questions that assess candidates effectively and help make informed hiring decisions.\r\n    \r\n6. **Q**:  Can I save the interview assessment questionnaires generated by the tool?\r\n    \r\n    **A**: Yes, you can save the interview assessment questionnaires generated by the tool for future reference or to use for multiple rounds of interviews.\r\n    \r\n7. **Q**:  Is the Interview Assessment Questionnaire Generator user-friendly?\r\n    \r\n    **A**: Yes, the tool is user-friendly and easy to navigate, making it accessible for all users, regardless of their technical expertise.\r\n    \r\n8. **Q**:  How many interview assessment questions can I generate using the tool?\r\n    \r\n    **A**: You can generate as many interview assessment questions as needed to conduct a thorough evaluation of potential hires for the specified role.\r\n    \r\n9. **Q**:  Can I share the interview assessment questionnaires with my team?\r\n    \r\n    **A**: Yes, you can easily share the interview assessment questionnaires generated by the tool with your team members to collaborate on the hiring process.\r\n    \r\n10. **Q**:  Does the Interview Assessment Questionnaire Generator offer any guidance on how to conduct interviews?\r\n    \r\n    **A**:  While the tool primarily focuses on generating interview assessment questions, it can also provide general guidance on conducting effective interviews to help you make the most of the generated questionnaires.\r\n    \r\n\r\n## Feedback:\r\n\r\nWe value your feedback! Share your experience using the 'Interview Assessment Questionnaire Generator' and any suggestions for improvement by clicking on the following link: [[LINK]](https://websitelearners.typeform.com/gravityai#name=interview-assessment-questionnaire-generator)",
                "created_at": "2023-10-31T06:19:07.000000Z",
                "updated_at": "2025-03-12T04:39:07.000000Z",
                "is_multiprompt": false,
                "website_title": null,
                "allow_website": 0,
                "website_input_title": null,
                "website_input_placeholder": null,
                "category_name": "HR Tools",
                "bgImage": "https://gravitywrite.sgp1.digitaloceanspaces.com/gw/9aacPCpwe4oK0bcFMXgQ9KhdqroMImMR7KOW0nzk.svg",
                "iconColor": "#476470"
            },
            {
                "id": 648,
                "title": "Interview Feedback / AI Assesment Feedback",
                "slug": "interview-feedback-ai-assesment-feedback",
                "description": "Analyze interview transcripts and make hiring decisions easier. Plus, rate each candidate out of 100",
                "frontend_headline": "Improve hiring accuracy with detailed interview evaluation insights.",
                "icon_type": "icon",
                "icon_content": "fa-solid fa-comments",
                "category_id": 30,
                "plan_id": "",
                "usage": 121,
                "favcount": 5,
                "frontend_description": "## **Introduction:**\r\n\r\nThe Interview Feedback / AI Assessment Feedback template on our gravitywrite platform is designed to assist you in analyzing interview transcripts and simplifying the hiring decision-making process. With this template, you can provide feedback on each candidate and rate them out of 100, making it easier to select the most suitable individual for the job.\r\n\r\n## **How To Use The Tool:**\r\n\r\nRole: Begin by entering the role for which you conducted the interview.Meeting Transcript: Copy and paste the interview transcript into the designated field.Click on the \"Create Content\" button to generate the output.\r\n\r\n## **Tips for Using the Tool:**\r\n\r\nEnsure the meeting transcript is accurate and comprehensive to receive the most accurate feedback.Consider using bullet points or brief summaries to highlight key points in the transcript for a more efficient analysis.Take your time to carefully review the feedback provided by the template before making any hiring decisions.\r\n\r\n## **FAQ's for Tools**\r\n\r\n1. **Q**: How does the Interview Feedback/AI Assessment Feedback template work?\r\n    \r\n    **A**: The template analyzes interview transcripts provided by the user and helps make hiring decisions easier by providing feedback on each candidate's performance. It also assigns a rating out of 100 to each candidate.\r\n    \r\n2. **Q**: What information do I need to provide to use this template?\r\n    \r\n    **A**: You will need to provide the role for which the candidates are being interviewed, and the meeting transcript from the interview.\r\n    \r\n3. **Q**: Can I use this template for any type of job role?\r\n    \r\n    **A**: Yes, you can use this template for any type of job role. Simply input the role for which the candidates are being interviewed.\r\n    \r\n4. **Q**: How does the template assign a rating out of 100 to each candidate?\r\n    \r\n    **A**: The template uses an algorithm to analyze the interview transcript and assess the candidate's performance based on various criteria, ultimately giving them a score out of 100.\r\n    \r\n5. **Q**: Is the rating provided by the template reliable for making hiring decisions?\r\n    \r\n    **A**: The rating provided by the template is a helpful tool to consider alongside other factors when making hiring decisions. It should not be the sole basis for decision-making.\r\n    \r\n6. **Q**: Can I customize the criteria used to evaluate candidates in this template?\r\n    \r\n    **A**: The template comes with predefined criteria for evaluation, but you can adjust them to better fit your specific requirements.\r\n    \r\n7. **Q**: How long does it take to generate feedback using this template?\r\n    \r\n    **A**: The time it takes to generate feedback using this template depends on the length of the interview transcript. Generally, it should only take a few moments.\r\n    \r\n8. **Q**: Can I save and download the feedback generated by this template?\r\n    \r\n    **A**:Yes, you can save and download the feedback generated by this template for future reference or sharing with colleagues.\r\n    \r\n9. **Q**: How accurate is the feedback provided by this template?\r\n    \r\n    **A**: The feedback provided by this template is generated based on the analysis of the interview transcript and the predefined criteria. While it can be a helpful guide, it is not infallible and should be used in conjunction with human judgment.\r\n    \r\n10. **Q**: Is there a limit to the number of transcripts I can analyze using this template?\r\n    \r\n    **A**: There is no set limit to the number of transcripts you can analyze using this template. You can use it for as many interviews as needed.\r\n    \r\n\r\n## **Feedback:**\r\n\r\nWe value your input! Please share your experiences and any suggestions for improving the Interview Feedback / AI Assessment Feedback template with us by clicking on the following [feedback link](https://websitelearners.typeform.com/gravityai#name=Interview_Feedback_AI_Assessment_Feedback). Your feedback helps us enhance the tool for a better user experience.",
                "created_at": "2023-10-31T06:22:56.000000Z",
                "updated_at": "2025-03-08T02:59:39.000000Z",
                "is_multiprompt": false,
                "website_title": null,
                "allow_website": 0,
                "website_input_title": null,
                "website_input_placeholder": null,
                "category_name": "HR Tools",
                "bgImage": "https://gravitywrite.sgp1.digitaloceanspaces.com/gw/9aacPCpwe4oK0bcFMXgQ9KhdqroMImMR7KOW0nzk.svg",
                "iconColor": "#476470"
            },
            {
                "id": 118,
                "title": "Email Sequence Generator",
                "slug": "email-sequence-generator",
                "description": "Create compelling email series with a clear focus on your product's key features, aimed at turning leads into paying customers.",
                "frontend_headline": "Attract and retain customers with expertly-crafted email series.",
                "icon_type": "svg",
                "icon_content": "<svg width=\"18px\" height=\"18px\" viewBox=\"0 0 24 24\" xmlns=\"http://www.w3.org/2000/svg\">     <g fill=\"currentColor\">         <path fill=\"none\" d=\"M0 0h24v24H0z\"/>         <path d=\"M21 9v11.993A1 1 0 0 1 20.007 22H3.993A.993.993 0 0 1 3 21.008V2.992C3 2.455 3.447 2 3.998 2H14v6a1 1 0 0 0 1 1h6zm0-2h-5V2.003L21 7zM8 7v2h3V7H8zm0 4v2h8v-2H8zm0 4v2h8v-2H8z\"/>     </g> </svg>",
                "category_id": 16,
                "plan_id": "1",
                "usage": 366,
                "favcount": 21,
                "frontend_description": "## Introduction\r\n\r\nThe 'Email Sequence Generator' template on GravityWrite is designed to help you create compelling email series focused on promoting your product's key features to convert leads into paying customers. This tool streamlines the process of crafting impactful email campaigns that drive results.\r\n\r\n## How to Use the Tool\r\n\r\nUsing the 'Email Sequence Generator' is a walk in the park, even for first-time users. Here's how to get started:\r\n\r\n1. First, access the 'Email Sequence Generator' template on GravityWrite's platform.\r\n2. In the provided input area, answer the question: \"What are you selling or promoting?\". In your response, capture the key features of your product or service. Remember, the more detailed and accurate your response, the more personalized and insightful your email sequence will be.\r\n3. Press the \"Create Content\" button. The Artificial Intelligence then takes over, processing your input and churning out a series of compelling, conversion-driving emails.\r\n\r\n## Tips for Using the Tool\r\n\r\n- Be as descriptive as possible when answering the question. Use persuasive language that highlights the unique qualities of your product or service.\r\n- Don't rush - take your time to articulate your response. Remember, the quality of the email sequence depends on the quality of your input.\r\n- Review the generated content. While the tool is remarkably efficient, it's good practice to go through the outcome for any necessary tweaks before sending it out.\r\n\r\n## FAQ's\r\n\r\n1. **Q**: What type of product or service can I promote using this 'Email Sequence Generator'?\r\n    \r\n    **A**: You can promote any type of product or service using this template. Just be sure to mention the key features you want to highlight in your email sequence.\r\n    \r\n2. **Q**: How detailed should I be when describing my product or service?\r\n    \r\n    **A**: The description should be as specific as possible, including the key features of your product or service, as this information will be used to generate your email sequence.\r\n    \r\n3. **Q**: Do I need to know how to write an email sequence to use this tool?\r\n    \r\n    **A**: No, you don't need to know how to write an email sequence. Our AI powered tool will generate the content for you based on your product or service's description.\r\n    \r\n4. **Q**: How do I use this 'Email Sequence Generator' template?\r\n    \r\n    **A**: Simply input information about your product or service when prompted, particularly highlighting its key features. Then, press \"Create Content\" and our AI will generate the email sequence for you.\r\n    \r\n5. **Q**: Does this tool create unique email sequences?\r\n    \r\n    **A**: Yes, every email sequence is generated uniquely based on the information you provide about your product or service.\r\n    \r\n6. **Q**: Can this tool help me convert leads to buyers?\r\n    \r\n    **A**: Definitely! The 'Email Sequence Generator' is designed to focus on the key features of your product or service, which can be influential in turning leads into paying customers.\r\n    \r\n7. **Q**: What if I need to adjust the produced emails?\r\n    \r\n    **A**: That's perfectly fine! Though our AI generates the content, you're free to edit it based on your specific needs.\r\n    \r\n8. **Q**: How many emails does this tool generate in a sequence?\r\n    \r\n    **A**: The number of emails generated in a sequence depends entirely on the parameters. We ensure a comprehensive approach that covers all key features of your product or service.\r\n\r\n    \r\n\r\n## Feedback\r\nWe value your feedback on the 'Email Sequence Generator' template. Share your experiences and suggestions for improvement by clicking on the following link: [Feedback Form](https://websitelearners.typeform.com/gravityai#name=email-sequence-generator)",
                "created_at": "2023-07-07T01:43:22.000000Z",
                "updated_at": "2025-03-14T11:18:53.000000Z",
                "is_multiprompt": false,
                "website_title": null,
                "allow_website": 0,
                "website_input_title": null,
                "website_input_placeholder": null,
                "category_name": "E-mail Tools",
                "bgImage": "https://gravitywrite.sgp1.digitaloceanspaces.com/gw/i64tYC9ijq88xHX7sHqoqqD0oGq9UHdU3lOdNeC4.svg",
                "iconColor": "#0137db"
            },
            {
                "id": 123,
                "title": "Tagline Generator",
                "slug": "tagline-generator",
                "description": "Struggling to find the perfect tagline for your brand? Let our AI-tool assist you in creating a tagline that stands out.",
                "frontend_headline": "Discover the Ideal Tagline, Crafted Just for Your Brand.",
                "icon_type": "icon",
                "icon_content": "fa-solid fa-tag",
                "category_id": 18,
                "plan_id": "1",
                "usage": 5922,
                "favcount": 62,
                "frontend_description": "## **Introduction**\r\n\r\nLooking for the perfect tagline for your product or brand? The Tagline Generator template of GravityWrite is your ideal assistant. Our AI-powered tool will help you craft a tagline that genuinely represents your brand and resonates with your target audience. This tool is beneficial for brand managers, copywriters, or anyone who needs a captivating tagline to boost their brand image or marketing initiatives.\r\n\r\n## **Key Functionalities**\r\n\r\nThis tool utilizes AI algorithms to generate a unique and engaging tagline based on the product or brand's name and its key features that you want to promote.\r\n\r\n## **How to Use the Tool**\r\n\r\n1. Launch the 'Tagline Generator' template on GravityWrite.\r\n2. Fill the required fields:\r\n    - Enter your 'Product/Brand Name.'\r\n    - Describe what you are 'Selling or Promoting' - don't forget to include notable features of your product or service you want the tagline to convey.\r\n3. Click the 'Create Content' button to process your inputs.\r\n4. Wait for a few seconds while our AI generates your creative and catchy tagline.\r\n\r\n## **Tips for Using the Tool**\r\n\r\n- Be precise, yet comprehensive: While describing what you're selling or promoting, make sure to include the most relevant and engaging features of your product or service.\r\n- Experiment: The AI draws inspiration from the inputs provided by you. So, feel free to tweak your inputs and generate multiple taglines until you find the one that best represents your brand.\r\n\r\n## **FAQ's**\r\n\r\n1. **Q**: How do I use the Tagline Generator template?\r\n    \r\n    **A**: Simply input your Product/Brand Name and details about what you are selling or promoting, including key features. Then press \"Create Content\" to generate a unique tagline for your brand.\r\n    \r\n2. **Q**: Can I use the Tagline Generator for any type of business?\r\n    \r\n    **A**: Yes, the Tagline Generator can be used for any type of business or brand, helping you create a catchy and memorable tagline.\r\n    \r\n3. **Q**: How can the Tagline Generator help my brand?\r\n    \r\n    **A**: The Tagline Generator can help you establish brand identity, convey your key selling points, and create a lasting impression on customers.\r\n    \r\n4. **Q**: Will the tagline generated be unique?\r\n    \r\n    **A**: Yes, the tagline generated by the Tagline Generator will be unique to your brand and tailored to your specific product or service.\r\n    \r\n5. **Q**: Can I save the generated tagline for future use?\r\n    \r\n    **A**: Yes, you can save the generated tagline and use it on your website, marketing materials, or social media to boost your brand identity.\r\n    \r\n6. **Q**: Do I need any specific knowledge or skills to use the Tagline Generator?\r\n    \r\n    **A**: No, the Tagline Generator is user-friendly and does not require any specific knowledge or skills. Just answer the questions about your brand and let the AI do the work.\r\n    \r\n7. **Q**: Is the Tagline Generator free to use?\r\n    \r\n    **A**: Yes, the Tagline Generator is included in our AI writing tool and is available for all users at no additional cost.\r\n    \r\n\r\n## **Feedback**\r\n\r\nWe continuously strive to improve your experience with our AI templates. If you have any suggestions or found any issues while using our Tagline Generator, please let us know by completing the feedback form: [Feedback Form](https://websitelearners.typeform.com/gravityai#name=tagline-generator)",
                "created_at": "2023-07-10T06:24:13.000000Z",
                "updated_at": "2025-03-15T02:55:46.000000Z",
                "is_multiprompt": false,
                "website_title": null,
                "allow_website": 0,
                "website_input_title": null,
                "website_input_placeholder": null,
                "category_name": "E-Commerce Tools",
                "bgImage": "https://gravitywrite.sgp1.digitaloceanspaces.com/gw/t6xb8djJjhBWxrwbdxjjZVEVEXjQbDxJfHmSNVLH.svg",
                "iconColor": "#027480"
            },
            {
                "id": 120,
                "title": "Abandoned Cart E-Mails",
                "slug": "abandoned-cart-e-mails",
                "description": "An AI tool that crafts a series of personalized emails aimed at converting abandoned carts into successful sales.",
                "frontend_headline": "Capture missed opportunities with automated email follow-ups.",
                "icon_type": "icon",
                "icon_content": "fa-solid fa-credit-card",
                "category_id": 16,
                "plan_id": "",
                "usage": 149,
                "favcount": 15,
                "frontend_description": "## Introduction\r\n\r\nThe 'Abandoned Cart E-Mails' template is an AI tool designed to create personalized email sequences that aim to recover lost sales from abandoned carts. By sending strategic and engaging emails, you can increase conversion rates and boost revenue for your business.\r\n\r\n## Key Functionalities\r\n\r\n- Customize email content based on product/brand name and key features.\r\n- Schedule automated email campaigns to nurture leads and drive conversions.\r\n- Track the performance of your email sequences to optimize for better results.\r\n\r\n## How to Use the Tool\r\n\r\n1. Input your Product/Brand Name.\r\n2. Describe the product or service you are selling, including its key features.\r\n3. Press \"Create Content\" to generate personalized email sequences aimed at recovering abandoned carts.\r\n\r\n## Tips for Using the Tool\r\n\r\n- Personalize your email content to resonate with your target audience.\r\n- Experiment with different email timings and messaging tones to find what works best.\r\n- Monitor the performance of your email campaigns and adjust them accordingly for better results.\r\n\r\n## FAQ's\r\n\r\n1. **Q**: How do I use the 'Abandoned Cart E-Mails' template?\r\n    \r\n    **A**: To use the 'Abandoned Cart E-Mails' template, you just need to input your Product/Brand Name and describe what you're selling or promoting, including key features of your product or service. Then, click on \"Create Content\" to get your personalized email content.\r\n    \r\n2. **Q**: What kind of information do I need to provide in the 'what are you selling or promoting' section?\r\n    \r\n    **A**: You should provide details about the product or service found in the customer's abandoned cart. Highlight its key features, benefits, and what makes it unique or valuable.\r\n    \r\n3. **Q**: What if my product has too many features to list?\r\n    \r\n    **A**: Focus on the most significant features that directly benefit the customer or distinguish your product from competitors. The goal is to spark interest and make them revisit their abandoned cart.\r\n    \r\n4. **Q**: Will the AI know how to structure my email?\r\n    \r\n    **A**: Yes, the AI understands how to create effective emails, it will use the information you provide to craft a personalized and compelling email sequence to help convert abandoned carts into sales.\r\n    \r\n5. **Q**: How many abandoned cart emails will the AI generate at once?\r\n    \r\n    **A**: This will depend on the settings of the template. You can typically expect a single email per generation, but this can vary based on the specifics of the application.\r\n    \r\n6. **Q**: Can this template handle multiple products?\r\n    \r\n    **A**: Yes, the AI can incorporate information about multiple products, but it's most effective to focus each email on the key product or products in the abandoned cart.\r\n    \r\n7. **Q**: What if I don't like the content the AI generated?\r\n    \r\n    **A**: No worries. If you're not satisfied with the initial output, you can modify your inputs and try again until you get the content that fits your needs.\r\n    \r\n8. **Q**: Can I use the same email content for all my customers who have abandoned their cart?\r\n    \r\n    **A**: While you can use the same base content, personalization often yields better results. It's advisable to use the AI to create unique emails for each target customer for a more personalized approach.\r\n    \r\n\r\n## Feedback\r\n\r\nWe value your feedback on your experience with the 'Abandoned Cart E-Mails' template. Please share your thoughts and suggestions for improving the tool by visiting [Feedback Form](https://websitelearners.typeform.com/gravityai#name=abandoned-cart-e-mails)",
                "created_at": "2023-07-10T01:07:06.000000Z",
                "updated_at": "2025-03-03T18:47:09.000000Z",
                "is_multiprompt": false,
                "website_title": null,
                "allow_website": 0,
                "website_input_title": null,
                "website_input_placeholder": null,
                "category_name": "E-mail Tools",
                "bgImage": "https://gravitywrite.sgp1.digitaloceanspaces.com/gw/i64tYC9ijq88xHX7sHqoqqD0oGq9UHdU3lOdNeC4.svg",
                "iconColor": "#0137db"
            },
            {
                "id": 147,
                "title": "AI Image Generation Prompts",
                "slug": "ai-image-generation-prompts",
                "description": "Turn your scripts into vivid image prompts for seamless film production. Your go-to tool for translating words into visual masterpieces.",
                "frontend_headline": "Bring Your Scripts to Life with Engaging Image Prompts",
                "icon_type": "icon",
                "icon_content": "fa-solid fa-photo-film",
                "category_id": 27,
                "plan_id": "",
                "usage": 302631,
                "favcount": 1154,
                "frontend_description": "## Introduction\r\n\r\nThe 'AI Image Generation Prompts' is a remarkable tool designed to transform your film scripts into vivid image prompts. Vision is an integral part of filmmaking, and this tool allows you to visualize your script, simplifying the production process. Not only does it provide smooth translation of words into pictures, but it also enhances your cognitive mapping of the script, aiding effective storytelling.\r\n\r\n## Key Functionalities\r\n\r\nThis template has several functionalities that can provide valuable insights:\r\n\r\n1. **Genre Specification:** You can define the genre of the film, ensuring the generated image prompts are customized to suit your specific requirements.\r\n2. **Film Style Customization:** The tool lets you customize the film style, which enables tailor-made visual prompts.\r\n3. **Script Integration:** You can feed your script into the tool to obtain related visual prompts. This aids in a comprehensive visualization of the script.\r\n\r\n## How to Use the Tool\r\n\r\nUsing the 'AI Image Generation Prompts' tool is as easy as follows:\r\n\r\n1. Under the question, 'What is the Genre of the film?', input the genre of your script (for example, Action, Romance, Thriller).\r\n2. Next, under 'What is the Film Style?', input the desired style of your film (for example, Noir, Documentary, Fantasy).\r\n3. Then, enter your script under the question, 'Enter your video script'.\r\n4. Finally, click 'Create Content' to get the image prompts related to your script.\r\n\r\n## Tips for Using the Tool\r\n\r\nHere are some handy tips to maximize the output:\r\n\r\n- Be specific when defining your film genre and style. It aids in drilling down to the most relevant image prompts.\r\n- Insert your script in chunks, scene-by-scene, instead of entering the entire script at once. It can provide more tailored image prompts.\r\n- Review the outputs rigorously to get the best alignment with your script.\r\n\r\n## **FAQ's**\r\n\r\n1. **Q**: What do I need to input in the 'Genre of the Film' field?\r\n    \r\n    **A**: In the 'Genre of the Film' field, input the kind of film your script is written for. For example, comedy, drama, horror, action.\r\n    \r\n2. **Q**: What should I write in the 'Film Style' field?\r\n    \r\n    **A**: In the 'Film Style' field, describe the overall visual style or theme of your film. This could be something like noir, vintage, modern, surreal, etc.\r\n    \r\n3. **Q**: How detailed does my video script need to be?\r\n    \r\n    **A**: It should be as detailed as possible. The more information our AI has, the more accurate the generated image prompts will be. Don't shy away from describing scenes, emotions, or even specific colors.\r\n    \r\n4. **Q**: I missed a detail in my script, can I edit it after submitting?\r\n    \r\n    **A**: Yes, you can. You can edit your inputs anytime before pressing 'Create Content'. However, after getting the output, if you want to edit something, you'd need to enter the details again.\r\n    \r\n5. **Q**: What type of output can I expect from this tool?\r\n    \r\n    **A**: This tool will provide image prompts based on your script. It will help conceptualize your script and guide you in film production visually.\r\n    \r\n6. **Q**: How accurate are these AI-generated image prompts?\r\n    \r\n    **A**: The accuracy largely depends on the quality and details of your script input. More detailed scripts result in better image prompts. Remember, the AI is designed to help, but a human touch for final touches is always a good idea.\r\n    \r\n7. **Q**: Will this tool work for all genres of films?\r\n    \r\n    **A**: Absolutely! This tool is genre-agnostic. Whether your script is for a romance, science fiction, comedy, or any other genre, the AI will generate appropriate image prompts.\r\n    \r\n8. **Q**: Can I use the outputs for commercial purposes?\r\n    \r\n    **A**: Yes, you may use the outputs for all kinds of purposes, including commercial. However, it's worth noting that these outputs should ideally be used as a roadmap for your project.\r\n    \r\n9. **Q**: Are there any restrictions on the length of the script?\r\n    \r\n    **A**: This tool is designed to handle scripts of all lengths. However, for best results, make sure to include all critical elements and descriptions.\r\n    \r\n10. **Q**: What should I do if the output is not as expected?\r\n    \r\n    **A**: If the output is not as per your expectations, you can try refining your inputs. Be more specific and detailed in your description and then rerun the tool.\r\n    \r\n\r\n## Feedback\r\n\r\nYour feedback plays a vital role in continually improving this tool. We invite you to share your experiences and suggestions to refine and make this tool much more effective. To provide your feedback, kindly use the following link: [[LINK]](https://websitelearners.typeform.com/gravityai#name=ai-image-generation-prompts)\r\n\r\nThank you for your support and Happy Filmmaking!",
                "created_at": "2023-09-06T06:55:13.000000Z",
                "updated_at": "2025-03-17T06:11:18.000000Z",
                "is_multiprompt": false,
                "website_title": null,
                "allow_website": 0,
                "website_input_title": null,
                "website_input_placeholder": null,
                "category_name": "Film Making Tools",
                "bgImage": "https://gravitywrite.sgp1.digitaloceanspaces.com/gw/enrBCIkbzgO6tUSGx1pJ6UKSb1IFWcvpAwzQY0OT.svg",
                "iconColor": "#0b72d9"
            },
            {
                "id": 125,
                "title": "Lead Magnet Ideas",
                "slug": "lead-magnet-ideas",
                "description": "This tool crafts compelling lead magnet ideas that promise transformation, providing quick wins and valuable content for your ideal clients.",
                "frontend_headline": "Attract Your Ideal Clients with Captivating Lead Magnet Ideas",
                "icon_type": "svg",
                "icon_content": "<svg version=\"1.1\" \t id=\"svg2\" xmlns:dc=\"http://purl.org/dc/elements/1.1/\" xmlns:cc=\"http://creativecommons.org/ns#\" xmlns:rdf=\"http://www.w3.org/1999/02/22-rdf-syntax-ns#\" xmlns:svg=\"http://www.w3.org/2000/svg\" xmlns:sodipodi=\"http://sodipodi.sourceforge.net/DTD/sodipodi-0.dtd\" xmlns:inkscape=\"http://www.inkscape.org/namespaces/inkscape\" sodipodi:docname=\"magnet.svg\" inkscape:version=\"0.48.4 r9939\" \t xmlns=\"http://www.w3.org/2000/svg\" xmlns:xlink=\"http://www.w3.org/1999/xlink\"  width=\"18px\" height=\"18px\" \t viewBox=\"0 0 1200 1200\" enable-background=\"new 0 0 1200 1200\" xml:space=\"preserve\"> <path id=\"rect13972\" fill=\"currentColor\" inkscape:connector-curvature=\"0\" d=\"M600,0C293.176,0,43.523,234.737,43.523,523.305 \tc0,15.136,0.684,30.437,2.042,45.639L56.5,798.955l351.616-28.87L397.18,540.219c-0.474-5.497-0.802-11.281-0.802-16.914 \tc0-105.6,91.37-191.373,203.621-191.373S803.62,417.773,803.62,523.305c0,5.633-0.259,11.351-0.802,16.914l-10.863,229.866 \tl351.544,28.87l10.937-230.013c1.356-15.201,2.041-30.503,2.041-45.639C1156.477,234.737,906.824,0,600,0z M419.636,905.905 \tL68.312,936.671l22.965,262.017l351.324-30.766L419.636,905.905z M779.927,907.218l-22.892,262.09L1108.359,1200l22.893-262.017 \tL779.927,907.218z\"/> </svg>",
                "category_id": 16,
                "plan_id": "",
                "usage": 1339,
                "favcount": 44,
                "frontend_description": "## Introduction\r\n\r\nWelcome to the \"Lead Magnet Ideas\" template on GravityWrite! This tool is designed to help you create compelling lead magnet ideas that promise transformation for your ideal clients. By providing quick wins and valuable content, you can attract and engage your target audience effectively.\r\n\r\n## How to Use the Tool\r\n\r\n1. Start by entering information about your business and your ideal customer.\r\n2. Answer the questions provided: \"What's Your Business About?\" and \"Who is your Ideal Customer? (describe their interests)\"\r\n3. Once you have answered these questions, press the \"Create Content\" button to generate your lead magnet ideas.\r\n\r\n## Tips for Using the Tool\r\n\r\n- Be specific and detailed when describing your business and ideal customer.\r\n- Think about the pain points and challenges your ideal customer faces, and how your lead magnet can solve them.\r\n- Experiment with different ideas and angles to see what resonates best with your target audience.\r\n\r\n## FAQ's\r\n\r\n1. **Q**: What should I write in the field 'What's Your Business About?'\r\n    \r\n    **A**: In this field, write a brief summary of what your business offers, who it serves, and its main aspects or values. This could be like, 'We are an online bakery serving made-to-order, organic cakes and pastries in New York.'\r\n    \r\n2. **Q**: I'm not sure how to describe my ideal customer for the 'Who is your Ideal Customer?' question.\r\n    \r\n    **A**: You need to describe your target audience's primary interests, needs or problems they have that your business can resolve. For example, 'Health-conscious individuals with a sweet tooth who value organic ingredients.'\r\n    \r\n3. **Q**: Does the 'Lead Magnet Ideas' template generate ideas for all types of businesses?\r\n    \r\n    **A**: Yes, this template is designed to generate lead magnet ideas for a wide range of businesses. The output is highly influenced by the data you provide about your business and your target customer.\r\n    \r\n4. **Q**: How can I make the AI generate more specific lead magnet ideas?\r\n    \r\n    **A**: The more specific and detailed information you provide about your business and ideal customer, the better the AI can curate custom-tailored lead magnet ideas.\r\n    \r\n5. **Q**: What exactly is a lead magnet?\r\n    \r\n    **A**: A lead magnet is a free item or service that you offer to your audience in exchange for their contact information. This could be a PDF guide, a webinar, a discount coupon, a free trial of your product, or any other piece of valuable content.\r\n    \r\n6. **Q**: Will the generated ideas be ready to use or will they require additional editing?\r\n    \r\n    **A**: The generated ideas will be ready to use in most cases. However, depending on your specific needs and the context, you may want to personalize them further.\r\n    \r\n7. **Q**: Can I use the AI multiple times to get different ideas?\r\n    \r\n    **A**: Absolutely! You can use the AI tool as many times as you want to generate a myriad of lead magnet ideas. Each time input different aspects of your business to get a wider variety of ideas.\r\n    \r\n8. **Q**: Can this template generate ideas for non-profit organizations?\r\n    \r\n    **A**: Yes. As long as you can clearly define what your organization does and who your ideal supporter or beneficiary is, the AI can generate useful lead magnet ideas.\r\n    \r\n9. **Q**: Is it possible to get bad ideas from the AI using this template?\r\n    \r\n    **A**: While the AI strives to provide you with the most relevant and appealing ideas, occasionally, it could generate an idea that may not be exact fit for your context. In such cases, you can edit the idea or generate a new lead magnet idea.\r\n    \r\n10. **Q**: Why are my lead magnet ideas not appealing enough?\r\n    \r\n    **A**: The quality and effectiveness of the ideas largely depend on the info provided about your business and target customer. Make sure you're providing detailed, explicit, and accurate information to get more appealing lead magnet ideas.\r\n    \r\n\r\n## Feedback\r\n\r\nWe value your feedback! If you have any suggestions or experience any issues while using the \"Lead Magnet Ideas\" template, please share them with us [[here]](https://websitelearners.typeform.com/gravityai#name=lead-magnet-ideas). Your input helps us improve the tool for all users.",
                "created_at": "2023-07-13T03:33:04.000000Z",
                "updated_at": "2025-03-14T15:38:42.000000Z",
                "is_multiprompt": false,
                "website_title": null,
                "allow_website": 0,
                "website_input_title": null,
                "website_input_placeholder": null,
                "category_name": "E-mail Tools",
                "bgImage": "https://gravitywrite.sgp1.digitaloceanspaces.com/gw/i64tYC9ijq88xHX7sHqoqqD0oGq9UHdU3lOdNeC4.svg",
                "iconColor": "#0137db"
            },
            {
                "id": 126,
                "title": "Newsletter E-Mail",
                "slug": "newsletter-e-mail",
                "description": "Your reliable tool for crafting engaging and easy-to-read newsletters, perfect for keeping your audience updated and engaged.",
                "frontend_headline": "Broadcast the Newsletters Your Audience Craves",
                "icon_type": "svg",
                "icon_content": "<svg fill=\"currentColor\" height=\"18px\" width=\"18px\" version=\"1.2\" baseProfile=\"tiny\" xmlns=\"http://www.w3.org/2000/svg\" xmlns:xlink=\"http://www.w3.org/1999/xlink\" viewBox=\"0 0 256 235\" xml:space=\"preserve\">   <path d=\"M250,107.6v-0.3l-19.4-34.1v47.1l-12.2,8V7.2H37.1V128l-12.2-8V73.2L5.5,107.3v122.5H128h122.5V107.3L250,107.6z M48.8,18.9 h157.9v117.1L128,187.7l-79.2-52V18.9z M94.7,65H68.8V39.1h25.9V65z M187.3,65h-79.8V47.6h79.8V65z M187.3,97.4H68.8V80h118.5V97.4z M187.3,129.9H68.8v-17.4h118.5V129.9z\"/> </svg>",
                "category_id": 16,
                "plan_id": "",
                "usage": 1044,
                "favcount": 37,
                "frontend_description": "## Introduction\r\n\r\nWelcome to 'Newsletter E-Mail,' your go-to tool for creating compelling and reader-friendly newsletters. Designed to keep your audience updated and engaged with your brand, this tool ensures that you communicate effectively with your subscribers.\r\n\r\nWhether you want to share news, updates, or promotions for your brand or product, the 'Newsletter E-Mail' template provides a streamlined process to help you craft captivating newsletters.\r\n\r\n## Key Functionalities\r\n\r\nAlthough simple to use, the 'Newsletter E-Mail' template boasts key features that promote ease and efficiency:\r\n\r\n- **Tailored Content Generation:** The tool asks you a number of questions regarding your product/ brand, your business's nature, and the topics you want to cover in the newsletter. It leverages your responses to generate custom-fit content for your business's needs.\r\n- **Multiple Topic Coverage:** You can cover up to 3 different topics or updates in one newsletter, providing a comprehensive update to your audience.\r\n\r\n## How to Use the Tool\r\n\r\n1. **Product/Brand Name**: Enter the name of your product or brand.\r\n2. **Description**: Briefly describe what your business or brand is about. This helps set the tone and context of the newsletter.\r\n3. **Newsletter Theme:** Specify the main theme or topic of your newsletter.\r\n4. **Updates/Topics:** Share detailed information on the 1st, 2nd, and 3rd update or topic you want to feature in the newsletter.\r\n5. After answering these questions, click on the \"Create Content\" button to generate your newsletter.\r\n\r\n## Tips for Using the Tool\r\n\r\n- **Be Specific**: The more specific and targeted your responses to the questions, the more relevant and engaging your newsletter will be.\r\n- **Test Different Themes**: Don't be afraid to experiment with different themes for your newsletters. This will keep your content diverse and reader-engaging.\r\n- **Regular Updates**: Frequent newsletters keep your audience engaged, consider sending weekly or bi-weekly updates.\r\n\r\n## FAQ's\r\n\r\n1. **Q**: What should I input in the 'Product/Brand Name' field?\r\n    \r\n    **A**: Enter the name of the product or brand the newsletter is about. For instance, if you're writing a newsletter for 'X Coffee Shop', that's what you input here.\r\n    \r\n2. **Q**: What should I write in the 'What's Your Business About?' section?\r\n    \r\n    **A**: Briefly describe what your business or brand does. If your business is a coffee shop, you might describe it as 'a cozy downtown café serving artisan coffee and homemade pastries'.\r\n    \r\n3. **Q**: How should I define the 'theme' for the newsletter?\r\n    \r\n    **A**: The theme or main topic determines the central focus of your newsletter. It could be a recent event, a new product release or an ongoing sale. Ensure it's relevant to your brand and of interest to your subscribers.\r\n    \r\n4. **Q**: What do '1st, 2nd, and 3rd updates/topics' mean?\r\n    \r\n    **A**: These are the individual pieces of news or updates you want to share in the newsletter. It could be the launch of a new product, upcoming events, exclusive deals, or any relevant information you want to share with your audience.\r\n    \r\n5. **Q**: Do I need to fill in all the different topic fields?\r\n    \r\n    **A**: It's recommended, as it allows the AI to generate a more comprehensive and balanced newsletter. However, if you only have one or two updates to share, you can skip the remaining fields.\r\n    \r\n6. **Q**: I submitted my information, but I am not happy with the output. What can I do?\r\n    \r\n    **A**: Feel free to adjust your inputs and try again. Sometimes, tweaking the phrasing or details you provide can significantly change the outcome.\r\n    \r\n7. **Q**: How long does it take for the AI to generate a newsletter?\r\n    \r\n    **A**: The AI works in real-time and should provide your newsletter copy within a few seconds of clicking 'Create Content'.\r\n    \r\n8. **Q**: Can I use this template without having knowledge regarding newsletters?\r\n    \r\n    **A**: Yes, absolutely. Our 'Newsletter E-Mail' template is designed to guide you through the process, making it easy to generate professional-level newsletters regardless of your experience level.\r\n    \r\n9. **Q**: Will my newsletter be unique?\r\n    \r\n    **A**: Yes, the AI generates unique content based on the input you provide.\r\n    \r\n10. **Q**: Is there a word limit for each topic update?\r\n    \r\n    **A**: There's no specific limit, but keep in mind that brevity is key in newsletter communication. Clear, concise updates are more likely to engage your readers.\r\n    \r\n\r\n## Feedback\r\n\r\nWe value your feedback! Share your experiences and suggestions for improving the 'Newsletter E-Mail' template by clicking on this link: [feedback link](https://websitelearners.typeform.com/gravityai#name=newsletter-e-mail)",
                "created_at": "2023-07-18T05:48:57.000000Z",
                "updated_at": "2025-03-13T15:25:38.000000Z",
                "is_multiprompt": false,
                "website_title": null,
                "allow_website": 0,
                "website_input_title": null,
                "website_input_placeholder": null,
                "category_name": "E-mail Tools",
                "bgImage": "https://gravitywrite.sgp1.digitaloceanspaces.com/gw/i64tYC9ijq88xHX7sHqoqqD0oGq9UHdU3lOdNeC4.svg",
                "iconColor": "#0137db"
            },
            {
                "id": 127,
                "title": "Newsletter E-Mail Pro",
                "slug": "newsletter-e-mail-pro",
                "description": "Craft compelling and personalized email newsletters effortlessly, driving engagement and conversions with your audience!",
                "frontend_headline": "Turn Ideas into Conversion-Driven Email Newsletters Instantly",
                "icon_type": "icon",
                "icon_content": "fa-solid fa-envelope-circle-check",
                "category_id": 16,
                "plan_id": "1",
                "usage": 219,
                "favcount": 17,
                "frontend_description": "### Introduction:\r\n\r\nThe 'Newsletter E-Mail Pro' template allows you to effortlessly create compelling and personalized email newsletters to drive engagement and conversions with your audience. By answering a few simple questions, you can craft a professional newsletter that resonates with your subscribers.\r\n\r\n### Key Functionalities\r\n\r\n- Personalized content creation\r\n- Easy-to-use interface\r\n- Customizable email templates\r\n- Tracking and analytics features (optional)\r\n\r\n### How to Use the Tool:\r\n\r\n1. Start by entering your Product/Brand Name.\r\n2. Describe what you are selling or promoting, including key features.\r\n3. Identify your Ideal Customer by describing their interests.\r\n4. Specify the theme or main topic for this newsletter.\r\n5. List the subtopics you want to include and allocate word counts for each.\r\n6. Define the purposes and goals of the newsletter.\r\n7. Indicate the desired word count for the entire newsletter.\r\n8. Press \"Create Content\" to generate your newsletter.\r\n\r\n### Tips for Using the Tool\r\n\r\n- Keep your content relevant and engaging to your target audience.\r\n- Use images and visuals to enhance the email newsletter.\r\n- Test your email newsletter on different devices for optimal viewing experience.\r\n- Monitor the performance of your newsletter through tracking and analytics.\r\n\r\n### FAQ's\r\n\r\n1. **Q**: What exactly is 'Newsletter E-Mail Pro'?\r\n    \r\n    **A**: 'Newsletter E-Mail Pro' is a template that aids you in creating compelling and personalized email newsletters with ease. It helps you create content that can engage your audience and boost conversions.\r\n    \r\n2. **Q**: How do I input details about my business?\r\n    \r\n    **A**: To provide details about your business, you simply need to answer the question \"What's Your Business About?\" in the provided form. Be sure to give an appropriate and comprehensive summary of what your business entails.\r\n    \r\n3. **Q**: How do I define my ideal customer?\r\n    \r\n    **A**: In the question \"Who is your Ideal Customer?\", describe their interests as accurately as possible. This helps in crafting a newsletter that will resonate best with your target demographic.\r\n    \r\n4. **Q**: What should I write in the main topic for this newsletter?\r\n    \r\n    **A**: For the query \"Specify the theme (or the main topic )for this newsletter\", input the central theme or main subject matter that you wish your newsletter to focus on.\r\n    \r\n5. **Q**: Can I choose what subtopics I want in the newsletter?\r\n    \r\n    **A**: Yes, you can. For the question: \"Could you list the subtopics you want to include in the newsletter?\" simply list out the supporting topics you want to discuss in your newsletter.\r\n    \r\n6. **Q**: How do I decide the word count for each topic within the newsletter?\r\n    \r\n    **A**: You can determine the word count allocated for each topic based on its importance or depth. Fill this in the \"How many words should be allocated for each topic within the newsletter?\" field.\r\n    \r\n7. **Q**: What if I have specific goals for my newsletter?\r\n    \r\n    **A**: If you have specific purposes and goals for your newsletter, you can specify them in the question: \"What are the specific purposes and goals of this newsletter?\"\r\n    \r\n8. **Q**: How can I dictate the action my audience should take after engaging with the newsletter?\r\n    \r\n    **A**: You can dictate this in the response to \"What action do you want the audience to take after engaging with your content?\" This will shape the call-to-action within the newsletter.\r\n    \r\n9. **Q**: How do I determine the overall word count of my newsletter?\r\n    \r\n    **A**: The question, \"What is the desired word count for the entire newsletter?\" lets you specify the total word count. This can be determined based on your preferences or the attention span of your target audience.\r\n    \r\n10. **Q**: What do I do after I have filled in all my responses?\r\n    \r\n    **A**: After you've filled out all the responses, simply click \"Create Content\". This will then generate your custom newsletter using AI technology.\r\n    \r\n\r\n### Feedback\r\n\r\nWe welcome your feedback on the 'Newsletter E-Mail Pro' template. Share your experiences and suggestions for improvements by clicking this link: [Feedback Form](https://websitelearners.typeform.com/gravityai#name=newsletter-e-mail-pro)",
                "created_at": "2023-07-18T06:58:10.000000Z",
                "updated_at": "2025-03-08T10:03:33.000000Z",
                "is_multiprompt": false,
                "website_title": null,
                "allow_website": 0,
                "website_input_title": null,
                "website_input_placeholder": null,
                "category_name": "E-mail Tools",
                "bgImage": "https://gravitywrite.sgp1.digitaloceanspaces.com/gw/i64tYC9ijq88xHX7sHqoqqD0oGq9UHdU3lOdNeC4.svg",
                "iconColor": "#0137db"
            },
            {
                "id": 128,
                "title": "Image Content of the Landing Page",
                "slug": "image-content-of-the-landing-page",
                "description": "This tool helps you visualize your website content by providing image prompts in your chosen artistic style.",
                "frontend_headline": "Channel your creative vision into visuals for your site.",
                "icon_type": "icon",
                "icon_content": "fa-solid fa-file-image",
                "category_id": 24,
                "plan_id": "1",
                "usage": 5359,
                "favcount": 55,
                "frontend_description": "## Introduction\r\n\r\nThe 'Image Content of the Landing Page' Template is a smart tool designed with the purpose of enhancing your website aesthetics and guiding your content visualization process. With this tool, you can visualize your website content in an artistic style of your choice. This innovative functionality brings aesthetics and artistry to your landing page, making it more engaging and appealing.\r\n\r\n## Key Functionalities of the Tool\r\n\r\n- Multi-art style options: The tool allows users to select from a diverse range of art forms. This includes modernist, impressionist, cubist, and many others.\r\n- Content Visualization: This tool enhances your content visualization process by providing image prompts based on the content of your website.\r\n\r\n## How To Use The Tool\r\n\r\n1. Launch the GravityWrite UI and select the 'Image Content of the Landing Page' Template.\r\n2. When prompted, enter the content of your website. This will provide a context for the image prompts.\r\n3. Select the art form that you desire. This will determine the artistic style of the image prompts.\r\n4. Finally, click on \"Create Content\". The tool will generate an array of diverse image prompts based on the artistic style and website content that you submitted.\r\n\r\n## Tips for using the tool\r\n\r\n- To get the most relevant and aesthetically pleasing images, provide as much detailed information about your website content as possible during the input phase.\r\n- Experiment with different art forms to understand which style aligns best with your brand image.\r\n- Review the generated images carefully and select the ones that best represent and enhance your website content.\r\n\r\n## **FAQ for Tools**\r\n\r\n1. **Q:** I didn't get any output after entering my data. What could be the problem?\r\n    \r\n    **A**: Please ensure you have filled in both the prompts - the content of your website and the desired art form. After this, click on the 'Create Content' button.\r\n    \r\n2. **Q:** How specific do I need to be when entering the art style?\r\n    \r\n    **A**: Being more specific will help the AI generate more accurate results. Instead of entering just \"modern,\" for instance, try \"cubist\" or \"abstract.\"\r\n    \r\n3. **Q:** Can I use this tool to generate images for my blog?\r\n    \r\n    **A**: Definitely! You can use this tool to visualize any form of content, not just website content.\r\n    \r\n4. **Q**: The output doesn't match the art form I requested. Why did this happen?\r\n    \r\n    **A**: The AI does its best to interpret and implement specified art forms, but artwork is subjective. Keep in mind that results may not always be perfectly in line with expectations.\r\n    \r\n5. **Q**: Which types of art forms are supported?\r\n    \r\n    **A**: This tool is designed to understand a variety of art forms, from traditional styles like impressionism and cubism to more modern digital art styles.\r\n    \r\n6. **Q**: Will the images be copyrighted?\r\n    \r\n    **A**: The images generated are just prompts. You still need to create the actual image or hire a graphic artist to execute the idea. We don't provide copyrighted images.\r\n    \r\n7. **Q**: Is there a limit on the website content I can enter?\r\n    \r\n    **A**: To ensure the AI can process your request efficiently, try to keep your content brief yet detailed.\r\n    \r\n8. **Q**: I received an error message after clicking 'Create Content'. How do I solve this?\r\n    \r\n    **A**: Try refreshing the page or checking your internet connection. If the problem persists, reach out to our support team.\r\n    \r\n9. **Q**: Can I use this tool for non-English content?\r\n    \r\n    **A**: Currently, our tool operates most efficiently with English content. We're continuously working on supporting more languages in the future.\r\n    \r\n\r\n## Feedback\r\n\r\nYour feedback is highly valuable to us. It assists us in improving the tool and enhancing your user experience. We welcome your experiences, comments, suggestions, and ideas. Please follow this link [[LINK]](https://websitelearners.typeform.com/gravityai#name=image-content-of-the-landing-page) to provide your feedback.",
                "created_at": "2023-07-20T04:39:23.000000Z",
                "updated_at": "2025-03-16T17:57:27.000000Z",
                "is_multiprompt": false,
                "website_title": null,
                "allow_website": 0,
                "website_input_title": null,
                "website_input_placeholder": null,
                "category_name": "Website Content",
                "bgImage": "https://gravitywrite.sgp1.digitaloceanspaces.com/gw/qU2R0S9oERGm5QDaOdpjGRn5vLA0ZOdAP7lvZ0OL.svg",
                "iconColor": "#00b353"
            },
            {
                "id": 119,
                "title": "Email Subject Lines",
                "slug": "email-subject-lines",
                "description": "An AI tool that writes captivating email subject lines, following proven copywriting principles to reel in your audience.",
                "frontend_headline": "Create Subject Lines that Get Your Emails Opened Every Time",
                "icon_type": "icon",
                "icon_content": "fa-solid fa-envelopes-bulk",
                "category_id": 16,
                "plan_id": "",
                "usage": 5545,
                "favcount": 47,
                "frontend_description": "## Introduction\r\n\r\nThe 'Email Subject Lines' template on GravityWrite is an AI-powered tool designed to help you craft captivating subject lines for your emails. By following proven copywriting principles, this tool aims to grab the attention of your audience and increase your email open rates.\r\n\r\n## Key Functionalities\r\n\r\n- The tool prompts you to answer key questions about your email, such as the primary goal of reaching out and the type of email you are sending.\r\n- It provides guidelines for creating subject lines that are concise, clear, and personalized to the recipient.\r\n- The tool allows you to input the draft of your email, which it uses to tailor the subject line for maximum impact.\r\n\r\n## How to Use the Tool\r\n\r\n1. Start by entering the primary goal or reason you are reaching out to the recipient.\r\n2. Specify the type of email you are planning to send.\r\n3. Provide the draft of the email you are sending.\r\n4. Press \"Create Content\" to generate a captivating subject line for your email.\r\n\r\n## Tips for Using the Tool\r\n\r\n- Answer the questions truthfully and thoughtfully to ensure the subject line is relevant and engaging.\r\n- Use emojis to add a touch of personality and convey emotion in your subject line.\r\n\r\n## FAQ's\r\n\r\n1. **Q**: What kind of information should I provide in the \"primary goal\" field?\r\n    \r\n    **A**: The system needs a brief explanation of the purpose of your email. For instance, whether it is to introduce a new product, offer a discount, or invite recipients to an event etc.\r\n    \r\n2. **Q**: I'm unsure about what to fill in the \"type of email\" field?\r\n    \r\n    **A**: You should provide the category of email you intend to send. Examples could include promotional email, newsletter, event invitation, product launch, or follow-up email etc.\r\n    \r\n3. **Q**: What should I write in the \"draft of the email\" field?\r\n    \r\n    **A**: You should provide a brief overview or actual content of the email you intend send. This helps the AI understand the context and generate a suitable subject line that aligns with your content.\r\n    \r\n4. **Q**: Do I need to submit a full draft email in order to create the subject line?\r\n    \r\n    **A**: No, it's not required to submit a full draft. Just a summary or some key points that sufficiently describe the content of your email will suffice.\r\n    \r\n6. **Q**: What can I do if the generated subject line is not what I expected?\r\n    \r\n    **A**: You are able to modify the parameters and try again for a new result. The AI uses the information you provide to generate the subject line, so changes can lead to different outputs.\r\n    \r\n9. **Q**: Can this tool help me with writing the actual email, instead of just the subject?\r\n    \r\n    **A**: Currently, this AI tool is designed to generate email subject lines only. However, providing your draft email can help the system to create more relevant and catchy subject lines.\r\n    \r\n10. **Q**: Is there a guarantee that these subject lines will increase my email open rates?\r\n    \r\n    **A**: While we follow proven copywriting principles and the AI is trained to create engaging subject lines, we cannot guarantee an increase in email open rates as it can also depend on other factors such as the content of your mail, the recipient's preferences and so on.\r\n    \r\n\r\n## Feedback\r\n\r\nWe value your feedback on the 'Email Subject Lines' template. Please share your experiences and suggestions for improvement by filling out this form: [Feedback Form](https://websitelearners.typeform.com/gravityai#name=email-subject-lines)",
                "created_at": "2023-07-07T03:30:43.000000Z",
                "updated_at": "2025-03-16T06:54:08.000000Z",
                "is_multiprompt": false,
                "website_title": null,
                "allow_website": 0,
                "website_input_title": null,
                "website_input_placeholder": null,
                "category_name": "E-mail Tools",
                "bgImage": "https://gravitywrite.sgp1.digitaloceanspaces.com/gw/i64tYC9ijq88xHX7sHqoqqD0oGq9UHdU3lOdNeC4.svg",
                "iconColor": "#0137db"
            },
            {
                "id": 117,
                "title": "Individual Service - Full Page",
                "slug": "individual-service-full-page",
                "description": "Create informative and captivating service webpage content that perfectly markets your products, all in a jiffy.",
                "frontend_headline": "Transform your ideas into engaging service webpage content",
                "icon_type": "icon",
                "icon_content": "fa-solid fa-user-gear",
                "category_id": 24,
                "plan_id": "",
                "usage": 6681,
                "favcount": 61,
                "frontend_description": "## Introduction\r\n\r\nThe 'Individual Service - Full Page' template is a pivotal tool designed for crafting full-page content for your services or products. The strength of this template lies in its ability to transform basic information about your offering into captivating content that can allure potential customers towards your product or service. interactive tool is user-friendly and can help you achieve compelling content with minimal effort and time.\r\n\r\n## Key Functionalities\r\n\r\nAlthough the 'Individual Service - Full Page' template is fundamental in function, it harbors some key features that make it both effective and efficient for users.\r\n\r\n- Produces Full-page Service Description: This tool generates a comprehensive and detailed description of your product or service which can greatly assist marketing efforts.\r\n- Word Control: The user gets to dictate how verbose the description should be. Provide your max word count and the template will comply.\r\n\r\n## How To Use The Tool\r\n\r\n1. Open the 'Individual Service - Full Page' template\r\n2. On encountering the question \"Describe your Product / Service\", offer accurate and concise detail about your service or product.\r\n3. Next, you'll be asked to \"Enter Maximum words\". This is an optional step, which allows you to limit the length of the generated content.\r\n4. Hit \"Create Content\". Now relax and let the AI do its work.\r\n5. After a brief moment, the AI will present you with a professionally constructed full-page description of your product or service.\r\n\r\n## Tips for using the tool\r\n\r\n- Accuracy: Provide as many specifics about your product/service as you can to get the best results.\r\n- Word Count: Use the 'Enter Maximum words' feature judiciously. SEO best practices suggest that web-page content should ideally be around 300 to 700 words for optimum readability and engagement.\r\n\r\n## **FAQ's for Tools**\r\n\r\n1. **Q**: How do I use the 'Individual Service - Full Page' template?\r\n    \r\n    **A**: To use this template, you'll need to provide two pieces of information: a detailed description of your product or service, and the maximum word count you desire for the landing page. Once you've entered this information, just click on 'Create Content', and the AI will create an engaging service webpage for you.\r\n    \r\n2. **Q**: What should I write in the description of my product/service?\r\n    \r\n    **A**: Provide as much detailed information as you can about your product or service. Mention all its features, benefits, how it helps the customer, pricing, or any other information you think will be useful for your audience.\r\n    \r\n3. **Q**: How do I choose the 'Maximum words'?\r\n    \r\n    **A**: This should ideally be the length you desire for your page. Just bear in mind that a lengthy content can be exhaustive for readers, while too small text may not include all essential details. A range between 300-500 words is usually ideal for service webpages.\r\n    \r\n4. **Q**: Can I generate content for any product or service with this template?\r\n    \r\n    **A**: Yes, this template is versatile and designed to generate compelling content for any kind of individual product or service.\r\n    \r\n5. **Q**: How accurate will the generated content be?\r\n    \r\n    **A**: The accuracy of the generated content heavily relies on the detailed description you provide. The more informative your description is, the more accurately the AI can generate relevant content.\r\n    \r\n6. **Q**: Can I use the generated content directly on my webpage?\r\n    \r\n    **A**: Yes, the AI is designed to generate ready-to-use content that requires little to no editing. However, you might want to tweak it a bit to give it a personal touch or to ensure that it aligns perfectly with your brand's tone and style.\r\n    \r\n7. **Q**: What if I want more than one page?\r\n    \r\n    **A**: For each additional page, you'll need to run the tool separately. Remember to provide a different detailed description for a varied output each time.\r\n    \r\n8. **Q**: What if the generated content is not satisfactory?\r\n    \r\n    **A**: If you're not satisfied with the generated content, you can always run the tool again with a refined or different description. Sometimes, a slight change can produce dramatically different results.\r\n    \r\n\r\n## Feedback\r\n\r\nYour experience with our tool is of great importance to us. If you have any suggestions on how we can improve this tool or if you have questions, please don't hesitate to leave your feedback [here](https://websitelearners.typeform.com/gravityai#name=individual-service-full-page). We appreciate your help in making our tool better.",
                "created_at": "2023-07-06T06:26:21.000000Z",
                "updated_at": "2025-03-17T05:55:56.000000Z",
                "is_multiprompt": false,
                "website_title": null,
                "allow_website": 0,
                "website_input_title": null,
                "website_input_placeholder": null,
                "category_name": "Website Content",
                "bgImage": "https://gravitywrite.sgp1.digitaloceanspaces.com/gw/qU2R0S9oERGm5QDaOdpjGRn5vLA0ZOdAP7lvZ0OL.svg",
                "iconColor": "#00b353"
            },
            {
                "id": 116,
                "title": "Promotion E-Mail",
                "slug": "promotion-e-mail",
                "description": "This AI tool pens engaging marketing emails for your product or service, in any language you need.",
                "frontend_headline": "Easily create compelling email campaigns for business.",
                "icon_type": "icon",
                "icon_content": "fa-solid fa-rectangle-ad",
                "category_id": 16,
                "plan_id": "",
                "usage": 4016,
                "favcount": 47,
                "frontend_description": "## Introduction\r\n\r\nThe 'Promotion E-Mail' template on GravityWrite is a powerful AI tool designed to help you craft compelling marketing emails for your products or services in any language you desire. With just a few simple steps, you can create professional and engaging email content to attract and retain customers.\r\n\r\n## Key Functionalities\r\n\r\n- This template allows you to describe your product or service in detail, providing the AI with the necessary information to generate a customized marketing email tailored to your target audience.\r\n- The tool offers versatility in language options, enabling you to reach a wider global audience with your promotional messages.\r\n\r\n## How to Use the Tool\r\n\r\n1. Begin by describing your product or service in the input field provided.\r\n2. Once you have entered the necessary information, press the \"Create Content\" button to prompt the AI to generate a marketing email for you.\r\n3. Review the generated email content and make any desired edits or adjustments before sending it out to your audience.\r\n\r\n## Tips for Using the Tool\r\n\r\n- Be concise and clear in your product or service description to ensure the email content is on point.\r\n- Customize the generated email further by adding specific details or calls-to-action to make it more impactful.\r\n- Test different variations of the email to see what resonates best with your audience.\r\n\r\n## FAQ's\r\n\r\n1. **Q**: How do I use the Promotion-Mail template on this AI writing tool?\r\n    \r\n    **A**: To use the Promotion E-Mail template, simply describe your product or service in the designated prompt on the tool and press \"Create Content\" to generate an engaging marketing email.\r\n    \r\n2. **Q**: What kind of content can I expect from the Promotion E-Mail template?\r\n    \r\n    **A**: The Promotion E-Mail template will generate engaging marketing emails tailored to your product or service, showcasing its unique features and benefits to attract your target audience.\r\n    \r\n3. **Q**: Can I customize the content generated by the Promotion E-Mail template?\r\n    \r\n    **A**: While you cannot customize the generated content within the template, you can always edit and personalize the email further before sending it out to your audience.\r\n    \r\n5. **Q**: Will the marketing emails generated by the Promotion E-Mail template be tailored to my target audience?\r\n    \r\n    **A**: Yes, the marketing emails generated by the Promotion E-Mail template will be based on your product or service description and will be crafted to appeal to your target audience.\r\n    \r\n6. **Q**: Can I use the content generated by the Promotion E-Mail template for multiple email campaigns?\r\n    \r\n    **A**: Yes, you can use the content generated by the Promotion E-Mail template for multiple email campaigns for your product or service.\r\n    \r\n7. **Q**: Are there any limitations to the length or format of the marketing emails generated by the Promotion E-Mail template?\r\n    \r\n    **A**: The marketing emails generated by the Promotion E-Mail template are designed to be concise and engaging, following a standard email format suitable for promotions.\r\n    \r\n8. **Q**: How can I ensure that the marketing emails generated by the Promotion E-Mail template are effective?\r\n    \r\n    **A**: To ensure the effectiveness of the marketing emails, make sure to provide a detailed and accurate description of your product or service in the prompt so that the generated content accurately represents your offering.\r\n    \r\n9. **Q**: Can I save the generated marketing emails for future use or reference?\r\n    \r\n    **A**: While there is no specific feature to save the generated content within the tool, you can always copy and paste the email text into a document or email draft for future use.\r\n    \r\n10. **Q**: Is there a limit to the number of marketing emails I can generate using the Promotion E-Mail template?\r\n    \r\n    **A**: There is typically no limit to the number of marketing emails you can generate using the Promotion E-Mail template, allowing you to create multiple emails for different campaigns or purposes.\r\n    \r\n\r\n## Feedback\r\n\r\nWe value your feedback and suggestions for improving the '4. Promotion E-Mail' template. Please share your experiences and ideas with us using the following link:  [Feedback Form](https://websitelearners.typeform.com/gravityai#name=promotion-e-mail)",
                "created_at": "2023-07-06T04:31:31.000000Z",
                "updated_at": "2025-03-16T05:22:42.000000Z",
                "is_multiprompt": false,
                "website_title": null,
                "allow_website": 0,
                "website_input_title": null,
                "website_input_placeholder": null,
                "category_name": "E-mail Tools",
                "bgImage": "https://gravitywrite.sgp1.digitaloceanspaces.com/gw/i64tYC9ijq88xHX7sHqoqqD0oGq9UHdU3lOdNeC4.svg",
                "iconColor": "#0137db"
            },
            {
                "id": 134,
                "title": "Song Lyrics Designer",
                "slug": "song-lyrics-designer",
                "description": "This AI tool guides you in creating song lyrics with a clear narrative and structure, resonating deeply with your audience.",
                "frontend_headline": "Capture Your Audience's Heart with Perfectly Written Song Lyrics",
                "icon_type": "icon",
                "icon_content": "fa-solid fa-music",
                "category_id": 25,
                "plan_id": "",
                "usage": 77634,
                "favcount": 615,
                "frontend_description": "## Introduction\r\n\r\nWelcome to the **2D Video Script Generator**! This cutting-edge tool transforms children's stories into engaging and fun 2D animation scripts. Crafted with simplicity and creativity in mind, this template is perfect for captivating a child's imagination through imaginative narration and dialogue. Whether you're an educator, parent, or content creator, this tool helps bring stories to life as compelling animated video scripts.\r\n\r\n## Key Functionalities of the Tool\r\n\r\n- **Automated Script Creation**: Converts text stories into a formatted script ready for animation.\r\n- **Scene Separation**: Organizes your story into distinct scenes, ensuring a clear progression.\r\n- **Child-Friendly Narration**: Ensures narration is engaging and suitable for young audiences.\r\n- **Basic Dialogue Integration**: Includes simple dialogues to enhance storytelling.\r\n\r\n## How To Use The Tool\r\n\r\n1. **Enter Your Story**:\r\n    - Begin by entering your children's story in the specified input field labeled \"✨ Enter your Story!\"\r\n2. **Create Content**:\r\n    - Once your story is entered, click on the \"Create Content\" button to generate the script.\r\n3. **Review Your Script**:\r\n    - The tool will transform the input story into a formatted script. Each scene will be divided as per the original story layout, providing narration and dialogue that adhere to child-friendly standards.\r\n\r\n## Tips for Using the Tool\r\n\r\n- **Ensure Clarity**: Keep your original story clear and straightforward, as this will lead to a more cohesive script.\r\n- **Maintain Simplicity**: Use simple vocabulary and concepts, aligning with children's comprehension levels.\r\n- **Focus on Engagement**: Think about elements that will captivate a child's interest, like vibrant descriptions and playful dialogues.\r\n- **Scene Structure**: Break down your story into well-defined scenes to enhance clarity and flow in the resulting script.\r\n\r\n## FAQ’s\r\n\r\n1. **Q**: What type of stories should I use for the 2D Video Script Generator?\r\n    \r\n    **A**: Use simple and engaging children's stories that are easy to divide into scenes. Ensure the stories have clear storylines, with beginnings, middles, and ends, to make script generation straightforward.\r\n    \r\n2. **Q**: How should I enter my story into the tool?\r\n    \r\n    **A**: Simply type or paste your story into the \"Enter your Story\" input box. Make sure your story is divided into scenes for better script organization.\r\n    \r\n3. **Q**: What happens if my story is too complex?\r\n    \r\n    **A**: The tool simplifies complex stories to maintain children's interest. Try to simplify your story before inputting if possible.\r\n    \r\n4. **Q**: What age group is the script intended for?\r\n    \r\n    **A**: The script is crafted for young children. It uses simple, engaging language suitable for ages 3-8.\r\n    \r\n5. **Q**: Can I edit the generated script if needed?\r\n    \r\n    **A**: Yes, you can edit the script after it’s generated to match your specific requirements or style.\r\n    \r\n6. **Q**: What if I don’t like the generated script?\r\n    \r\n    **A**: You can adjust your original story or the scene divisions and re-generate a new script, or make personal edits to the provided script.\r\n    \r\n\r\n## Feedback\r\n\r\nWe value your insights and suggestions. Please share your experiences or offer feedback on how we can enhance the 2D Video Script Generator. Visit our feedback page at: [Feedback Form](https://websitelearners.typeform.com/gravityai#name=2D%20Video%20Script%20Generator)",
                "created_at": "2023-08-25T06:24:36.000000Z",
                "updated_at": "2025-03-17T06:31:16.000000Z",
                "is_multiprompt": false,
                "website_title": null,
                "allow_website": 0,
                "website_input_title": null,
                "website_input_placeholder": null,
                "category_name": "Music Tools",
                "bgImage": "https://gravitywrite.sgp1.digitaloceanspaces.com/gw/7MczPAlxWRrTmM0yZWLmUZ5ua87UqdqghtuO4qwv.svg",
                "iconColor": "#0b72d9"
            },
            {
                "id": 115,
                "title": "Get Service Descriptions",
                "slug": "get-service-descriptions",
                "description": "Your go-to AI tool for generating concise and engaging service descriptions, accurately representing your business's value and services.",
                "frontend_headline": "Accurate Service Descriptions to Boost your Business's Value",
                "icon_type": "svg",
                "icon_content": "<svg fill=\"currentColor\" xmlns=\"http://www.w3.org/2000/svg\" width=\"18px\" height=\"18px\" viewBox=\"0 0 52 52\" enable-background=\"new 0 0 52 52\" xml:space=\"preserve\">   <path d=\"M44,4H8C5.8,4,4,5.8,4,8v36c0,2.2,1.8,4,4,4h36c2.2,0,4-1.8,4-4V8C48,5.8,46.2,4,44,4z M12,14 c0-0.6,0.4-1,1-1h10c0.6,0,1,0.4,1,1v10c0,0.6-0.4,1-1,1H13c-0.6,0-1-0.4-1-1V14z M36,40c0,0.6-0.4,1-1,1H13c-0.6,0-1-0.4-1-1v-2 c0-0.6,0.4-1,1-1h22c0.6,0,1,0.4,1,1V40z M40,32c0,0.6-0.4,1-1,1H13c-0.6,0-1-0.4-1-1v-2c0-0.6,0.4-1,1-1h26c0.6,0,1,0.4,1,1V32z M40,24c0,0.6-0.4,1-1,1H29c-0.6,0-1-0.4-1-1v-2c0-0.6,0.4-1,1-1h10c0.6,0,1,0.4,1,1V24z M40,16c0,0.6-0.4,1-1,1H29 c-0.6,0-1-0.4-1-1v-2c0-0.6,0.4-1,1-1h10c0.6,0,1,0.4,1,1V16z\"/> </svg>",
                "category_id": 24,
                "plan_id": "1",
                "usage": 9346,
                "favcount": 49,
                "frontend_description": "## Introduction\r\n\r\nOur \"Get Service Descriptions\" is your essential tool for generating succinct and persuasive service descriptions that accurately embody your brand's value and what you have on offer. This tool will assist you in catching your potential customers' interest and presenting them with a detailed understanding of your services. The AI doing all the heavy lifting helps you save time, so you can focus on other aspects of running your business effectively.\r\n\r\n## Key Functionalities\r\n\r\nThough this template is self-sufficient and intuitive, it's important to highlight a few of its key features:\r\n\r\n1. Custom Character Limit: You can customize the character limit for each service description, allowing you to create both detailed and concise summaries as per your needs.\r\n2. Multiple Service Descriptions: Generate descriptions for multiple services at once, making it a major time-saver.\r\n3. Tailored Descriptions: The AI recreates the unique characteristics or features of your brand, assuring there's none like you out there.\r\n\r\n## How To Use The Tool\r\n\r\nOperate the tool with ease by following these steps:\r\n\r\n1. Input your Product/Brand name.\r\n2. Detail the Service(s) you want to introduce.\r\n3. Specify the Number of Words for each service. Review it as the proper word count will help ensure a thorough and succinct summary per your requirements.\r\n4. Finally, click on \"Create Content\"; let the AI do its magic and generate engaging service descriptions for you.\r\n\r\n## Tips for Using the Tool\r\n\r\nTo assure you're getting the most out of \"Get Service Descriptions,\" consider these tips:\r\n\r\n1. Be specific about your services — the more detailed you are, the more informative your output will be.\r\n2. Around 50-75 words usually make an ideal summary. However, you can modify this based on your exact needs.\r\n3. Frequently make use of the tool for different services to keep your website or portfolio up-to-date.\r\n\r\n## **FAQ's for Tools**\r\n\r\n1. **Q**: What information do I need to input in the \"Product/Brand Name\" field?\r\n    \r\n    **A**: In the \"Product/Brand Name\" field, input the specific name of your product, service, or business that you're looking to generate a description for.\r\n    \r\n2. **Q**: What should I write in the \"What Service(s) do you Provide?\" box?\r\n    \r\n    **A**: You should input a brief description of the service(s) that your business offers. Remember to be concise and specific in order to generate a precise service description.\r\n    \r\n3. **Q**: I run a business that offers multiple services. How should I list them?\r\n    \r\n    **A**: If you offer multiple services, list them individually and separate each by a comma in the \"What Service(s) do you Provide?\" field.\r\n    \r\n4. **Q**: Can I generate a service description in Spanish by using this tool?\r\n    \r\n    **A**: Currently, our AI tool only supports English. Therefore, it generates the service description in English language only.\r\n    \r\n5. **Q**: How do I determine or choose the \"No. of Words for Each Service\"?\r\n    \r\n    **A**: The \"No. of Words for Each Service\" depends on how detailed you want the descriptions to be. If you want a concise snapshot, try a lower number like 50-100 words. For more detailed descriptions, you could go for 200-300 words.\r\n    \r\n6. **Q**: What do I do after providing all the requisite details?\r\n    \r\n    **A**: Once all the necessary information is provided, click on the \"Create Content\" button to generate the service description.\r\n    \r\n7. **Q**: I pressed \"Create Content\" but nothing happened. What's the issue?\r\n    \r\n    **A**: If nothing happens after pressing \"Create Content\", ensure that you've filled all the fields correctly and try again. If the problem persists, consider refreshing the page or contact our support team.\r\n    \r\n8. **Q**: Is there a character limit for each service description?\r\n    \r\n    **A**: The only limitation is the \"No. of Words for Each Service\" that you set. Make sure to indicate a word count that best suits your requirements.\r\n    \r\n\r\n## Feedback\r\n\r\nYour input is valuable to us. If you have any advice or experience you'd like to share about 'Get Service Descriptions', don't hesitate to head over to [[LINK]](https://websitelearners.typeform.com/gravityai#name=get-service-descriptions) .\r\n\r\nWe appreciate your effort in helping us to improve continuously and hope to serve you better each day!\r\n\r\nHappy creating!",
                "created_at": "2023-07-05T05:38:28.000000Z",
                "updated_at": "2025-03-14T18:04:08.000000Z",
                "is_multiprompt": false,
                "website_title": null,
                "allow_website": 0,
                "website_input_title": null,
                "website_input_placeholder": null,
                "category_name": "Website Content",
                "bgImage": "https://gravitywrite.sgp1.digitaloceanspaces.com/gw/qU2R0S9oERGm5QDaOdpjGRn5vLA0ZOdAP7lvZ0OL.svg",
                "iconColor": "#00b353"
            },
            {
                "id": 113,
                "title": "Sales Email v2",
                "slug": "sales-email-v2",
                "description": "Your go-to tool for generating effective sales emails for your product, customized to your brand and language.",
                "frontend_headline": "Streamline your email outreach with our customizable templates.",
                "icon_type": "icon",
                "icon_content": "fa-solid fa-sack-dollar",
                "category_id": 16,
                "plan_id": "",
                "usage": 1066,
                "favcount": 28,
                "frontend_description": "## Introduction\r\n\r\nThe 'Sales Email v2' template is your ultimate tool for creating impactful sales emails tailored to your product and brand. With this template, you can easily craft persuasive emails that grab the attention of your target audience and drive conversions.\r\n\r\n## Key Functionalities\r\n\r\n- Customize sales emails with key features of your product or service\r\n- Personalize emails with your product/brand name\r\n- Define your ideal customer's interests for a more targeted approach\r\n\r\n## How to Use the Tool\r\n\r\n1. Begin by answering the questions prompted:\r\n    - What are you selling or promoting?\r\n    - Product/Brand Name\r\n    - Who is your Ideal Customer? Describe their interests.\r\n2. Press \"Create Content\" to generate your sales email.\r\n\r\n## Tips for Using the Tool\r\n\r\n- Be clear and concise in describing your product or service to create a compelling message.\r\n- Tailor the content to resonate with your ideal customer's interests and preferences.\r\n- Use action-oriented language and compelling visuals to enhance the email's effectiveness.\r\n- Test different subject lines and call-to-action strategies to optimize your email campaigns.\r\n\r\n## FAQ's\r\n\r\n1. **Q**: How can I use the 'Sales Email v2' template effectively?\r\n    \r\n    **A**: Simply input what you are selling or promoting, describe your ideal customer, and provide your product/brand name to generate a personalized sales email.\r\n    \r\n2. **Q**: What can I include in the 'What are you selling or promoting?' section?\r\n    \r\n    **A**: In this section, you should outline the key features of your product or service that you want to emphasize in your sales email.\r\n    \r\n3. **Q**: How do I describe my Ideal Customer in the 'Sales Email v2' template?\r\n    \r\n    **A**: Provide details about your ideal customer's interests, preferences, and demographics to tailor the sales email to their needs effectively.\r\n    \r\n4. **Q**: Can I customize the language and tone of the generated sales email?\r\n    \r\n    **A**: Yes, you can customize the language and tone by providing specific details about your brand and target audience in the template.\r\n    \r\n5. **Q**: Will the sales email be personalized to my brand?\r\n    \r\n    **A**: Yes, the sales email generated by the 'Sales Email v2' template will be customized to reflect your brand identity and messaging.\r\n    \r\n6. **Q**: Is the sales email generated by this template effective in driving sales?\r\n    \r\n    **A**: The sales email generated by this template is designed to be compelling and persuasive to help you achieve your sales goals.\r\n    \r\n7. **Q**: Can I edit the content of the sales email after it is generated?\r\n    \r\n    **A**: Yes, you can edit and customize the content of the sales email as needed after it is generated by the template.\r\n    \r\n8. **Q**: How long does it take to create a sales email using this template?\r\n    \r\n    **A**: Creating a sales email using the 'Sales Email v2' template is quick and efficient, saving you time and effort in your marketing efforts.\r\n    \r\n9. **Q**: Can I preview the sales email before finalizing it?\r\n    \r\n    **A**: Unfortunately, there is no preview option available in this template. It generates the content directly based on your inputs.\r\n    \r\n10. **Q**: Is there a limit to the number of sales emails I can create with this template?\r\n    \r\n    **A**: You can create as many sales emails as you need with the 'Sales Email v2' template, allowing you to tailor your marketing strategies to different target audiences.\r\n    \r\n\r\n## Feedback\r\n\r\nWe value your feedback! Share your experiences and suggestions for improving the template at [Feedback Form](https://websitelearners.typeform.com/gravityai#name=sales-email-v2)",
                "created_at": "2023-07-03T01:44:02.000000Z",
                "updated_at": "2025-03-14T12:57:52.000000Z",
                "is_multiprompt": false,
                "website_title": null,
                "allow_website": 0,
                "website_input_title": null,
                "website_input_placeholder": null,
                "category_name": "E-mail Tools",
                "bgImage": "https://gravitywrite.sgp1.digitaloceanspaces.com/gw/i64tYC9ijq88xHX7sHqoqqD0oGq9UHdU3lOdNeC4.svg",
                "iconColor": "#0137db"
            },
            {
                "id": 135,
                "title": "CV Cover Letter Crafting",
                "slug": "cv-cover-letter-crafting",
                "description": "A tool that helps you write a tailored cover letter, focusing on your qualifications, skills, and how they can benefit the company's objectives.",
                "frontend_headline": "Land your dream job with a cover letter that  highlights your strengths.",
                "icon_type": "icon",
                "icon_content": "fa-solid fa-envelope-open",
                "category_id": 19,
                "plan_id": "",
                "usage": 4016,
                "favcount": 66,
                "frontend_description": "## Introduction\r\n\r\nWelcome to the CV Cover Letter Crafting tool on gravitywrite! This tool is designed to help you write a tailored cover letter that highlights your qualifications, skills, and how they can benefit the company's objectives.\r\n\r\n## How To Use The Tool\r\n\r\n1.  Start by filling in the details of the job you are applying for.\r\n2.  Next, list your qualifications and relevant experience.\r\n3.  Identify and mention the skills and experience you have that align with the job requirements and the company's goals.\r\n4.  Finally, input the company's goals as stated in the job description.\r\n5.  Press \"Create Content\" to generate your cover letter.\r\n\r\n## Tips for Using the Tool\r\n\r\n-   Be specific and provide concrete examples when describing your qualifications and skills.\r\n-   Tailor your cover letter for each job application by customizing the content generated by the tool.\r\n-   Review and edit the generated cover letter to ensure it is error-free and effectively communicates your suitability for the job.\r\n\r\n## FAQs\r\n\r\n1.  **Q**: How does the CV Cover Letter Crafting template work?\r\n    \r\n    **A**: To use the CV Cover Letter Crafting template, you simply need to provide details about the job you are applying for, your qualifications, skills and experience that align with the job requirements and company's goals. Press \"Create Content\" to generate a tailored cover letter.\r\n    \r\n2.  **Q**: Can I customize the cover letter generated by the template?\r\n    \r\n    **A**: Yes, you can customize the cover letter generated by the template to better suit your personal style and preferences before sending it out to potential employers.\r\n    \r\n3.  **Q**: Will the cover letter created using this template be unique?\r\n    \r\n    **A**: Yes, the cover letter created using this template will be unique to you as it is based on the information you provide, making it tailored to the job you are applying for.\r\n    \r\n4.  **Q**: How can I ensure that my qualifications and skills are effectively communicated in the cover letter?\r\n    \r\n    **A**: By providing accurate and detailed information about your qualifications, skills, and experiences that align with the job requirements and company's goals, the template will help craft a cover letter that effectively highlights these aspects.\r\n    \r\n5.  **Q**: Can this template help me stand out to potential employers?\r\n    \r\n    **A**: Yes, this template can help you stand out to potential employers by focusing on your qualifications, skills, and how they can benefit the company's objectives, making your cover letter more impactful.\r\n    \r\n6.  **Q**: How important is it to align my qualifications with the job requirements and company's goals?\r\n    \r\n    **A**: It is crucial to align your qualifications with the job requirements and company's goals in your cover letter as it demonstrates to potential employers that you have done your research and are a good fit for the position.\r\n    \r\n7.  **Q**: What if I don't have all the skills mentioned in the job description?\r\n    \r\n    **A**: If you don't have all the skills mentioned in the job description, focus on highlighting the skills and experiences you do have that are relevant to the position and showcase how they can benefit the company.\r\n    \r\n8.  **Q**: Can this template help me with multiple job applications?\r\n    \r\n    **A**: Yes, this template can be used for multiple job applications by simply inputting the details of each job you are applying for and generating a tailored cover letter for each position.\r\n    \r\n9.  **Q**: How long does it take to create a cover letter using this template?\r\n    \r\n    **A**: It only takes a few minutes to create a cover letter using this template. Simply answer a few questions, press \"Create Content,\" and your tailored cover letter will be ready to go.\r\n    \r\n\r\n    \r\n\r\n## Feedback\r\n\r\nWe value your feedback! Share your experiences and suggestions for improving the CV Cover Letter Crafting tool by following this link: [Feedback Form](https://websitelearners.typeform.com/gravityai#name=CV%20Cover%20Letter%20Crafting)\r\n\r\nThank you for using the CV Cover Letter Crafting tool on gravitywrite. We hope it helps you in your job application process.",
                "created_at": "2023-08-30T01:18:26.000000Z",
                "updated_at": "2025-03-17T05:23:46.000000Z",
                "is_multiprompt": false,
                "website_title": null,
                "allow_website": 0,
                "website_input_title": null,
                "website_input_placeholder": null,
                "category_name": "Extras",
                "bgImage": "https://gravitywrite.sgp1.digitaloceanspaces.com/gw/4zsVfhtvSfm0yMAF7tuLiiln5zkXbpUJ692aZWuP.svg",
                "iconColor": "#cf414b"
            },
            {
                "id": 146,
                "title": "AI Film Script Writer",
                "slug": "ai-film-script-writer",
                "description": "Get your film scripts, filled with expressive scenes and concise dialogues. Just input your film's specifics and watch the magic unfold.",
                "frontend_headline": "Transform Your Film Ideas into Immersive Scripts",
                "icon_type": "icon",
                "icon_content": "fa-solid fa-file-lines",
                "category_id": 27,
                "plan_id": "1",
                "usage": 174092,
                "favcount": 1265,
                "frontend_description": "## Introduction\r\n\r\nWelcome to the **2D Video Script Generator**! This cutting-edge tool transforms children's stories into engaging and fun 2D animation scripts. Crafted with simplicity and creativity in mind, this template is perfect for captivating a child's imagination through imaginative narration and dialogue. Whether you're an educator, parent, or content creator, this tool helps bring stories to life as compelling animated video scripts.\r\n\r\n## Key Functionalities of the Tool\r\n\r\n- **Automated Script Creation**: Converts text stories into a formatted script ready for animation.\r\n- **Scene Separation**: Organizes your story into distinct scenes, ensuring a clear progression.\r\n- **Child-Friendly Narration**: Ensures narration is engaging and suitable for young audiences.\r\n- **Basic Dialogue Integration**: Includes simple dialogues to enhance storytelling.\r\n\r\n## How To Use The Tool\r\n\r\n1. **Enter Your Story**:\r\n    - Begin by entering your children's story in the specified input field labeled \"✨ Enter your Story!\"\r\n2. **Create Content**:\r\n    - Once your story is entered, click on the \"Create Content\" button to generate the script.\r\n3. **Review Your Script**:\r\n    - The tool will transform the input story into a formatted script. Each scene will be divided as per the original story layout, providing narration and dialogue that adhere to child-friendly standards.\r\n\r\n## Tips for Using the Tool\r\n\r\n- **Ensure Clarity**: Keep your original story clear and straightforward, as this will lead to a more cohesive script.\r\n- **Maintain Simplicity**: Use simple vocabulary and concepts, aligning with children's comprehension levels.\r\n- **Focus on Engagement**: Think about elements that will captivate a child's interest, like vibrant descriptions and playful dialogues.\r\n- **Scene Structure**: Break down your story into well-defined scenes to enhance clarity and flow in the resulting script.\r\n\r\n## FAQ’s\r\n\r\n1. **Q**: What type of stories should I use for the 2D Video Script Generator?\r\n    \r\n    **A**: Use simple and engaging children's stories that are easy to divide into scenes. Ensure the stories have clear storylines, with beginnings, middles, and ends, to make script generation straightforward.\r\n    \r\n2. **Q**: How should I enter my story into the tool?\r\n    \r\n    **A**: Simply type or paste your story into the \"Enter your Story\" input box. Make sure your story is divided into scenes for better script organization.\r\n    \r\n3. **Q**: What happens if my story is too complex?\r\n    \r\n    **A**: The tool simplifies complex stories to maintain children's interest. Try to simplify your story before inputting if possible.\r\n    \r\n4. **Q**: What age group is the script intended for?\r\n    \r\n    **A**: The script is crafted for young children. It uses simple, engaging language suitable for ages 3-8.\r\n    \r\n5. **Q**: Can I edit the generated script if needed?\r\n    \r\n    **A**: Yes, you can edit the script after it’s generated to match your specific requirements or style.\r\n    \r\n6. **Q**: What if I don’t like the generated script?\r\n    \r\n    **A**: You can adjust your original story or the scene divisions and re-generate a new script, or make personal edits to the provided script.\r\n    \r\n\r\n## Feedback\r\n\r\nWe value your insights and suggestions. Please share your experiences or offer feedback on how we can enhance the 2D Video Script Generator. Visit our feedback page at: [Feedback Form](https://websitelearners.typeform.com/gravityai#name=2D%20Video%20Script%20Generator)",
                "created_at": "2023-09-06T06:46:40.000000Z",
                "updated_at": "2025-03-17T06:28:37.000000Z",
                "is_multiprompt": false,
                "website_title": null,
                "allow_website": 0,
                "website_input_title": null,
                "website_input_placeholder": null,
                "category_name": "Film Making Tools",
                "bgImage": "https://gravitywrite.sgp1.digitaloceanspaces.com/gw/enrBCIkbzgO6tUSGx1pJ6UKSb1IFWcvpAwzQY0OT.svg",
                "iconColor": "#0b72d9"
            },
            {
                "id": 111,
                "title": "Sales Email v1",
                "slug": "sales-email-v1",
                "description": "Create sales emails that resonate with your target audience and boost your conversions.",
                "frontend_headline": "Save time and increase your email campaign effectiveness.",
                "icon_type": "svg",
                "icon_content": "<svg width=\"18px\" height=\"18px\" viewBox=\"0 0 24 24\" fill=\"currentColor\" xmlns=\"http://www.w3.org/2000/svg\">   <path fill-rule=\"evenodd\" clip-rule=\"evenodd\" d=\"M12.052 1.25H11.948C11.0495 1.24997 10.3003 1.24995 9.70552 1.32991C9.07773 1.41432 8.51093 1.59999 8.05546 2.05546C7.59999 2.51093 7.41432 3.07773 7.32991 3.70552C7.27259 4.13189 7.25637 5.15147 7.25179 6.02566C5.22954 6.09171 4.01536 6.32778 3.17157 7.17157C2 8.34315 2 10.2288 2 14C2 17.7712 2 19.6569 3.17157 20.8284C4.34314 22 6.22876 22 9.99998 22H14C17.7712 22 19.6569 22 20.8284 20.8284C22 19.6569 22 17.7712 22 14C22 10.2288 22 8.34315 20.8284 7.17157C19.9846 6.32778 18.7705 6.09171 16.7482 6.02566C16.7436 5.15147 16.7274 4.13189 16.6701 3.70552C16.5857 3.07773 16.4 2.51093 15.9445 2.05546C15.4891 1.59999 14.9223 1.41432 14.2945 1.32991C13.6997 1.24995 12.9505 1.24997 12.052 1.25ZM15.2479 6.00188C15.2434 5.15523 15.229 4.24407 15.1835 3.9054C15.1214 3.44393 15.0142 3.24644 14.8839 3.11612C14.7536 2.9858 14.5561 2.87858 14.0946 2.81654C13.6116 2.7516 12.964 2.75 12 2.75C11.036 2.75 10.3884 2.7516 9.90539 2.81654C9.44393 2.87858 9.24644 2.9858 9.11612 3.11612C8.9858 3.24644 8.87858 3.44393 8.81654 3.9054C8.771 4.24407 8.75661 5.15523 8.75208 6.00188C9.1435 6 9.55885 6 10 6H14C14.4412 6 14.8565 6 15.2479 6.00188ZM12 9.25C12.4142 9.25 12.75 9.58579 12.75 10V10.0102C13.8388 10.2845 14.75 11.143 14.75 12.3333C14.75 12.7475 14.4142 13.0833 14 13.0833C13.5858 13.0833 13.25 12.7475 13.25 12.3333C13.25 11.9493 12.8242 11.4167 12 11.4167C11.1758 11.4167 10.75 11.9493 10.75 12.3333C10.75 12.7174 11.1758 13.25 12 13.25C13.3849 13.25 14.75 14.2098 14.75 15.6667C14.75 16.857 13.8388 17.7155 12.75 17.9898V18C12.75 18.4142 12.4142 18.75 12 18.75C11.5858 18.75 11.25 18.4142 11.25 18V17.9898C10.1612 17.7155 9.25 16.857 9.25 15.6667C9.25 15.2525 9.58579 14.9167 10 14.9167C10.4142 14.9167 10.75 15.2525 10.75 15.6667C10.75 16.0507 11.1758 16.5833 12 16.5833C12.8242 16.5833 13.25 16.0507 13.25 15.6667C13.25 15.2826 12.8242 14.75 12 14.75C10.6151 14.75 9.25 13.7903 9.25 12.3333C9.25 11.143 10.1612 10.2845 11.25 10.0102V10C11.25 9.58579 11.5858 9.25 12 9.25Z\" fill=\"currentColor\"/> </svg>",
                "category_id": 16,
                "plan_id": "",
                "usage": 5011,
                "favcount": 58,
                "frontend_description": "## Introduction\r\n\r\nThe 'Sales Email v1' template is designed to help you create compelling sales emails that resonate with your target audience and drive conversions. By using this template, you can effectively promote your products or services to potential customers.\r\n\r\n## Key Functionalities\r\n\r\n- Customize sales emails with key product/service features\r\n- Tailor emails to suit the interests of your ideal customer\r\n- Set word count limits for your email content\r\n\r\n## How to Use the Tool\r\n\r\n1. Start by entering details about what you are selling or promoting, including key features.\r\n2. Describe your ideal customer's interests to personalize the email.\r\n3. Set the minimum and maximum word counts for your email.\r\n4. Enter the product/brand name for a personalized touch.\r\n5. Press \"Create Content\" to generate your sales email.\r\n\r\n## Tips for Using the Tool\r\n\r\n- Be specific and compelling in your product description to capture the reader's attention.\r\n- Tailor your email to resonate with your ideal customer by understanding their interests and pain points.\r\n- Keep your email concise and to the point to maintain the reader's interest.\r\n- Test different subject lines and calls to action to optimize your email for conversions.\r\n\r\n## FAQ's\r\n\r\n1. **Q**: How do I use the 'Sales Email v1'?\r\n    \r\n    **A**: To use the 'Sales Email v1' template, simply provide details about what you're selling, describe your ideal customer, set a minimum and maximum word count, and enter your product or brand name. Press \"Create Content\" to generate a sales email that resonates with your target audience and boosts conversions.\r\n    \r\n2. **Q**: What should I include in the description of what I'm selling?\r\n    \r\n    **A**: When describing what you're selling, be sure to include key features of your product or service that set it apart from competitors. Highlight any unique selling points to attract potential customers.\r\n    \r\n3. **Q**: How do I determine who my ideal customer is?\r\n    \r\n    **A**: Think about the interests and characteristics of the people who are most likely to be interested in your product or service. Consider their demographics, behaviors, and preferences to create a detailed description of your ideal customer.\r\n    \r\n4. **Q**: Why do I need to set a minimum and maximum word count?\r\n    \r\n    **A**: Setting a minimum and maximum word count helps ensure that your sales email is concise yet informative. This allows you to communicate key information effectively without overwhelming the reader with unnecessary details.\r\n    \r\n5. **Q**: What should I enter for the product/brand name?\r\n    \r\n    **A**: Enter the name of the product or brand that you are selling or promoting. This helps personalize the sales email and create a stronger connection with your target audience.\r\n    \r\n7. **Q**: How can I optimize the sales email generated by this template?\r\n    \r\n    **A**: To optimize the sales email, make sure to review the content for clarity, relevance, and call-to-action. Tailor the message to address the needs and interests of your target audience, and consider A/B testing different versions to see what resonates best.\r\n    \r\n8. **Q**: Can I use the 'Sales Email v1' template for different products or services?\r\n    \r\n    **A**: Yes, you can use the 'Sales Email v1' template for a variety of products or services by adjusting the description of what you're selling and the details of your ideal customer. This allows you to create targeted sales emails for different offerings within your business.\r\n    \r\n10. **Q**: Is the content generated by the 'Sales Email v1' template effective for boosting conversions?\r\n    \r\n    **A**: The content generated by the 'Sales Email v1' template is designed to resonate with your target audience and help boost conversions. By providing detailed information about your product or service and speaking to the interests of your ideal customer, the sales email created can effectively drive action and engagement.\r\n    \r\n\r\n## Feedback\r\n\r\nWe value your feedback! Share your experience and suggestions for improving the 'Sales Email v1' template [[here](https://websitelearners.typeform.com/gravityai#name=sales-email-v1)].",
                "created_at": "2023-07-03T00:31:20.000000Z",
                "updated_at": "2025-03-16T01:14:38.000000Z",
                "is_multiprompt": false,
                "website_title": null,
                "allow_website": 0,
                "website_input_title": null,
                "website_input_placeholder": null,
                "category_name": "E-mail Tools",
                "bgImage": "https://gravitywrite.sgp1.digitaloceanspaces.com/gw/i64tYC9ijq88xHX7sHqoqqD0oGq9UHdU3lOdNeC4.svg",
                "iconColor": "#0137db"
            },
            {
                "id": 1677,
                "title": "Quotes Generator",
                "slug": "quotes-generator",
                "description": "This tool helps you craft effective quotes for all your situations in no time.",
                "frontend_headline": "Get custom quotes tailored to your needs instantly.",
                "icon_type": "icon",
                "icon_content": "fa-solid fa-quotes",
                "category_id": 12,
                "plan_id": "",
                "usage": 5917,
                "favcount": 48,
                "frontend_description": "## Introduction\r\n\r\nWhether you need a motivational quote for your personal use, business purposes, or social media, the 'Quotes Generator' is a tool that helps you craft effective and meaningful quotes for any situation. This automatic generator takes your preferences into consideration to come up with unique and inspiring quotes catered specifically to your needs.\r\n\r\n## Key Functionalities of the 'Quotes Generator'\r\n\r\nThe 'Quotes Generator' offers a wide array of features to create the perfect quote.\r\n\r\n- **Theme Selection** - Choose what your quote is about. This helps the generator to create content relevant to your chosen theme.\r\n- **Real or Imaginary Quotes** - The tool gives you the freedom to decide whether you want a modified or completely original quote.\r\n- **Preferences** - Tailor-make your quotes by specifying your preferences regarding length and style.\r\n\r\n## How To Use The 'Quotes Generator'\r\n\r\nHere are the simple steps to follow:\r\n\r\n1. Specify what your quote is about.\r\n2. Choose if you want an original quote or a modified pre-existing one.\r\n3. Provide any preferences you may have about the quote's length or style.\r\n4. After providing the required information, click on 'Create Content' to get your output.\r\n\r\n## Tips for using the 'Quotes Generator'\r\n\r\n- For better results, give detailed descriptions of what your quote is about.\r\n- If you're adapting a pre-existing quote, make sure to credit the original source.\r\n- Although the tool gives you the option to choose the length and style of the quotes, we recommend keeping it simple and short so that it's easy for anyone to understand.\r\n\r\n## FAQ’s\r\n\r\n1. **Q**: How do I start using the Quotes Generator template?\r\n    \r\n    **A**: To start using our Quotes Generator, you need to answer three simple questions: What your quote about? Are you creating a real or imaginary quote? And do you have certain preferences regarding the length or style of the quotes? Once you finish answering, press \"Create Content\" to get your personally crafted quote.\r\n    \r\n2. **Q**: Can I ask for a long and complex quote?\r\n    \r\n    **A**: Absolutely! However, this template is designed to create quotes in plain, simple, and easily understandable language. If you still prefer a longer quote, mention your preference in the third question.\r\n    \r\n3. **Q**: What if I want to use an existing quote?\r\n    \r\n    **A**: If you'd like to use an existing quote, you can certainly do so! However, remember to mention who said it. Yet, this platform's main aim is to provide customized and unique quotes.\r\n    \r\n4. **Q**: I don't know what my quote should be about, can this tool help?\r\n    \r\n    **A**: While you are expected to provide the topic for your quote, you can certainly experiment with various ideas till you find a quote that resonates with you.\r\n    \r\n5. **Q**: Why shouldn't I use AI format and uncommon words in my quote?\r\n    \r\n    **A**: This tool is designed to create quotes that are easily relatable and can be understood by everyone. Using complex words or AI format might make the quote difficult to understand for some people.\r\n    \r\n6. **Q**: What kind of topics I can create quotes for?\r\n    \r\n    **A**: You can create quotes for any topic you wish. Whether it's about love, life, inspiration, motivation, or even a fun or quirky topic, this tool can generate quotes for you.\r\n    \r\n7. **Q**: Can the tool generate several quotes?\r\n    \r\n    **A**: Yes, the tool is capable of generating several quotes. However, remember to answer the questions and click \"Create Content\" for each new quote you need.\r\n    \r\n8. **Q**: I need a humorous quote, can this tool create one?\r\n    \r\n    **A**: Absolutely, this template can generate funny quotes as well. In the first question where you define the theme of your quote, be sure to specify that you want a humorous quote.\r\n    \r\n9. **Q**: Can the quote be in the form of a question?\r\n    \r\n    **A**: Yes. When answering the first question, if your quote theme suggests a question format, the tool can generate a quote in the form of a question.\r\n    \r\n10. **Q**: If I'm not happy with the generated quote, what can I do?\r\n    \r\n    **A**: If the quote generated does not meet your expectations, feel free to edit your responses and retry till you're satisfied with the output.\r\n    \r\n\r\n## Feedback\r\n\r\nWe're continuously striving to enhance your experience with the 'Quotes Generator'. We'd appreciate your feedback on the tool's usability and effectiveness. Feel free to share any issues you may have faced or suggestions for improvement at the feedback link: [Give Feedback Here](https://websitelearners.typeform.com/gravityai#name=Quotes-Generator)",
                "created_at": "2024-02-29T03:59:49.000000Z",
                "updated_at": "2025-03-17T04:17:57.000000Z",
                "is_multiprompt": false,
                "website_title": null,
                "allow_website": 0,
                "website_input_title": null,
                "website_input_placeholder": null,
                "category_name": "Writing Assistant",
                "bgImage": "https://gravitywrite.sgp1.digitaloceanspaces.com/gw/Vikgyf6gK9tQnF2tUtKfVdwZH7XtHnsOE57fhoJY.svg",
                "iconColor": "#fd3552"
            },
            {
                "id": 1564,
                "title": "Review Generator",
                "slug": "review-generator",
                "description": "A tool that makes sharing your thoughts easy by creating comprehensive and articulate reviews.",
                "frontend_headline": "Craft well-written reviews with ease and precision every time.",
                "icon_type": "icon",
                "icon_content": "fa-solid fa-star-half-stroke",
                "category_id": 37,
                "plan_id": "",
                "usage": 913,
                "favcount": 23,
                "frontend_description": "### Introduction:\r\n\r\nThe 'Review Generator' template on GravityWrite is a powerful tool designed to help you effortlessly create detailed and well-articulated reviews for any brand or shop. Whether you're sharing your thoughts on a product or service, this template makes it easy to express your opinions with clarity and precision.\r\n\r\n### Key Functionalities of the Tool:\r\n\r\nGenerate comprehensive reviews by answering simple questions.Customize the character limit for your review to suit your needs.Easily add additional comments or details to your review.\r\n\r\n### How To Use The Tool:\r\n\r\nEnter the name of the brand or shop you want to review.Provide information about the product or service you are reviewing.Specify the character limit for your review.Add any extra details or comments you want to include.Press \"Create Content\" to generate your review.\r\n\r\n### Tips for Using the Tool:\r\n\r\nBe specific and provide as much detail as possible in your responses to get a more accurate review output.Take your time to craft your answers thoughtfully to ensure a well-rounded review.Proofread your review before finalizing it to make any necessary edits or corrections.\r\n\r\n### FAQ for Tools\r\n\r\n1. **Q**: How do I use the Review Generator template?\r\n    \r\n    **A**: Simply input the name of the brand or shop, provide details about the product or service, specify the character limit, and add any additional information before clicking \" Content\" to generate your review.\r\n    \r\n2. **Q**: What kind of reviews can I create with this template?\r\n    \r\n    **A**: This template allows you to create comprehensive and articulate reviews for any brand, shop, product, or service by following the provided questions and prompts.\r\n    \r\n3. **Q**: Is there a specific format I need to follow when using this template?\r\n    \r\n    **A**: The template provides questions to guide you in creating a review, but you can format the content in your own style before generating the final output.\r\n    \r\n4. **Q**: Can I use the Review Generator template for multiple reviews?\r\n    \r\n    **A**: Yes, you can use this template multiple times to generate reviews for different brands, shops, products, or services, making it a versatile tool for sharing your thoughts.\r\n    \r\n5. **Q**: What if I exceed the character limit specified in the template?\r\n    \r\n    **A**: The character limit specified in the template ensures that your review is concise and to the point. If you exceed the limit, consider refining your content to focus on the most important aspects.\r\n    \r\n6. **Q**: Do I need to have prior writing experience to use this template?\r\n    \r\n    **A**: No prior writing experience is required to use the Review Generator template. Simply follow the provided questions and prompts to create a detailed review effortlessly.\r\n    \r\n7. **Q**: Can I share the review generated by the template on social media or other platforms?\r\n    \r\n    **A**: Yes, you can share the review generated by the template on social media, websites, blogs, or any other platform to express your thoughts and opinions about a brand, shop, product, or service.\r\n    \r\n8. **Q**: What sets the Review Generator template apart from other review-writing tools?\r\n    \r\n    **A**: The Review Generator template stands out for its simplicity, efficiency, and ability to create articulate and comprehensive reviews by guiding users through specific questions and prompts to capture their thoughts effectively.\r\n    \r\n\r\n### Feedback:\r\n\r\nWe value your feedback! If you have any suggestions or comments on how we can improve the 'Review Generator' template, please share your thoughts with us by visiting the feedback link:[[LINK]](https://websitelearners.typeform.com/gravityai#name=Review-Generator)",
                "created_at": "2024-02-15T01:13:16.000000Z",
                "updated_at": "2025-03-16T12:22:07.000000Z",
                "is_multiprompt": false,
                "website_title": null,
                "allow_website": 0,
                "website_input_title": null,
                "website_input_placeholder": null,
                "category_name": "Personal Tools",
                "bgImage": "https://gravitywrite.sgp1.digitaloceanspaces.com/gw/hnT284uMbppLY7eISXVZ5fMVchDG3SQOvB7MTSCK.svg",
                "iconColor": "#21672b"
            },
            {
                "id": 1498,
                "title": "Paragraph Generator",
                "slug": "paragraph-generator",
                "description": "Tool is designed to effortlessly create engaging and well-structured paragraphs. It ensures the output is free of grammatical mistakes and plagiarism.",
                "frontend_headline": "Generate Grammatically Correct Paragraphs on Any Topic.",
                "icon_type": "svg",
                "icon_content": "<svg fill=\"currentColor\" height=\"18px\" width=\"18px\" version=\"1.1\" id=\"Layer_1\" xmlns=\"http://www.w3.org/2000/svg\" xmlns:xlink=\"http://www.w3.org/1999/xlink\" viewBox=\"0 0 491.52 491.52\" xml:space=\"preserve\">   <g>     <g>       <g>         <polygon points=\"204.8,12.001 204.8,122.88 315.679,122.88\"/>         <path d=\"M163.84,143.36V0H20.48C9.175,0,0,9.175,0,20.48v450.56c0,11.305,9.175,20.48,20.48,20.48H307.2c11.305,0,20.48-9.175,20.48-20.48v-307.2H184.32C173.015,163.84,163.84,154.665,163.84,143.36z M225.28,409.6H81.92c-11.305,0-20.48-9.175-20.48-20.48c0-11.305,9.175-20.48,20.48-20.48h143.36c11.305,0,20.48,9.175,20.48,20.48C245.76,400.425,236.585,409.6,225.28,409.6z M225.28,327.68H81.92c-11.305,0-20.48-9.175-20.48-20.48c0-11.305,9.175-20.48,20.48-20.48h143.36c11.305,0,20.48,9.175,20.48,20.48C245.76,318.505,236.585,327.68,225.28,327.68z M245.76,225.28c0,11.305-9.175,20.48-20.48,20.48H81.92c-11.305,0-20.48-9.175-20.48-20.48c0-11.305,9.175-20.48,20.48-20.48h143.36C236.585,204.8,245.76,213.975,245.76,225.28z\"/>         <path d=\"M368.64,409.6c0,4.035,1.208,8.008,3.441,11.366l40.96,61.44c3.809,5.693,10.199,9.114,17.039,9.114c6.84,0,13.23-3.42,17.039-9.114l40.96-61.44c2.232-3.359,3.441-7.332,3.441-11.366V143.36H368.64V409.6z\"/>         <path d=\"M430.08,0c-33.874,0-61.44,27.566-61.44,61.44v40.96h122.88V61.44C491.52,27.566,463.954,0,430.08,0z\"/>       </g>     </g>   </g> </svg>",
                "category_id": 12,
                "plan_id": "",
                "usage": 52788,
                "favcount": 176,
                "frontend_description": "## Introduction\r\n\r\nThe Paragraph Generator template is a state-of-the-art tool in our AI writing platform 'GravityWrite' designed to take the stress out of crafting engaging and grammatically-correct paragraphs on any topic. The platform not only delivers unique content every time but also guarantees output that is free from grammatical errors and plagiarism. Whether you need a few sentences to jumpstart your writing or a full-length paragraph, this tool is here to help.\r\n\r\n## Key Functionalities\r\n\r\nWhile simplicity is the main strength of the Paragraph Generator template, it also provides essential features to enhance your writing experience.\r\n\r\n1. **Auto-correction**: The tool ensures that the output is grammatically correct and free of common punctuation errors.\r\n2. **Plagiarism-free content**: The generator uses AI algorithms to create unique paragraphs that have not been lifted from any source. It is a plagiarist's nightmare!\r\n\r\n## How to Use the Tool\r\n\r\nUsing the Paragraph Generator template involves an easy three-step process:\r\n\r\n1. In the designated field, type in your desired paragraph title or topic.\r\n2. For precise and effective results, make sure your topic is clear and specific. For instance, instead of \"cars\", consider inputting \"electric cars in the United States.\"\r\n3. After answering the question, press the \"Create Content\" button to get your text.\r\n\r\nThat's it! Now you can edit or use the generated paragraph as you wish.\r\n\r\n## Tips for Using the Tool\r\n\r\n1. **Be specific**: For best results, make your topic or title as specific as possible. The more details you provide, the more accurate and precise your paragraph will be.\r\n2. **Use as a starting point**: Instead of relying on the tool for a final product, use the generated paragraph as a starting point and then build upon it with your thoughts and ideas.\r\n3. **Explore different topics**: Don't hesitate to experiment with different topics, even those outside your comfort zone. You may be pleasantly surprised at the results.\r\n\r\n## FAQ's\r\n\r\n1. **Q**: How does the Paragraph Generator work?\r\n    \r\n    **A**: The Paragraph Generator uses Artificial Intelligence to create engaging and well-structured paragraphs. You just need to provide the title or topic of the paragraph you want and hit the 'Create Content' button. The tool will generate the paragraph based on your input.\r\n    \r\n2. **Q**: How can I make sure the generated paragraph is unique and not plagiarized?\r\n    \r\n    **A**: The Paragraph Generator is designed to produce unique text with no plagiarism. It generates content based on your input, making every result exclusive and different.\r\n    \r\n3. **Q:** What should I do if I don't like the paragraph generated?\r\n    \r\n    **A**: If you're not satisfied with the generated paragraph, you can always use the tool again. Just input a new title or topic and hit 'Create Content' to get a new paragraph.\r\n    \r\n4. **Q**: Can I use the Paragraph Generator tool for any topic?\r\n    \r\n    **A**: Absolutely! The Paragraph Generator can be used for any topic. Just input the title or topic of your choice and it will generate an engaging paragraph for you.\r\n    \r\n5. **Q**: What if the generated paragraph has some mistakes?\r\n    \r\n    **A**: Our Paragraph Generator is designed to ensure the output is free of grammatical mistakes. However, if you notice any error, you can edit the content accordingly.\r\n    \r\n6. **Q**: Can the Paragraph Generator help me in essay writing?\r\n    \r\n    **A**: Yes, the Paragraph Generator can assist you in essay writing. It can generate key paragraphs for your essay based on the topics you provide.\r\n    \r\n9. **Q**: Can I input more than one title or topic at a time?\r\n    \r\n    **A**: Currently, you can only input one title or topic at a time. For generating paragraphs on different topics, run the tool separately for each.\r\n    \r\n10. **Q**: Can I use the tool for commercial purposes, like writing for my blog or website?\r\n    \r\n    **A**: Yes, you can certainly use the generated content for your commercial needs. The Paragraph Generator is here to assist you in creating engaging content for any purpose.\r\n    \r\n\r\n## Feedback\r\n\r\nWe are constantly striving to improve our platform, and your feedback plays a crucial role in this endeavour. Please share your experiences, thoughts, and suggestions for enhancing the Paragraph Generator [here](https://websitelearners.typeform.com/gravityai#name=paragraph_generator).\r\n\r\nThank you for choosing 'GravityWrite' for your writing needs. Write on!",
                "created_at": "2024-02-08T23:28:23.000000Z",
                "updated_at": "2025-03-17T06:33:42.000000Z",
                "is_multiprompt": false,
                "website_title": null,
                "allow_website": 0,
                "website_input_title": null,
                "website_input_placeholder": null,
                "category_name": "Writing Assistant",
                "bgImage": "https://gravitywrite.sgp1.digitaloceanspaces.com/gw/Vikgyf6gK9tQnF2tUtKfVdwZH7XtHnsOE57fhoJY.svg",
                "iconColor": "#fd3552"
            },
            {
                "id": 1566,
                "title": "Story Maker",
                "slug": "story-maker",
                "description": "This tool helps you craft short stories easily, making storytelling fun and accessible for everyone.",
                "frontend_headline": "Turn Your Ideas into Engaging Short Stories Today",
                "icon_type": "icon",
                "icon_content": "fa-solid fa-wand-magic-sparkles",
                "category_id": 12,
                "plan_id": "1",
                "usage": 9688,
                "favcount": 120,
                "frontend_description": "## Introduction\r\n\r\nWelcome to our 'Story Maker' template. This unique tool has been designed focusing our belief in making storytelling fun and accessible for everyone. Whether you're an aspiring writer or just an enthusiast, 'Story Maker' provides a convenient and comprehensive platform to craft short stories easily.\r\n\r\n## Key Functionalities of the Tool\r\n\r\nThe 'Story Maker' template assists you in narrating impeccable stories by guiding you through optimal storytelling techniques. It takes into consideration crucial storytelling elements before crafting the final story:\r\n\r\n- Genre: Allows user to select the genre of the story.\r\n- Concept/Storyline: Enables user to provide a main concept or storyline which helps in bringing consistency and specific direction to your story.\r\n\r\n## How To Use The Tool\r\n\r\nUsing the 'Story Maker' template is quite straightforward. Follow the steps below to create your short story:\r\n\r\n1. Open the 'Story Maker' template on the GravityWrite platform.\r\n2. Answer the first question regarding your main concept or storyline for the story. The more details you provide, the better will be the final output.\r\n3. You will then answer the second question regarding your story's genre. This could be anything you find suitable for your story concept.\r\n4. After answering these questions, press the \"Create Content\" button.\r\n5. Upon clicking, the platform will generate your story based on the input guidelines and specifications provided by you.\r\n\r\n## Tips for Using the Tool\r\n\r\nHere are some handy tips to take full advantage of the 'Story Maker' tool:\r\n\r\n- Be as detailed as possible while providing your story concept.\r\n- Choose a genre that aligns well with your storyline/concept.\r\n- Remember, the 'Story Maker' tool is designed to fuel your creativity. Don't skimp on originality.\r\n\r\n## **FAQ’s**\r\n\r\n1. **Q**: How does the 'Story Maker' template help me write a story?\r\n    \r\n    **A**: The 'Story Maker' template guides you in crafting a complete story. All you need to provide is the main concept or storyline and the genre of the story. After you input these details and hit \"Create Content\", it generates a well-formed and original story for you.\r\n    \r\n2. **Q**: What if I don't know the genre of my story?\r\n    \r\n    **A**: That's okay. The template is designed to work with a wide variety of genres. You can either provide a broad genre such as adventure, romance or mystery, or you might choose to leave it vague, like contemporary or historical fiction.\r\n    \r\n3. **Q**: How detailed does my concept or storyline need to be?\r\n    \r\n    **A**: The more detailed your concept, the better story the AI can provide. However, it's fine if you only have a basic idea. The template is equipped to develop and expand on your story concept.\r\n    \r\n4. **Q**: I am not a creative person, will this template help me?\r\n    \r\n    **A**: Absolutely! This template is designed to make storytelling more accessible. Regardless of your experience or creativity level, it can help you craft a unique and engaging story.\r\n    \r\n5. **Q**: Can I use the 'Story Maker' template for academic or professional storytelling?\r\n    \r\n    **A**: Yes, you can. 'Story Maker' template is versatile enough to encompass a wide range of storytelling needs, from leisure writing, creative writing courses, to professional content creation.\r\n    \r\n6. **Q**: How long is the story that 'Story Maker' creates?\r\n    \r\n    **A**: The length of the story can vary based on the complexity of your concept. However, it's typically designed to provide short stories that are engaging and to-the-point.\r\n    \r\n7. **Q**: Can I tweak the story once it's generated?\r\n    \r\n    **A**: Sure, you can edit the output however you like. The 'Story Maker' template is here to provide a starting place and inspiration; feel free to adapt and refine the result to match your vision.\r\n    \r\n8. **Q**: Can the 'Story Maker' template create a series of connected stories?\r\n    \r\n    **A**: At the moment, this template is designed to create standalone stories. However, you could potentially use the same characters or settings in multiple templates to craft a series.\r\n    \r\n9. **Q**: What if I don't like the story generated by the template?\r\n    \r\n    **A**: If you're not satisfied with the first version, you can always modify the initial concept and genre, and try again. The intent of the template is to help you flesh out your ideas.\r\n    \r\n10. **Q**: How unique will my story be?\r\n    \r\n    **A**: The 'Story Maker' template is designed to generate unique stories based on the concept and genre you input. While it may draw upon common themes and structures within the chosen genre, the intent is to craft a story that is original and distinctive.\r\n    \r\n\r\n## Feedback\r\n\r\nYour feedback is invaluable to us. We are constantly striving to perfect our tools and your suggestions will help us improve. To share your experiences or suggestions on how we can make the 'Story Maker' tool better, please follow this link:\r\n\r\n[Feedback on Story Maker](https://websitelearners.typeform.com/gravityai#name=Story_Maker)",
                "created_at": "2024-02-15T01:29:39.000000Z",
                "updated_at": "2025-03-16T21:51:27.000000Z",
                "is_multiprompt": false,
                "website_title": null,
                "allow_website": 0,
                "website_input_title": null,
                "website_input_placeholder": null,
                "category_name": "Writing Assistant",
                "bgImage": "https://gravitywrite.sgp1.digitaloceanspaces.com/gw/Vikgyf6gK9tQnF2tUtKfVdwZH7XtHnsOE57fhoJY.svg",
                "iconColor": "#fd3552"
            },
            {
                "id": 1573,
                "title": "Thank You Note Creator",
                "slug": "thank-you-note-creator",
                "description": "This tool creates heartfelt thank you notes to express your gratitude with ease",
                "frontend_headline": "Tailor Your Thank You Notes for Every Occasion in a Jiffy!",
                "icon_type": "icon",
                "icon_content": "fa-solid fa-notes",
                "category_id": 37,
                "plan_id": "",
                "usage": 608,
                "favcount": 14,
                "frontend_description": "## Introduction\r\n\r\nWelcome to our 'Thank You Note Creator', a unique tool crafted to help you quickly create heartfelt thank you notes. This tool allows you to express your gratitude in a personalized manner, saving time and ensuring your message is conveyed clearly and concisely.\r\n\r\n## Key Functionalities of the tool\r\n\r\nBelow are some key features you can leverage while using this tool:\r\n\r\n- Customizable: The tool is flexible, allowing you to customize your thank you note based on your needs and the reason for your gratitude.\r\n- User-Friendly: With just a couple of queries, the tool will generate your thank you note without any hassle.\r\n- Versatile: Whether you are planning to send a handwritten note or an email, this tool guides you on the right format to use for each mode.\r\n\r\n## How To Use The Tool\r\n\r\n1. Open the 'Thank You Note Creator' tool\r\n2. Answer two key questions:\r\n    - What is the reason for your thank you message?\r\n    - What mode are you planning to send your note?\r\n3. After answering the questions, press 'Create Content'.\r\n4. The tool will generate a thank you note based on your inputs.\r\n5. Once your note is generated, you can copy and use as required.\r\n\r\n## Tips for using the tool\r\n\r\n- Be as specific as possible while answering the questions to get a more personalized thank you note.\r\n- Make sure to give complete details about the mode of note sending which will assist in composing the note in the most appropriate format.\r\n- Don't forget to review the generated note and make necessary modifications if required, while ensuring it retains its personal and heartfelt tone.\r\n\r\n## **FAQ’s**\r\n\r\n1. **Q**: How detailed does my 'reason for thank you' response need to be?\r\n    \r\n    **A**: You can be as detailed as you wish. However, to ensure a more personalized tone in the generated note, we suggest you share distinct reasons that indicate your appreciation precisely.\r\n    \r\n2. **Q**: What does 'mode of sending note' mean?\r\n    \r\n    **A**: It refers to how you plan to deliver your thank you message – for instance, an email, a handwritten note, a card, an SMS, etc. The mode of the note directly influences its formatting and style.\r\n    \r\n3. **Q**: Why does the format of my thank-you note look different each time I use a different mode of note?\r\n    \r\n    **A**: Different modes of sending notes typically require different formats. For instance, an email has a different style compared to a handwritten note. The template takes these differences into account.\r\n    \r\n4. **Q**: My note seems too formal/informal. How can I adjust this?\r\n    \r\n    **A**: The tone of the note is mainly influenced by your responses. If you want a more formal or informal tone, you can revise your inputs accordingly and press \"Create Content\" again.\r\n    \r\n5. **Q**: Can I use this tool to create multiple thank-you notes at the same time?\r\n    \r\n    **A**: Currently, the tool supports the creation of one thank-you note at a time. After generating one, you can simply adjust your input to create a different note.\r\n    \r\n6. **Q**: I received an error message when I press \"Create Content\". What should I do?\r\n    \r\n    **A**: Please ensure you've correctly answered all the questions and then try again. If the problem persists, reach out to our customer support for assistance.\r\n    \r\n7. **Q**: The generated note doesn't fully capture my sentiments. How can I improve it?\r\n    \r\n    **A**: Feel free to edit and tweak the generated content until it truly reflects your sentiments. You can also consider being more specific in your responses for a more personalized note.\r\n    \r\n8. **Q**: Can I add my own personal touch to the note after its generated?\r\n    \r\n    **A**: Absolutely, the generated note serves as a foundation. Feel free to add your own sentences and touches to truly make it your own.\r\n    \r\n\r\n## Feedback\r\n\r\nWe value your inputs and suggestions, and we are committed to improving your experience. Please share your feedback about the Thank You Note Creator tool [here](https://websitelearners.typeform.com/gravityai#name=Thank_You_Note_Creator). Your feedback helps us to refine the tool to better serve your needs.\r\n\r\nWe wish you a pleasant experience with our Thank You Note Creator tool!",
                "created_at": "2024-02-16T06:50:24.000000Z",
                "updated_at": "2025-03-11T09:02:49.000000Z",
                "is_multiprompt": false,
                "website_title": null,
                "allow_website": 0,
                "website_input_title": null,
                "website_input_placeholder": null,
                "category_name": "Personal Tools",
                "bgImage": "https://gravitywrite.sgp1.digitaloceanspaces.com/gw/hnT284uMbppLY7eISXVZ5fMVchDG3SQOvB7MTSCK.svg",
                "iconColor": "#21672b"
            },
            {
                "id": 1659,
                "title": "Realistic Portrait Image Prompts",
                "slug": "realistic-portrait-image-prompts",
                "description": "This tool empowers users to generate highly detailed and realistic model images, tailored precisely to specific criteria like gender, age, and appearance, ensuring every creation uniquely matches their vision.",
                "frontend_headline": "Bring Your Imagination to Life with Tailored Real-Life Image",
                "icon_type": "icon",
                "icon_content": "fa-solid fa-image",
                "category_id": 7,
                "plan_id": "",
                "usage": 94330,
                "favcount": 280,
                "frontend_description": "## Introduction\r\n\r\nWelcome to the 'Realistic Portrait Image Prompts' template, a powerful tool designed to help you generate highly detailed and realistic images, tailored specifically to the dimensions of your choice. Whether you're looking for generate an image that represents a specific gender, age, cultural background or you need to design dress styles based on your preferences, this template is your one-stop solution. Leverage this tool to create unique, stunning, and detailed images that fit your specific requirements.\r\n\r\n## Key Functionalities of the Tool\r\n\r\nWhile simply and intuitive to use, this template boasts several functionalities that make it a versatile tool for image generation:\r\n\r\n1. **Gender Selection:** Choose the gender that the model in your image should represent.\r\n2. **Age Specification:** Decide the age of the model in your image.\r\n3. **Cultural Representation:** Specify any particular country or culture you want the model to represent.\r\n4. **Appearance Description:** Describe the model's looks in terms of skin, hair, eyes, etc.\r\n5. **Dress Style Preference:** Detail the kind of dress style you want the model to have.\r\n6. **Additional Details:** Include any other specific details you want in your model image.\r\n\r\n## How To Use The Tool\r\n\r\nTo use the 'Realistic Portrait Image Prompts' template, simply:\r\n\r\n1. Answer the questions regarding the characteristics of the image model, such as gender, age, cultural background, appearance, dress style, and any additional details.\r\n2. Review your answers to ensure they are in line with what you would like to see in the final image.\r\n3. After you have provided all the necessary information, press \"Create Content\" to generate the desired output.\r\n\r\n## Tips for Using the Tool\r\n\r\nTo get the most out of this tool, consider these tips:\r\n\r\n1. **Detailed Descriptions:** The more detailed and specific your descriptions, the better the output. Being precise about the model’s features will help in creating a more accurate image.\r\n2. **Dress Style:** Consider the setting and occasion for which the model's dress style is intended. It will help guide the AI in generating a more applicable image.\r\n3. **Cultural Representation:** Provide distinctive elements typical of the cultural background you want the model to represent, if any.\r\n4. **Review:** Always review your input before processing it to ensure you achieve your desired outcome.\r\n\r\n## **FAQ’s**\r\n\r\n1. **Q**: What kind of information should I provide in the model description?\r\n    \r\n    **A**: Be as specific as possible in describing the model's looks. Include details like hair color and style, eye color, skin tone and any defining features. The more detail you provide, the more accurate the generated portrait will be.\r\n    \r\n2. **Q**: What if I have no specific country or cultural background in mind for the model?\r\n    \r\n    **A**: That's okay! Just leave that part of the prompt blank, and our AI will generate a model without tying to any specific cultural or geographical context.\r\n    \r\n3. **Q**: How accurate will the generated image be to the initial prompts I provided?\r\n    \r\n    **A**: Our AI strives to be as precise as possible. However, as this is machine generated, there may be slight variations or inaccuracies. Make sure you provide clear, detailed instructions for a highly accurate result.\r\n    \r\n4. **Q**: I am not sure about the dress style. What should I do?\r\n    \r\n    **A**: Simply describe a general style, like formal, casual, or elegant. You can also mention specific clothing items or colors you'd like to see in the image.\r\n    \r\n5. **Q**: Can I indicate a particular expression or emotion for the model?\r\n    \r\n    **A**: Yes, you can! Include it in the 'specific details' section of your prompt. For example, you might request a happy expression or a serious demeanor.\r\n    \r\n6. **Q**: What happens after I press \"Create Content\"?\r\n    \r\n    **A**: Once you press \"Create Content\", the AI will start processing your prompts and generate your unique, realistic portrait image based on the descriptions you provided.\r\n    \r\n7. **Q**: How long will it take for the image to be created?\r\n    \r\n    **A**: The generation time can vary based on the complexity of your prompts. However, it typically takes just a few moments to create the image.\r\n    \r\n8. **Q**: Can I edit the prompts after I have pressed \"Create Content\"?\r\n    \r\n    **A**: Once the \"Create Content\" button has been pressed, you can't change the prompts for that particular creation. However, you can always start a new project with fresh prompts.\r\n    \r\n9. **Q**: The generated image doesn't match my expectations. What can I do?\r\n    \r\n    **A**: If you're not happy with the generated image, you can revise the prompts and try again. Make sure to provide detailed, specific instructions for best results.\r\n    \r\n10. **Q**: Can I use the generated portraits for commercial purposes?\r\n    \r\n    **A**: The usage policy may vary. Be sure to review our terms and conditions or reach out to our support for definite clarification on usage rights for the generated images.\r\n    \r\n\r\n\r\n\r\n## Feedback\r\n\r\nWe're constantly working to improve our tools and services. If you have any suggestions or feedback, we'd love to hear from you. Share your experiences and suggestions by filling the feedback form available [here](https://websitelearners.typeform.com/gravityai#name=Realistic-Portrait-Image-Prompts). Your input will surely help us serve you better.",
                "created_at": "2024-02-27T22:19:47.000000Z",
                "updated_at": "2025-03-17T06:26:58.000000Z",
                "is_multiprompt": false,
                "website_title": null,
                "allow_website": 0,
                "website_input_title": null,
                "website_input_placeholder": null,
                "category_name": "Image Prompts",
                "bgImage": "https://gravitywrite.sgp1.digitaloceanspaces.com/gw/LCnr5P29MCmUOXaLycl7w87GERGJhTwhuJb6oQkT.svg",
                "iconColor": "#a106f4"
            },
            {
                "id": 1670,
                "title": "Essay Writer",
                "slug": "essay-writer",
                "description": "This tool helps you effortlessly create engaging and well-structured essays. It offers an essay without a grammar mistake and is plagiarism-free.",
                "frontend_headline": "Produce engaging essays free from grammar mistakes",
                "icon_type": "icon",
                "icon_content": "fa-solid fa-memo-circle-check",
                "category_id": 12,
                "plan_id": "",
                "usage": 15444,
                "favcount": 93,
                "frontend_description": "## Introduction\r\n\r\nThe 'Essay Writer' is an outstanding tool on our AI writing platform, GravityWrite. It offers seamless creation of engaging and well-structured essays, irrespective of the essay's complexity or topic range. A significant feature of this tool is its impeccable grammar and its ability to produce plagiarism-free content. This tool delivers finely-crafted essays suited for a variety of usage, whether academic, professional, or personal.\r\n\r\n## Key Functionalities of the Tool\r\n\r\nWhile the assistive and intuitively guided features of the 'Essay Writer' in themselves stand as its key functionality, its other notable features include:\r\n\r\n- **Effortless creation:** The tool requires minimal instructions and input from the user.\r\n- **Grammatical perfection:** Essays generated from this tool undergo rigorous checks to weed out possible grammatical mistakes.\r\n- **Plagiarism-free content:** The tool prides itself on delivering original content, thus ensuring essays that are free from plagiarism.\r\n\r\n## How to Use The Tool\r\n\r\nUsing the 'Essay Writer' for your essay writing purposes is extremely simple:\r\n\r\n1. **Choose the template:** Select the 'Essay Writer' template from the template library.\r\n2. **Feed in the information:** Answer the given questions - 'What is your Topic/Idea?' and 'Do you have any specific requirements for the essays?' which appear on the screen.\r\n3. **Generate content:** Click on the 'Create Content' button.\r\n\r\nWithin moments, your well-structured, grammatically perfect, and entirely original essay will be ready.\r\n\r\n## Tips for Using The Tool\r\n\r\n- Ensure to provide clear, concise answers for maximum results.\r\n- If you're unsure about your requirements, give broad guidelines for the AI to follow.\r\n- Always review the final output and make minor tweaks where necessary, as they can add a personal touch to the essay.\r\n\r\n## **FAQ’s**\r\n\r\n1. **Q**: What type of topics can I use with the Essay Writer template?\r\n    \r\n    **A**: You can use any topic of your choice. The AI is designed to handle a wide variety of subjects and disciplines.\r\n    \r\n2. **Q**: How specific should my requirements for the essays be?\r\n    \r\n    **A**: Your requirements can be as specific or as general as you like. The more specific you are, the more tailored the final essay will be to your preferences.\r\n    \r\n3. **Q**: If I don't have any specific requirements for the essay, can I still use the template?\r\n    \r\n    **A**: Yes, absolutely. Even if you don't have any set requirements, the AI will still generate a well-structured essay based on the topic you provide.\r\n    \r\n4. **Q**: Will the essay generated be plagiarism-free?\r\n    \r\n    **A**: Yes, all essays generated by this tool are original and plagiarism-free. The AI generates unique content for each user.\r\n    \r\n5. **Q**: Can I edit the content that is generated?\r\n    \r\n    **A**: Yes. Once the essay is generated, you can edit and modify it as necessary to fit your personal writing style or specific needs.\r\n    \r\n6. **Q**: Will the generated essay be free of grammar errors?\r\n    \r\n    **A**: Yes, our AI is equipped with grammar-checking capabilities, so the essay produced will be free of grammatical errors.\r\n    \r\n7. **Q**: I need an essay for my academic project. Is it ethical to use this tool?\r\n    \r\n    **A**: Yes, you can use this tool for your academics. It is designed to help you brainstorm, generate ideas, and improve your writing. However, it is recommended to add your personal touch and understand the content you submit thoroughly.\r\n    \r\n8. **Q**: Can I save and download the content generated by the AI?\r\n    \r\n    **A**: Yes, you can easily save and download the generated essay for future use or submission.\r\n    \r\n\r\n## Feedback\r\n\r\nWe value user input and continually strive to improve our services based on your feedback. Do let us know your experience using the 'Essay Writer' and any suggestions you have on how we can make it better for you. Use the feedback link: [Link](https://websitelearners.typeform.com/gravityai#name=esaay-writer) to share your thoughts.",
                "created_at": "2024-02-29T03:10:35.000000Z",
                "updated_at": "2025-03-17T05:57:46.000000Z",
                "is_multiprompt": false,
                "website_title": null,
                "allow_website": 0,
                "website_input_title": null,
                "website_input_placeholder": null,
                "category_name": "Writing Assistant",
                "bgImage": "https://gravitywrite.sgp1.digitaloceanspaces.com/gw/Vikgyf6gK9tQnF2tUtKfVdwZH7XtHnsOE57fhoJY.svg",
                "iconColor": "#fd3552"
            },
            {
                "id": 1671,
                "title": "Essay Outline Generator",
                "slug": "essay-outline-generator",
                "description": "This tool helps you craft an effective outline for your essay topic.",
                "frontend_headline": "Streamline your writing process with a well-structured essay plan.",
                "icon_type": "icon",
                "icon_content": "fa-solid fa-file-lines",
                "category_id": 12,
                "plan_id": "",
                "usage": 1430,
                "favcount": 15,
                "frontend_description": "## **Introduction**\r\n\r\nGravityWrite's 'Essay Outline Generator' is a meticulous tool designed to assist you in crafting an organized and effective essay outline. It helps you structure your thoughts and ideas into a convenient blue-print that serves as the foundation for your essay. Using this tool takes the guesswork out of essay planning, saves time and, more importantly, minimizes the stress in nailing down your essay structure.\r\n\r\n## **Key Functionalities of the tool**\r\n\r\nThough this is an optional section, it's worth mentioning that the Essay Outline Generator comes with a simple, user-friendly interface where you need to answer a couple of key questions, namely your topic/idea and any structural preferences or requirements for your outline. With just these inputs and a click, the tool generates a professionally structured essay outline.\r\n\r\n## **How To Use The Tool**\r\n\r\n1. Input your essay topic or idea when prompted: 'What is your Topic/Idea?'\r\n2. If there are any specific structures that you want the essay outline to have, input them when asked: 'Do you have any structural preferences or requirements for the outline?'\r\n3. Once you've answered these questions, click 'Create Content' to generate your custom essay outline.\r\n\r\n## **Tips for using the tool**\r\n\r\n- Make sure your topic/idea is clear and concise. The clearer your input, the more effectively the tool can assist you.\r\n- If you do not have any structural preferences or requirements for the outline, no worries! Just leave the section blank or write 'no'. The tool will generate a standard essay setup for you.\r\n- Do not rush through the process. Spend a couple of minutes fine-tuning your input to get the best possible output.\r\n\r\n\r\n\r\n## **FAQ’s**\r\n\r\n1. **Q**: What kind of topics or ideas can I use in this template?\r\n    \r\n    **A**: The Essay Outline Generator can handle a wide array of topics. Whether it's a personal narrative, research paper, argumentative essay, or any other topic, you're able to use this tool.\r\n    \r\n2. **Q**: Do I have to provide specific requirements in the structure field?\r\n    \r\n    **A**: No, you don't. However, if your professor or teacher has specific requirements for your essay outline, such as having a thesis statement, or needing particular sections, you're free to mention these in the structural preferences field.\r\n    \r\n3. **Q**: What do I do after filling in my topic and preferences?\r\n    \r\n    **A**: Once you've filled in the required fields, all you need is to hit the \"Create Content\" button. Our AI will get to work immediately to provide you with an effective essay outline.\r\n    \r\n4. **Q**: I am not satisfied with the output. What can I do?\r\n    \r\n    **A**: If you're unsatisfied with the output, feel free to revise your input or try again. Our AI learns over time and the more specific your instructions are, the better the results will be.\r\n    \r\n5. **Q**: Can I use this template for other forms of writing?\r\n    \r\n    **A**: While this tool is designed specifically for essays, you may find it helpful with outlining other written pieces. Your needs may vary based on the type of writing.\r\n    \r\n6. **Q**: How will this essay outline help me with my essay?\r\n    \r\n    **A**: An essay outline acts as a road map for your essay. It guide you in crafting your thoughts and arguments in a coherent and logical way.\r\n    \r\n7. **Q**: I have multiple essays to write. Can I use this template multiple times?\r\n    \r\n    **A**: Absolutely! You can use the Essay Outline Generator as many times as you need.\r\n    \r\n8. **Q**: I don't know what to write in the Topic/Idea field. What should I do?\r\n    \r\n    **A**: The Topic/Idea field is where you should summarize what your essay is about. Try to be as specific as possible. If you're unsure, brainstorm a few ideas or discuss with a friend or teacher.\r\n    \r\n9. **Q**: Can this tool write the essay for me?\r\n    \r\n    **A**: No, the Essay Outline Generator won't write the essay for you. It creates an effective framework that guides you in writing your essay.\r\n    \r\n10. **Q**: How accurate is the essay outline generated by this AI?\r\n    \r\n    **A**: The quality of the output largely depends on the input provided. If you provide detailed and specific instructions, our AI can come up with a highly effective essay outline. However, the AI is meant to aid and guide you—it's always beneficial to apply your own judgment and creativity.\r\n    \r\n\r\n## **Feedback**\r\n\r\nWe are always working to improve our tools and your input is invaluable. If you have any suggestions for improving the 'Essay Outline Generator' or if you experience any glitches when using the tool, please let us know by following this feedback link: [[link](https://websitelearners.typeform.com/gravityai#name=essay_outline_generator)]. It will just take a moment, and your feedback would make a huge difference!",
                "created_at": "2024-02-29T03:18:32.000000Z",
                "updated_at": "2025-03-16T10:34:35.000000Z",
                "is_multiprompt": false,
                "website_title": null,
                "allow_website": 0,
                "website_input_title": null,
                "website_input_placeholder": null,
                "category_name": "Writing Assistant",
                "bgImage": "https://gravitywrite.sgp1.digitaloceanspaces.com/gw/Vikgyf6gK9tQnF2tUtKfVdwZH7XtHnsOE57fhoJY.svg",
                "iconColor": "#fd3552"
            },
            {
                "id": 1672,
                "title": "Paper Writer",
                "slug": "paper-writer",
                "description": "This tool helps you craft effective, professional papers for you in no time.",
                "frontend_headline": "Quickly generate research papers on any topic you need.",
                "icon_type": "icon",
                "icon_content": "fa-solid fa-memo",
                "category_id": 12,
                "plan_id": "",
                "usage": 7384,
                "favcount": 53,
                "frontend_description": "## Introduction\r\n\r\nThe 'Paper Writer' template on gravitywrite is a useful tool that helps you craft effective, professional papers quickly and efficiently. Whether you're a student, researcher, or professional, this template can assist you in creating well-structured papers with ease.\r\n\r\n## How To Use The Tool\r\n\r\n1. Start by entering the topic or title of your paper in the designated field.\r\n2. Provide any specific formatting guidelines you need to follow.\r\n3. Specify the target audience or the complexity level of the paper.\r\n4. Click on \"Create Content\" to generate the output based on your inputs.\r\n\r\n## Tips for using the tool\r\n\r\n- Make sure to provide a clear, concise title for your paper to grab the reader's attention.\r\n- Include an abstract that summarizes the purpose, methodology, and main findings of your paper.\r\n- Use the main body to provide a detailed analysis supported by evidence and examples.\r\n- Compare your findings with related concepts, tools, or theories for a comprehensive discussion.\r\n- Conclude with final thoughts, future research areas, or recommendations for added value.\r\n\r\n## FAQ’s\r\n\r\n1. **Q**: How does the 'Paper Writer' tool work?\r\n    \r\n    **A**: Simply input the topic or title of your paper, any specific formatting guidelines, and the target audience or level of complexity. Then press \"Create Content\" to generate your professional paper.\r\n    \r\n2. **Q**: What kind of content can I create with the 'Paper Writer' template?\r\n    \r\n    **A**: The 'Paper Writer' template helps you create effective, professional papers by providing guidelines for structuring your paper from title creation to conclusion.\r\n    \r\n3. **Q**: How do I ensure the paper generated is of high quality?\r\n    \r\n    **A**: By following the guidelines provided by the 'Paper Writer' template, including starting with a clear title, summarizing the purpose and findings, analyzing the topic comprehensively, and providing evidence and examples.\r\n    \r\n4. **Q**: Can I use the paper generated by the 'Paper Writer' template for academic purposes?\r\n    \r\n    **A**: The paper generated can serve as a foundation for your academic work, but it is recommended to review and edit the content to ensure it meets academic standards and reflects your own voice.\r\n    \r\n5. **Q**: Can I save and download the paper generated by the 'Paper Writer' template?\r\n    \r\n    **A**: Yes, you can save and download the paper in various formats once it has been generated, allowing you to easily access and use it for your needs.\r\n    \r\n6. **Q**: Is there a limit to the number of papers I can create using the 'Paper Writer' template?\r\n    \r\n    **A**: There is no limit to the number of papers you can create using the 'Paper Writer' template, making it a versatile tool for all your writing needs.\r\n    \r\n7. **Q**: Can I collaborate with others while using the 'Paper Writer' template?\r\n    \r\n    **A**: While the tool is designed for individual use, you can share the generated paper with others for feedback or collaboration purposes.\r\n    \r\n8. **Q**: Are there any specific tips for maximizing the effectiveness of the 'Paper Writer' template?\r\n    \r\n    **A**: To maximize effectiveness, ensure you provide detailed and accurate responses to the questions asked, follow the provided guidelines closely, and review and edit the generated content as needed.\r\n    \r\n\r\n## Feedback\r\n\r\nWe value your feedback and suggestions for improving the 'Paper Writer' template. Share your experiences and ideas by clicking on the feedback link: [Feedback Form](https://websitelearners.typeform.com/gravityai#name=Paper-Writer)",
                "created_at": "2024-02-29T03:24:51.000000Z",
                "updated_at": "2025-03-17T06:01:29.000000Z",
                "is_multiprompt": false,
                "website_title": null,
                "allow_website": 0,
                "website_input_title": null,
                "website_input_placeholder": null,
                "category_name": "Writing Assistant",
                "bgImage": "https://gravitywrite.sgp1.digitaloceanspaces.com/gw/Vikgyf6gK9tQnF2tUtKfVdwZH7XtHnsOE57fhoJY.svg",
                "iconColor": "#fd3552"
            },
            {
                "id": 1673,
                "title": "Brainstorm Ideas",
                "slug": "brainstorm-ideas",
                "description": "This tool offers a simple way to generate creative ideas for any problem and helps you easily pick the best ones.",
                "frontend_headline": "Effortlessly come up with fresh concepts.",
                "icon_type": "icon",
                "icon_content": "fa-solid fa-lightbulb-on",
                "category_id": 29,
                "plan_id": "",
                "usage": 6918,
                "favcount": 111,
                "frontend_description": "## Introduction\r\n\r\nThe 'Brainstorm Ideas' template in Gravitywrite offers a simple and effective way to generate creative ideas for any problem you may be facing. This tool helps you easily pick the best ideas to solve your challenges and achieve your goals.\r\n\r\n## Key Functionalities of the tool\r\n\r\n- Encourages creative thinking and innovative idea generation\r\n- Supports various brainstorming techniques such as Reverse Brainstorming, Random Word Brainstorming, the 5 Whys Method, SCAMPER Model, Rapid Ideation, and Starbursting\r\n- Provides guidelines for prioritizing and evaluating generated ideas\r\n\r\n## How To Use The Tool\r\n\r\n1. Start by defining the goal you're aiming for in your brainstorming session.\r\n2. Describe your business or service to give context to the generated ideas.\r\n3. Press 'Create Content' to generate a list of creative ideas tailored to your specific problem.\r\n\r\n## Tips for using the tool\r\n\r\n- Think outside the box and explore unconventional solutions.\r\n- Collaborate with others to gather diverse perspectives.\r\n- Take notes and document all generated ideas for future reference.\r\n\r\n## FAQ’s\r\n\r\n1. **Q**: How can I use the 'Brainstorm Ideas' template effectively?\r\n    \r\n    **A**: To use the 'Brainstorm Ideas' template effectively, start by setting a clear goal for your brainstorming session. Then, describe your business or service to provide context for generating ideas. Be open to thinking creatively and exploring different brainstorming techniques to come up with innovative solutions.\r\n    \r\n2. **Q**: What should be my goal when using the 'Brainstorm Ideas' template?\r\n    \r\n    **A**: The goal you're aiming for during the brainstorming process is to generate creative ideas that address a specific problem or opportunity. Focus on thinking outside the box and proposing ideas that are actionable and impactful.\r\n    \r\n3. **Q**: How can I describe my business or service effectively in the template?\r\n    \r\n    **A**: When describing your business or service in the 'Brainstorm Ideas' template, provide key information such as your industry, target audience, unique selling points, and any challenges you're facing. This will help tailor the generated ideas to your specific context.\r\n    \r\n4. **Q**: What should I do after answering the questions in the 'Brainstorm Ideas' template?\r\n    \r\n    **A**: After answering the questions, click on \"Create Content\" to generate a list of creative ideas tailored to your business or service. Review the ideas and consider ways to prioritize and evaluate them based on their relevance and potential impact.\r\n    \r\n5. **Q**: How can I encourage creativity when using the 'Brainstorm Ideas' template?\r\n    \r\n    **A**: Encourage creativity by exploring various brainstorming techniques such as Reverse Brainstorming, Random Word Brainstorming, the 5 Whys Method, SCAMPER Model, Rapid Ideation, and Starbursting. These techniques can help generate diverse and innovative ideas.\r\n    \r\n6. **Q**: What factors should I consider when prioritizing and evaluating ideas from the 'Brainstorm Ideas' template?\r\n    \r\n    **A**: When prioritizing and evaluating ideas, consider factors such as feasibility, impact, alignment with your goals, and resources required for implementation. Choose ideas that align best with your objectives and have the highest potential for success.\r\n    \r\n7. **Q**: How can I ensure that the ideas generated are actionable and impactful?\r\n    \r\n    **A**: To ensure that the ideas are actionable and impactful, provide a concise explanation or rationale for each idea's relevance and effectiveness. Focus on proposing ideas that can be implemented and have a positive outcome for your business or service.\r\n    \r\n8. **Q**: Can the 'Brainstorm Ideas' template help me generate unique solutions for my business challenges?\r\n    \r\n    **A**: Yes, the 'Brainstorm Ideas' template can help you generate unique solutions by encouraging out-of-the-box thinking and exploring different brainstorming techniques. The ideas generated can provide fresh perspectives and innovative approaches to address your business challenges.\r\n    \r\n9. **Q**: How can I make the most out of the 'Brainstorm Ideas' template for my business?\r\n    \r\n    **A**: To make the most out of the 'Brainstorm Ideas' template, approach the brainstorming process with an open mind and willingness to explore unconventional ideas. Use the generated ideas as a starting point for further refinement and implementation in your business strategy.\r\n    \r\n10. **Q**: What is the benefit of using the 'Brainstorm Ideas' template for my business?\r\n    \r\n    **A**: The benefit of using the 'Brainstorm Ideas' template for your business is that it offers a simple and effective way to generate creative solutions to your problems or challenges. By leveraging various brainstorming techniques, you can tap into the power of creativity and innovation to drive growth and success.\r\n    \r\n\r\n## Feedback\r\n\r\nWe value your feedback! Share your experience and suggestions for improving the 'Brainstorm Ideas' template by visiting the feedback link: [[Feedback Form](https://websitelearners.typeform.com/gravityai#name=Brainstorm-Ideas)].",
                "created_at": "2024-02-29T03:32:44.000000Z",
                "updated_at": "2025-03-17T04:08:59.000000Z",
                "is_multiprompt": false,
                "website_title": null,
                "allow_website": 0,
                "website_input_title": null,
                "website_input_placeholder": null,
                "category_name": "Idea Generation",
                "bgImage": "https://gravitywrite.sgp1.digitaloceanspaces.com/gw/l3cWTVFtFjP09QeThAKDYVMExOOK6dAIBZH0FEsl.svg",
                "iconColor": "#0b3866"
            },
            {
                "id": 1675,
                "title": "Presentation Slides Text Generator",
                "slug": "presentation-slides-text-generator",
                "description": "Generate text for your presentation slides effortlessly with this AI tool, ensuring each slide is engaging, informative, and tailored to your topic.",
                "frontend_headline": "Enhance your presentation slides with customized text instantly.",
                "icon_type": "icon",
                "icon_content": "fa-brands fa-slideshare",
                "category_id": 12,
                "plan_id": "",
                "usage": 5775,
                "favcount": 60,
                "frontend_description": "## Introduction:\r\n\r\nThe 'Presentation Slides Text Generator' on gravitywrite is a powerful AI tool designed to help you effortlessly create engaging and informative text for your presentation slides. Tailored to your chosen topic or theme, this tool ensures that each slide effectively conveys your message to your audience, making your presentations more impactful and memorable.\r\n\r\n## How To Use The Tool:\r\n\r\n1. To begin, simply open the 'Presentation Slides Text Generator' template on gravitywrite.\r\n2. You will be prompted to answer the question: \"What is the topic or theme of your presentation?\"\r\n3. Input your topic or theme in the designated field and press \"Create Content\" to generate the text for your presentation slides.\r\n4. Review the generated content and make any necessary edits to ensure it aligns perfectly with your presentation goals.\r\n5. Copy the text and paste it directly into your presentation slides for a professional and polished finish.\r\n\r\n## Tips for using the tool:\r\n\r\n- Provide specific keywords or key points related to your topic to receive more tailored and relevant content.\r\n- Experiment with different variations of your topic or theme to explore diverse perspectives and ideas for your presentation.\r\n- Incorporate storytelling elements or anecdotes into your presentation slides to create a more engaging and compelling narrative for your audience.\r\n\r\n## FAQ’s\r\n\r\n1. **Q**: How can this tool help me with my presentation slides?\r\n    \r\n    **A**: This tool helps generate text for your presentation slides based on the topic or theme you provide, making your slides engaging, informative, and tailored to your needs.\r\n    \r\n2. **Q**: What do I need to do to use this AI tool?\r\n    \r\n    **A**: Simply input the topic or theme of your presentation when prompted, then click on \"Create Content\" to generate text for your slides.\r\n    \r\n3. **Q**: Will the text generated be relevant to my presentation topic?\r\n    \r\n    **A**: Yes, the text generated will be based on the topic or theme you provide, ensuring that it is relevant and aligned with your presentation.\r\n    \r\n4. **Q**: How can I ensure that the content generated is engaging for my audience?\r\n    \r\n    **A**: By providing a clear and specific topic or theme for your presentation, the AI tool will generate text that is designed to be engaging and informative for your audience.\r\n    \r\n5. **Q**: Is the generated content plagiarism-free?\r\n    \r\n    **A**: Yes, the content generated by this AI tool is unique and free from plagiarism, ensuring that you can use it confidently in your presentation.\r\n    \r\n6. **Q**: Can I use this tool for different types of presentations?\r\n    \r\n    **A**: Yes, this tool is versatile and can be used for a wide range of presentation topics and themes, making it suitable for various types of presentations.\r\n    \r\n7. **Q**: Do I need to have prior experience in content creation to use this tool?\r\n    \r\n    **A**: No, this tool is designed to be user-friendly and intuitive, making it easy for anyone to generate text for their presentation slides, regardless of their experience level.\r\n    \r\n8. **Q**: Is there a limit to the number of slides or amount of content that can be generated?\r\n    \r\n    **A**: There are no specific limits on the number of slides or amount of content that can be generated, allowing you the flexibility to create as much content as needed for your presentation.\r\n    \r\n\r\n## Feedback:\r\n\r\nWe value your feedback! Share your experiences and suggestions for improving the 'Presentation Slides Text Generator' template by clicking on the following link: [Feedback Form](https://websitelearners.typeform.com/gravityai#name=Presentation-Slides-Text-Generator)",
                "created_at": "2024-02-29T03:43:52.000000Z",
                "updated_at": "2025-03-17T06:21:23.000000Z",
                "is_multiprompt": false,
                "website_title": null,
                "allow_website": 0,
                "website_input_title": null,
                "website_input_placeholder": null,
                "category_name": "Writing Assistant",
                "bgImage": "https://gravitywrite.sgp1.digitaloceanspaces.com/gw/Vikgyf6gK9tQnF2tUtKfVdwZH7XtHnsOE57fhoJY.svg",
                "iconColor": "#fd3552"
            },
            {
                "id": 1676,
                "title": "Slogan Generator",
                "slug": "slogan-generator",
                "description": "Create memorable slogans for your business or brand with our tool, designed to resonate with your audience and enhance your brand identity.",
                "frontend_headline": "Stand out with memorable taglines for your business.",
                "icon_type": "icon",
                "icon_content": "fa-regular fa-file-lines",
                "category_id": 43,
                "plan_id": "",
                "usage": 9128,
                "favcount": 82,
                "frontend_description": "## Introduction\r\n\r\nThe 'Slogan Generator' template on GravityWrite is designed to help you create memorable slogans for your business or brand. These slogans are crafted to resonate with your target audience and enhance your brand identity, ultimately boosting your marketing efforts and brand recognition.\r\n\r\n## Key Functionalities\r\n\r\n- This template allows you to input specific details about your brand or business, unique selling points, target audience, and preferences for slogans.\r\n- It generates a table of catchy slogans ranked by their effectiveness in communicating your brand message and captivating your audience.\r\n- The tool prompts you to brainstorm potential slogans that reflect your brand personality and highlight your unique selling points.\r\n\r\n## How To Use The Tool\r\n\r\n1. Begin by answering the following questions:\r\n    \r\n    a. Tell us about your brand or business\r\n    \r\n    b. What are your business's or brand's unique selling points?\r\n    \r\n    c. Who is your target audience?\r\n    \r\n    d. Do you have any preferences for the slogans?\r\n    \r\n2. Once you have answered the questions, press \"Create Content\" to generate slogan suggestions.\r\n3. Review the table of catchy slogans and select the ones that best capture your brand message and appeal to your target audience.\r\n\r\n## Tips for Using the Tool\r\n\r\n- Be specific and concise in your answers to the questions for more accurate slogan suggestions.\r\n- Experiment with different combinations of unique selling points and target audience preferences to explore a variety of slogan options.\r\n- Choose slogans that align with your brand personality and values to maintain consistency in your messaging.\r\n\r\n## FAQ’s\r\n\r\n1. **Q**: How can use the Slogan Generator template?\r\n    \r\n    **A**: Simply input information about your brand, unique selling points, target audience, and any preferences you have for slogans. Then, click on \"Create Content\" to see a list of catchy slogans generated for your business or brand.\r\n    \r\n2. **Q**: What kind of information do I need to provide for the Slogan Generator template?\r\n    \r\n    **A**: You will need to share details about your brand or business, unique selling points, target audience, and any specific preferences you have for the slogans you want to generate.\r\n    \r\n3. **Q**: How does the Slogan Generator help my business or brand?\r\n    \r\n    **A**: The Slogan Generator creates memorable slogans that resonate with your target audience, highlighting your business's unique selling points and enhancing your brand identity. It helps you communicate your message effectively in a catchy way.\r\n    \r\n4. **Q**: Can I customize the slogans generated by the Slogan Generator?\r\n    \r\n    **A**: The Slogan Generator tailors the slogans based on the information you provide about your brand, unique selling points, target audience, and preferences. You can influence the generated slogans by inputting accurate and detailed information.\r\n    \r\n5. **Q**: How can I ensure the slogans generated are effective?\r\n    \r\n    **A**: To ensure the slogans are effective, focus on providing accurate and detailed information about your brand, unique selling points, and target audience. This helps the generator create catchy slogans that accurately reflect your business identity.\r\n    \r\n6. **Q**: What should I consider when selecting a slogan from the generated list?\r\n    \r\n    **A**: When selecting a slogan from the list generated, consider how well it communicates your brand message, resonates with your target audience, reflects your business's personality, and highlights your unique selling points.\r\n    \r\n7. **Q**: How many slogans can I generate at once using the Slogan Generator?\r\n    \r\n    **A**: You can generate a list of catchy slogans in one go. The Slogan Generator produces multiple slogans based on the information you provide about your brand, target audience, and unique selling points.\r\n    \r\n8. **Q**: Can I save the slogans generated by the Slogan Generator for later use?\r\n    \r\n    **A**: Yes, you can save the list of catchy slogans generated by the Slogan Generator for future reference. This allows you to review and select the most suitable slogan for your business or brand.\r\n    \r\n9. **Q**: What makes a good slogan according to the Slogan Generator?\r\n    \r\n    **A**: According to the Slogan Generator, a good slogan is concise, memorable, and catchy. It effectively communicates the brand message, resonates with the target audience, and highlights the unique selling points of the business or brand.\r\n    \r\n10. **Q**: How can I make the most out of the Slogan Generator template?\r\n    \r\n    **A**: To make the most out of the Slogan Generator template, provide detailed and accurate information about your brand, unique selling points, target audience, and preferences. This will help the generator create catchy slogans that enhance your brand identity and resonate with your audience.\r\n    \r\n\r\n## Feedback\r\n\r\nWe value your feedback! Share your experience using the 'Slogan Generator' template and any suggestions for improvement by clicking the following link: [Feedback Link](https://websitelearners.typeform.com/gravityai#name=Slogan-Generator)",
                "created_at": "2024-02-29T03:52:48.000000Z",
                "updated_at": "2025-03-17T03:36:33.000000Z",
                "is_multiprompt": false,
                "website_title": null,
                "allow_website": 0,
                "website_input_title": null,
                "website_input_placeholder": null,
                "category_name": "Business",
                "bgImage": "https://gravitywrite.sgp1.digitaloceanspaces.com/gw/VfKpNRdWJikyYuIRuejP0KVUOTtgs5el8LJXEct6.svg",
                "iconColor": "#f84b00"
            },
            {
                "id": 1565,
                "title": "Work out Plan Guide Generator",
                "slug": "work-out-plan-guide-generator",
                "description": "A digital guide that generates personalized workout plans based on your fitness goals.",
                "frontend_headline": "Get individualized fitness plans to achieve your desired results.",
                "icon_type": "icon",
                "icon_content": "fa-solid fa-dumbbell",
                "category_id": 37,
                "plan_id": "",
                "usage": 551,
                "favcount": 21,
                "frontend_description": "## Introduction:\r\n\r\nThe 'Workout Plan Guide Generator' is a digital tool designed to create personalized workout plans to help you achieve your fitness goals. Whether you're looking to lose weight, build muscle, or improve your overall health, this template can tailor a workout plan specifically for you. By answering a few simple questions, you can access a detailed plan to get you on the path to success.\r\n\r\n## Key Functionalities:\r\n\r\n- Customized workout plans based on individual fitness goals\r\n- Option to input current fitness level and equipment availability\r\n- Flexibility to choose desired number of workout days per week\r\n- Ability to specify any limitations or health concerns\r\n\r\n## How To Use The Tool:\r\n\r\n1. Start by answering the questions provided:\r\n    - What are your fitness goals?\r\n    - What is your current fitness/activity level?\r\n    - Specify the desired number of workout days per week\r\n    - What equipment do you have?\r\n    - Do you have any limitations?\r\n2. Once you have answered all the questions, press \"Create Content\" to generate your personalized workout plan.\r\n3. Review the plan and make any necessary adjustments based on your preferences or requirements.\r\n\r\n## Tips for Using the Tool:\r\n\r\n- Be honest and accurate when answering the questions to receive the most effective workout plan.\r\n- Consult with a fitness professional if you have any specific health concerns or limitations.\r\n- Stay consistent with your workouts and track your progress to stay motivated.\r\n\r\n## **FAQ for Tools**\r\n\r\n1. **Q**: does the 'Workout Plan Guide Generator'?\r\n    \r\n    **A**: The 'Workout Plan Guide Generator' creates personalized workout plans tailored to your fitness goals based on the information you provide.\r\n    \r\n2. **Q**: What are the required inputs to generate a workout plan?\r\n    \r\n    **A**: To generate a workout plan, you need to specify your fitness goals, current fitness level, desired number of workout days per week, equipment availability, and any limitations you may have.\r\n    \r\n3. **Q**: Can I customize my workout plan based on specific preferences?\r\n    \r\n    **A**: Yes, you can customize your workout plan by providing details about your fitness goals, activity level, preferred number of workout days, available equipment, and any limitations you have.\r\n    \r\n4. **Q**: Is the workout plan generated suitable for all fitness levels?\r\n    \r\n    **A**: Yes, the workout plan generated will be tailored to your current fitness level, ensuring it is suitable and effective for you.\r\n    \r\n5. **Q**: Do I need to have access to a gym to use the 'Workout Plan Guide Generator'?\r\n    \r\n    **A**: Not necessarily. You can specify the equipment you have available, and the generator will create a workout plan that suits your resources.\r\n    \r\n6. **Q**: Can I change my fitness goals or preferences after generating a workout plan?\r\n    \r\n    **A**: If you want to change your fitness goals or preferences, you can simply start the process again and provide updated information for a new workout plan.\r\n    \r\n7. **Q**: How often can I generate a new workout plan?\r\n    \r\n    **A**: You can generate a new workout plan as often as you like, allowing you to adjust your routine based on your progress and changing fitness goals.\r\n    \r\n8. **Q**: Will the workout plan take into account any physical limitations I have?\r\n    \r\n    **A**: Yes, the workout plan will consider any limitations you provide to create a safe and effective fitness routine that works for you.\r\n    \r\n9. **Q**: Is the generated workout plan based on scientific principles?\r\n    \r\n    **A**: The workout plan generated follows general fitness guidelines and principles, aiming to help you achieve your fitness goals efficiently and safely.\r\n    \r\n10. **Q**: How can I access my generated workout plan?\r\n    \r\n    **A**: After answering the questions and pressing \"Create Content\", you will receive your personalized workout plan tailored to your specific fitness goals and preferences.\r\n    \r\n\r\n## Feedback:\r\n\r\nWe value your feedback! If you have any suggestions or experiences to share about using the 'Workout Plan Guide Generator,' please click the link below to provide your input:\r\n\r\nFeedback Link: [Click](https://websitelearners.typeform.com/gravityai#name=Workout%20Plan%20Guide%20Generator)",
                "created_at": "2024-02-15T01:21:15.000000Z",
                "updated_at": "2025-03-15T21:05:15.000000Z",
                "is_multiprompt": false,
                "website_title": null,
                "allow_website": 0,
                "website_input_title": null,
                "website_input_placeholder": null,
                "category_name": "Personal Tools",
                "bgImage": "https://gravitywrite.sgp1.digitaloceanspaces.com/gw/hnT284uMbppLY7eISXVZ5fMVchDG3SQOvB7MTSCK.svg",
                "iconColor": "#21672b"
            },
            {
                "id": 1678,
                "title": "Business Idea Generator",
                "slug": "business-idea-generator",
                "description": "This tool creates 10 unique business ideas tailored to your interests and budget.",
                "frontend_headline": "Fuel your entrepreneurial spirit: Get 10 tailored business ideas.",
                "icon_type": "icon",
                "icon_content": "fa-solid fa-briefcase",
                "category_id": 43,
                "plan_id": "",
                "usage": 4151,
                "favcount": 59,
                "frontend_description": "## Introduction\r\n\r\nThe **Business Idea Generator** is an innovative template available on our **GravityWrite** AI writing platform. This tool is designed to help aspiring entrepreneurs generate unique business ideas tailored to their specific interests and budget. Whether you're a seasoned entrepreneur looking for a new venture or a beginner trying to break into the business world, tool is perfect for you. Once you provide your interests and budget, the AI will generate 10 unique business ideas that align with your input and the set business idea requirements.\r\n\r\n## Key Functionalities of the tool\r\n\r\n- Generates 10 unique business ideas based on user-specific input of interests and budget.\r\n- Ensures the business ideas have potential for growth and expansion, deliver high profit margins, and offer long-term viability.\r\n\r\n## How To Use The Tool\r\n\r\n1. Begin by providing clear answers to the questions 'What are you interested in?' and 'What is your available budget?' in the specified tool field.\r\n2. Once you've input your answers, click on the 'Create Content' button to get your list of generated business ideas.\r\n3. The AI will then generate a list of 10 unique business ideas, considering all your given information and the set business idea requirements.\r\n\r\n## Tips for using the tool\r\n\r\n10 Do's and Don’ts to get the most out of the Business Idea Generator:\r\n\r\n1. **Do** be specific about your interest. Instead of saying \"tech,\" say \"mobile app development.\"\r\n2. **Don't** limit your interests to just one area; the AI is capable of handling multiple interests.\r\n3. **Do** be realistic about your budget to get practical business ideas.\r\n4. **Don't** rush through the information; spend time thinking about your interests and budget before input.\r\n5. **Do** explore the generated ideas extensively; there might be some that initially seem beyond your purview but may open up new avenues.\r\n6. **Don't** expect the tool to do everything; it’s just a tool to give you ideas. You will have to conduct your own thorough research to validate the feasibility of the ideas.\r\n7. **Do** use the tool multiple times with different inputs to get a broad spectrum of viable ideas.\r\n8. **Don't** underestimate the potential of any idea; business success depends on how you execute the idea.\r\n9. **Do** remember to note down the ideas that strike a chord.\r\n10. **Don't** forget to have fun while using the tool!\r\n\r\n## FAQ’s\r\n\r\n1. **Q**: How many business ideas will this template generate?\r\n    \r\n    **A**: The 'Business Idea Generator' will produce 10 unique business ideas based on your interests and budget.\r\n    \r\n2. **Q**: How will the business ideas be unique to me?\r\n    \r\n    **A**: The ideas are unique to you as they are generated based on understanding of your interests and available budget you provide.\r\n    \r\n3. **Q**: What sort of input is required for generating business ideas?\r\n    \r\n    **A**: You will need to input your interests and the budget you have allocated for the business.\r\n    \r\n4. **Q**: Does the template consider the potential for growth and expansion in business ideas?\r\n    \r\n    **A**: Yes, the template takes into account the potential for growth and expansion when generating business ideas.\r\n    \r\n5. **Q**: Can I get business ideas with high profit margin and revenue potential through this template?\r\n    \r\n    **A**: Yes. The AI prioritizes ideas with high profit margins and revenue potential based on the parameters you provide.\r\n    \r\n6. **Q**: Will the ideas provided be feasible within my budget?\r\n    \r\n    **A**: Yes, responding to your input, the template generates ideas that can be implemented within your given budget.\r\n    \r\n7. **Q**: How does the template maintain long-term viability of the business ideas?\r\n    \r\n    **A**: The AI is programmed to consider the long-term viability of the business ideas, taking current market conditions and growth potential into account.\r\n    \r\n8. **Q**: How do I generate business ideas after giving my inputs?\r\n    \r\n    **A**: Once you've provided your interests and budget, just press \"Create Content\" and the AI will generate the business ideas.\r\n    \r\n9. **Q**: What if I don't have a specific budget or interest in mind?\r\n    \r\n    **A**: It's best to provide some direction, but if you don't have a specific budget or interest, the platform will still generate ideas based on general market trends and opportunities.\r\n    \r\n10. **Q**: How reliable are the business ideas generated by the AI?\r\n    \r\n    **A**: The business ideas are reliable as they are generated based on comprehensive parameters. However, it's always recommended to do your own research and feasibility study before implementing any business idea.\r\n    \r\n\r\n## Feedback\r\n\r\nYour feedback is crucial to us as it helps us to constantly improve our tools and services. If you have any suggestions or issues with the Business Idea Generator, please share your experiences at this link: [Feedback Link](https://websitelearners.typeform.com/gravityai#name=Business-Idea-Generator).",
                "created_at": "2024-02-29T04:04:03.000000Z",
                "updated_at": "2025-03-16T18:56:09.000000Z",
                "is_multiprompt": false,
                "website_title": null,
                "allow_website": 0,
                "website_input_title": null,
                "website_input_placeholder": null,
                "category_name": "Business",
                "bgImage": "https://gravitywrite.sgp1.digitaloceanspaces.com/gw/VfKpNRdWJikyYuIRuejP0KVUOTtgs5el8LJXEct6.svg",
                "iconColor": "#f84b00"
            },
            {
                "id": 1679,
                "title": "Content Simplifier",
                "slug": "content-simplifier",
                "description": "Make complex content simple with this tool. Clear up your content and connect with your audience better.",
                "frontend_headline": "Transform Complex Texts into Understandable Content Swiftly",
                "icon_type": "icon",
                "icon_content": "fa-solid fa-chart-simple",
                "category_id": 12,
                "plan_id": "",
                "usage": 5763,
                "favcount": 40,
                "frontend_description": "### Introduction\r\n\r\nThe 'Content Simplifier' is an innovative template designed to help simplify complex or technical content into simpler, easy-to-understand language. This tool is highly useful for connecting with a wider audience, enhancing readability, and ensuring your content is accessible to individuals with varied levels of understanding.\r\n\r\n### Key Functionalities of the Tool\r\n\r\n- It simplifies complex information by breaking down content into straightforward terms.\r\n- The tool uses everyday, human language that resonates with your audience.\r\n- It enables you to target your content based on the readability level or grade you are aiming for.\r\n\r\n### How To Use The Tool\r\n\r\n1. Simply input or paste your text or article into the designated space.\r\n2. Next specify if there's a particular simplicity level or reading grade you are targeting.\r\n3. Once this info is entered, click on the \"Create Content\" button.\r\n\r\nThe template then works to simplify and humanize your content according to the established guidelines which include breaking down content, usage of everyday language and customization to reader's simplicity level.\r\n\r\n### Tips for Using The Tool\r\n\r\n- When entering or pasting your text, ensure the original content is clear and accurately outlines your communication objectives.\r\n- Be specific with the simplicity level or reading grade. A generic request may not yield the desired result.\r\n- Check your simplified content to ensure it still communicates your original intent and theme.\r\n\r\n### FAQ’s\r\n\r\n1. **Q**: How do I use the 'Content Simplifier' template?\r\n    \r\n    **A**: First, type or paste your complex content into the provided field. Then, specify the desired simplicity level or reading grade, and click \"Create Content\". The AI will simplify your content based on your instructions.\r\n    \r\n2. **Q**: What readability grade can I input in the template?\r\n    \r\n    **A**: You can specify any readability grade as per your target audience's comprehension level. If you're aiming for a general audience, a lower grade like 5th or 6th can be best.\r\n    \r\n3. **Q**: Will my original content lose its meaning after using this template?\r\n    \r\n    **A**: The AI is designed to retain the key information while simplifying the language, so your content's original meaning will not be lost.\r\n    \r\n4. **Q**: How do I know the simplification level is right for my audience?\r\n    \r\n    **A**: Understand your audience's comprehension level. If they are young or non-native English speakers, a lower simplification level is better. For experts or scholars, high-grade complexity works.\r\n    \r\n5. **Q**: Can I use this tool to simplify technical jargon?\r\n    \r\n    **A**: Yes! The 'Content Simplifier' is excellent for rephrasing technical terms into layman's language, making difficult texts approachable.\r\n    \r\n6. **Q**: I can't decide on a desired simplicity level. What should I do?\r\n    \r\n    **A**: When in doubt, go for an intermediate level. As you review the simplified content, adjust the level for the next attempt based on what you think is suitable.\r\n    \r\n7. **Q**: Does the 'Content Simplifier' template work for any type of content?\r\n    \r\n    **A**: Yes. This tool can simplify most texts, whether it's an academic article, press release, technical explanation, or blog post.\r\n    \r\n8. **Q**: Does the 'Content Simplifier' tool support other languages?\r\n    \r\n    **A**: Currently, this tool only simplifies English content. For other languages, we're working towards it!\r\n    \r\n9. **Q**: How can I make the simplified text more engaging?\r\n    \r\n    **A**: After the AI simplifies the content, you can further enhance readability by adding personal experiences, humor, or questions to engage readers better.\r\n    \r\n10. **Q**: The simplified content still seems a bit complicated. What can I do?\r\n    \r\n    **A**: You can try reducing the reading grade or simplicity level for further simplification. If the text still appears complex, consider breaking it into smaller sections and simplify it piece-by-piece.\r\n    \r\n\r\n### Feedback\r\n\r\nWe value your experience and are open to feedback to improve the 'Content Simplifier'. Kindly share your experiences, suggestions or queries at our feedback link: [Feedback here](https://websitelearners.typeform.com/gravityai#name=Content_Simplifier.)",
                "created_at": "2024-02-29T04:07:49.000000Z",
                "updated_at": "2025-03-17T06:27:44.000000Z",
                "is_multiprompt": false,
                "website_title": null,
                "allow_website": 0,
                "website_input_title": null,
                "website_input_placeholder": null,
                "category_name": "Writing Assistant",
                "bgImage": "https://gravitywrite.sgp1.digitaloceanspaces.com/gw/Vikgyf6gK9tQnF2tUtKfVdwZH7XtHnsOE57fhoJY.svg",
                "iconColor": "#fd3552"
            },
            {
                "id": 1680,
                "title": "Resume Writer",
                "slug": "resume-writer",
                "description": "Crafting tailored resumes that help you stand out in the job market.",
                "frontend_headline": "Masterfully Crafted Resumes to Elevate Your Career Search",
                "icon_type": "icon",
                "icon_content": "fa-solid fa-page",
                "category_id": 37,
                "plan_id": "",
                "usage": 66377,
                "favcount": 440,
                "frontend_description": "## Introduction\r\n\r\nOur Resume Writer Template is a powerful tool designed to assist in creating unique, tailored resumes that increase your chances of standing out in the competitive job market. Whether you're a fresh graduate or an experienced professional, this intuitive tool will transform the way you write your resume.\r\n\r\n## Key Functionalities\r\n\r\nThis template is capable of crafting a bespoke resume with attention to various intricate details, by answering a series of important questions related to your career profile. Specifically, the template is able to:\r\n\r\n- Personalize your resume with your name and role.\r\n- Highlight your education and professional experience.\r\n- Detail your key skills and project work.\r\n- Include any additional certifications or relevant information.\r\n- Seamlessly generate a comprehensive and professional resume once you complete these steps.\r\n\r\n## How to Use the Tool\r\n\r\nUtilizing the Resume Writer Template is simple and straightforward.\r\n\r\nHere are the steps you need to follow:\r\n\r\n1. Start by answering the first question: \"What is your name?\"\r\n2. Proceed by defining your role.\r\n3. Share your educational background.\r\n4. Detail your professional experience.\r\n5. Enumerate your key skills.\r\n6. Discuss the projects you have been a part of.\r\n7. List any certifications that you have completed.\r\n8. Provide any other information you deem important.\r\n9. Once you have filled out all the information, click \"Create Content\". You will be given your tailored, comprehensive resume.\r\n\r\n## Tips for Using the Tool\r\n\r\nWhen using this tool, we suggest the following practices for better results:\r\n\r\n- Be specific and elaborate on your skills and experiences.\r\n- Remember to mention any keywords relevant to the job you are applying for.\r\n- Do not rush through the questions. Take your time to think and give detailed answers.\r\n- Always proof-read the generated resume before submitting.\r\n\r\n## FAQ’s\r\n\r\n1. **Q**: How do I use the 'Resume Writer' template?\r\n    \r\n    **A**: It's simple. Navigate to the 'Resume Writer' template. You'll have to answer a few questions like your name, role, educational background, experience, key skills, worked projects, certifications, and any other additional information. After providing the necessary details, click on the \"Create Content\" and your professional resume will be ready no time.\r\n    \r\n2. **Q**: Do I need to answer all the questions on the 'Resume Writer' template?\r\n    \r\n    **A**: Ideally yes. But it's flexible. If you skip some fields, it may result in an incomplete resume. Filling all the fields will help craft a more comprehensive resume.\r\n    \r\n3. **Q**: What kind of roles can I enter into the 'Role' field?\r\n    \r\n    **A**: Enter the job role or position you're applying for or you're skilled in. It could be anything like 'Graphic Designer', 'Project Manager', 'Data Analyst', and so on.\r\n    \r\n4. **Q**: Can I add multiple positions or a job history in the 'Experience' field?\r\n    \r\n    **A**: Yes, feel free to add multiple roles or a complete job history. Provide detailed information on your past roles and responsibilities to make your resume more convincing.\r\n    \r\n5. **Q**: How do I enter my educational details in the 'Educational Background' field?\r\n    \r\n    **A**: Start with your most recent educational qualification. Include the degree name, the institution you studied at, and the years you attended. If you wish to add more qualifications, proceed in reverse chronological order.\r\n    \r\n6. **Q**: Can I add soft skills in the 'Key Skills' field in the 'Resume Writer' template?\r\n    \r\n    **A**: Absolutely. The 'Key Skills' field isn't just for technical skills. You can include relevant soft skills that would be an asset in your role.\r\n    \r\n7. **Q**: How specific do I need to be with my 'Projects' and 'Certifications'?\r\n    \r\n    **A**: Try to be as specific as possible. Provide the project name, your role, the outcome, and what you contributed. The same applies to the 'Certifications'. The more specific you are, the easier it will be for the AI system to create a detailed resume.\r\n    \r\n8. **Q**: I haven't completed any certifications, what can I put in the 'Certifications' field?\r\n    \r\n    **A**: If you don't have any certifications, you can leave this field blank. Remember, this field is optional and will not impact the overall formatting of your resume.\r\n    \r\n9. **Q**: How detailed should the 'Additional Information' be in the 'Resume Writer' template?\r\n    \r\n    **A**: This field is meant for any other relevant information not covered elsewhere, such as volunteer work or awards. Include as much detail as is necessary to highlight these accomplishments.\r\n    \r\n10. **Q**: Does the 'Resume Writer' template customize the wording or just organize the information provided?\r\n    \r\n    **A**: The 'Resume Writer' template not only organizes your information but also tailors the wording to make your resume more professional and impactful. It enhances your chances of standing out in the job market.\r\n    \r\n\r\n## Feedback\r\n\r\nYour feedback plays an important role in the development and improvement of our tool. If you have any suggestions or ideas for enhancing the user experience, we would love to hear from you. Please share your thoughts at the following link: [Feedback Link](https://websitelearners.typeform.com/gravityai#name=Resume-Writer)",
                "created_at": "2024-02-29T04:21:45.000000Z",
                "updated_at": "2025-03-17T06:32:21.000000Z",
                "is_multiprompt": false,
                "website_title": null,
                "allow_website": 0,
                "website_input_title": null,
                "website_input_placeholder": null,
                "category_name": "Personal Tools",
                "bgImage": "https://gravitywrite.sgp1.digitaloceanspaces.com/gw/hnT284uMbppLY7eISXVZ5fMVchDG3SQOvB7MTSCK.svg",
                "iconColor": "#21672b"
            },
            {
                "id": 1681,
                "title": "Travel Itinerary Planner",
                "slug": "travel-itinerary-planner",
                "description": "Make your vacations more enjoyable! This tool assists in crafting your ideal travel itinerary.",
                "frontend_headline": "Dreaming of a Trip? Here’s Your Perfect Itinerary Planner.",
                "icon_type": "icon",
                "icon_content": "fa-solid fa-car",
                "category_id": 37,
                "plan_id": "",
                "usage": 408,
                "favcount": 11,
                "frontend_description": "## Introduction\r\n\r\nOur **Travel Itinerary Planner** template is a powerful tool designed to make your vacation planning easier and more enjoyable. This template assists in crafting your perfect travel itinerary, taking into account your specific preferences, including the destination for the trip, interests, budget, number of days, and personal limitations. It supports you in planning a balanced, personalized, and well-researched travel itinerary, ensuring you get the most out of your vacation.\r\n\r\n## Key Functionalities\r\n\r\nWith this user-friendly tool, you can easily:\r\n\r\n- Start planning your journey from a specified point.\r\n- Determine the ideal destination for your trip.\r\n- Express your range of interests (spots to visit, activities to indulge in, cuisine to try, etc.)\r\n- Establish your budget preferences.\r\n- Set the number of days you will be spending at the destination.\r\n- Highlight any limitations or restrictions you may have.\r\n\r\n## How To Use The Tool\r\n\r\n1. Identify the starting point of your journey.\r\n2. Enter your selected destination.\r\n3. Specify the theme of your travel - whether you are interested in historical sites, scenic beauty, adventure sports, local cuisines, or any specific activities.\r\n4. Set your budget range for the trip.\r\n5. Indicate the number of days you plan to spend at the destination.\r\n6. Identify any limitations or restrictions - this could involve dietary restrictions, physical limitations, time constraints, etc.\r\n7. Press \"Create Content\" to get the output.\r\n\r\nFor a well-planned itinerary, ensure all inputs are filled truthfully to get a personalized and effective result.\r\n\r\n## Tips for Using The Tool\r\n\r\n- The more specific you are with your inputs, the better suited the itinerary will be to your needs and interests.\r\n- If you have multiple destinations in mind, it might be helpful to run the tool for each one before deciding on your final itinerary.\r\n- Make sure to include any and all limitations - it's better to plan in advance than to encounter unexpected obstacles during your trip.\r\n\r\n## FAQ’s\r\n\r\n1. **Q**: What type of details do I need to input for getting the best travel itinerary?\r\n    \r\n    **A**: For a perfect and personalized itinerary, you need to input details like your starting location, destination, personal interests, budget preferences, number of days you plan on spending at the destination, and if any, your limitations or restrictions.\r\n    \r\n2. **Q**: What do you mean by personal interests, can you give examples?\r\n    \r\n    **A**: Personal interest could be anything you enjoy doing or would like to explore during your trip. For example, it could be related to art, music, a particular cuisine, adventure sports, nature, or historical sites.\r\n    \r\n3. **Q**: What if I don't have a specific budget in mind?\r\n    \r\n    **A**: That's alright. You can specify a rough range or just mention that you're flexible with spending. The itinerary will be created accordingly, with combinations of cost-effective and high-value options.\r\n    \r\n4. **Q**: What do you mean by 'limitations'?\r\n    \r\n    **A**: Limitations refer to any factors that may affect your travel plans or preferences. It could be health-related issues, mobility restrictions, dietary restrictions, language barriers, or even things like timetabling issues.\r\n    \r\n5. **Q**: I am unsure about the duration of my visit, what should I do?\r\n    \r\n    **A**: That's fine. You can provide a tentative number of days you believe you might spend. Remember, you can always modify the itinerary later!\r\n    \r\n6. **Q**: How accurate is the generated itinerary?\r\n    \r\n    **A**: The generated itinerary is based on the answers you give. The more specific and accurate your inputs, the more personalized and accurate your itinerary will be.\r\n    \r\n7. **Q**: Can this tool plan a trip for multiple destinations?\r\n    \r\n    **A**: At the moment, our tool plans an itinerary for one destination at a time. You can create separate itineraries for different destinations, and then combine them if you plan to visit multiple places.\r\n    \r\n8. **Q**: Does the tool consider options for kids or elderly people?\r\n    \r\n    **A**: Yes, certainly. Remember to add these details in 'limitations' so that the itinerary can be designed accordingly, with facilities and activities fit for kids or elderly companions.\r\n    \r\n9. **Q**: What happens after pressing the \"Create Content\" button?\r\n    \r\n    **A**: Once you press \"Create Content\", the AI will analyze your responses and generate a personalized and optimized travel itinerary based upon your interests, preferences, and circumstances.\r\n    \r\n10. **Q**: Can I revise the itinerary multiple times?\r\n    \r\n    **A**: Of course, you can modify your responses and generate the itinerary as many times as you want until you are satisfied. Your perfect travel plan is our goal!\r\n    \r\n\r\n## Feedback\r\n\r\nYour experience with our tool is of immense value to us. We are constantly striving to improve and your insight can help greatly in this process. Please use the following link to share any feedback or suggestions you have: [Feedback Link](https://websitelearners.typeform.com/gravityai#name=Travel-Itinerary-Planner)",
                "created_at": "2024-02-29T04:34:58.000000Z",
                "updated_at": "2025-03-17T05:33:01.000000Z",
                "is_multiprompt": false,
                "website_title": null,
                "allow_website": 0,
                "website_input_title": null,
                "website_input_placeholder": null,
                "category_name": "Personal Tools",
                "bgImage": "https://gravitywrite.sgp1.digitaloceanspaces.com/gw/hnT284uMbppLY7eISXVZ5fMVchDG3SQOvB7MTSCK.svg",
                "iconColor": "#21672b"
            },
            {
                "id": 1791,
                "title": "Script for Television Broadcast",
                "slug": "script-for-television-broadcast",
                "description": "This tool simplifies crafting engaging news scripts from articles, making broadcast preparation seamless and efficient for users.",
                "frontend_headline": "Convert Your Articles into Readymade TV Broadcast Scripts",
                "icon_type": "icon",
                "icon_content": "fa-solid fa-scroll",
                "category_id": 12,
                "plan_id": "",
                "usage": 4167,
                "favcount": 34,
                "frontend_description": "### Introduction\r\n\r\nWelcome to the 'Script for Television Broadcast' template on our AI writing platform, GravityWrite. This revolutionary tool enables you to effortlessly transform text articles into engaging, ready-to-read television broadcast scripts. Whether it's a news article or an investigative report, this tool simplifies your preparatory process by providing you with a structured, broadcast-ready script.\r\n\r\n### Key Functionalities of the Tool\r\n\r\n1. Easy conversion of text articles into television broadcast scripts.\r\n2. Seamless transition narrative between anchor and reporter.\r\n3. Option to customise script according to the specific roles in your news channel (anchor, reporter).\r\n4. Efficient structuring and scripting of multi-segment news broadcasts.\r\n\r\n### How To Use The Tool\r\n\r\n1. Choose the 'Script for Television Broadcast' template on our GravityWrite platform.\r\n2. Fill in the form with the necessary details, including:\r\n    - The contents of the article you wish to convert into a script.\r\n    - The name of your news channel.\r\n    - Name of your news anchor.\r\n    - Name of your news reporter (optional).\r\n3. After you've provided all the required information, click on the \"Create Content\" button.\r\n4. In a few moments, the AI will provide you with a well-crafted television broadcast script based on your specifications.\r\n\r\n### Tips for using the tool\r\n\r\n- Ensure the supplied news article is thoroughly reviewed and all crucial points are clearly mentioned.\r\n- Remember to provide all details such as the news channel’s name, anchor's name, and reporter's name if available.\r\n- The tool is optimized to work better when complete and precise input data is provided.\r\n- Review the generated script and customize it further as per your specific delivery style and preferences.\r\n\r\n### FAQ’s\r\n\r\n1. **Q**: How detailed does my article need to be for this template?\r\n    \r\n    **A**: Your article should include all the key points and relevant details you want to feature in your news script. The template will then distill this information into a suitable broadcast format.\r\n    \r\n2. **Q**: What if I don't have a named reporter for my broadcast?\r\n    \r\n    **A**: That isn't a problem! If no reporter is named, the template is designed to allow the anchor to present the detailed coverage of the news story.\r\n    \r\n3. **Q**: Can I specify the tone I want for my news script?\r\n    \r\n    **A**: Absolutely! While answering the questions, you can include your preferred tone, and the AI will tailor the language, pacing, and overall delivery to that specification.\r\n    \r\n4. **Q**: What if my article covers multiple news stories?\r\n    \r\n    **A**: That's perfectly fine. The template is designed to handle multiple news stories. Just make sure to identify each story clearly in your provided article(s).\r\n    \r\n5. **Q**: Do I need to provide a name for the news channel?\r\n    \r\n    **A**: Yes, the name of the news channel is used in the script for authenticity and professionalism. So, ensure to provide one while interacting with the template.\r\n    \r\n6. **Q**: How can I ensure the script maintains a natural flow?\r\n    \r\n    **A**: The AI is designed to structure your script in a way that it maintains a natural flow. If you adhere to the format that we've set in the prompt, your script would flow naturally.\r\n    \r\n7. **Q**: What happens after I press \"Create Content\"?\r\n    \r\n    **A**: After you press \"Create Content\", the AI will generate your script based on the information you provided and the template guidelines.\r\n    \r\n8. **Q**: Does the script include a conclusion for the broadcast?\r\n    \r\n    **A**: Yes, the template guides the AI to create a wrap-up at the end of the broadcast script, including thanks to the viewers and attributing the news program and channel.\r\n    \r\n9. **Q**: Can this template handle interviews within the news script?\r\n    \r\n    **A**: While tailored to news reports, the AI could incorporate interview-like segments if the provided articles include aspects of an interview. However, the script may not reflect a traditional interview format.\r\n    \r\n10. **Q**: Can the AI make up details that weren't in the provided articles?\r\n    \r\n    **A**: No, the AI operates based on the information you provide. So, it's important to ensure your articles include all key details you want in your script.\r\n    \r\n\r\n### Feedback\r\nThis tool is designed to simplify your broadcasting preparation process, and your feedback is valuable in continually improving its performance and usability. Please share your experiences, thoughts, and recommendations by following this link: [Feedback Link](https://websitelearners.typeform.com/gravityai#name=scriptfortelevisionbroadcast)",
                "created_at": "2024-03-13T23:14:29.000000Z",
                "updated_at": "2025-03-17T04:51:42.000000Z",
                "is_multiprompt": false,
                "website_title": null,
                "allow_website": 0,
                "website_input_title": null,
                "website_input_placeholder": null,
                "category_name": "Writing Assistant",
                "bgImage": "https://gravitywrite.sgp1.digitaloceanspaces.com/gw/Vikgyf6gK9tQnF2tUtKfVdwZH7XtHnsOE57fhoJY.svg",
                "iconColor": "#fd3552"
            },
            {
                "id": 1970,
                "title": "Relieving Letter Generator",
                "slug": "relieving-letter-generator",
                "description": "This tool helps you to create a formal way of communicating to the employee that the resignation has been accepted.",
                "frontend_headline": "Craft Employee Resignation Acceptance Letters Swiftly",
                "icon_type": "icon",
                "icon_content": "fa-solid fa-mailbox",
                "category_id": 30,
                "plan_id": "",
                "usage": 133,
                "favcount": 4,
                "frontend_description": "### Introduction\r\n\r\nThe Relieving Letter Generator is an effective tool on our AI writing platform \"Gravitywrite\" that facilitates the process of creating a formal communication regarding the acceptance of an employee's resignation. Perfect for HR professionals or business owners, it automates the conventional, time-consuming process, ensuring that the relieving letter reflects professionalism and covers all necessary details.\r\n\r\n### Key Features\r\n\r\n**Customization**: The Relieving Letter Generator offers you the ability to customize your letter according to your organization's requirements. You can include specific sections or details as deemed necessary.\r\n\r\n**Ease of Use**: The tool is designed for user-friendliness. By simply answering a few basic questions about the employee and desired content, you'll receive a professionally crafted relieving letter.\r\n\r\n### How To Use The Tool\r\n\r\nFollow these steps to create a relieving letter:\r\n\r\n1. Navigate to the Relieving Letter Generator on the Gravitywrite platform.\r\n2. Provide the necessary inputs:\r\n    - Job Title: Fill in the employee's job title.\r\n    - Employee's Relieving / Last Working Date: Specify the date the employee's tenure will terminate or did terminate.\r\n    - Specifications: Include any particular sections or details you'd like the letter to encompass.\r\n3. After providing all the necessary information, click on the \"Create Content\" button.\r\n4. Once the button is clicked, the AI will generate a professional relieving letter based on the information you've provided.\r\n5. You can now review, edit and download the letter for your use.\r\n\r\n### Tips for using the tool\r\n\r\n- Carefully provide all input details to ensure the letter's accuracy.\r\n- While specifying additional information, include clear and precise details for better content generation.\r\n- Remember that the tool is flexible – don’t shy away from including specific sections or comments to suit your organizational needs.\r\n- Always review the generated letter thoroughly before finalizing and sending it.\r\n\r\n### FAQ’s\r\n\r\n1. **Q**: What does the 'Relieving Letter Generator' template do?\r\n    \r\n    **A**: This template allows you to create a formal communication stating that an employee's resignation has been accepted. It helps to draft a professional relieving letter.\r\n    \r\n2. **Q**: How do I use the 'Relieving Letter Generator' template?\r\n    \r\n    **A**: You just need to provide the job title, the employee's relieving or last working date and any specific sections or details you want to include in the letter. After inputting these details, click the \"Create Content\" button to generate your letter.\r\n    \r\n3. **Q**: Can I customize the letter generated by this template?\r\n    \r\n    **A**: Absolutely. Before generating the content, you can provide any specific sections or details you want in your letter. Plus, the content created can be further edited according to your preference.\r\n    \r\n4. **Q**: Why do I need to input the job title?\r\n    \r\n    **A**: By including the job title, the template can ensure that your relieving letter is relevant to the employee's experience and duties in your company, making the letter more accurate and professional.\r\n    \r\n5. **Q**: What happens if I forget to mention the last working date?\r\n    \r\n    **A**: Including the last working date is crucial in a relieving letter. It helps in charting out official records. If you miss it, you may not generate a complete relieving letter.\r\n    \r\n6. **Q**: Is this 'Relieving Letter Generator' template available for free?\r\n    \r\n    **A**: The availability and pricing of the template might vary. Please refer to the platform's pricing section for further details.\r\n    \r\n7. **Q**: I messed up the first letter. Can I regenerate a new one?\r\n    \r\n    **A**: Of course. You can generate a new relieving letter by providing the right inputs and clicking on the \"Create Content\" button again.\r\n    \r\n8. **Q**: Can I add personal sentiments to the letter?\r\n    \r\n    **A**: The template is designed to generate a formal relieving letter. However, you're free to edit and add any additional sentiments after the initial generation if you wish to personalize it.\r\n    \r\n9. **Q**: Can I generate multiple letters at the same time?\r\n    \r\n    **A**: The template generates one letter at a time for accuracy. If you need multiple letters, you'll have to process them individually.\r\n    \r\n10. **Q**: Will my data be secure while using this generator?\r\n    \r\n    **A**: Your data's security is our topmost priority. The inputs provided for the generation process are not stored or shared.\r\n    \r\n\r\n### Feedback\r\n\r\nYour views and experiences are valuable to us. If you have any suggestions or feedback regarding the Relieving Letter Generator, we'd love to hear from you. Please click on this [link](https://websitelearners.typeform.com/gravityai#name=Relieving-Letter-Generator) to leave your feedback.",
                "created_at": "2024-04-04T01:01:41.000000Z",
                "updated_at": "2025-03-06T06:59:58.000000Z",
                "is_multiprompt": false,
                "website_title": null,
                "allow_website": 0,
                "website_input_title": null,
                "website_input_placeholder": null,
                "category_name": "HR Tools",
                "bgImage": "https://gravitywrite.sgp1.digitaloceanspaces.com/gw/9aacPCpwe4oK0bcFMXgQ9KhdqroMImMR7KOW0nzk.svg",
                "iconColor": "#476470"
            },
            {
                "id": 1971,
                "title": "Performance Appraisal Letter",
                "slug": "performance-appraisal-letter",
                "description": "This tool helps you to create a performance appraisal letter to notify specific employees to praise their work performance during a calendar year.",
                "frontend_headline": "Acknowledge Outstanding Employee Achievement With Fitting Letters",
                "icon_type": "icon",
                "icon_content": "fa-solid fa-hands-clapping",
                "category_id": 30,
                "plan_id": "",
                "usage": 70,
                "favcount": 2,
                "frontend_description": "## Introduction\r\n\r\nThe Performance Appraisal Letter template is a powerful tool that enables you to create detailed and personalized appraisal letters for your employees. The template is designed to help you acknowledge and applaud the prime accomplishments and performance of your employees during a specific calendar year.\r\n\r\nWhether you are a manager, a HR professional, or a business owner, this template can greatly simplify the process of crafting an appraisal letter. It ensures that you don't miss out on mentioning any crucial information and the letter remains precise, professional and effective.\r\n\r\n## Key Functionalities of the Tool\r\n\r\nHere are some key features and functionalities of this template:\r\n\r\n1. Provides a structured format for the appraisal letter.\r\n2. Ensures essential details are included in the letter.\r\n3. Maintains a professional tone throughout.\r\n4. Enables customization based on employee’s achievements and areas for improvement.\r\n\r\n## How To Use The Tool\r\n\r\n1. Start by clicking on the template and answer the following questions:\r\n    - What is the role/designation of the employee?\r\n    - What are his/her key achievements?\r\n    - What areas does the employee need to improve?\r\n    - Are there any specific sections or details you want to include in the letter?\r\n2. After you've completed answering all the questions, press \"Create Content\" to get the output.\r\n3. Your complete performance appraisal letter will be generated in no time. You can edit or revise the content as needed.\r\n\r\n## Tips For Using The Tool\r\n\r\nMake sure to:\r\n\r\n1. Be specific with the achievements and areas of improvement, this makes the appraisal sincere and effective.\r\n2. Remember to keep the language formal and professional.\r\n3. Be concise and avoid unnecessary details.\r\n4. The appraisal letter should give a clear picture of the employee’s performance. Make sure the output aligns with this goal.\r\n5. Review the text for any errors or modifications needed before sharing it with the employee.\r\n\r\n## FAQ’s\r\n\r\n1. **Q**: How do I input the achievements of the employee in this template?\r\n    \r\n    **A**: When the tool asks you \"What are the employee's key achievements?\", simply list the accomplishments of the employee and it will include them in the letter for you.\r\n    \r\n2. **Q**: Can I include things the employee needs to improve?\r\n    \r\n    **A**: Absolutely! When prompted with \"What areas does the employee need to improve?\", provide those aspects where the employee can make improvements.\r\n    \r\n3. **Q**: How specific do I need to be when answering the questions?\r\n    \r\n    **A**: Be as specific as you can. The more precise your answers, the more clear and tailored the letter will be.\r\n    \r\n4. **Q**: How do I begin creating the letter?\r\n    \r\n    **A**: Simply answer the given questions and then press \"Create Content\". Your performance appraisal letter will automatically generate.\r\n    \r\n5. **Q**: Can I customize the sections of the letter?\r\n    \r\n    **A**: Yes, you can. When asked \"Are there any specific sections or details you want to include in the letter?\", just provide what you want, and the tool will integrate it.\r\n    \r\n6. **Q**: What is the format of the performance appraisal letter?\r\n    \r\n    **A**: The letter is designed to be professional, concise, and simple. It includes the reason for the appraisal, key achievements, areas for improvement, and new salary amount if needed.\r\n    \r\n7. **Q**: Can I include the revised salary in the letter?\r\n    \r\n    **A**: Yes, you may mention the new salary while answering the question, but remember it doesn't cover bonuses or benefits.\r\n    \r\n8. **Q**: How professional is this letter?\r\n    \r\n    **A**: The template is designed to deliver a highly professional letter that adequately recognizes and appreciates the employee's contributions.\r\n    \r\n9. **Q**: Can I mention multiple designations if the employee has more than one role?\r\n    \r\n    **A**: Yes, you can. When asked about the role/designation, list all the roles of the employee.\r\n    \r\n10. **Q**: What if I don't want to include any particular section in the letter?\r\n    \r\n    **A**: If you don't wish to include a particular section, you can choose to skip the corresponding question or provide the necessary context while answering \"Are there any specific sections or details you want to include in the letter?\".\r\n    \r\n\r\n## Feedback\r\n\r\nWe value your feedback and are continuously looking to improve the tool to cater to your needs better. Your suggestions and inputs can help us enhance the user experience and functionality of the tool. You can share your feedback with us on: [Link](https://websitelearners.typeform.com/gravityai#name=Performance-Appraisal-Letter).",
                "created_at": "2024-04-04T01:09:37.000000Z",
                "updated_at": "2025-03-14T21:16:39.000000Z",
                "is_multiprompt": false,
                "website_title": null,
                "allow_website": 0,
                "website_input_title": null,
                "website_input_placeholder": null,
                "category_name": "HR Tools",
                "bgImage": "https://gravitywrite.sgp1.digitaloceanspaces.com/gw/9aacPCpwe4oK0bcFMXgQ9KhdqroMImMR7KOW0nzk.svg",
                "iconColor": "#476470"
            },
            {
                "id": 1972,
                "title": "Landing Page Copywriting",
                "slug": "landing-page-copywriting",
                "description": "This tool enables the effortless creation of an amazing landing page, effectively showcase your product or service with a professional touch.",
                "frontend_headline": "Attract More Customers with a Professional Landing Page",
                "icon_type": "icon",
                "icon_content": "fa-regular fa-newspaper",
                "category_id": 41,
                "plan_id": "1",
                "usage": 1348,
                "favcount": 52,
                "frontend_description": "## Introduction\r\n\r\nWelcome to the Landing Page Copywriting Template Support Document! This innovative tool is designed to make the process of creating persuasive and professional landing pages remarkably easy. By inputting just a few details about your product or service, your intended audience, and your structural preferences, you can rely on our AI to generate impeccable content for your landing pages, helping you to effectively showcase your offerings with a professional touch.\r\n\r\n## Key Functionalities of the Tool\r\n\r\nThis Landing Page Copywriting Template comes with several key functionalities:\r\n\r\n- AI-generated copywriting: The GravityWrite AI mechanism can quickly deliver a high-quality, engaging copy that captures and presents your product or service in the most appealing light.\r\n- Targeted audience focus: The tool can tailor the language, tone, and style of the copy based on your target audience.\r\n- Structured preference compliance: The template pays attention to your ideal structure for the copy and incorporates your specific requested elements.\r\n\r\n## How To Use The Tool\r\n\r\nUsing the Landing Page Copywriting tool is simple and straight-forward. Follow the steps below to create fantastic, attention-grabbing content:\r\n\r\n1. Visit our AI Writing platform, GravityWrite.\r\n2. Choose the 'Landing Page Copywriting' template from the list of content generation templates.\r\n3. Answer the following questions:\r\n    - Enter your product or service and its main features & benefits?\r\n    - Who is your target audience?\r\n    - Do you have any preference for the copy's structure or elements to include?\r\n4. After providing the required information, click on the 'Create Content' button.\r\n5. The AI will process the information and generate your landing page copy.\r\n\r\n## Tips for using the tool\r\n\r\n- Be as specific as possible when you provide your product or service details and its features & benefits, to ensure a more targeted and relevant copy.\r\n- Accurately defining your target audience will help in crafting a copy that resonates with them and meets their needs.\r\n- Having a clear idea about your copy's structure preference can lead to copy that aligns well with your overall marketing strategy.\r\n\r\n## FAQ’s\r\n\r\n1. **Q**: What information should I provide about my product or service?\r\n    \r\n    **A**: Please describe your product or service including its key features and benefits. This can include what it does, how it works, what sets it apart from similar services, and why it would be of value to your target audience.\r\n    \r\n2. **Q**: Who should I consider as my target audience?\r\n    \r\n    **A**: Your target audience is the specific group of people most likely to be interested in your product or service. This could be based on demographics, buying habits, interests, location, or other factors relevant to your offering.\r\n    \r\n3. **Q**: What kind of preferences can I add to the copy's structure?\r\n    \r\n    **A**: These could be key points or messages you'd like to prioritize, the tone of voice such as casual or formal, a call to action, or any specific sections you want to include, like an intro, benefits, testimonials, etc.\r\n    \r\n4. **Q**: How do I use the 'Create Content' button?\r\n    \r\n    **A**: Once you've filled in all requested information about your product/service, target audience and preferences, simply press the 'Create Content' button. The AI will then generate your landing page copy.\r\n    \r\n5. **Q**: How will my landing page be structured?\r\n    \r\n    **A**: The structure will be based on the preferences you indicated. It typically includes an introduction, benefits, testimonials or social proof, a call to action, and footer, but could vary based on your inputs.\r\n    \r\n6. **Q**: How can I modify the generated copy?\r\n    \r\n    **A**: You are free to edit the generated copy directly on the platform after it's been created according to your needs and preferences.\r\n    \r\n7. **Q**: I made a mistake in my inputs. How do I correct it?\r\n    \r\n    **A**: If you have made a mistake while entering your inputs, you can simply go back, correct your inputs and click the \"Create Content\" button again.\r\n    \r\n8. **Q**: Is there a limit to how much information I can enter about my product or service?\r\n    \r\n    **A**: There is no strict limit, but remember quality matters more than quantity. Providing clear, concise details will yield the best results.\r\n    \r\n9. **Q**: Can I use this tool multiple times for different products?\r\n    \r\n    **A**: Absolutely. You can use the tool to create unique landing page copy for as many different products or services as you like.\r\n    \r\n10. **Q**: Why is no content being created when I press 'Create Content'?\r\n    \r\n    **A**: Please ensure that all fields are correctly filled out before pressing 'Create Content'. If the issue persists, there may be a technical issue—please contact support.\r\n    \r\n\r\n## Feedback\r\n\r\nWe always aim to improve our tools for better user experiences. We would love to hear from you about how the Landing Page Copywriting Template has helped you or if you have any suggestions for enhancements. Please share your feedback by visiting the link: [Feedback Link](https://websitelearners.typeform.com/gravityai#name=landing-page-copywriting\r\n).\r\n\r\nThank you for choosing GravityWrite as your AI writing platform, we look forward to aiding your continuous success!",
                "created_at": "2024-04-04T01:18:26.000000Z",
                "updated_at": "2025-03-15T16:00:27.000000Z",
                "is_multiprompt": false,
                "website_title": null,
                "allow_website": 0,
                "website_input_title": null,
                "website_input_placeholder": null,
                "category_name": "Marketing Tools",
                "bgImage": "https://gravitywrite.sgp1.digitaloceanspaces.com/gw/e7Hmi6rLqPyDXiUF8ybyYYIb6IWicbt9HPcu03DT.svg",
                "iconColor": "#a106f4"
            },
            {
                "id": 1973,
                "title": "Case Study Generator",
                "slug": "case-study-generator",
                "description": "This tool helps you craft effective, professional case study in no time.",
                "frontend_headline": "Transform Your Insights into Well-Structured Case Studies",
                "icon_type": "icon",
                "icon_content": "fa-solid fa-layer-group",
                "category_id": 41,
                "plan_id": "",
                "usage": 690,
                "favcount": 29,
                "frontend_description": "## Introduction\r\n\r\nThe Case Study Generator is a powerful tool on our GravityWrite AI writing platform. It assists you in crafting effective, professional case studies within minutes. Breathtakingly user-friendly, it asks a few simple questions, after which it creates a compelling showcasing the problem that your product or service solves, the solution you implemented and the transformative results achieved.\r\n\r\n## Key Functionalities\r\n\r\nThe Case Study Generator offers the following main features:\r\n\r\n1. Customized case study template: Answer a few questions and the tool will generate a custom case study based on your inputs.\r\n2. Preset structure: Regardless of whether you have a preferred case study structure or not, the tool delivers a well-organized narrative following a coherent pattern.\r\n3. Word limit specification: Depending on your needs, your case study can range from 600 to 1500 words.\r\n\r\n## How to Use the Tool\r\n\r\nTo use the Case Study Generator, follow these steps:\r\n\r\n1. Start the process by answering a few questions about your product/service. These include a brief description of your product/service, the challenges your customers face, the solutions it provides, and your preferred case study format if any.\r\n2. Once you've answered these questions, click on the \"Create Content\" button.\r\n3. The tool then generates a well-structured and engaging case study following the guidelines provided.\r\n\r\n## Tips for Using the Tool\r\n\r\nTo generate the best case studies using this tool, keep the following tips in mind:\r\n\r\n1. Be as detailed as possible while answering the initial questions – every bit of information contributes to a more personalized, compelling case study.\r\n2. Use clear language without jargon while describing your product or service.\r\n3. Don't worry if you don't have a preferred case study format. The tool can still generate an excellent case study without it.\r\n\r\n## FAQ’s\r\n\r\n1. **Q**: How does the Case Study Generator work?\r\n    \r\n    **A**: The Case Study Generator helps you create professional case studies quickly by asking you specific questions about your product, service, or business, the challenges your customers face, and the solutions you provide.\r\n    \r\n2. **Q**: What kind of information do I need to provide to use the Case Study Generator?\r\n    \r\n    **A**: You will need to describe your product, service, or business, the challenges your customers encounter, the problem your solution addresses, and any preferred format or structure for the case study.\r\n    \r\n3. **Q**: What is the purpose of creating a case study with this tool?\r\n    \r\n    **A**: The purpose of using the Case Study Generator is to showcase real-life examples of how your product or service solves problems for your customers, helping potential clients understand the value you provide.\r\n    \r\n4. **Q**: What are the key components of a well-crafted case study?\r\n    \r\n    **A**: A well-crafted case study should include a clear narrative that outlines the problem faced by the customer, the solution implemented, and the positive impact or results of that solution.\r\n    \r\n5. **Q**: How can I ensure that my case study is engaging and informative?\r\n    \r\n    **A**: To create an engaging case study, focus on presenting a compelling storyline that flows from problem to solution to results, ensuring that the content is both factual and captivating for readers.\r\n    \r\n6. **Q**: Can I use the generated case study for marketing purposes?\r\n    \r\n    **A**: Yes, the case study created with the Case Study Generator can be used for marketing purposes to showcase your success stories and demonstrate the effectiveness of your product or service.\r\n    \r\n7. **Q**: Is there a word count requirement for the case study generated by this tool?\r\n    \r\n    **A**: The tool recommends aiming for a word count between 600-1500 words to ensure that the case study is comprehensive, detailed, and provides enough information for readers.\r\n    \r\n8. **Q**: How can I make my case study more impactful?\r\n    \r\n    **A**: To make your case study more impactful, focus on telling a coherent and engaging story that highlights the problem, the solution, and the positive results achieved, demonstrating the value of your product or service to potential clients.\r\n    \r\n\r\n## Feedback\r\n\r\nYour feedback is valuable to us as it helps enhance the utility and efficiency of the tool. Please share your experiences of using the Case Study Generator, and any suggestions for improving it, by clicking on this link: [Feedback Link](https://websitelearners.typeform.com/gravityai#name=Case_Study_Generator)",
                "created_at": "2024-04-04T01:32:07.000000Z",
                "updated_at": "2025-03-16T18:38:04.000000Z",
                "is_multiprompt": false,
                "website_title": null,
                "allow_website": 0,
                "website_input_title": null,
                "website_input_placeholder": null,
                "category_name": "Marketing Tools",
                "bgImage": "https://gravitywrite.sgp1.digitaloceanspaces.com/gw/e7Hmi6rLqPyDXiUF8ybyYYIb6IWicbt9HPcu03DT.svg",
                "iconColor": "#a106f4"
            },
            {
                "id": 1974,
                "title": "GTM Strategy",
                "slug": "gtm-strategy",
                "description": "This tool designed to help you create and execute winning Go-To-Market plans. With this tool, you'll be able to identify target markets, define effective messaging, and devise successful marketing tactics to drive growth and maximize your business impact.",
                "frontend_headline": "Develop Go-To-Market plans to maximize business impact.",
                "icon_type": "icon",
                "icon_content": "fa-solid fa-bullseye",
                "category_id": 41,
                "plan_id": "",
                "usage": 843,
                "favcount": 20,
                "frontend_description": "## Introduction\r\n\r\nThe 'GTM Strategy' template on GravityWrite is a powerful tool designed to help you create and execute winning Go-To-Market plans. By using this tool, you'll be able to identify your target markets, define effective messaging, and devise successful marketing tactics to drive growth and maximize your business impact.\r\n\r\n## Key Functionalities\r\n\r\n- Identify target markets\r\n- Define effective messaging\r\n- Devise successful marketing tactics\r\n\r\n## How To Use The Tool\r\n\r\n1. Start by answering the questions provided:\r\n    - Is your GTM strategy intended for?\r\n    - What is the product or service you're planning to market?\r\n    - Is there a specific timeline and budget we should keep in mind?\r\n    - Are there specific objectives or challenges you'd like the GTM strategy to focus on?\r\n2. Once you have answered the questions, press \"Create Content\" to generate the output.\r\n\r\n## Tips for Using the Tool\r\n\r\n- Be specific and detailed in your answers to get the most accurate and tailored GTM strategy.\r\n- Review the generated GTM strategy carefully and make any necessary adjustments before execution.\r\n\r\n## FAQ’s\r\n\r\n1. **Q**: What is the purpose of the GTM Strategy template?\r\n    \r\n    **A**: The GTM Strategy template is designed to help you create and execute successful Go-To-Market plans for your products or services.\r\n    \r\n2. **Q**: How can the GTM Strategy template help me?\r\n    \r\n    **A**: This template can assist you in identifying target markets, defining effective messaging, and devising successful marketing tactics to drive growth and maximize your business impact.\r\n    \r\n3. **Q**: What do I need to provide to use the GTM Strategy template?\r\n    \r\n    **A**: You will need to specify the intended audience for your GTM strategy, the product or service you plan to market, any timeline and budget constraints, and specific objectives or challenges to focus on.\r\n    \r\n4. **Q**: Is the GTM Strategy template customizable to fit my specific needs?\r\n    \r\n    **A**: Yes, you can tailor the GTM Strategy template by providing information on your target markets, messaging, and marketing tactics to ensure it aligns with your unique business goals.\r\n    \r\n5. **Q**: How can I create content using the GTM Strategy template?\r\n    \r\n    **A**: After answering questions about your target audience, product/service, timeline, budget, objectives, and challenges, you can simply click on \"Create Content\" to generate your customized GTM strategy.\r\n    \r\n6. **Q**: Can the GTM Strategy template help me reach new customers?\r\n    \r\n    **A**: Yes, by utilizing the GTM Strategy template, you can identify target markets and devise effective marketing tactics to expand your customer base and reach new potential clients.\r\n    \r\n7. **Q**: Will the GTM Strategy template provide guidance on marketing strategies?\r\n    \r\n    **A**: Absolutely, the GTM Strategy template will offer insights and recommendations on effective marketing strategies to help you achieve your business objectives and overcome challenges.\r\n    \r\n8. **Q**: Is the GTM Strategy template suitable for both new and established businesses?\r\n    \r\n    **A**: Yes, the GTM Strategy template is versatile and can be used by both startups looking to launch new products/services and established businesses aiming to reposition existing offerings in the market.\r\n    \r\n9. **Q**: Can I save and edit my GTM strategy after using the template?\r\n    \r\n    **A**: Currently, the GTM Strategy template does not support saving or editing functionality. However, you can generate a new GTM strategy anytime by re-entering your information.\r\n    \r\n10. **Q**: How can I ensure the success of my GTM strategy created with this template?\r\n    \r\n    **A**: To maximize the impact of your GTM strategy, be sure to regularly review and adjust your tactics based on market feedback, track performance metrics, and iterate on your messaging to drive ongoing success.\r\n    \r\n\r\n## Feedback\r\n\r\nWe value your feedback! Share your experiences and suggestions for improving the 'GTM Strategy' template by clicking on the following link: [GTM Strategy](https://websitelearners.typeform.com/gravityai#name=gtm_strategy)",
                "created_at": "2024-04-04T01:41:51.000000Z",
                "updated_at": "2025-03-16T06:34:03.000000Z",
                "is_multiprompt": false,
                "website_title": null,
                "allow_website": 0,
                "website_input_title": null,
                "website_input_placeholder": null,
                "category_name": "Marketing Tools",
                "bgImage": "https://gravitywrite.sgp1.digitaloceanspaces.com/gw/e7Hmi6rLqPyDXiUF8ybyYYIb6IWicbt9HPcu03DT.svg",
                "iconColor": "#a106f4"
            },
            {
                "id": 1975,
                "title": "Twitter Ads",
                "slug": "twitter-ads",
                "description": "Boost your brand's online presence and reach millions of potential customers worldwide with this tool. This tool create a amazing ad content for your business, product, or service.",
                "frontend_headline": "Increase Customer Reach with Strategic Twitter Ad Content.",
                "icon_type": "icon",
                "icon_content": "fa-brands fa-twitter",
                "category_id": 17,
                "plan_id": "",
                "usage": 337,
                "favcount": 15,
                "frontend_description": "## Introduction\r\n\r\nWelcome to our 'Twitter Ads' template. This tool is designed to boost your brand's online visibility by creating enticing ad content that reaches millions of potential users worldwide. If you have a business, product, or service you want to promote on Twitter, this tool is perfect for you. It simplifies the ad creation process, making your campaigns more effective.\r\n\r\n## Key Functionalities of the Tool\r\n\r\nWhile simple to use, our Twitter ads template has the following key features to help generate optimal results:\r\n\r\n1. Efficiently tailor ad messages: The tool helps you create 5 unique Twitter ads for your product, business, or service based on your input.\r\n2. Concise and attractive message creation: The tool guides you in creating concise, engaging text that resonates with your audience.\r\n3. Visual enhancements: It offers the optional use of relevant visuals and emojis to make your ads stand out more.\r\n\r\n## How To Use The Tool\r\n\r\n1. First, answer the three initial questions about your product, service, or business promotion goals and target audience.\r\n2. After answering, click the \"Create Content\" button for the tool to generate your ads based on your inputs and the ad guidelines.\r\n3. Review the generated content, and make any required changes to better suit your needs.\r\n4. Finally, use the generated content to set up your Twitter ads.\r\n\r\n## Tips for Using the Tool\r\n\r\n1. The more specific your input in the three initial questions, the more tailored and effective your ads will be.\r\n2. Keep your message short and simple. Don't overload your audience with information.\r\n3. Visuals and emojis can make your ads more engaging but use them wisely. Ensure they align with your message and are appropriate for your brand and audience.\r\n\r\n## FAQ’s\r\n\r\n1. **Q**: How detailed should I describe my product, service, or business?\r\n    \r\n    **A**: You should describe your product, business, or service briefly but make sure to include key points that you want to be highlighted in your Twitter ad. Make sure to include any distinguishing features that set you apart from competitors.\r\n    \r\n2. **Q**: How specific do I need to be about my target audience?\r\n    \r\n    **A**: Be as detailed as possible. Think about who would be most interested in your product, business, or service. This could be based on age, location, interests, and other defining characteristics.\r\n    \r\n3. **Q**: What information or elements should I include in the objective for my ad?\r\n    \r\n    **A**: Try to clearly state what you aim to achieve with your Twitter ad. This could be promoting a new product, increasing brand awareness, driving traffic to your website, or increasing sales.\r\n    \r\n4. **Q**: How many lines should my Twitter ad have?\r\n    \r\n    **A**: Twitter ads should be short and straight to the point. However, ensure your ad thoroughly communicates your message. The template will create a text within Twitter's character limits.\r\n    \r\n5. **Q**: Is it compulsory to use visuals and emojis in my Twitter ad content?\r\n    \r\n    **A**: Not necessarily. These elements are suggested to enhance your message and make it more engaging. You can choose to use it or not based on your preference and what fits your audience.\r\n    \r\n6. **Q**: I have multiple product lines, can I describe all of them?\r\n    \r\n    **A**: Yes, but remember to keep it brief and focused, as the ad text space is limited.\r\n    \r\n7. **Q**: How do I use the created content?\r\n    \r\n    **A**: After the AI has generated your Twitter ads content, you can simply copy them and paste it directly into your Twitter ad campaigns.\r\n    \r\n8. **Q**: What if I don’t like the content produced by the AI?\r\n    \r\n    **A**: You can run the template again with the same or slightly tweaked inputs to get different outputs. The tool creates unique content each time around.\r\n    \r\n9. **Q**: Can the AI create more than 5 Twitter ad contents?\r\n    \r\n    **A**: For now, the output is set to generate 5 ad contents, to provide variety while being concise.\r\n    \r\n10. **Q**: Can I use this tool to create ad content for other social media platforms?\r\n    \r\n    **A**: The 'Twitter Ads' template is specifically designed for Twitter ad content. For other platforms, you can select the respective template available on our platform. Each platform has different ad requirements and hence, different templates.\r\n    \r\n\r\n## Feedback\r\n\r\nWe appreciate your feedback and suggestions to improve our 'Twitter Ads' template. Please share your experiences, suggestions, and improvements at this link: [Twitter Ads](https://websitelearners.typeform.com/gravityai#name=Twitter-Ads).",
                "created_at": "2024-04-04T01:45:57.000000Z",
                "updated_at": "2025-03-09T08:13:29.000000Z",
                "is_multiprompt": false,
                "website_title": null,
                "allow_website": 0,
                "website_input_title": null,
                "website_input_placeholder": null,
                "category_name": "Advertising Tools",
                "bgImage": "https://gravitywrite.sgp1.digitaloceanspaces.com/gw/uZaDLrVForDA7O8d0LUru6MiBhQCXRAZV0dJ9NtH.svg",
                "iconColor": "#12b3eb"
            },
            {
                "id": 1562,
                "title": "Recipe Suggestions Generator",
                "slug": "recipe-suggestions-generator",
                "description": "Finding the perfect recipe for your next meal has never been easier with our AI-powered tool.",
                "frontend_headline": "Discover delicious recipes quickly with AI recipe suggestions tool.",
                "icon_type": "svg",
                "icon_content": "<svg version=\"1.1\" id=\"Uploaded to svgrepo.com\" xmlns=\"http://www.w3.org/2000/svg\" xmlns:xlink=\"http://www.w3.org/1999/xlink\"      width=\"18px\" height=\"18px\" viewBox=\"0 0 32 32\" xml:space=\"preserve\" fill=\"currentColor\">     <style type=\"text/css\">         .puchipuchi_een{fill:currentColor;}     </style>     <path class=\"puchipuchi_een\" d=\"M26.368,27.263l0.422,0.843c0.494,0.988,0.094,2.189-0.895,2.684C25.607,30.933,25.302,31,25.002,31         c-0.734,0-1.44-0.405-1.791-1.106l-0.199-0.398C20.948,30.463,18.558,31,16,31s-4.948-0.537-7.012-1.503l-0.199,0.398         C8.438,30.595,7.732,31,6.998,31c-0.3,0-0.605-0.068-0.893-0.211c-0.988-0.494-1.389-1.695-0.895-2.684l0.422-0.843         C3.382,25.189,2,22.357,2,19c0-2.241,0.611-3.861,1.686-5.032C2.732,13.817,2,12.997,2,12c0-1.104,0.896-2,2-2h24         c1.104,0,2,0.896,2,2c0,0.997-0.732,1.817-1.686,1.968C29.389,15.139,30,16.759,30,19C30,22.357,28.618,25.189,26.368,27.263z M14,9         c1.105,0,2-0.895,2-2c0-1.105-0.895-2-2-2s-2,0.895-2,2C12,8.105,12.895,9,14,9z M18.5,6C19.328,6,20,5.328,20,4.5S19.328,3,18.5,3         S17,3.672,17,4.5S17.672,6,18.5,6z M15,3c0.552,0,1-0.448,1-1c0-0.552-0.448-1-1-1s-1,0.448-1,1C14,2.552,14.448,3,15,3z\"/> </svg>",
                "category_id": 37,
                "plan_id": "",
                "usage": 216,
                "favcount": 22,
                "frontend_description": "## Introduction:\r\n\r\nThe 'Recipe Suggestions Generator' on gravitywrite is an AI-powered tool designed to help you find the perfect recipe for your next meal quickly and easily. Simply input the ingredients you have and any food preferences or dietary restrictions, and let the tool do the rest!\r\n\r\n## How To Use The Tool:\r\n\r\n1. Start by entering the ingredients you have on hand in the designated field.\r\n2. Next, list any food preferences or dietary restrictions you have, such as vegetarian, gluten-free, or nut-free.\r\n3. Once you have answered these questions, press the \"Create Content\" button to generate recipe suggestions based on your inputs.\r\n\r\n## Tips for using the tool:\r\n\r\n- Be specific when listing your ingredients to get the most accurate recipe suggestions.\r\n- Explore different combinations of ingredients and preferences to discover new and exciting recipes.\r\n- Don't be afraid to experiment with different inputs to customize your recipe suggestions to your liking.\r\n\r\n## **FAQ for Tools**\r\n\r\n1. **Q**: How does the Recipe Suggestions Generator work?\r\n    \r\n    **A**: The Recipe Suggestions Generator works by prompting you to input the ingredients you have and any food preferences or dietary restrictions. After providing this information, simply click \"Create Content\" to receive recipe suggestions tailored to your inputs.\r\n    \r\n2. **Q**: What if I don't have all the ingredients listed?\r\n    \r\n    **A**: If you don't have all the ingredients listed, don't worry! You can still enter the ingredients you do have, and the Recipe Suggestions Generator will provide you with recipe options based on those ingredients.\r\n    \r\n3. **Q**: Can I input multiple ingredients at once?\r\n    \r\n    **A**: Yes, you can input multiple ingredients at once. Simply separate each ingredient with a comma to make it easier for the AI to understand your inputs.\r\n    \r\n4. **Q**: How do I indicate my food preferences or dietary restrictions?\r\n    \r\n    **A**: When using the Recipe Suggestions Generator, you will be prompted to list any food preferences or dietary restrictions you have. This information will help generate recipe suggestions that align with your specific needs.\r\n    \r\n5. **Q**: Will the recipes provided cater to my dietary restrictions?\r\n    \r\n    **A**: Yes, the recipes provided by the Recipe Suggestions Generator will take into account any dietary restrictions or food preferences you have listed. You can enjoy suggestions that are tailored to your specific requirements.\r\n    \r\n6. **Q**: Can I get recipe suggestions for specific dietary preferences, such as vegan or gluten-free?\r\n    \r\n    **A**: Absolutely! Simply list your dietary preferences, such as vegan or gluten-free, when prompted. The Recipe Suggestions Generator will then offer recipe options that align with your chosen dietary preferences.\r\n    \r\n7. **Q**: How many recipe suggestions will I receive?\r\n    \r\n    **A**: The number of recipe suggestions you receive may vary based on the ingredients and preferences you input. You can expect to receive multiple options to choose from to cater to your needs.\r\n    \r\n8. **Q**: Can I save the recipe suggestions for later?\r\n    \r\n    **A**: Currently, the Recipe Suggestions Generator does not have a save feature. We recommend noting down the recipes you like to refer back to them later.\r\n    \r\n9. **Q**: Are the recipe suggestions generated by the AI unique?\r\n    \r\n    **A**: Yes, the recipe suggestions generated by the AI are unique to your inputs. The AI uses your provided ingredients and preferences to generate customized recipe suggestions for you.\r\n    \r\n10. **Q**: How accurate are the recipe suggestions provided?\r\n    \r\n    **A**: The accuracy of the recipe suggestions provided by the AI is high, as it generates recipes based on the ingredients and preferences you provide. However, we recommend reviewing the recipes and adjusting them to suit your taste preferences as needed.\r\n    \r\n\r\n## Feedback:\r\n\r\nWe value your feedback to improve our tool and make it even more user-friendly. Share your experiences and suggestions for the 'Recipe Suggestions Generator' template by clicking the following link: [[Feedback Link]](https://websitelearners.typeform.com/gravityai#name=Recipe-Suggestion-Generator)",
                "created_at": "2024-02-15T00:57:30.000000Z",
                "updated_at": "2025-03-10T14:06:27.000000Z",
                "is_multiprompt": false,
                "website_title": null,
                "allow_website": 0,
                "website_input_title": null,
                "website_input_placeholder": null,
                "category_name": "Personal Tools",
                "bgImage": "https://gravitywrite.sgp1.digitaloceanspaces.com/gw/hnT284uMbppLY7eISXVZ5fMVchDG3SQOvB7MTSCK.svg",
                "iconColor": "#21672b"
            },
            {
                "id": 1500,
                "title": "Letter Writer",
                "slug": "letter-writer",
                "description": "With this tool, effortlessly create personalized letters for any occasion in just a few clicks.",
                "frontend_headline": "Make personalized letters for every event in just a few clicks.",
                "icon_type": "svg",
                "icon_content": "<svg fill=\"currentColor\" height=\"18px\" width=\"18px\" version=\"1.1\" id=\"Icons\" xmlns=\"http://www.w3.org/2000/svg\" xmlns:xlink=\"http://www.w3.org/1999/xlink\" viewBox=\"0 0 32 32\" xml:space=\"preserve\">   <path d=\"M25,4H7C4.2,4,2,6.2,2,9v14c0,2.8,2.2,5,5,5h18c2.8,0,5-2.2,5-5V9C30,6.2,27.8,4,25,4z M7,11c0-0.6,0.4-1,1-1h6   c0.6,0,1,0.4,1,1v6c0,0.6-0.4,1-1,1H8c-0.6,0-1-0.4-1-1V11z M24,22H8c-0.6,0-1-0.4-1-1s0.4-1,1-1h16c0.6,0,1,0.4,1,1S24.6,22,24,22z    M24,18h-6c-0.6,0-1-0.4-1-1s0.4-1,1-1h6c0.6,0,1,0.4,1,1S24.6,18,24,18z\"/> </svg>",
                "category_id": 12,
                "plan_id": "",
                "usage": 6885,
                "favcount": 53,
                "frontend_description": "## Introduction\r\n\r\nThe 'Letter Writer' template on GravityWrite allows users to effortlessly create personalized letters for any occasion in just a few clicks. Whether it's a formal letter, a thank-you note, or a heartfelt message, this tool makes the process quick and easy.\r\n\r\n## Key Functionalities\r\n\r\n- Personalize letters for any occasion\r\n- Easy-to-use interface for quick letter generation\r\n- Placeholder feature for inserting specific details like names, dates, and reasons\r\n\r\n## How to Use the Tool:\r\n\r\n1. Select the 'Letter Writer' template from the GravityWrite platform.\r\n2. Answer the questions asked, including the purpose of the letter, recipient, and main points to cover.\r\n3. Press 'Create Content' to generate the personalized letter.\r\n\r\n## Tips for using the tool:\r\n\r\n- Be clear and specific in your responses to ensure the generated letter is tailored to your needs.\r\n- Double-check the content before finalizing to ensure accuracy and coherence.\r\n- Save the generated letter for future reference or edits.\r\n\r\n## FAQ's\r\n\r\n1. **Q**: What kind of letters can I write using this template?\r\n    \r\n    **A**: You can use this template to write a wide variety of letters. Whether it's a formal business letter, a friendly letter, a thank you note, or a letter for special occasions like birthdays and anniversaries, this template can help you craft a letter that suits your needs.\r\n    \r\n2. **Q**: Do I need to have writing skills to use this tool?\r\n    \r\n    **A**: No, not at all. This template is designed to generate letters based on the details you provide. As long as you can provide the purpose, main points, and recipient of the letter, our AI will do the writing for you.\r\n    \r\n3. **Q**: What should I put in the 'Purpose of the letter' field?\r\n    \r\n    **A**: This should be the main reason or goal for writing your letter. For instance, if you're writing a business proposal, the purpose could be 'to propose a business collaboration'.\r\n    \r\n4. **Q**: How detailed should my 'main points' be?\r\n    \r\n    **A**: You do not need to write lengthy sentences. Just highlight the key points you want to include in the letter. The AI will further elaborate on these points while writing the content.\r\n    \r\n6. **Q**: What should I enter in the 'Write a letter to' field?\r\n    \r\n    **A**: This should be the name or title of the recipient of your letter. For instance, 'John Doe' or 'The Hiring Manager'.\r\n    \r\n7. **Q**: How accurate is the generated content?\r\n    \r\n    **A**: Our AI is designed using advanced algorithms to provide accurate and relevant content. However, the exactness and appropriateness largely depend on the details you provide in the template.\r\n    \r\n\r\n## Feedback\r\n\r\nWe value your feedback on the 'Letter Writer' template. Share your experiences and suggestions for improvement at [Feedback Form](https://websitelearners.typeform.com/gravityai#name=letter-writer)",
                "created_at": "2024-02-08T23:46:07.000000Z",
                "updated_at": "2025-03-17T06:24:25.000000Z",
                "is_multiprompt": false,
                "website_title": null,
                "allow_website": 0,
                "website_input_title": null,
                "website_input_placeholder": null,
                "category_name": "Writing Assistant",
                "bgImage": "https://gravitywrite.sgp1.digitaloceanspaces.com/gw/Vikgyf6gK9tQnF2tUtKfVdwZH7XtHnsOE57fhoJY.svg",
                "iconColor": "#fd3552"
            },
            {
                "id": 1501,
                "title": "Personal Message Writer",
                "slug": "personal-message-writer",
                "description": "Helps you draft personal messages effortlessly, ensuring your words always hit the mark.",
                "frontend_headline": "Create impactful messages in minutes with our user-friendly tool.",
                "icon_type": "icon",
                "icon_content": "fa-solid fa-envelope-open",
                "category_id": 12,
                "plan_id": "",
                "usage": 7488,
                "favcount": 56,
                "frontend_description": "## Introduction\r\n\r\nThe 'Personal Message Writer' template is designed to help you effortlessly draft personal messages that perfectly convey your thoughts and emotions. With this tool, you can be sure that your words always hit the mark, whether you're sending a heartfelt message to a loved one or a professional note to a colleague.\r\n\r\n## Key Functionalities\r\n\r\n- Easy input of message purpose and character limit\r\n- Generation of three message variations with emojis\r\n- User-friendly interface for quick and efficient message creation\r\n\r\n## How to Use the Tool\r\n\r\n1. Begin by entering the purpose of your message and the character limit.\r\n2. Press the \"Create Content\" button to generate three message variations with emojis.\r\n3. Review the messages and choose the one that best suits your needs.\r\n4. Copy and paste the selected message into your desired platform for sending.\r\n\r\n## Tips for Using the Tool\r\n\r\n- Be clear and concise with your message purpose to receive accurate and relevant outputs.\r\n- Experiment with different emojis to add a personal touch to your messages.\r\n- Customize the generated messages further to make them more personal and authentic.\r\n\r\n## FAQ's\r\n\r\n1. **Q**: How do I use the 'Personal Message Writer' template?\r\n    \r\n    **A**: To use the 'Personal Message Writer' template, input the purpose of your message and the desired character limit. Once finished, click on the \"Create Content\" button to get your personalized message drafted by the AI.\r\n    \r\n2. **Q**: What should I input for 'Purpose of the message'?\r\n    \r\n    **A**: In the 'Purpose of the message' field, describe the intent of your message. For example, 'congratulate someone on their promotion' or 'apologize for a mistake'.\r\n    \r\n3. **Q**: What does 'character limit' mean in the template?\r\n    \r\n    **A**: 'Character limit' is the maximum number of characters your message should have. Characters include all letters, numbers, spaces, and punctuation.\r\n    \r\n4. **Q**: How long does it take to generate a message with this template?\r\n    \r\n    **A**: Once you've filled in all the necessary details and hit the \"Create Content\" button, the AI will generate your message instantly.\r\n    \r\n5. **Q**: Can I see previous iterations or edits of the messages?\r\n    \r\n    **A**: Currently, the tool doesn’t save previous iterations or edits. It’s a good practice to manually save the versions you like elsewhere as you make edits.\r\n    \r\n6. **Q**: What if I'm not happy with the generated message\r\n    \r\n    **A**: No problem! You can tweak the prompt details and hit \"Create Content\" again until you get a message you're satisfied with.\r\n    \r\n7. **Q**: Can I use this to generate professional or business messages?\r\n    \r\n    **A**: While the template is designed for personal messages, you could still use it for simpler professional messages. However, for more complex business content, we recommend using our professional message templates.\r\n    \r\n\r\n## Feedback\r\n\r\nWe value your feedback on the 'Personal Message Writer' template. Please share your experiences and suggestions for improving the tool by clicking on the following link: [Feedback Link](https://websitelearners.typeform.com/gravityai#name=personal-message-writer)",
                "created_at": "2024-02-08T23:52:31.000000Z",
                "updated_at": "2025-03-17T04:51:26.000000Z",
                "is_multiprompt": false,
                "website_title": null,
                "allow_website": 0,
                "website_input_title": null,
                "website_input_placeholder": null,
                "category_name": "Writing Assistant",
                "bgImage": "https://gravitywrite.sgp1.digitaloceanspaces.com/gw/Vikgyf6gK9tQnF2tUtKfVdwZH7XtHnsOE57fhoJY.svg",
                "iconColor": "#fd3552"
            },
            {
                "id": 1502,
                "title": "Speech Writer",
                "slug": "speech-writer",
                "description": "This powerful speech-writing tool takes the stress out of crafting the perfect words. With this tools helps you create engaging and impactful speeches that captivate your audience.",
                "frontend_headline": "Craft Captivating Speeches that Resonate with Your Audience",
                "icon_type": "icon",
                "icon_content": "fa-solid fa-comments",
                "category_id": 12,
                "plan_id": "",
                "usage": 5169,
                "favcount": 53,
                "frontend_description": "## Introduction\r\n\r\nThe 'Speech Writer' template on GravityWrite is a powerful tool designed to take the stress out of crafting the perfect words for your speech. With this tool, you can create engaging and impactful speeches that captivate your audience, making the process of speech-writing easier and more effective.\r\n\r\n## How to Use the Tool\r\n\r\n1. Begin by entering the topic or context of your speech in the designated field.\r\n2. Next, input the approximate length of your speech in minutes.\r\n3. Then, specify who your target audience is.\r\n4. Once you have answered these questions, click on 'Create Content' to generate the output.\r\n\r\n## Tips for Using the Tool\r\n\r\n- Be clear and concise in providing information about the topic or context of your speech.\r\n- Make sure to consider the length of your speech to tailor the content appropriately.\r\n- Knowing your target audience is crucial in crafting a speech that resonates with them.\r\n\r\n## FAQ's\r\n\r\n1. **Q**: What is the topic or context of your speech?\r\n    \r\n    **A**: Enter the main topic or theme of your speech, such as graduation, business presentation, wedding toast, etc. This will help tailor the content to fit your specific needs.\r\n    \r\n2. **Q**: Enter the Approximate length of your speech in minutes\r\n    \r\n    **A**: Specify the expected duration of your speech in minutes to ensure that the generated content is the appropriate length and covers all necessary points without being too lengthy or too short.\r\n    \r\n3. **Q**: Who is your Target Audience?\r\n    \r\n    **A**: Identify who will be listening to your speech - whether it's colleagues, clients, students, family members, etc. This will help customize the language, tone, and content to resonate with your specific audience.\r\n    \r\n4. **Q**: Why is it important to know the topic or context of my speech?\r\n    \r\n    **A**: Understanding the main topic or theme of your speech is crucial for crafting content that is relevant, engaging, and impactful. It ensures that the message is clear and effectively conveys the intended purpose.\r\n    \r\n5. **Q**: Can I adjust the length of the speech after entering the approximate duration?\r\n    \r\n    **A**: Yes, you can modify the length of your speech by adjusting the content or adding additional information as needed. However, providing an approximate length initially helps guide the generation process.\r\n    \r\n6. **Q**: How does identifying the target audience affect the speech content?\r\n    \r\n    **A**: Knowing your target audience enables you to tailor the content to their preferences, interests, and expectations. This ensures that your speech resonates with the listeners and effectively communicates the intended message.\r\n    \r\n7. **Q**: What if I'm unsure about the target audience of my speech?\r\n    \r\n    **A**: If you're uncertain about the target audience, consider the characteristics of potential listeners and choose the most appropriate group. This will provide a direction for customization and ensure the content is relevant.\r\n    \r\n8. **Q**: Can I use this tool for different types of speeches?\r\n    \r\n    **A**: Yes, you can use this tool for a variety of speeches, including presentations, ceremonies, events, or any other occasion where you need to address an audience. Simply input the relevant information for each speech type.\r\n    \r\n10. **Q**: How can I ensure my speech is engaging and impactful?\r\n    \r\n    **A**: To make your speech engaging and impactful, focus on clear communication, compelling storytelling, incorporating personal anecdotes, using appropriate language for the audience, and practicing delivery for maximum effect.\r\n    \r\n\r\n## Feedback\r\n\r\nWe value your feedback! If you have any suggestions or experiences to share regarding the 'Speech Writer' template, please click [here](https://websitelearners.typeform.com/gravityai#name=Speech-Writer) to provide your feedback.",
                "created_at": "2024-02-08T23:58:44.000000Z",
                "updated_at": "2025-03-16T22:42:45.000000Z",
                "is_multiprompt": false,
                "website_title": null,
                "allow_website": 0,
                "website_input_title": null,
                "website_input_placeholder": null,
                "category_name": "Writing Assistant",
                "bgImage": "https://gravitywrite.sgp1.digitaloceanspaces.com/gw/Vikgyf6gK9tQnF2tUtKfVdwZH7XtHnsOE57fhoJY.svg",
                "iconColor": "#fd3552"
            },
            {
                "id": 1503,
                "title": "Report Writer",
                "slug": "report-writer",
                "description": "This tool creates a report for your title in just a single click",
                "frontend_headline": "Get professional reports done quickly with our tool.",
                "icon_type": "icon",
                "icon_content": "fa-solid fa-pen-fancy",
                "category_id": 12,
                "plan_id": "",
                "usage": 11183,
                "favcount": 62,
                "frontend_description": "## Introduction\r\n\r\nThe 'Report Writer' template on GravityWrite is a powerful tool that allows you to create a report for your title with just a single click. This user-friendly template streamlines the report creation process, saving you time and effort.\r\n\r\n## Key Functionalities\r\n\r\n- Quickly generate a report based on your specified type and title.\r\n- Customize the report by including additional information as needed.\r\n\r\n## How to Use the Tool\r\n\r\n1. Start by selecting the type of report you want to create.\r\n2. Enter the title of the report.\r\n3. Specify any additional details you would like to include in the report.\r\n4. Press \"Create Content\" to generate the report instantly.\r\n\r\n## Tips for using the tool\r\n\r\n- Be clear and concise when providing the title of your report.\r\n- Consider including relevant and accurate information to enhance the quality of your report.\r\n\r\n## FAQ's\r\n\r\n1. **Q**: How does the 'Report Writer' template work?\r\n    \r\n    **A**: The 'Report Writer' template generates a report based on the type of report you choose, the title you provide, and any additional information you input. Simply answer the questions asked, and click on \"Create Content\" to get your report in a single click.\r\n    \r\n2. **Q**: What type of reports can I create with the 'Report Writer' template?\r\n    \r\n    **A**: You can create various types of reports such as business reports, academic reports, project reports, and more using the 'Report Writer' template.\r\n    \r\n3. **Q**: What should I do after entering the title of the report?\r\n    \r\n    **A**: After entering the title of the report, you can also include any specific details or information you want to be included in the report before clicking on \"Create Content.\"\r\n    \r\n4. **Q**: Is the content generated by the 'Report Writer' template customizable?\r\n    \r\n    **A**: While the initial report is generated automatically, you can customize and refine the content further to suit your needs.\r\n    \r\n5. **Q**: How accurate are the reports generated by the 'Report Writer' template?\r\n    \r\n    **A**: The reports generated by the 'Report Writer' template are based on the information provided by the user, so the accuracy will depend on the input provided.\r\n    \r\n6. **Q**: Does the 'Report Writer' template provide any formatting options?\r\n    \r\n    **A**: The 'Report Writer' template focuses on generating the report content. You can format the report after it is generated to meet your desired style.\r\n    \r\n7. **Q**: Can I use the 'Report Writer' template for professional purposes?\r\n    \r\n    **A**: Yes, you can use the 'Report Writer' template for various professional purposes like preparing business reports, project reports, research reports, etc., saving you time and effort in creating comprehensive reports.\r\n    \r\n\r\n## Feedback\r\n\r\nWe value your feedback! Please share your experiences and suggestions for improving the 'Report Writer' template by clicking on the following link: [Feedback Form](https://websitelearners.typeform.com/gravityai#name=report-writer)",
                "created_at": "2024-02-09T00:35:34.000000Z",
                "updated_at": "2025-03-17T02:42:25.000000Z",
                "is_multiprompt": false,
                "website_title": null,
                "allow_website": 0,
                "website_input_title": null,
                "website_input_placeholder": null,
                "category_name": "Writing Assistant",
                "bgImage": "https://gravitywrite.sgp1.digitaloceanspaces.com/gw/Vikgyf6gK9tQnF2tUtKfVdwZH7XtHnsOE57fhoJY.svg",
                "iconColor": "#fd3552"
            },
            {
                "id": 1504,
                "title": "Document Writer",
                "slug": "document-writer",
                "description": "This tool simplifies the process of crafting well-organized and professional documents, offering error-free, plagiarism-free content tailored to your specific needs",
                "frontend_headline": "Generate professional documents without any delays.",
                "icon_type": "icon",
                "icon_content": "fa-solid fa-folder-open",
                "category_id": 12,
                "plan_id": "",
                "usage": 8992,
                "favcount": 72,
                "frontend_description": "## Introduction\r\n\r\nThe 'Document Writer' template on Gravitywrite simplifies the process of creating professional documents tailored to your specific needs. Whether you're crafting a report, proposal, or any other type of document, this tool ensures error-free, plagiarism-free content that aligns with your title and topic.\r\n\r\n## Key Functionalities\r\n\r\n- The template offers pre-defined document structures to help you organize your content effectively.\r\n- It provides a user-friendly interface for easy customization of the document layout.\r\n- Automatic formatting features ensure your document looks polished and professional.\r\n\r\n## How to Use the Tool\r\n\r\n1. Select the type of document you want to create (e.g., report, proposal, essay).\r\n2. Enter the main topic or title of your document.\r\n3. Specify any specific content, sections, guidelines, or requirements you have in mind.\r\n4. Press \"Create Content\" to generate your document based on your input.\r\n\r\n## Tips for Using the Tool\r\n\r\n- Be clear and specific when answering the questions to get the best results.\r\n- Review and make any necessary edits to the generated content to tailor it further to your needs.\r\n- Save time by using the templates provided and customizing them as needed.\r\n\r\n## FAQ's\r\n\r\n1. **Q**: How does the Document Writer template simplify the creation process?\r\n    \r\n    **A**: The Document Writer template streamlines the process by guiding you through key questions related to your document, ensuring you receive a well-organized and professional end product.\r\n    \r\n2. **Q**: Can I create different types of documents using this template?\r\n    \r\n    **A**: Yes, you can create a variety of documents such as reports, essays, proposals, and more with the Document Writer template.\r\n    \r\n3. **Q**: How does the tool ensure error-free content?\r\n    \r\n    **A**: The tool utilizes advanced algorithms to check for spelling, grammar, and punctuation errors, ensuring your document is error-free.\r\n    \r\n4. **Q**: How does the tool ensure plagiarism-free content?\r\n    \r\n    **A**: The tool generates original content tailored to your specific needs, reducing the chances of plagiarism in your document.\r\n    \r\n5. **Q**: How do I start using the Document Writer template?\r\n    \r\n    **A**: Simply answer the questions provided, such as the type of document you want to create and the main topic/title, then click \"Create Content\" to generate your document.\r\n    \r\n6. **Q**: What if I have additional requirements for my document?\r\n    \r\n    **A**: You can input any additional requirements or guidelines you have in mind while using the Document Writer template.\r\n    \r\n7. **Q**: Is the output of high quality?\r\n    \r\n    **A**: Yes, the output of the Document Writer template is designed to be well-organized, professional, and tailored to meet your specific needs.\r\n    \r\n8. **Q**: Can I revise and edit the document after it is generated?\r\n    \r\n    **A**: Yes, you can review, revise, and edit the document as needed after it is generated using the Document Writer template.\r\n    \r\n\r\n## Feedback\r\n\r\nWe value your feedback on the 'Document Writer' template. Please share your experiences and suggestions for improvement by visiting the following link: [Feedback Form](https://websitelearners.typeform.com/gravityai#name=document-writer)",
                "created_at": "2024-02-09T01:10:28.000000Z",
                "updated_at": "2025-03-17T01:40:36.000000Z",
                "is_multiprompt": false,
                "website_title": null,
                "allow_website": 0,
                "website_input_title": null,
                "website_input_placeholder": null,
                "category_name": "Writing Assistant",
                "bgImage": "https://gravitywrite.sgp1.digitaloceanspaces.com/gw/Vikgyf6gK9tQnF2tUtKfVdwZH7XtHnsOE57fhoJY.svg",
                "iconColor": "#fd3552"
            },
            {
                "id": 1505,
                "title": "Quiz Generator",
                "slug": "quiz-generator",
                "description": "This tool easily creates interactive quizzes, serving as your quizmaster to enhance engagement.",
                "frontend_headline": "Create interactive quizzes for increased reader engagement.",
                "icon_type": "svg",
                "icon_content": "<svg fill=\"currentColor\" width=\"18px\" height=\"18px\" viewBox=\"0 0 24 24\" xmlns=\"http://www.w3.org/2000/svg\">   <path d=\"M22,7.66V20a2,2,0,0,1-2,2H4a2,2,0,0,1-2-2V4A2,2,0,0,1,4,2H16.34L9.12,9.23l-.36.36a2,2,0,0,0-.51.85l-1.17,4A2,2,0,0,0,9,17a2.1,2.1,0,0,0,.56-.08l4-1.17a2,2,0,0,0,.85-.51l.36-.36Z\" fill=\"currentColor\"/>   <path d=\"M20.71,3.29a2.94,2.94,0,0,0-2.2-.84,3.25,3.25,0,0,0-2.17,1L9.46,10.29a1.16,1.16,0,0,0-.25.43L8,14.72A1,1,0,0,0,9,16a.9.9,0,0,0,.28,0l4-1.17a1.16,1.16,0,0,0,.43-.25l6.87-6.88A3.1,3.1,0,0,0,20.71,3.29Z\" fill=\"currentColor\"/> </svg>",
                "category_id": 35,
                "plan_id": "",
                "usage": 10599,
                "favcount": 149,
                "frontend_description": "## Introduction:\r\n\r\nThe Quiz Generator tool on gravitywrite is designed to help you create interactive quizzes quickly and effortlessly. By serving as your quizmaster, this tool enhances engagement and provides a fun way to test knowledge.\r\n\r\n## Key Functionalities:\r\n\r\n- Easily create interactive quizzes\r\n- Customize quizzes based on your requirements\r\n- Enhance user engagement through interactive content\r\n\r\n## How To Use The Tool:\r\n\r\n1. Start by entering what the quiz is about in the designated field.\r\n2. Specify the number of questions you want in the quiz.\r\n3. Choose the types of questions you want to include (e.g., multiple choice, true/false).\r\n4. Select the difficulty level of the quiz.\r\n5. Press the 'Create Content' button to generate the quiz.\r\n\r\n## Tips for Using the Tool:\r\n\r\n- Keep your audience in mind when designing your quiz.\r\n- Mix up question types to keep the quiz engaging.\r\n- Review and test your quiz before sharing it with others.\r\n\r\n## **FAQ for Tools**\r\n\r\n1. **Q**: How do I use the Quiz template?\r\n    \r\n    **A**: Simply fill the details such as the quiz topic, number of questions, question types, and difficulty level. Then press \"Create Content\" to generate your interactive quiz.\r\n    \r\n2. : Can I choose the topic of the quiz?\r\n    \r\n    **A**: Yes, you can choose any topic for your quiz. Just specify what the quiz is about when using the Quiz Generator template.\r\n    \r\n3. **Q**: Is there a limit to the number of questions I can include in the quiz?\r\n    \r\n    **A**: You can specify the number of questions you want in the quiz when using the Quiz Generator template. There is no set limit to the number of questions.\r\n    \r\n4. **Q**: What types of questions can I include in the quiz?\r\n    \r\n    **A:** The Quiz Generator template allows you to include various question types such as multiple-choice, true/false, fill-in-the-blank, and more to make your quiz interactive and engaging.\r\n    \r\n5. : Can I adjust the difficulty level of the quiz questions?\r\n    \r\n    **A**: Yes, you can choose the difficulty level for the quiz questions when using the Quiz Generator template. Options typically include easy, medium, and hard levels.\r\n    \r\n6. **Q**: How long does it take to generate the quiz content?\r\n    \r\n    **A**: The quiz content is generated instantly after you press \"Create Content\" in the Quiz Generator template. You'll have your interactive quiz ready in no time.\r\n    \r\n7. **Q**: Is it easy to share the quiz with others?\r\n    \r\n    **A**: Yes, it's easy to share the quiz generated with the Quiz Generator template. You can share it via a link, embed it on a website, or download it for offline use.\r\n    \r\n8. **Q**: Are the quizzes created with this template mobile-friendly?\r\n    \r\n    **A**: Yes, the quizzes generated using the Quiz Generator template are mobile-friendly, ensuring a seamless experience for quiz takers on any device.\r\n    \r\n\r\n## Feedback:\r\n\r\nWe value your feedback on the Quiz Generator tool. Share your experiences and suggestions for improvement by visiting the following link: [[Feedback Link]](https://websitelearners.typeform.com/gravityai#name=quiz-generator)",
                "created_at": "2024-02-09T01:23:00.000000Z",
                "updated_at": "2025-03-17T06:05:36.000000Z",
                "is_multiprompt": false,
                "website_title": null,
                "allow_website": 0,
                "website_input_title": null,
                "website_input_placeholder": null,
                "category_name": "Education Tools",
                "bgImage": "https://gravitywrite.sgp1.digitaloceanspaces.com/gw/OBe5bp3DtWj5bfBYKXkJFHqGbxk6E4CtHfWJff2x.svg",
                "iconColor": "#008b38"
            },
            {
                "id": 1506,
                "title": "Lesson Plan Generator",
                "slug": "lesson-plan-generator",
                "description": "Revolutionize your teaching with our innovative tool! This tool designs outstanding and comprehensible lesson plans tailored to your needs, simplifying your educational process and enhancing the learning experience.",
                "frontend_headline": "Tailored lesson plans for effective teaching delivery.",
                "icon_type": "svg",
                "icon_content": "<svg version=\"1.1\" id=\"Uploaded to svgrepo.com\" xmlns=\"http://www.w3.org/2000/svg\" xmlns:xlink=\"http://www.w3.org/1999/xlink\" width=\"18px\" height=\"18px\" viewBox=\"0 0 32 32\" xml:space=\"preserve\"> <style type=\"text/css\">     .puchipuchi_een { fill: currentColor; } </style> <path class=\"puchipuchi_een\" d=\"M26,1H6C4.9,1,4,1.9,4,3v26c0,1.1,0.9,2,2,2h20c1.1,0,2-0.9,2-2V3C28,1.9,27.1,1,26,1z M10,23 c-0.552,0-1-0.448-1-1c0-0.552,0.448-1,1-1s1,0.448,1,1C11,22.552,10.552,23,10,23z M10,19c-0.552,0-1-0.448-1-1 c0-0.552,0.448-1,1-1s1,0.448,1,1C11,18.552,10.552,19,10,19z M10,15c-0.552,0-1-0.448-1-1c0-0.552,0.448-1,1-1s1,0.448,1,1 C11,14.552,10.552,15,10,15z M10,11c-0.552,0-1-0.448-1-1c0-0.552,0.448-1,1-1s1,0.448,1,1C11,10.552,10.552,11,10,11z M22,23h-8 c-0.552,0-1-0.448-1-1s0.448-1,1-1h8c0.552,0,1,0.448,1,1S22.552,23,22,23z M22,19h-8c-0.552,0-1-0.448-1-1s0.448-1,1-1h8 c0.552,0,1,0.448,1,1S22.552,19,22,19z M22,15h-8c-0.552,0-1-0.448-1-1s0.448-1,1-1h8c0.552,0,1,0.448,1,1S22.552,15,22,15z M22,11 h-8c-0.552,0-1-0.448-1-1s0.448-1,1-1h8c0.552,0,1,0.448,1,1S22.552,11,22,11z\"/> </svg>",
                "category_id": 35,
                "plan_id": "",
                "usage": 2370,
                "favcount": 41,
                "frontend_description": "## Introduction:\r\n\r\nWelcome to the Lesson Plan Generator, a revolutionary tool designed to simplify and enhance your teaching experience. With this tool, you can create outstanding and tailored lesson plans that cater to your specific needs and improve the learning process for your students.\r\n\r\n## Key Functionalities:\r\n\r\n- This tool allows you to input the grade level, subject name, topic of the lesson, and any specific constraints or requirements you want to include in your lesson plan.\r\n- The generated lesson plan is comprehensive and easy to understand, saving you time and effort in planning your lessons.\r\n\r\n## How To Use The Tool:\r\n\r\n1. Begin by selecting the grade level you are teaching.\r\n2. Enter the subject name for which you are creating the lesson plan.\r\n3. Specify the topic of your lesson to tailor the plan to your needs.\r\n4. Include any specific constraints or requirements you want to incorporate into your lesson plan.\r\n5. Once you have answered all the questions, press the \"Create Content\" button to generate your customized lesson plan.\r\n\r\n## Tips for Using the Tool:\r\n\r\n- Be specific when entering the grade level, subject name, topic, and constraints to ensure the generated lesson plan meets your requirements accurately.\r\n- Review the generated lesson plan carefully to make any necessary adjustments or additions before implementing it in your teaching.\r\n\r\n## **FAQ's for Tools**\r\n\r\n1. : What grade level are you looking for?\r\n    \r\n    **A**: Select the grade level you are teaching, such as kindergarten, elementary, middle school, or high school, to generate a customized lesson plan.\r\n    \r\n2. : Subject name\r\n    \r\n    **A**: Enter the subject you are teaching, such as Math, Science, English, History, or any other subject to tailor the lesson plan to your specific needs.\r\n    \r\n3. **Q**: What is the topic of your lesson?\r\n    \r\n    **A**: Specify the topic you will be covering in your lesson, such as fractions, photosynthesis, Shakespeare, or any other topic, to create a focused and engaging lesson plan.\r\n    \r\n4. **Q**: Are there any specific constraints or requirements you want to include?\r\n    \r\n    **A**: If you have any specific requirements or constraints for your lesson, such as time constraints, materials needed, or learning objectives, make sure to mention them so the lesson plan can be tailored accordingly.\r\n    \r\n5. **Q**: How detailed are the lesson plans generated?\r\n    \r\n    **A**: The lesson plans generated are detailed and comprehensive, covering elements such as learning objectives, activities, assessments, resources, and more to ensure a well-rounded teaching experience.\r\n    \r\n6. **Q**: Is the lesson plan generator user-friendly?\r\n    \r\n    **A**: Yes, the lesson plan generator is designed to be user-friendly and easy to navigate. Simply answer a few questions, click \"Create Content,\" and your customized lesson plan will be ready to use.\r\n    \r\n7. **Q**: Can I save or print the generated lesson plan?\r\n    \r\n    **A**: Yes, you can save or print the generated lesson plan for future reference. This allows you to access it offline or keep a physical copy for your records.\r\n    \r\n8. **Q**: Are there any limitations to the template?\r\n    \r\n    **A**: The template is designed to be versatile and adaptable to various teaching needs. However, keep in mind that it relies on the information provided by the user, so the accuracy and relevance of the generated lesson plan depend on the input.\r\n    \r\n9. **Q**: How can the lesson plan generator benefit teachers?\r\n    \r\n    **A**: The lesson plan generator streamlines the lesson planning process, saves time, enhances teaching effectiveness, and provides a structured framework for delivering engaging and impactful lessons, ultimately benefiting both teachers and students.\r\n    \r\n\r\n## Feedback:\r\n\r\nWe value your feedback on the Lesson Plan Generator. If you have any suggestions for improving the tool or have any experiences to share, please visit the following link to provide your feedback:[[LINK]](https://websitelearners.typeform.com/gravityai#name=lesson-plan-generator)",
                "created_at": "2024-02-09T01:36:08.000000Z",
                "updated_at": "2025-03-17T02:03:55.000000Z",
                "is_multiprompt": false,
                "website_title": null,
                "allow_website": 0,
                "website_input_title": null,
                "website_input_placeholder": null,
                "category_name": "Education Tools",
                "bgImage": "https://gravitywrite.sgp1.digitaloceanspaces.com/gw/OBe5bp3DtWj5bfBYKXkJFHqGbxk6E4CtHfWJff2x.svg",
                "iconColor": "#008b38"
            },
            {
                "id": 1507,
                "title": "Scientific Report Generator",
                "slug": "scientific-report-generator",
                "description": "Effortlessly create your scientific report with our tool, just input your topic details and let our tool do the rest, ensuring accuracy and professionalism in your research presentation.",
                "frontend_headline": "Effortlessly craft professional scientific reports in just a few clicks.",
                "icon_type": "icon",
                "icon_content": "fa-solid fa-file-pen",
                "category_id": 35,
                "plan_id": "",
                "usage": 1802,
                "favcount": 36,
                "frontend_description": "## Introduction:\r\n\r\nThe 'Scientific Report Generator' template is designed to help you effortlessly create professional and accurate scientific reports. Simply input your topic details and let our tool do the rest, ensuring accuracy and professionalism in your research presentation.\r\n\r\n## Key Functionalities of the tool:\r\n\r\n- Key features and functionalities of the tool include:\r\n- Automated report generation based on user input\r\n- Professional and accurate formatting for scientific reports\r\n- Time-saving tool for researchers and students\r\n\r\n## How To Use The Tool:\r\n\r\n1. Start by entering the specific topic for your scientific report.\r\n2. Specify the methodology that will be used in your research.\r\n3. Identify the type of results you are expecting through this report.\r\n4. Once you have answered these questions, press \"Create Content\" to generate your scientific report.\r\n\r\n## Tips for using the tool:\r\n\r\n- Double-check your inputs to ensure the accuracy of the generated report.\r\n- Review the report for any errors or inconsistencies before finalizing it.\r\n- Save a copy of your report for future reference or revisions.\r\n\r\n## FAQ's for Tools\r\n\r\n**Q:** How do I use the Scientific Report Generator template?\r\n**A:** Simply input the specific topic for the scientific report, mention the methodology that will be used in the research, and indicate the type of results you expect. Then press \"Create Content\" to generate your scientific report effortlessly.\r\n\r\n**Q:** What should I include as the specific topic for the scientific report?\r\n**A:** Provide a clear and concise description of the subject matter or focus of your research to ensure accurate and relevant results in the scientific report.\r\n\r\n**Q:** Can I change the methodology for the research while using this template?\r\n**A:** Yes, you can mention the methodology that will be used in the research based on your preferences or requirements before generating the scientific report content.\r\n\r\n**Q:** What type of results can I expect from using this template?\r\n**A:** By inputting your topic details and methodology, you can expect the Scientific Report Generator to deliver a well-structured and professional scientific report tailored to your specific research needs.\r\n\r\n**Q:** Is the scientific report generated by this template accurate?\r\n**A:** The scientific report generated by this tool ensures accuracy by using the information provided about the topic, methodology, and expected results to create a precise research presentation.\r\n\r\n**Q:** Can I preview the scientific report before finalizing it?\r\n**A:** Unfortunately, there is no preview option available. After inputting the required details and pressing \"Create Content\", the generated report will be ready for viewing and further editing if necessary.\r\n\r\n**Q:** How long does it take to generate a scientific report using this template?\r\n**A:** The process is quick and efficient. Once you input the necessary information and press \"Create Content\", the scientific report will be generated within seconds, saving you time and effort.\r\n\r\n**Q:** Can I save the generated scientific report for future reference?\r\n**A:** Yes, you can save the generated scientific report on your device or in the cloud for future reference or sharing. Simply download or copy the content as needed.\r\n\r\n**Q:** Are there customization options available in this template?\r\n**A:** While the template provides structure and guidance for creating a scientific report, you can customize the content further after generation by editing, adding, or removing information to suit your preferences.\r\n\r\n**Q:** Is this template suitable for all types of scientific reports?\r\n**A:** The Scientific Report Generator is versatile and can be used for various types of scientific reports based on your specific topic, methodology, and expected results. It provides a solid foundation for your research presentation.\r\n\r\n## Feedback:\r\n\r\nWe value your feedback! Please share your experiences and suggestions for improving the 'Scientific Report Generator' template by clicking on the following [[link](https://websitelearners.typeform.com/gravityai#name=Scientific%20Report%20Generator)]",
                "created_at": "2024-02-09T01:46:39.000000Z",
                "updated_at": "2025-03-16T21:52:50.000000Z",
                "is_multiprompt": false,
                "website_title": null,
                "allow_website": 0,
                "website_input_title": null,
                "website_input_placeholder": null,
                "category_name": "Education Tools",
                "bgImage": "https://gravitywrite.sgp1.digitaloceanspaces.com/gw/OBe5bp3DtWj5bfBYKXkJFHqGbxk6E4CtHfWJff2x.svg",
                "iconColor": "#008b38"
            },
            {
                "id": 1508,
                "title": "Lesson Worksheet",
                "slug": "lesson-worksheet",
                "description": "This tool simplifies the process of creating the worksheets for your lessons.",
                "frontend_headline": "Speed up lesson planning with this convenient worksheet generator.",
                "icon_type": "svg",
                "icon_content": "<svg version=\"1.0\" id=\"Layer_1\" xmlns=\"http://www.w3.org/2000/svg\" xmlns:xlink=\"http://www.w3.org/1999/xlink\"       width=\"18px\" height=\"18px\" viewBox=\"0 0 64 64\" enable-background=\"new 0 0 64 64\" xml:space=\"preserve\">   <path fill=\"currentColor\" d=\"M60,52V4c0-2.211-1.789-4-4-4H14v51v3h42v8H10c-2.209,0-4-1.791-4-4s1.791-4,4-4h2v-3V0H8     C5.789,0,4,1.789,4,4v54c0,3.313,2.687,6,6,6h49c0.553,0,1-0.447,1-1s-0.447-1-1-1h-1v-8C59.104,54,60,53.104,60,52z M23,14h12     c0.553,0,1,0.447,1,1s-0.447,1-1,1H23c-0.553,0-1-0.447-1-1S22.447,14,23,14z M42,28H23c-0.553,0-1-0.447-1-1s0.447-1,1-1h19     c0.553,0,1,0.447,1,1S42.553,28,42,28z M49,22H23c-0.553,0-1-0.447-1-1s0.447-1,1-1h26c0.553,0,1,0.447,1,1S49.553,22,49,22z\"/> </svg>",
                "category_id": 35,
                "plan_id": "",
                "usage": 1595,
                "favcount": 48,
                "frontend_description": "## Introduction:\r\n\r\nThe 'Lesson Worksheet' template on Gravitywrite simplifies the process of creating worksheets for your lessons. Whether you're a teacher, tutor, or educator, this tool is designed to make your lesson planning more efficient and effective.\r\n\r\n## Key Functionalities:\r\n\r\n- Customizable grade levels and subjects\r\n- Ability to specify topics or concepts\r\n- Inclusion of specific constraints or requirements\r\n- User-friendly interface for easy navigation\r\n\r\n## How To Use The Tool:\r\n\r\n1. Start by selecting the grade level you are creating the worksheet for.\r\n2. Choose the subject name from the provided options.\r\n3. Specify your specific topics or concepts that you want to include in the worksheet.\r\n4. If there are any specific constraints or requirements, make sure to mention them.\r\n5. Once you have answered all the questions, click on \"Create Content\" to generate the worksheet.\r\n\r\n## Tips for using the tool:\r\n\r\n- Review the worksheet before finalizing and make any necessary adjustments.\r\n- Utilize the customizable options to tailor the worksheet to your specific needs.\r\n- Save time by using the templates provided within the tool.\r\n\r\n## **FAQ's for Tools**\r\n\r\n1. **Q**: How can I use the Lesson Worksheet template?\r\n    \r\n    **A**: To use the Lesson Worksheet template, simply input the grade level, subject name, specific topics or concepts, and any constraints or requirements you want to include. Press \"Create Content\" to generate the worksheet.\r\n    \r\n2. **Q**: What grade levels are supported by the Lesson Worksheet template?\r\n    \r\n    **A**: The Lesson Worksheet template supports all grade levels, allowing you to create worksheets tailored to different educational levels.\r\n    \r\n3. **Q**: Is it possible to include multiple subjects in the Lesson Worksheet template?\r\n    \r\n    **A**: Yes, you can include multiple subjects in the Lesson Worksheet template by specifying the subject name in the input questions.\r\n    \r\n4. **Q**: Can I save the worksheets generated by the Lesson Worksheet template?\r\n    \r\n    **A**: You can save the worksheets generated by the Lesson Worksheet template by downloading them after pressing \"Create Content\" and then saving the file to your device.\r\n    \r\n5. **Q**: Are there any pre-set templates available in the Lesson Worksheet template?\r\n    \r\n    **A**: The Lesson Worksheet template does not have pre-set templates, but you can customize the worksheet by providing your desired grade level, subject name, topics, and constraints.\r\n    \r\n6. **Q**: How can I ensure the content generated is relevant to my lesson?\r\n    \r\n    **A**: To ensure the content generated is relevant to your lesson, make sure to provide accurate information about the grade level, subject name, topics, and constraints in the input questions.\r\n    \r\n7. **Q**: Can I print the worksheets generated by the Lesson Worksheet template?\r\n    \r\n    **A**: Yes, you can print the worksheets generated by the Lesson Worksheet template by downloading the file after pressing \"Create Content\" and then printing it from your device.\r\n    \r\n8. **Q**: Are there any limitations to the number of worksheets I can create using the Lesson Worksheet template?\r\n    \r\n    **A**: There are no limitations to the number of worksheets you can create using the Lesson Worksheet template, allowing you to generate multiple worksheets for your lessons.\r\n    \r\n\r\n## Feedback:\r\n\r\nWe value your feedback! Please share your experiences and suggestions for improving the 'Lesson Worksheet' template by clicking on the following link: [Feedback Form](https://websitelearners.typeform.com/gravityai#name=Lesson-Worksheet)",
                "created_at": "2024-02-09T01:54:08.000000Z",
                "updated_at": "2025-03-16T06:05:33.000000Z",
                "is_multiprompt": false,
                "website_title": null,
                "allow_website": 0,
                "website_input_title": null,
                "website_input_placeholder": null,
                "category_name": "Education Tools",
                "bgImage": "https://gravitywrite.sgp1.digitaloceanspaces.com/gw/OBe5bp3DtWj5bfBYKXkJFHqGbxk6E4CtHfWJff2x.svg",
                "iconColor": "#008b38"
            },
            {
                "id": 1509,
                "title": "Curriculum Design",
                "slug": "curriculum-design",
                "description": "This tool quickly designs tailored curricula to meet educational goals.",
                "frontend_headline": "Streamline curriculum design process with our user-friendly software.",
                "icon_type": "svg",
                "icon_content": "<svg     viewBox=\"0 0 600 600\"    version=\"1.1\"    id=\"svg9724\"    sodipodi:docname=\"page.svg\"    inkscape:version=\"1.2.2 (1:1.2.2+202212051550+b0a8486541)\"    width=\"18\"    height=\"18\"    xmlns:inkscape=\"http://www.inkscape.org/namespaces/inkscape\"    xmlns:sodipodi=\"http://sodipodi.sourceforge.net/DTD/sodipodi-0.dtd\"    xmlns=\"http://www.w3.org/2000/svg\"    xmlns:svg=\"http://www.w3.org/2000/svg\">   <defs      id=\"defs9728\" />   <sodipodi:namedview      id=\"namedview9726\"      pagecolor=\"#ffffff\"      bordercolor=\"#666666\"      borderopacity=\"1.0\"      inkscape:showpageshadow=\"2\"      inkscape:pageopacity=\"0.0\"      inkscape:pagecheckerboard=\"0\"      inkscape:deskcolor=\"#d1d1d1\"      showgrid=\"true\"      inkscape:zoom=\"0.02868622\"      inkscape:cx=\"10\"      inkscape:cy=\"10\"      inkscape:window-width=\"1920\"      inkscape:window-height=\"1009\"      inkscape:window-x=\"0\"      inkscape:window-y=\"1080\"      inkscape:window-maximized=\"1\"      inkscape:current-layer=\"svg9724\"      showguides=\"true\">     <inkscape:grid        type=\"xygrid\"        id=\"grid9972\"        originx=\"0\"        originy=\"0\" />     <sodipodi:guide        position=\"300,360\"        orientation=\"1,0\"        id=\"guide1208\"        inkscape:locked=\"false\" />   </sodipodi:namedview>      <path      style=\"color:currentColor;fill:currentColor;stroke-linejoin:round;-inkscape-stroke:none;paint-order:stroke fill markers\"      d=\"M 40,0 A 40.004,40.004 0 0 0 0,40 v 520 a 40.004,40.004 0 0 0 40,40 h 520 a 40.004,40.004 0 0 0 40,-40 V 40 A 40.004,40.004 0 0 0 560,0 Z M 80,80 H 520 V 520 H 80 Z\"      id=\"path1098\" />   <path      style=\"color:currentColor;fill:currentColor;stroke-width:0.999999;stroke-linecap:round;stroke-linejoin:round;-inkscape-stroke:none;paint-order:stroke fill markers\"      d=\"m 150,110 a 40.004,34.0034 0 0 0 -40,34 v 102 a 40.004,34.0034 0 0 0 40,34 h 80 a 40.004,34.0034 0 0 0 40,-34 V 144 a 40.004,34.0034 0 0 0 -40,-34 z\"      id=\"path1093\" />   <path      style=\"color:currentColor;fill:currentColor;stroke-linecap:round;-inkscape-stroke:none\"      d=\"m 327.04492,120 a 30,30 0 0 0 -30,30 30,30 0 0 0 30,30 H 460 a 30,30 0 0 0 30,-30 30,30 0 0 0 -30,-30 z\"      id=\"path450\" />   <path      style=\"color:currentColor;fill:currentColor;stroke-linecap:round;-inkscape-stroke:none\"      d=\"m 328.18164,220 a 30,30 0 0 0 -30,30 30,30 0 0 0 30,30 h 130.68164 a 30,30 0 0 0 30,-30 30,30 0 0 0 -30,-30 z\"      id=\"path450-3\" />   <path      style=\"color:currentColor;fill:currentColor;stroke-linecap:round;-inkscape-stroke:none\"      d=\"m 141.98242,320 a 30,30 0 0 0 -30,30 30,30 0 0 0 30,30 h 316.03516 a 30,30 0 0 0 30,-30 30,30 0 0 0 -30,-30 z\"      id=\"path450-3-6\" />   <path      style=\"color:currentColor;fill:currentColor;stroke-linecap:round;-inkscape-stroke:none\"      d=\"m 141.98047,420 a 30,30 0 0 0 -30,30 30,30 0 0 0 30,30 H 459.1875 a 30,30 0 0 0 30,-30 30,30 0 0 0 -30,-30 z\"      id=\"path450-3-6-7\" /> </svg>",
                "category_id": 35,
                "plan_id": "",
                "usage": 1493,
                "favcount": 32,
                "frontend_description": "## Introduction:\r\n\r\nThe 'Curriculum Design' template on Gravitywrite is a powerful tool that allows you to quickly create tailored curricula to meet your educational goals. Whether you are a teacher, educator, or curriculum developer, this tool will streamline the process and help you design a curriculum that is specific to your needs.\r\n\r\n## Key Functionalities:\r\n\r\n- Quickly design tailored curricula for any field or subject.\r\n- Specify the subject name and duration of the curriculum.\r\n- Instantly generate a comprehensive curriculum plan with just a few simple inputs.\r\n\r\n## How To Use The Tool:\r\n\r\n1. Start by selecting the field for which you would like to design a curriculum.\r\n2. Enter the subject name for the curriculum.\r\n3. Specify the number of years you want the curriculum to cover.\r\n4. Once you have answered these questions, click on the \"Create Content\" button to generate the output.\r\n\r\n## Tips for Using the Tool:\r\n\r\n- Be specific and detailed when entering the subject name to ensure the accuracy of the curriculum output.\r\n- Double-check the number of years you want the curriculum to cover before generating the content.\r\n- Experiment with different inputs to explore various curriculum design options.\r\n\r\n## **FAQ's for Tools**\r\n\r\n1. **Q**: How can I use the Curriculum Design template?\r\n    \r\n    **A**: To use the Curriculum Design template, simply provide the field for which you want a curriculum design, the subject name, and the number of years to cover. Press \"Create Content\" to generate the tailored curriculum design.\r\n    \r\n2. **Q**: What fields can I choose from for the curriculum design?\r\n    \r\n    **A**: You can choose any field or area of study for the curriculum design, such as Science, Mathematics, History, or Language Arts.\r\n    \r\n3. **Q**: Can I create multiple curriculum designs using this template?\r\n    \r\n    **A**: Yes, you can create multiple curriculum designs by specifying different fields, subject names, and years to cover each time you use the template.\r\n    \r\n4. **Q**: Is it easy to customize the curriculum design according to my needs?\r\n    \r\n    **A**: Yes, it is easy to customize the curriculum design by providing specific details such as the field, subject name, and duration you want the curriculum to cover.\r\n    \r\n5. **Q**: How long does it take to generate a curriculum design using this template?\r\n    \r\n    **A**: The Curriculum Design template quickly generates tailored curricula once you input the required information and press \"Create Content.\"\r\n    \r\n6. **Q**: Can I save or download the curriculum design created with this template?\r\n    \r\n    **A**: Currently, saving or downloading the curriculum design directly from the template is not available. However, you can copy and paste the generated content to save it.\r\n    \r\n7. **Q**: What if I want to make changes to the curriculum design after it's generated?\r\n    \r\n    **A**: If you want to make changes to the curriculum design, you can edit the content manually or re-run the template with different input information to get an updated version.\r\n    \r\n8. **Q**: Are there any limitations to the number of subjects I can include in the curriculum design?\r\n    \r\n    **A**: There are no limitations to the number of subjects you can include in the curriculum design. You can specify as many subject names as needed for the design.\r\n    \r\n9. **Q**: Can I preview the curriculum design before finalizing it?\r\n    \r\n    **A**: Unfortunately, there is no preview option available for the curriculum design. However, you can review and make changes to the generated content before finalizing it.\r\n    \r\n10. **Q**: How can I share the curriculum design with others?\r\n    \r\n    **A**: To share the curriculum design with others, you can copy and paste the generated content into an email, document, or any other platform you prefer for sharing.\r\n    \r\n\r\n## Feedback:\r\n\r\nWe value your feedback on the 'Curriculum Design' template. If you have any suggestions or experiences to share, please click on the following link to provide your feedback: [Feedback Link](https://websitelearners.typeform.com/gravityai#name=Curriculum-Design)",
                "created_at": "2024-02-09T02:04:24.000000Z",
                "updated_at": "2025-03-16T19:23:21.000000Z",
                "is_multiprompt": false,
                "website_title": null,
                "allow_website": 0,
                "website_input_title": null,
                "website_input_placeholder": null,
                "category_name": "Education Tools",
                "bgImage": "https://gravitywrite.sgp1.digitaloceanspaces.com/gw/OBe5bp3DtWj5bfBYKXkJFHqGbxk6E4CtHfWJff2x.svg",
                "iconColor": "#008b38"
            },
            {
                "id": 1510,
                "title": "Homework Help",
                "slug": "homework-help",
                "description": "This tool helps you complete your homework or assessments quickly with simple explanations.",
                "frontend_headline": "Speed up homework completion with easy-to-understand explanations.",
                "icon_type": "svg",
                "icon_content": "<svg fill=\"currentColor\" version=\"1.1\" id=\"Layer_1\" xmlns=\"http://www.w3.org/2000/svg\" xmlns:xlink=\"http://www.w3.org/1999/xlink\"       width=\"18px\" height=\"18px\" viewBox=\"0 0 256 256\" enable-background=\"new 0 0 256 256\" xml:space=\"preserve\">     <path d=\"M98.6,32.6c24,0,43.4,19.4,43.4,43.4s-19.4,43.6-43.4,43.6s-43.4-19.4-43.4-43.4S74.6,32.6,98.6,32.6z M221.8,215.6h-54.4         l25.4-43.8c5.2-9.2,2-20.8-7-26s-20.6-2-25.8,7l-25.4,43.8l-37.8-64.8C93.2,125,86,121.6,77,121.6c-1.2,0-3.8,0.4-5.2,0.8         c-1.2,0.2-3,0.8-4.4,1.2C31,135.6,2.2,193.8,2.2,254c1,0,87.4,0,109.4,0c-0.8-1.2-1.6-2.2-2.4-3.4L65.4,175c-1.4-2.6-0.4-6,2-7.4         c2.6-1.4,6-0.4,7.4,2l43.4,75c3.2,5.6,9.2,9.4,16.2,9.4h87.4c10.6,0,19-8.6,19-19C241,224,232.2,215.6,221.8,215.6z M173.727,2         c5.188,0,9.394,4.206,9.394,9.394s-4.206,9.394-9.394,9.394c-5.188,0-9.394-4.206-9.394-9.394S168.539,2,173.727,2z M188.373,4.178         H254v14.389h-65.627V4.178z M173.727,33.469c5.188,0,9.394,4.206,9.394,9.394s-4.206,9.394-9.394,9.394         c-5.188,0-9.394-4.206-9.394-9.394S168.539,33.469,173.727,33.469z M188.373,35.646H254v14.389h-65.627V35.646z M173.727,64.937         c5.188,0,9.394,4.206,9.394,9.394s-4.206,9.394-9.394,9.394c-5.188,0-9.394-4.206-9.394-9.394S168.539,64.937,173.727,64.937z         M188.373,67.158H254v14.389h-65.627V67.158z\"/> </svg>",
                "category_id": 35,
                "plan_id": "",
                "usage": 6867,
                "favcount": 51,
                "frontend_description": "## Introduction:\r\n\r\nThe Homework Help' tool on GravityWrite is designed to assist you in completing your homework or assessments quickly with simple explanations. Whether you're struggling with a tough assignment or need some extra guidance, this tool is here to make your life easier.\r\n\r\n## How To Use The Tool:\r\n\r\n1. Start by answering the question: \"Are there any specific instructions or guidelines provided for the assignment/homework?\"\r\n2. Once you have answered the question, press \"Create Content\" to generate the output.\r\n3. Review the generated content for helpful explanations and insights that will aid you in completing your homework successfully.\r\n\r\n## Tips for Using The Tool:\r\n\r\n- Before using the tool, make sure to provide clear and accurate information about your homework assignment.\r\n- Take advantage of the simple explanations and insights provided in the generated content to enhance your understanding of the assignment.\r\n- If you have any doubts or questions, don't hesitate to reach out for further assistance.\r\n\r\n## **FAQ's for Tools**\r\n\r\n1. **Q**: What is the 'Homework Help' template for?\r\n    \r\n    **A**: The 'Homework Help' template is designed to assist you in completing your homework or assessments quickly with simple explanations.\r\n    \r\n2. **Q**: How does the 'Homework Help' template work?\r\n    \r\n    **A**: To use the 'Homework Help' template, you need to answer specific questions or provide instructions related to your assignment. After answering these questions, you can press \"Create Content\" to generate your homework help content.\r\n    \r\n3. **Q**: Do I need to provide any specific details to get help with my homework?\r\n    \r\n    **A**: Yes, you will need to provide any specific instructions or guidelines provided for the assignment or homework to receive accurate and relevant assistance.\r\n    \r\n4. **Q**: Can the 'Homework Help' template provide step-by-step solutions to complex problems?\r\n    \r\n    **A**: The 'Homework Help' template can offer simple explanations and help you understand concepts, but it may not provide detailed step-by-step solutions to every complex problem.\r\n    \r\n5. **Q**: Is the content generated by the 'Homework Help' template plagiarism-free?\r\n    \r\n    **A**: The content generated by the 'Homework Help' template is original and unique. However, it is recommended to review and cite the information properly to avoid plagiarism.\r\n    \r\n6. **Q**: How can I ensure that the content generated by the 'Homework Help' template is accurate?\r\n    \r\n    **A**: To verify the accuracy of the content generated, you should cross-reference it with other reliable sources and consult your teacher or instructor if needed.\r\n    \r\n7. **Q**: Can I use the 'Homework Help' template for any subject or topic?\r\n    \r\n    **A**: The 'Homework Help' template can be used for various subjects and topics, but the accuracy and relevance of the generated content may vary based on the complexity of the assignment.\r\n    \r\n8. **Q**: Is the content generated by the 'Homework Help' template suitable for all grade levels?\r\n    \r\n    **A**: The content generated by the 'Homework Help' template can cater to different grade levels, but you may need to adapt it based on your academic level and requirements.\r\n    \r\n9. **Q**: How can I provide feedback or suggestions for improving the 'Homework Help' template?\r\n    \r\n    **A**: You can provide feedback or suggestions for improving the 'Homework Help' template by contacting our support team or leaving comments and reviews on our platform.\r\n    \r\n10. **Q**: Can I rely solely on the 'Homework Help' template for completing my assignments?\r\n    \r\n    **A**: While the 'Homework Help' template can be a valuable tool for assistance, it is recommended to use it as a supplement to your own learning and understanding, rather than relying on it entirely for completing assignments.\r\n    \r\n\r\n## Feedback:\r\n\r\nWe value your feedback! If you have any suggestions or experiences to share about using the 'Homework Help' template, please click on the following link to provide your input: [[Feedback Link](https://websitelearners.typeform.com/gravityai#name=Homework-Help)]",
                "created_at": "2024-02-09T02:59:36.000000Z",
                "updated_at": "2025-03-16T19:44:26.000000Z",
                "is_multiprompt": false,
                "website_title": null,
                "allow_website": 0,
                "website_input_title": null,
                "website_input_placeholder": null,
                "category_name": "Education Tools",
                "bgImage": "https://gravitywrite.sgp1.digitaloceanspaces.com/gw/OBe5bp3DtWj5bfBYKXkJFHqGbxk6E4CtHfWJff2x.svg",
                "iconColor": "#008b38"
            },
            {
                "id": 1511,
                "title": "Lesson Content",
                "slug": "lesson-content",
                "description": "An easy tool to create your lesson content. Just provide the specifics of your lesson topic, and this tool will create engaging and knowledgeable content for you.",
                "frontend_headline": "Get automatic lesson content to your exact topic needs.",
                "icon_type": "icon",
                "icon_content": "fa-solid fa-arrows-to-circle",
                "category_id": 35,
                "plan_id": "",
                "usage": 2880,
                "favcount": 46,
                "frontend_description": "## Introduction:\r\n\r\nThe 'Lesson Content' template on gravitywrite is an easy-to-use tool designed to assist you in creating engaging and knowledgeable lesson content. By providing specific details about your lesson topic, you can generate high-quality content effortlessly.\r\n\r\n## Key Functionalities:\r\n\r\n- This template allows you to specify the grade level you are targeting.\r\n- You can enter your lesson name or topic to customize the content.\r\n- It also gives you the option to include any specific constraints or requirements you have for your lesson.\r\n\r\n## How To Use The Tool:\r\n\r\n1. Begin by selecting the grade level you are focusing on.\r\n2. Enter the name or topic of your lesson.\r\n3. Specify any constraints or requirements you want to include.\r\n4. Press 'Create Content' to generate the output.\r\n\r\n## Tips for Using the Tool:\r\n\r\n- Be clear and specific when entering your lesson topic to ensure accurate content generation.\r\n- Review the generated content and make any necessary edits to tailor it to your needs.\r\n- Experiment with different constraints and requirements to see how they impact the output.\r\n\r\n## **FAQ's for Tools**\r\n\r\n1. **Q**: How do I use the Lesson Content template?\r\n    \r\n    **A**: To use the Lesson Content template, simply specify the grade level, lesson name or topic, and any specific constraints or requirements you have. Then click on \"Create Content\" to generate the lesson content.\r\n    \r\n2. **Q**: Can I choose the grade level for the lesson content?\r\n    \r\n    **A**: Yes, you can select the grade level you want the lesson content to be tailored for when using the Lesson Content template.\r\n    \r\n3. **Q**: What should I do after entering my lesson name or topic?\r\n    \r\n    **A**: Once you have entered your lesson name or topic, make sure to include any specific constraints or requirements you want to be included in the content before clicking on \"Create Content\".\r\n    \r\n4. **Q**: Do I need to provide extensive details about the lesson topic?\r\n    \r\n    **A**: You only need to provide a brief overview of your lesson topic or name when using the Lesson Content template. The AI will generate engaging and knowledgeable content based on this information.\r\n    \r\n5. **Q**: How can I ensure the content generated is relevant to my lesson?\r\n    \r\n    **A**: By specifying your lesson topic and any specific constraints or requirements, the AI will tailor the generated content to be relevant and suitable for your lesson.\r\n    \r\n6. **Q**: Can I make changes to the content after it is generated?\r\n    \r\n    **A**: Yes, you can edit and make changes to the content generated by the Lesson Content template to better suit your lesson needs.\r\n    \r\n7. **Q**: Will the generated content be suitable for virtual or in-person lessons?\r\n    \r\n    **A**: The content created by the Lesson Content template can be used for both virtual and in-person lessons, as it is designed to be engaging and informative for students.\r\n    \r\n8. **Q**: Is there a limit to the number of lesson topics I can create with this template?\r\n    \r\n    **A**: There is no limit to the number of lesson topics you can create using the Lesson Content template. You can generate content for multiple lessons based on your needs.\r\n    \r\n\r\n## Feedback:\r\n\r\nWe value your feedback! Share your experiences and suggestions for improving the 'Lesson Content' template by clicking on this link: [Feedback](https://websitelearners.typeform.com/gravityai#name=Lesson_Content)",
                "created_at": "2024-02-09T03:29:46.000000Z",
                "updated_at": "2025-03-17T05:00:19.000000Z",
                "is_multiprompt": false,
                "website_title": null,
                "allow_website": 0,
                "website_input_title": null,
                "website_input_placeholder": null,
                "category_name": "Education Tools",
                "bgImage": "https://gravitywrite.sgp1.digitaloceanspaces.com/gw/OBe5bp3DtWj5bfBYKXkJFHqGbxk6E4CtHfWJff2x.svg",
                "iconColor": "#008b38"
            },
            {
                "id": 1512,
                "title": "Reading Passage Generator",
                "slug": "reading-passage-generator",
                "description": "This powerful tool helps you to create engaging and informative reading passages effortlessly.",
                "frontend_headline": "Easily generate engaging reading passages in moments.",
                "icon_type": "svg",
                "icon_content": "<svg version=\"1.0\" xmlns=\"http://www.w3.org/2000/svg\" xmlns:xlink=\"http://www.w3.org/1999/xlink\"      width=\"18px\" height=\"18px\" viewBox=\"0 0 64 64\" enable-background=\"new 0 0 64 64\" xml:space=\"preserve\">     <path fill=\"currentColor\" d=\"M60,52V4c0-2.211-1.789-4-4-4H14v51v3h42v8H10c-2.209,0-4-1.791-4-4s1.791-4,4-4h2v-3V0H8         C5.789,0,4,1.789,4,4v54c0,3.313,2.687,6,6,6h49c0.553,0,1-0.447,1-1s-0.447-1-1-1h-1v-8C59.104,54,60,53.104,60,52z M23,14h12         c0.553,0,1,0.447,1,1s-0.447,1-1,1H23c-0.553,0-1-0.447-1-1S22.447,14,23,14z M42,28H23c-0.553,0-1-0.447-1-1s0.447-1,1-1h19         c0.553,0,1,0.447,1,1S42.553,28,42,28z M49,22H23c-0.553,0-1-0.447-1-1s0.447-1,1-1h26c0.553,0,1,0.447,1,1S49.553,22,49,22z\"/> </svg>",
                "category_id": 35,
                "plan_id": "",
                "usage": 768,
                "favcount": 22,
                "frontend_description": "## Introduction\r\n\r\nThe 'Reading Passage Generator' is a powerful tool on GravityWrite that allows you to effortlessly create engaging and informative reading passages. Whether you're a teacher looking to create educational content or a writer in need of inspiration, this template is designed to make the process seamless and efficient.\r\n\r\n## How To Use The Tool\r\n\r\n1. Start by answering the following questions:\r\n    - What grade level are you looking for?\r\n    - What topic would you like to teach?\r\n    - Do you have any preferences or requirements for the passage?\r\n2. Once you have answered these questions, press \"Create Content\" to generate the output.\r\n\r\n## Tips for Using the Tool\r\n\r\n- Be specific with your answers to ensure the generated reading passage meets your requirements.\r\n- Experiment with different combinations of grade levels and topics for a variety of content options.\r\n- Proofread and edit the generated passage to tailor it to your needs before finalizing.\r\n\r\n## **FAQ for Tools**\r\n\r\n1. **Q**: Can I choose the grade level for the reading passage?\r\n    \r\n    **A**: Yes, you can select the grade level you are looking for before generating the reading passage.\r\n    \r\n2. **Q**: What topics can I choose from for the reading passage?\r\n    \r\n    **A**: You can choose any topic you would like to teach for the reading passage.\r\n    \r\n3. **Q**: Can I specify any preferences or requirements for the reading passage?\r\n    \r\n    **A**: Yes, you can input any preferences or requirements you have for the passage before creating the content.\r\n    \r\n4. **Q**: How do I create an engaging and informative reading passage effortlessly?\r\n    \r\n    **A**: Simply input the grade level, topic, and any preferences you have for the passage, then press \"Create Content\" to generate the reading passage.\r\n    \r\n5. **Q**: Is the reading passage generator easy to use?\r\n    \r\n    **A**: Yes, the reading passage generator is user-friendly and easy to use. Just answer a few questions and you're all set.\r\n    \r\n6. **Q**: Can I save the reading passages I generate for later use?\r\n    \r\n    **A**: Currently, the tool does not have a feature to save reading passages. We recommend saving the content externally if you wish to use it later.\r\n    \r\n7. **Q**: Can I use the reading passage generator for different educational purposes?\r\n    \r\n    **A**: Yes, you can use the reading passage generator for various educational purposes to create content for your classroom or learning materials.\r\n    \r\n8. **Q**: Are the reading passages generated by this tool plagiarism-free?\r\n    \r\n    **A**: The reading passages generated by this tool are unique to the input provided by the user and are not plagiarized.\r\n    \r\n\r\n## Feedback\r\n\r\nWe value your feedback! Share your experiences and suggestions for improving the 'Reading Passage Generator' template by clicking on the following link: [Share Feedback](https://websitelearners.typeform.com/gravityai#name=Reading-Passage-Generator)",
                "created_at": "2024-02-09T03:35:50.000000Z",
                "updated_at": "2025-03-13T22:33:49.000000Z",
                "is_multiprompt": false,
                "website_title": null,
                "allow_website": 0,
                "website_input_title": null,
                "website_input_placeholder": null,
                "category_name": "Education Tools",
                "bgImage": "https://gravitywrite.sgp1.digitaloceanspaces.com/gw/OBe5bp3DtWj5bfBYKXkJFHqGbxk6E4CtHfWJff2x.svg",
                "iconColor": "#008b38"
            },
            {
                "id": 1513,
                "title": "Project Proposal",
                "slug": "project-proposal",
                "description": "This user-friendly tool streamlines the entire proposal creation process, helping you save time and increase your chances of success.",
                "frontend_headline": "Streamline your proposal creation process for better results.",
                "icon_type": "svg",
                "icon_content": "<svg fill=\"currentColor\" version=\"1.1\" id=\"Layer_1\" xmlns=\"http://www.w3.org/2000/svg\" xmlns:xlink=\"http://www.w3.org/1999/xlink\" width=\"18px\" height=\"18px\" viewBox=\"0 0 236 256\" enable-background=\"new 0 0 236 256\" xml:space=\"preserve\">   <path d=\"M117.5,2c-12.47,0-22.63,10.16-22.63,22.63c0,12.46,10.06,22.62,22.63,22.62c12.37,0,22.62-10.16,22.62-22.62 C140.12,12.16,129.97,2,117.5,2z M146,52H89c-15.59,0-28,13.41-28,29v32h20V86c0-1.71,1.29-3,3-3s3,1.29,3,3v27h61V86 c0-1.71,1.29-3,3-3s3,1.29,3,3v27h20V81C174,65.51,161.49,52,146,52z M109.48,154.61v9.38h16.96v-9.38H109.48z M109.48,154.61v9.38 h16.96v-9.38H109.48z M2,118v27h23v109h185V145h24v-27H2z M87.38,227.46h-6.95c-4.8,0-9.43-3.57-9.43-9.72c0,0,0-44.11,0-44.28 c0-5.48,4.55-9.63,9.43-9.63h6.95V227.46z M143.9,227.54H92.1v-63.55h12.66v-9.13c0-3.33,2.98-5.4,6.45-5.4h13.49 c3.56,0,6.46,2.07,6.46,5.4v9.13h12.74V227.54z M165,217.74c0,6.15-4.63,9.72-9.43,9.72h-6.95v-63.63h6.95 c4.88,0,9.43,4.15,9.43,9.63C165,173.63,165,217.74,165,217.74z M109.48,163.99h16.96v-9.38h-16.96V163.99z M109.48,154.61v9.38 h16.96v-9.38H109.48z M109.48,154.61v9.38h16.96v-9.38H109.48z\"/> </svg>",
                "category_id": 35,
                "plan_id": "",
                "usage": 3282,
                "favcount": 55,
                "frontend_description": "## Introduction:\r\n\r\nWelcome to the 'Project Proposal' template on gravitywrite! This user-friendly tool is designed to streamline the entire proposal creation process, helping you save time and increase your chances of success. Whether you're a beginner or an experienced user, this template is here to assist you in crafting professional and effective project proposals.\r\n\r\n## How To Use The Tool:\r\n\r\n1. Start by answering three simple questions:\r\n    - What is the specific field or domain of the project proposal?\r\n    - What is the main objective or purpose of the project?\r\n    - Are there specific sections or details you want included in the project proposal?\r\n2. Once you have answered these questions, press \"Create Content\" to generate your project proposal.\r\n\r\n## Tips for using the tool:\r\n\r\n- Be clear and specific in your answers to ensure the generated proposal meets your requirements.\r\n- Review the generated proposal carefully and make any necessary edits or additions before finalizing it.\r\n- Save time by utilizing the template's pre-designed sections and details to structure your proposal effectively.\r\n\r\n## **FAQs for Tools**\r\n\r\n1. **Q**: What is the specific field or domain of the project proposal?\r\n    \r\n    **A**: The project proposal template allows you to specify the field or domain that your project belongs to, whether it's business, technology, education, or any other area.\r\n    \r\n2. **Q**: What is the main objective or purpose of the project?\r\n    \r\n    **A**: You can clearly outline the main objective or purpose of your project in the project proposal template, helping you communicate your goals effectively.\r\n    \r\n3. **Q**: Are there specific sections or details you want included in the project proposal?\r\n    \r\n    **A**: Yes, you can specify any specific sections or details that you want to be included in your project proposal, ensuring that all necessary information is covered.\r\n    \r\n4. **Q**: How does the tool help in saving time during the proposal creation process?\r\n    \r\n    **A**: By providing a structured template and guiding questions, the tool streamlines the proposal creation process, eliminating the need to start from scratch and saving you valuable time.\r\n    \r\n5. **Q**: Does the project proposal template support collaboration with team members?\r\n    \r\n    **A**: Yes, you can easily collaborate with team members by sharing the project proposal template or inviting them to contribute directly to the proposal creation process.\r\n    \r\n6. **Q**: Can I use the project proposal template for different types of projects?\r\n    \r\n    **A**: Absolutely, the project proposal template is versatile and can be used for various types of projects, whether they are small-scale or large-scale initiatives.\r\n    \r\n7. **Q**: Will the tool help me increase my chances of success with the project proposal?\r\n    \r\n    **A**: Yes, by providing a professional-looking proposal and ensuring that all essential information is included, the tool increases your chances of success with your project proposal.\r\n    \r\n8. **Q**: Is the project proposal template user-friendly for those with limited technical skills?\r\n    \r\n    **A**: Yes, the project proposal template is designed to be user-friendly, making it easy to navigate and use even for individuals with limited technical skills.\r\n    \r\n9. **Q**: How can I access the project proposal template on the AI writing tool?\r\n    \r\n    **A**: Simply select the 'Project Proposal' template from the list of available templates on the AI writing tool and start answering the questions to create your content.\r\n    \r\n\r\n## Feedback:\r\n\r\nWe value your feedback! If you have any suggestions or experiences to share on using the 'Project Proposal' template, please click on the following link: [Feedback](https://websitelearners.typeform.com/gravityai#name=Project-Proposal)",
                "created_at": "2024-02-09T03:40:34.000000Z",
                "updated_at": "2025-03-17T06:03:16.000000Z",
                "is_multiprompt": false,
                "website_title": null,
                "allow_website": 0,
                "website_input_title": null,
                "website_input_placeholder": null,
                "category_name": "Education Tools",
                "bgImage": "https://gravitywrite.sgp1.digitaloceanspaces.com/gw/OBe5bp3DtWj5bfBYKXkJFHqGbxk6E4CtHfWJff2x.svg",
                "iconColor": "#008b38"
            },
            {
                "id": 1551,
                "title": "Balanced Diet Chart Generator",
                "slug": "balanced-diet-chart-generator",
                "description": "Simplify your meal planning with custom diet charts designed to meet your nutritional needs.",
                "frontend_headline": "Achieve your health goals with personalized dietary guidance.",
                "icon_type": "svg",
                "icon_content": "<svg fill=\"currentColor\" height=\"18px\" width=\"18px\" version=\"1.1\" id=\"Layer_1\" xmlns=\"http://www.w3.org/2000/svg\" xmlns:xlink=\"http://www.w3.org/1999/xlink\" viewBox=\"0 0 512 512\" xml:space=\"preserve\">   <g>     <g>       <path d=\"M422.251,237.456c15.885-22.584,13.966-53.855,13.966-53.855s-38.686-2.389-61.074,20c-5.7,5.7-9.787,12.456-12.723,19.362c-3.211-12.857-8.147-28.127-15.733-45.467l-30.593,13.382c8.114,18.55,16.703,44.619,18.414,65.946c-10.383-5.909-23.643-13.781-38.447-17.026C138.429,205.232,172.8,512,303.199,512c34.974,0,34.552-9.722,48.333-9.722c13.781,0,13.359,9.722,48.333,9.722C525.879,512,562.207,225.53,422.251,237.456z\"/>     </g>   </g>   <g>     <g>       <path d=\"M0.002,0v108.327V512H221.62c-11.954-11.068-22.614-24.644-31.8-40.557c-5.09-8.816-9.62-18.242-13.586-28.081H95.562v-33.391h69.884c-3.72-14.938-6.189-30.368-7.226-45.847c-0.137-2.04-0.229-4.068-0.315-6.094H95.56v-33.391h63.29c1.936-18.904,6.269-36.501,12.836-51.942H95.56v-33.391h96.707c20.169-23.122,47.95-35.616,80.177-35.615c0.008,0,0.02,0,0.027,0c4.271,0,8.635,0.223,13.07,0.662c-0.013-0.03-0.027-0.06-0.04-0.091l-7.392-16.898H95.56v-33.391h192.237v12.839l14.915-6.524l30.593-13.382l30.593-13.382l12.629,28.87c2.271-1.103,4.551-2.105,6.829-3.021V0H0.002z M287.798,102.029H95.56V68.638h192.237V102.029z\"/>     </g>   </g> </svg>",
                "category_id": 37,
                "plan_id": "",
                "usage": 1268,
                "favcount": 34,
                "frontend_description": "## Introduction:\r\n\r\nThe 'Balanced Diet Chart Generator' template on Gravitywrite simplifies meal planning by creating custom diet charts tailored to meet your nutritional needs. Whether you're aiming to lose weight, maintain a healthy diet, or have specific dietary requirements, this tool helps you achieve your goals effectively.\r\n\r\n## Key Functionalities:\r\n\r\n- Personalized diet charts based on age, gender, weight, height, diet goals, food preferences, activity level, and limitations.\r\n- Streamlined meal planning process for a balanced and nutritious diet.\r\n- Convenient way to track and adjust your dietary intake for optimal health and fitness.\r\n\r\n## How To Use The Tool:\r\n\r\n1. Start by answering the following questions:\r\n    \r\n    a. What is your Age?\r\n    \r\n    b. Choose Gender.\r\n    \r\n    c. What is your weight (specify the units)?\r\n    \r\n    d. What is your Height (specify the units)?\r\n    \r\n    e. Describe your Diet Goal.\r\n    \r\n    f. What are your food preferences and style?\r\n    \r\n    g. What is your current fitness/activity level?\r\n    \r\n    h. Do you have any limitations?\r\n    \r\n2. Press \"Create Content\" to generate your personalized diet chart.\r\n\r\n## Tips for Using The Tool:\r\n\r\n- Be honest and accurate while providing your information for the best results.\r\n- Experiment with different combinations of preferences to discover new healthy meal options.\r\n- Regularly update your profile to reflect any changes in your diet, lifestyle, or fitness goals.\r\n\r\n## **FAQ for Tools**\r\n\r\n1. **Q**: How does the Balanced Diet Chart Generator work?\r\n    \r\n    **A**: To use the Balanced Diet Chart Generator, simply enter your age, gender, weight, height, diet goal, food preferences, activity level, and any limitations. Press \"Create Content\" to receive a custom diet chart tailored to your needs.\r\n    \r\n2. **Q**: What information do I need to provide for the Balanced Diet Chart Generator to create a diet plan?\r\n    \r\n    **A**: You will need to provide your age, gender, weight, height, diet goal, food preferences, activity level, and any limitations to generate a personalized diet chart.\r\n    \r\n3. **Q**: Can I choose my own food preferences and style in the Balanced Diet Chart Generator?\r\n    \r\n    **A**: Yes, you can describe your food preferences and style to ensure that the diet chart generated aligns with your tastes and lifestyle.\r\n    \r\n4. **Q**: How will the Balanced Diet Chart Generator determine my nutritional needs?\r\n    \r\n    **A**: Based on the information you provide about your age, gender, weight, height, diet goal, food preferences, and activity level, the Balanced Diet Chart Generator will calculate your nutritional needs and create a customized diet plan for you.\r\n    \r\n5. **Q**: What should I do after answering all the questions in the Balanced Diet Chart Generator?\r\n    \r\n    **A**: Once you have answered all the questions, simply press \"Create Content\" to receive your personalized diet chart designed to meet your nutritional needs.\r\n    \r\n6. **Q**: Can I update my information and generate a new diet plan with the Balanced Diet Chart Generator?\r\n    \r\n    **A**: Yes, you can update your information at any time and generate a new diet plan by revisiting the Balanced Diet Chart Generator and answering the questions again.\r\n    \r\n7. **Q**: Will the Balanced Diet Chart Generator take into account any limitations I have in my diet?\r\n    \r\n    **A**: Yes, the Balanced Diet Chart Generator allows you to specify any limitations you have, such as allergies or dietary restrictions, to ensure that your custom diet plan is suitable for you.\r\n    \r\n8. **Q**: Is the diet plan generated by the Balanced Diet Chart Generator personalized to me?\r\n    \r\n    **A**: Yes, the diet plan generated by the Balanced Diet Chart Generator is personalized to your specific needs and goals, taking into account your age, gender, weight, height, diet goal, food preferences, activity level, and any limitations.\r\n    \r\n\r\n## Feedback:\r\n\r\nWe value your feedback! Share your experience using the 'Balanced Diet Chart Generator' template and any suggestions for improvement by clicking on the following link: [Feedback](https://websitelearners.typeform.com/gravityai#name=Balanced-Diet-Chart-Generator)",
                "created_at": "2024-02-14T04:21:03.000000Z",
                "updated_at": "2025-03-16T21:50:44.000000Z",
                "is_multiprompt": false,
                "website_title": null,
                "allow_website": 0,
                "website_input_title": null,
                "website_input_placeholder": null,
                "category_name": "Personal Tools",
                "bgImage": "https://gravitywrite.sgp1.digitaloceanspaces.com/gw/hnT284uMbppLY7eISXVZ5fMVchDG3SQOvB7MTSCK.svg",
                "iconColor": "#21672b"
            },
            {
                "id": 1553,
                "title": "Budget Planner",
                "slug": "budget-planner",
                "description": "Your personal tool for budgeting and saving.",
                "frontend_headline": "Plan your budget effectively and watch your savings grow.",
                "icon_type": "svg",
                "icon_content": "<svg width=\"18px\" height=\"18px\" viewBox=\"0 0 24 24\" fill=\"currentColor\" xmlns=\"http://www.w3.org/2000/svg\"> <path fill-rule=\"evenodd\" clip-rule=\"evenodd\" d=\"M12.052 1.25H11.948C11.0495 1.24997 10.3003 1.24995 9.70552 1.32991C9.07773 1.41432 8.51093 1.59999 8.05546 2.05546C7.59999 2.51093 7.41432 3.07773 7.32991 3.70552C7.27259 4.13189 7.25637 5.15147 7.25179 6.02566C5.22954 6.09171 4.01536 6.32778 3.17157 7.17157C2 8.34315 2 10.2288 2 14C2 17.7712 2 19.6569 3.17157 20.8284C4.34314 22 6.22876 22 9.99998 22H14C17.7712 22 19.6569 22 20.8284 20.8284C22 19.6569 22 17.7712 22 14C22 10.2288 22 8.34315 20.8284 7.17157C19.9846 6.32778 18.7705 6.09171 16.7482 6.02566C16.7436 5.15147 16.7274 4.13189 16.6701 3.70552C16.5857 3.07773 16.4 2.51093 15.9445 2.05546C15.4891 1.59999 14.9223 1.41432 14.2945 1.32991C13.6997 1.24995 12.9505 1.24997 12.052 1.25ZM15.2479 6.00188C15.2434 5.15523 15.229 4.24407 15.1835 3.9054C15.1214 3.44393 15.0142 3.24644 14.8839 3.11612C14.7536 2.9858 14.5561 2.87858 14.0946 2.81654C13.6116 2.7516 12.964 2.75 12 2.75C11.036 2.75 10.3884 2.7516 9.90539 2.81654C9.44393 2.87858 9.24644 2.9858 9.11612 3.11612C8.9858 3.24644 8.87858 3.44393 8.81654 3.9054C8.771 4.24407 8.75661 5.15523 8.75208 6.00188C9.1435 6 9.55885 6 10 6H14C14.4412 6 14.8565 6 15.2479 6.00188ZM12 9.25C12.4142 9.25 12.75 9.58579 12.75 10V10.0102C13.8388 10.2845 14.75 11.143 14.75 12.3333C14.75 12.7475 14.4142 13.0833 14 13.0833C13.5858 13.0833 13.25 12.7475 13.25 12.3333C13.25 11.9493 12.8242 11.4167 12 11.4167C11.1758 11.4167 10.75 11.9493 10.75 12.3333C10.75 12.7174 11.1758 13.25 12 13.25C13.3849 13.25 14.75 14.2098 14.75 15.6667C14.75 16.857 13.8388 17.7155 12.75 17.9898V18C12.75 18.4142 12.4142 18.75 12 18.75C11.5858 18.75 11.25 18.4142 11.25 18V17.9898C10.1612 17.7155 9.25 16.857 9.25 15.6667C9.25 15.2525 9.58579 14.9167 10 14.9167C10.4142 14.9167 10.75 15.2525 10.75 15.6667C10.75 16.0507 11.1758 16.5833 12 16.5833C12.8242 16.5833 13.25 16.0507 13.25 15.6667C13.25 15.2826 12.8242 14.75 12 14.75C10.6151 14.75 9.25 13.7903 9.25 12.3333C9.25 11.143 10.1612 10.2845 11.25 10.0102V10C11.25 9.58579 11.5858 9.25 12 9.25Z\" fill=\"currentColor\"/> </svg>",
                "category_id": 37,
                "plan_id": "",
                "usage": 813,
                "favcount": 28,
                "frontend_description": "## Introduction:\r\n\r\nThe 'Budget Planner' template is your personal tool for budgeting and saving. It helps you set financial goals and track your expenses to achieve financial stability and success.\r\n\r\n## How To Use The Tool:\r\n\r\n1. Start by answering the question: \"What is your financial goal?\" This will help tailor the budget plan to your specific needs.\r\n2. Press \"Create Content\" to generate your personalized budget plan.\r\n3. Review the budget plan to see your financial goals, expenses, and savings targets.\r\n4. Adjust the budget plan as needed to stay on track with your financial goals.\r\n\r\n## Tips for Using the Tool:\r\n\r\n- Regularly update your expenses and income to keep the budget plan accurate.\r\n- Set realistic financial goals that are achievable within your income and savings capacity.\r\n- Use the budget plan as a guide to make informed financial decisions and prioritize your spending.\r\n\r\n## **FAQ for Tools**\r\n\r\n1. **Q**: How does the Budget Planner template work?\r\n    \r\n    **A**: Simply input your financial goal and press \"Create Content\" to generate personalized budgeting and saving recommendations.\r\n    \r\n2. **Q**: Can I set multiple financial goals using this template?\r\n    \r\n    **A**: Currently, the Budget Planner template focuses on one main financial goal to provide tailored advice for better budgeting and saving.\r\n    \r\n3. **Q**: What kind of recommendations can I expect from the Budget Planner template?\r\n    \r\n    **A**: The Budget Planner template will offer specific guidelines and strategies to help you achieve your financial goal through effective budgeting and saving practices.\r\n    \r\n4. **Q**: Will the Budget Planner template take into account my current income and expenses?\r\n    \r\n    **A**: Yes, the Budget Planner template considers your current financial situation to provide realistic and practical recommendations tailored to your unique circumstances.\r\n    \r\n5. **Q**: How often should I revisit my budget using the Budget Planner template?\r\n    \r\n    **A**: It is recommended to revisit your budget regularly, especially when there are significant changes in your financial circumstances, to ensure that you stay on track towards your goal.\r\n    \r\n6. **Q**: Can I adjust my financial goal after generating the content with the Budget Planner template?\r\n    \r\n    **A**: While you cannot adjust your financial goal within the template, you can re-enter a new financial goal to receive updated recommendations for your budgeting and saving strategies.\r\n    \r\n7. **Q**: Is the output from the Budget Planner template personalized to my specific financial situation?\r\n    \r\n    **A**: Yes, the output from the Budget Planner template is customized based on your financial goal and current financial status to provide relevant and actionable advice for your budgeting needs.\r\n    \r\n8. **Q**: How can I save and refer back to the recommendations generated by the Budget Planner template?\r\n    \r\n    **A**: You can save the recommendations by saving the content or downloading it for future reference, allowing you to track your progress and stay motivated towards achieving your financial goal.\r\n    \r\n9. **Q**: Are there any additional resources or tools provided along with the recommendations from the Budget Planner template?\r\n    \r\n    **A**: The Budget Planner template primarily focuses on providing personalized budgeting and saving recommendations, but you can explore other resources and tools within the AI writing platform for more financial guidance.\r\n    \r\n10. **Q**: Can I share the output from the Budget Planner template with others?\r\n    \r\n    **A**: Yes, you can easily share the recommendations generated by the Budget Planner template with others by simply saving the content or copying the text to share via email or social media platforms.\r\n    \r\n\r\n## Feedback:\r\n\r\nWe value your feedback! Share your experiences and suggestions for improving the 'Budget Planner' template by clicking the following link: [Feedback here](https://websitelearners.typeform.com/gravityai#name=Budget-Planner)",
                "created_at": "2024-02-14T05:39:18.000000Z",
                "updated_at": "2025-03-15T18:51:14.000000Z",
                "is_multiprompt": false,
                "website_title": null,
                "allow_website": 0,
                "website_input_title": null,
                "website_input_placeholder": null,
                "category_name": "Personal Tools",
                "bgImage": "https://gravitywrite.sgp1.digitaloceanspaces.com/gw/hnT284uMbppLY7eISXVZ5fMVchDG3SQOvB7MTSCK.svg",
                "iconColor": "#21672b"
            },
            {
                "id": 1554,
                "title": "Creative Writing",
                "slug": "creative-writing",
                "description": "An AI tool that supports you in writing essays, quotes, and poems, turning your thoughts into artful prose.",
                "frontend_headline": "Turn your ideas into masterful prose with this AI writing tool.",
                "icon_type": "icon",
                "icon_content": "fa-solid fa-pen-to-square",
                "category_id": 37,
                "plan_id": "",
                "usage": 7315,
                "favcount": 68,
                "frontend_description": "## Introduction:\r\n\r\nThe ' Writing' template on Gravitywrite is an AI tool designed to assist you in crafting essays, quotes, and poems, transforming your ideas into beautifully written prose. Whether you're a seasoned writer looking for inspiration or a novice exploring your creativity, this template is here to help you unleash your imagination and craft captivating pieces of art.\r\n\r\n## Key Functionalities:\r\n\r\n- Generate essays, quotes, and poems based on your input.\r\n- Customize the length of your composition by setting a character limit.\r\n- Spark creativity with thought-provoking prompts and suggestions.\r\n\r\n## How To Use The Tool:\r\n\r\n1. Start by entering your Topic/Idea in the designated field.\r\n2. Write your composition in the space provided, keeping in mind your chosen topic or idea.\r\n3. Specify the character limit you'd like to adhere to.\r\n4. Once you've filled in all the required information, press \"Create Content\" to generate your output.\r\n\r\n## Tips for using the tool:\r\n\r\n- Brainstorm different topics or ideas before starting to ensure a clear direction for your composition.\r\n- Experiment with different character limits to find the perfect balance for your writing.\r\n- Take breaks between writing sessions to refresh your creativity and avoid burnout.\r\n\r\n## **FAQ for Tools**\r\n\r\n1. **Q**: How can the Creative Writing template help me?\r\n    \r\n    **A**: The Creative Writing template is an AI tool that can assist you in crafting essays, quotes, and poems based on your topic or idea. It helps turn your thoughts into artful prose effortlessly.\r\n    \r\n2. **Q**: Can I write any topic or idea using the Creative Writing template?\r\n    \r\n    **A**: Yes, you can input any topic or idea you have in mind to create engaging written compositions such as essays, quotes, and poems.\r\n    \r\n3. **Q**: What kind of written compositions can I generate with the Creative Writing template?\r\n    \r\n    **A**: The Creative Writing template allows you to generate essays, quotes, and poems with ease, making your ideas come to life in the form of artful prose.\r\n    \r\n4. **Q**: Is there a character limit for the content created with the Creative Writing template?\r\n    \r\n    **A**: Yes, there is a character limit for the content generated. Make sure to check the character limit provided and adjust your written composition accordingly.\r\n    \r\n5. **Q**: What do I need to do after inputting my topic/idea and written composition?\r\n    \r\n    **A**: After inputting your topic/idea and written composition, simply press the \"Create Content\" button to let the AI tool work its magic and generate your artful prose.\r\n    \r\n6. **Q**: Can the Creative Writing template help me enhance my writing skills?\r\n    \r\n    **A**: The Creative Writing template can help you practice and refine your writing skills by turning your thoughts into well-crafted essays, quotes, and poems.\r\n    \r\n7. **Q**: Is the content created by the Creative Writing template unique?\r\n    \r\n    **A**: The content created by the Creative Writing template is original and unique as it is based on your input and transformed into artful prose by the AI tool.\r\n    \r\n8. **Q**: How can I use the content generated by the Creative Writing template?\r\n    \r\n    **A**: You can use the content generated by the Creative Writing template for various purposes such as expressing your thoughts creatively, inspiring others with your quotes, or adding depth to your essays. Let your imagination guide you!\r\n    \r\n\r\n## Feedback:\r\n\r\nWe value your feedback! Share your experiences and suggestions for improving the 'Creative Writing' template by clicking on the following link: [Feedback Form](https://websitelearners.typeform.com/gravityai#name=Creative%20Writing)",
                "created_at": "2024-02-14T05:48:18.000000Z",
                "updated_at": "2025-03-15T06:16:55.000000Z",
                "is_multiprompt": false,
                "website_title": null,
                "allow_website": 0,
                "website_input_title": null,
                "website_input_placeholder": null,
                "category_name": "Personal Tools",
                "bgImage": "https://gravitywrite.sgp1.digitaloceanspaces.com/gw/hnT284uMbppLY7eISXVZ5fMVchDG3SQOvB7MTSCK.svg",
                "iconColor": "#21672b"
            },
            {
                "id": 1555,
                "title": "Excel Formula Generator",
                "slug": "excel-formula-generator",
                "description": "A smart tool that crafts Excel formulas for you, taking the stress out of data processing!",
                "frontend_headline": "Automate Excel formula creation for efficient data analysis.",
                "icon_type": "svg",
                "icon_content": "<svg width=\"18px\" height=\"18px\" viewBox=\"0 0 32 32\" xmlns=\"http://www.w3.org/2000/svg\" xmlns:xlink=\"http://www.w3.org/1999/xlink\">   <defs>     <linearGradient id=\"a\" x1=\"4.494\" y1=\"-2092.086\" x2=\"13.832\" y2=\"-2075.914\" gradientTransform=\"translate(0 2100)\" gradientUnits=\"userSpaceOnUse\">       <stop offset=\"0\" stop-color=\"#18884f\"/>       <stop offset=\"0.5\" stop-color=\"#117e43\"/>       <stop offset=\"1\" stop-color=\"#0b6631\"/>     </linearGradient>   </defs>   <title>file_type_excel</title>   <path d=\"M19.581,15.35,8.512,13.4V27.809A1.192,1.192,0,0,0,9.705,29h19.1A1.192,1.192,0,0,0,30,27.809h0V22.5Z\" style=\"fill:currentColor\"/>   <path d=\"M19.581,3H9.705A1.192,1.192,0,0,0,8.512,4.191h0V9.5L19.581,16l5.861,1.95L30,16V9.5Z\" style=\"fill:currentColor\"/>   <path d=\"M8.512,9.5H19.581V16H8.512Z\" style=\"fill:currentColor\"/>   <path d=\"M16.434,8.2H8.512V24.45h7.922a1.2,1.2,0,0,0,1.194-1.191V9.391A1.2,1.2,0,0,0,16.434,8.2Z\" style=\"opacity:0.10000000149011612;isolation:isolate\"/>   <path d=\"M15.783,8.85H8.512V25.1h7.271a1.2,1.2,0,0,0,1.194-1.191V10.041A1.2,1.2,0,0,0,15.783,8.85Z\" style=\"opacity:0.20000000298023224;isolation:isolate\"/>   <path d=\"M15.783,8.85H8.512V23.8h7.271a1.2,1.2,0,0,0,1.194-1.191V10.041A1.2,1.2,0,0,0,15.783,8.85Z\" style=\"opacity:0.20000000298023224;isolation:isolate\"/>   <path d=\"M15.132,8.85H8.512V23.8h6.62a1.2,1.2,0,0,0,1.194-1.191V10.041A1.2,1.2,0,0,0,15.132,8.85Z\" style=\"opacity:0.20000000298023224;isolation:isolate\"/>   <path d=\"M3.194,8.85H15.132a1.193,1.193,0,0,1,1.194,1.191V21.959a1.193,1.193,0,0,1-1.194,1.191H3.194A1.192,1.192,0,0,1,2,21.959V10.041A1.192,1.192,0,0,1,3.194,8.85Z\" style=\"fill:url(#a)\"/>   <path d=\"M5.7,19.873l2.511-3.884-2.3-3.862H7.758L9.013,14.6c.116.234.2.408.238.524h.017c.082-.188.169-.369.26-.546l1.342-2.447h1.7l-2.359,3.84,2.419,3.905H10.821l-1.45-2.711A2.355,2.355,0,0,1,9.2,16.8H9.176a1.688,1.688,0,0,1-.168.351L7.515,19.873Z\" style=\"fill:#fff\"/>   <path d=\"M28.806,3H19.581V9.5H30V4.191A1.192,1.192,0,0,0,28.806,3Z\" style=\"fill:currentColor\"/>   <path d=\"M19.581,16H30v6.5H19.581Z\" style=\"fill:currentColor\"/> </svg>",
                "category_id": 37,
                "plan_id": "",
                "usage": 596,
                "favcount": 39,
                "frontend_description": "## Introduction:\r\n\r\nThe 'Excel Formula Generator' is a smart tool designed to take the stress out of data processing by crafting Excel formulas for you. Whether you are a beginner or an advanced user, this tool will help you save time and effort when working with Excel or Google Sheets.\r\n\r\n## Key Functionalities:\r\n\r\n- Automatically generate Excel formulas based on your input.\r\n- Simplify complex calculations and data manipulation tasks.\r\n- Increase efficiency and accuracy in data processing.\r\n\r\n## How To Use The Tool:\r\n\r\n1. Start by answering the question: \"What would you like to do on Excel/Google Sheets?\"\r\n2. Enter your desired data or calculations in the prompt provided.\r\n3. Press \"Create Content\" to generate the Excel formula.\r\n\r\n## Tips for Using the Tool:\r\n\r\n- Provide clear and specific inputs to get accurate results.\r\n- Double-check the generated formula to ensure it aligns with your requirements.\r\n- Experiment with different inputs to explore the full potential of the tool.\r\n\r\n## **FAQ for Tools**\r\n\r\n1. **Q**: How does the Excel Formula Generator work?\r\n    \r\n    **A**: The Excel Formula Generator simplifies data processing by creating Excel formulas for you. Just provide details on what you want to achieve in Excel or Google Sheets and let the tool do rest!\r\n    \r\n2. **Q**: What kind of tasks can I accomplish with the Excel Formula Generator?\r\n    \r\n    **A**: You can use the Excel Formula Generator for a wide range of tasks such as calculations, data analysis, creating reports, and more. Just specify your needs, and the tool will generate the formula for you.\r\n    \r\n3. **Q**: Can I use the Excel Formula Generator for both Excel and Google Sheets?\r\n    \r\n    **A**: Yes, the Excel Formula Generator is compatible with both Excel and Google Sheets. You can use the generated formulas in either platform for seamless data processing.\r\n    \r\n4. **Q**: Do I need to have advanced Excel skills to use this tool?\r\n    \r\n    **A**: No, you don't need to have advanced Excel skills to use the Excel Formula Generator. The tool is designed to simplify the process for all users, from beginners to advanced users.\r\n    \r\n5. **Q**: Is the output generated by the Excel Formula Generator accurate?\r\n    \r\n    **A**: Yes, the Excel Formula Generator ensures accurate formula generation based on the information you provide. You can rely on the tool to craft the right formula for your data processing needs.\r\n    \r\n6. **Q**: Can I customize the formulas generated by the Excel Formula Generator?\r\n    \r\n    **A**: Yes, you can customize the formulas generated by the Excel Formula Generator to suit your specific requirements. Feel free to modify the generated formula as needed.\r\n    \r\n7. **Q**: Is the Excel Formula Generator user-friendly?\r\n    \r\n    **A**: Yes, the Excel Formula Generator is user-friendly and easy to navigate. You can input your requirements, create the formula, and utilize it in Excel or Google Sheets with ease.\r\n    \r\n8. **Q**: Can I save the formulas generated by the Excel Formula Generator for future use?\r\n    \r\n    **A**: Yes, you can save the formulas generated by the Excel Formula Generator for future use. Simply copy and paste the generated formula into your Excel or Google Sheets file for later reference.\r\n    \r\n9. **Q**: What type of support is available for users of the Excel Formula Generator?\r\n    \r\n    **A**: The Excel Formula Generator offers user support through FAQs, tutorials, and customer service. If you have any questions or issues, you can easily find assistance to help you make the most of the tool.\r\n    \r\n\r\n## Feedback:\r\n\r\nWe value your feedback to enhance the user experience of the 'Excel Formula Generator' template. Share your experiences and suggestions for improvement by filling out the feedback form at [(LINK)](https://websitelearners.typeform.com/gravityai#name=Excel-Formula-Generator)",
                "created_at": "2024-02-14T05:52:12.000000Z",
                "updated_at": "2025-03-15T12:47:50.000000Z",
                "is_multiprompt": false,
                "website_title": null,
                "allow_website": 0,
                "website_input_title": null,
                "website_input_placeholder": null,
                "category_name": "Personal Tools",
                "bgImage": "https://gravitywrite.sgp1.digitaloceanspaces.com/gw/hnT284uMbppLY7eISXVZ5fMVchDG3SQOvB7MTSCK.svg",
                "iconColor": "#21672b"
            },
            {
                "id": 1556,
                "title": "Grammar Checker",
                "slug": "grammar-checker",
                "description": "This tool checks and corrects grammar mistakes in your text, ensuring clear and error-free writing.",
                "frontend_headline": "Improve your writing quality with this grammar correction tool.",
                "icon_type": "svg",
                "icon_content": "<svg width=\"18px\" height=\"18px\" viewBox=\"0 0 24 24\" fill=\"none\" xmlns=\"http://www.w3.org/2000/svg\">   <path fill-rule=\"evenodd\" clip-rule=\"evenodd\" d=\"M12 22C7.28595 22 4.92893 22 3.46447 20.5355C2 19.0711 2 16.714 2 12C2 7.28595 2 4.92893 3.46447 3.46447C4.92893 2 7.28595 2 12 2C16.714 2 19.0711 2 20.5355 3.46447C22 4.92893 22 7.28595 22 12C22 16.714 22 19.0711 20.5355 20.5355C19.0711 22 16.714 22 12 22ZM16.0303 8.96967C16.3232 9.26256 16.3232 9.73744 16.0303 10.0303L11.0303 15.0303C10.7374 15.3232 10.2626 15.3232 9.96967 15.0303L7.96967 13.0303C7.67678 12.7374 7.67678 12.2626 7.96967 11.9697C8.26256 11.6768 8.73744 11.6768 9.03033 11.9697L10.5 13.4393L14.9697 8.96967C15.2626 8.67678 15.7374 8.67678 16.0303 8.96967Z\" fill=\"currentColor\"/> </svg>",
                "category_id": 37,
                "plan_id": "",
                "usage": 3274,
                "favcount": 50,
                "frontend_description": "## **Introduction**\r\n\r\nThe Grammar / Fixer tool is designed to help you identify and correct grammar mistakes in your text, ensuring that your writing is clear and error-free. Whether you're a student working on an essay, a professional writing a report, or anyone in between, this tool can help you polish your writing to perfection.\r\n\r\n## **Key Functionalities**\r\n\r\nIdentify and highlight grammar mistakes in your textOffer suggestions for correcting errorsProvide explanations for common grammar rules\r\n\r\n## **How To Use The Tool**\r\n\r\nEnter your text or article into the designated text boxPress the \"Create Content\" button to run the grammar checkReview the highlighted grammar mistakes and suggested correctionsMake any necessary edits to improve the grammar of your text\r\n\r\n## **Tips for using the tool**\r\n\r\nProofread your text before running the grammar check to catch any obvious errorsTake the time to understand why certain grammar rules apply to improve your writing skillsUse the explanations provided to learn from your mistakes and avoid making them in the future\r\n\r\n## **FAQ for Tools**\r\n\r\n1. **Q**: How does the Grammar Checker / Fixer tool work?\r\n    \r\n    **A**: The Grammar Checker / Fixer tool works by analyzing your text and identifying any grammar mistakes or errors. It then suggests corrections to help improve the clarity and accuracy of your writing.\r\n    \r\n2. **Q**: What kind of grammar mistakes can this tool detect?\r\n    \r\n    **A**: This tool can detect a variety of grammar mistakes, including incorrect verb tense usage, subject-verb agreement errors, punctuation errors, and more.\r\n    \r\n3. **Q**: Can I use this tool for any type of writing?\r\n    \r\n    **A**: Yes, you can use the Grammar Checker / Fixer tool for any type of writing, whether it's a blog post, an essay, a report, or any other type of content.\r\n    \r\n4. **Q**: How accurate is the grammar checking feature of this tool?\r\n    \r\n    **A**: The grammar checking feature of this tool is designed to be highly accurate, but it's important to remember that no tool is perfect. It's always a good idea to review the suggested corrections and make any necessary adjustments.\r\n    \r\n5. **Q**: Can I trust the suggested corrections from this tool?\r\n    \r\n    **A**: While the suggested corrections are generated based on advanced algorithms, it's always a good idea to use your judgment and review the suggestions to ensure they make sense in the context of your writing.\r\n    \r\n6. **Q**: Does this tool only correct grammar mistakes, or does it offer other suggestions as well?\r\n    \r\n    **A**: In addition to correcting grammar mistakes, this tool may also offer suggestions for improving sentence structure, word choice, and overall writing style.\r\n    \r\n7. **Q**: Is there a limit to the length of text I can check with this tool?\r\n    \r\n    **A**: There may be a limit to the length of text you can check with this tool, depending on the specific features of the tool. It's always a good idea to check the tool's guidelines or help section for more information.\r\n    \r\n8. **Q**: Can I use this tool to check multiple pieces of text at once?\r\n    \r\n    **A**: Depending on the tool's capabilities, you may be able to check multiple pieces of text at once. Be sure to read the tool's instructions to understand how it handles multiple inputs.\r\n    \r\n9. **Q**: Is my text stored or saved when using this tool?\r\n    \r\n    **A**: The tool may temporarily store your text for the purpose of grammar checking and correction. It's always a good idea to review the tool's privacy policy to understand how your data is handled.\r\n    \r\n\r\n## **Feedback**\r\n\r\nWe value your feedback on the Grammar Checker / Fixer tool. Please share your experiences and suggestions for improving the tool by clicking on the following link: [[Feedback here]](https://websitelearners.typeform.com/gravityai#name=Grammar-Checker)",
                "created_at": "2024-02-14T05:56:45.000000Z",
                "updated_at": "2025-03-14T08:57:44.000000Z",
                "is_multiprompt": false,
                "website_title": null,
                "allow_website": 0,
                "website_input_title": null,
                "website_input_placeholder": null,
                "category_name": "Personal Tools",
                "bgImage": "https://gravitywrite.sgp1.digitaloceanspaces.com/gw/hnT284uMbppLY7eISXVZ5fMVchDG3SQOvB7MTSCK.svg",
                "iconColor": "#21672b"
            },
            {
                "id": 1561,
                "title": "Language Translator",
                "slug": "language-translator",
                "description": "This tool quickly translates text from any language to the one you need, making communication and understanding easier.",
                "frontend_headline": "Translate text effortlessly with this powerful language conversion tool.",
                "icon_type": "icon",
                "icon_content": "fa-solid fa-language",
                "category_id": 37,
                "plan_id": "",
                "usage": 2843,
                "favcount": 40,
                "frontend_description": "## Introduction:\r\n\r\nThe 'Language Translator' tool on gravitywrite is designed to quickly translate text from any language to the one you need. This can make communication and understanding easier, especially when dealing with content in different languages.\r\n\r\n## How To Use The Tool:\r\n\r\n1. Enter your text or article: Start by inputting the text or article you want to translate into the designated field.\r\n2. Choose the language you want to translate into: Select the language you wish to translate the text into from the available options.\r\n3. Press \"Create Content\": Once you have entered your text and chosen the language, click the \"Create Content\" button to generate the translated output.\r\n\r\n## Tips for Using the Tool:\r\n\r\n- Ensure the text you input is clear and error-free to get more accurate translations.\r\n- Double-check the language you have selected before creating content to avoid any mistakes.\r\n- Experiment with different languages to see how the tool handles various translations.\r\n\r\n## **FAQ for Tools**\r\n\r\n1. **Q**: How does the Language Translator tool work?\r\n    \r\n    **A**: The Language Translator tool works by taking the text or article you enter and translating it into the language of your choice. Simply enter your text and select the desired language to translate into.\r\n    \r\n2. **Q**: Can I translate text from any language?\r\n    \r\n    **A**: Yes, you can translate text from any language using the Language Translator tool. Just enter the text you want to translate and select the language you want to translate it into.\r\n    \r\n3. **Q**: What languages can I translate text into?\r\n    \r\n    **A**: You can translate text into a wide range of languages using the Language Translator tool. Simply select the desired language from the options available.\r\n    \r\n4. **Q**: How accurate are the translations generated by the tool?\r\n    \r\n    **A**: The Language Translator tool provides accurate translations, but keep in mind that machine translation may not always capture the nuances of human language. It is always recommended to review and edit the translated text if needed.\r\n    \r\n5. **Q**: Can I translate long articles or documents with this tool?\r\n    \r\n    **A**: Yes, you can translate long articles or documents with the Language Translator tool. Simply paste your text into the input field and select the language you want to translate into.\r\n    \r\n6. **Q**: Is there a limit to the length of text I can translate?\r\n    \r\n    **A**: There is no specific limit to the length of text you can translate with the Language Translator tool. However, translating very long pieces of text may take longer to process.\r\n    \r\n7. **Q**: Can I translate text in real-time using this tool?\r\n    \r\n    **A**: The Language Translator tool provides quick translations, but it does not support real-time translation. You will need to enter the text you want to translate and then press \"Create Content\" to generate the translation.\r\n    \r\n8. **Q**: Can I save the translated text for future reference?\r\n    \r\n    **A**: You can copy and save the translated text generated by the Language Translator tool for future reference. Simply copy the text from the output field and paste it into a document or note.\r\n    \r\n9. **Q**: Can I use the Language Translator tool for professional translation work?\r\n    \r\n    **A**: The Language Translator tool is great for basic translation needs and can be used for professional purposes. However, for sensitive or complex translations, it is recommended to consult a professional translator.\r\n    \r\n10. **Q**: How do I ensure privacy and security of the text I translate?\r\n    \r\n    **A**: The Language Translator tool respects your privacy and does not store the text you enter for translation. Your data is secure and only used for the purpose of generating the translation you requested.\r\n    \r\n\r\n## Feedback:\r\n\r\nWe value your feedback on the 'Language Translator' tool. Share your experiences and suggestions for improvement by visiting our feedback link: [[LINK]](https://websitelearners.typeform.com/gravityai#name=Language-Translator)",
                "created_at": "2024-02-15T00:50:52.000000Z",
                "updated_at": "2025-03-16T08:07:05.000000Z",
                "is_multiprompt": false,
                "website_title": null,
                "allow_website": 0,
                "website_input_title": null,
                "website_input_placeholder": null,
                "category_name": "Personal Tools",
                "bgImage": "https://gravitywrite.sgp1.digitaloceanspaces.com/gw/hnT284uMbppLY7eISXVZ5fMVchDG3SQOvB7MTSCK.svg",
                "iconColor": "#21672b"
            },
            {
                "id": 1563,
                "title": "Social Media Bio Generator",
                "slug": "social-media-bio-generator",
                "description": "A tool that helps you make the perfect bio for your social media accounts.",
                "frontend_headline": "Effortlessly enhance your online presence with tailored bios.",
                "icon_type": "svg",
                "icon_content": "<svg fill=\"currentColor\" version=\"1.1\" id=\"Capa_1\" xmlns=\"http://www.w3.org/2000/svg\" xmlns:xlink=\"http://www.w3.org/1999/xlink\" width=\"18px\" height=\"18px\" viewBox=\"0 0 76.609 76.609\" xml:space=\"preserve\">   <g>     <g>       <path d=\"M57.455,16.575c0,1.12,1.121,2.24,2.688,2.24c2.239,0,2.911-0.896,2.911-2.24c0-0.224,0-0.224,0-0.447c-0.223-0.672-0.896-1.12-1.566-1.568c-0.225,0-0.672-0.224-1.119-0.224C58.799,14.337,57.455,15.232,57.455,16.575z\"/>       <path d=\"M62.16,9.183c-0.226-1.344-1.121-2.464-2.24-2.464c-1.121,0-1.793,1.12-1.567,2.464c0.226,1.344,1.119,2.464,2.239,2.464C61.488,11.647,62.383,10.527,62.16,9.183z\"/>       <path d=\"M52.08,25.983l3.808-3.808c2.239,1.792,4.93,2.912,7.841,2.912c6.943,0,12.544-5.601,12.544-12.544C76.271,5.599,70.672,0,63.728,0c-6.942,0-12.544,5.6-12.544,12.544c0,3.136,1.119,5.823,2.912,7.84l-3.809,3.809C50.959,24.864,51.631,25.537,52.08,25.983z M65.744,8.511h2.463V6.048h0.896v2.464h2.465v0.896h-2.465v2.465h-0.896V9.407h-2.463V8.511L65.744,8.511z M60.144,12.767c0-0.224,0-0.448,0.226-0.672c-0.226,0-0.226,0-0.447,0c-1.793,0-3.137-1.344-3.137-2.912s1.791-2.912,3.584-2.912H64.4l-0.896,0.672H62.16c0.896,0.225,1.344,1.345,1.344,2.464c0,0.896-0.448,1.568-1.121,2.24c-0.672,0.448-0.896,0.672-0.896,1.12c0,0.448,0.673,1.12,1.12,1.344c1.119,0.672,1.344,1.568,1.344,2.688c0,1.567-1.344,2.912-4.031,2.912c-2.239,0-4.256-0.896-4.256-2.464s1.791-2.912,4.031-2.912c0.225,0,0.447,0,0.672,0C60.367,13.664,60.144,13.216,60.144,12.767z\"/>       <path d=\"M63.728,51.52c-2.911,0-5.823,1.119-7.841,2.912l-3.807-3.809c-0.449,0.672-1.121,1.118-1.568,1.566l3.809,3.809c-1.792,2.238-2.912,4.929-2.912,7.841c0,6.943,5.602,12.544,12.545,12.544c6.942,0,12.545-5.601,12.545-12.544C76.271,56.895,70.672,51.52,63.728,51.52z M60.144,69.664H57.68v-7.841h2.464V69.664z M59.024,60.705L59.024,60.705c-0.896,0-1.567-0.673-1.567-1.346c0-0.672,0.672-1.344,1.567-1.344s1.567,0.672,1.567,1.344C60.367,60.256,59.92,60.705,59.024,60.705z M70.224,69.664h-2.912v-4.031c0-1.119-0.447-1.792-1.345-1.792c-0.672,0-1.119,0.448-1.344,0.896c0,0.227,0,0.449,0,0.673v4.257h-2.688c0,0,0-7.168,0-7.841h2.688v1.12c0.225-0.447,1.121-1.344,2.465-1.344c1.791,0,3.136,1.119,3.136,3.584V69.664L70.224,69.664z\"/>       <path d=\"M24.304,50.625l-3.808,3.809c-2.24-1.793-4.928-2.912-7.84-2.912c-6.944,0-12.544,5.602-12.544,12.543c0,6.944,5.6,12.545,12.544,12.545c6.943,0,12.544-5.601,12.544-12.545c0-2.912-1.12-5.823-2.912-7.84l3.808-3.809C25.424,51.743,24.752,51.07,24.304,50.625z M18.033,62.048c0,3.808-2.912,8.063-8.064,8.063c-1.567,0-3.136-0.448-4.256-1.346c0.224,0,0.448,0,0.672,0c1.344,0,2.464-0.447,3.584-1.119c-1.12,0-2.24-0.896-2.688-2.017c0.224,0,0.447,0,0.447,0c0.225,0,0.448,0,0.673,0c-1.345-0.226-2.24-1.344-2.24-2.688l0,0c0.448,0.225,0.896,0.447,1.344,0.447c-0.672-0.447-1.344-1.344-1.344-2.24c0-0.446,0.224-0.896,0.448-1.344c1.344,1.793,3.359,2.912,5.823,2.912c0-0.226,0-0.447,0-0.672c0-1.568,1.345-2.912,2.912-2.912c0.896,0,1.568,0.447,2.017,0.896c0.672-0.225,1.344-0.448,1.792-0.672c-0.225,0.672-0.673,1.119-1.345,1.566c0.672,0,1.12-0.225,1.568-0.447c-0.448,0.672-0.896,1.119-1.344,1.344C18.033,61.823,18.033,61.823,18.033,62.048z\"/>       <path d=\"M12.656,25.088c2.912,0,5.823-1.12,7.84-2.912l3.808,3.808c0.448-0.672,1.12-1.119,1.568-1.567l-3.809-3.808c1.792-2.24,2.912-4.928,2.912-7.84c0-6.944-5.6-12.544-12.544-12.544c-6.943,0-12.319,5.6-12.319,12.544C0.112,19.487,5.712,25.088,12.656,25.088z M9.744,10.527h1.344V9.183c0-1.792,0.672-2.912,2.912-2.912h1.792v2.24h-1.12c-0.896,0-0.896,0.224-0.896,0.896v1.12h2.016l-0.224,2.24H13.55v6.272h-2.688v-6.272H9.519v-2.24H9.744z\"/>       <g>         <path d=\"M49.617,44.575c-0.226-0.446-0.673-0.673-0.896-0.673c-2.016-0.672-3.807-1.118-5.823-1.791c-0.224,0-0.672-0.447-0.672-1.344c0-0.449,0-0.673-0.447-0.673c-0.226,0,0,0-0.226-0.224c-0.223-0.896-0.223-1.345-0.223-1.568c0-0.223,0.223-0.225,0.223-0.448c0.673-0.896,0.896-2.239,0.896-2.688c0,0,0.225,0,0.225-0.225c0.224-0.448,0.224-0.448,0.224-1.121c0.226-0.446,0.226-1.118-0.224-1.118c-0.225,0.224-0.225,0-0.225-0.448v-2.688c0-0.896-0.673-1.567-1.119-1.791c-0.674-0.449-0.896-0.673-1.121-0.673c-0.225-0.224-0.225-0.448,0-0.672c0.224-0.223,0.447-0.223,0.447-0.448c0,0,0,0-0.225,0s-1.567,0.226-2.239,0.448c-1.12,0.224-2.24,0.672-3.137,1.345c-0.672,0.447-1.12,1.119-1.12,2.017c0,0.446,0,1.791,0,2.688c0,0.226,0,0.448-0.224,0.226c-0.672,0-0.224,0.896-0.224,1.118c0,0.448,0.224,0.673,0.447,1.121c0,0.225,0.225,0.225,0.225,0.225c0.224,0.672,0.448,2.016,0.896,2.688c0,0,0.225,0.225,0.225,0.448c0,0.448,0,1.12-0.225,1.568c0,0,0,0.225-0.224,0.225c-0.448,0-0.448,0.224-0.448,0.672c0,0.672-0.448,1.345-0.672,1.345c-1.12,0.446-4.479,1.567-5.6,1.791c-0.672,0.226-0.896,0.448-1.12,0.672l-1.12,2.688c4.479,0,6.72,2.688,11.424,3.584h2.24c4.704-0.672,8.063-3.584,11.2-3.584L49.617,44.575z\"/>       </g>     </g>   </g> </svg>",
                "category_id": 37,
                "plan_id": "",
                "usage": 3827,
                "favcount": 48,
                "frontend_description": "## **Introduction**\r\n\r\nThe 'Social Media Bio Generator' is a powerful tool designed to help you create the perfect bio for your social media accounts. With this template, you can easily showcase your personality, interests, and hobbies in a concise and engaging manner.\r\n\r\n## **How To Use The Tool**\r\n\r\nStart by selecting the social media platform for which you want to create a bio.List some of your hobbies and interests to personalize your bio.Enter the character limit specified for the bio.Press \"Create Content\" to generate your customized social media bio.\r\n\r\n## **Tips for Using the Tool**\r\n\r\nKeep your bio short and sweet to capture the attention of your audience.Use emojis or symbols to add a fun touch to your bio.Update your bio regularly to reflect any changes in your interests or activities.\r\n\r\n## **FAQ for Tools**\r\n\r\n1. **Q**: How do I use the Social Media Bio Generator?\r\n    \r\n    **A**: To use the Social Media Bio Generator, simply input the social media platform you're creating a bio for, list some hobbies and interests, and specify the character limit. Then, press \"Create Content\" to generate the perfect bio for your social media account.\r\n    \r\n2. **Q**: Can I use the Social Media Bio Generator for multiple social media platforms?\r\n    \r\n    **A**: Yes, you can use the Social Media Bio Generator for different social media platforms by specifying the platform in the input.\r\n    \r\n3. **Q**: What type of hobbies and interests should I list in the Social Media Bio Generator?\r\n    \r\n    **A**: You can list any hobbies and interests that best represent you on your social media account. This will help personalize your bio.\r\n    \r\n4. **Q**: What social media platforms are compatible with the Social Media Bio Generator?\r\n    \r\n    **A**: The Social Media Bio Generator is compatible with popular social media platforms like Facebook, Instagram, Twitter, LinkedIn, and more.\r\n    \r\n5. **Q**: Can I include emojis in the generated bio from the Social Media Bio Generator?\r\n    \r\n    **A**: Yes, you can include emojis in the generated bio to add a personal touch and make it more engaging.\r\n    \r\n6. **Q**: Can I use the Social Media Bio Generator for business profiles or personal accounts?\r\n    \r\n    **A**: The Social Media Bio Generator can be used for both business profiles and personal accounts, allowing you to create compelling bios for any purpose.\r\n    \r\n7. **Q**: Is the content generated by the Social Media Bio Generator unique?\r\n    \r\n    **A**: The content generated by the Social Media Bio Generator is based on the input provided by you, making it unique to your hobbies, interests, and character limit.\r\n    \r\n\r\n## **Feedback**\r\n\r\nWe value your feedback! Share your experience using the 'Social Media Bio Generator' and any suggestions for improvement by visiting this [link](https://websitelearners.typeform.com/gravityai#name=Social-Media-Bio-Generator).",
                "created_at": "2024-02-15T01:05:29.000000Z",
                "updated_at": "2025-03-15T20:15:13.000000Z",
                "is_multiprompt": false,
                "website_title": null,
                "allow_website": 0,
                "website_input_title": null,
                "website_input_placeholder": null,
                "category_name": "Personal Tools",
                "bgImage": "https://gravitywrite.sgp1.digitaloceanspaces.com/gw/hnT284uMbppLY7eISXVZ5fMVchDG3SQOvB7MTSCK.svg",
                "iconColor": "#21672b"
            },
            {
                "id": 89,
                "title": "PASTOR model",
                "slug": "pastor-model",
                "description": "Your guide to crafting content that addresses customer pain points, highlights product benefits, and prompts audience action.",
                "frontend_headline": "Prompt Action with Target Audience-Focused Content",
                "icon_type": "svg",
                "icon_content": "<svg fill=\"currentColor\" height=\"18px\" width=\"18px\" version=\"1.1\" xmlns=\"http://www.w3.org/2000/svg\" xmlns:xlink=\"http://www.w3.org/1999/xlink\" viewBox=\"0 0 512 512\" xml:space=\"preserve\">   <g>     <g>       <path d=\"M490.667,0H21.333v384h183.168l-91.584,91.584c-8.341,8.341-8.341,21.824,0,30.165c4.16,4.16,9.621,6.251,15.083,6.251         c5.461,0,10.923-2.091,15.083-6.251l91.584-91.584v76.501c0,11.776,9.557,21.333,21.333,21.333s21.333-9.557,21.333-21.333         v-76.501l91.584,91.584c4.16,4.16,9.621,6.251,15.083,6.251c5.461,0,10.923-2.091,15.083-6.251c8.341-8.341,8.341-21.824,0-30.165         L307.499,384h183.168V0z M384,277.333H128c-11.776,0-21.333-9.557-21.333-21.333s9.557-21.333,21.333-21.333h21.333V128H192         v106.667h42.667v-64h42.667v64H320v-128h42.667v128H384c11.776,0,21.333,9.557,21.333,21.333S395.776,277.333,384,277.333z\"/>     </g>   </g> </svg>",
                "category_id": 21,
                "plan_id": "",
                "usage": 770,
                "favcount": 41,
                "frontend_description": "## Introduction\r\n\r\nWelcome to our support documentation for the PASTOR Model. This valuable tool assists you in creating impactful content tailored for your target customers. Its main goal is to help craft content that addresses customer pain points, highlights your product's perks, and prompts customer action in a more enticing, suited, and efficient manner.\r\n\r\n## How To Use PASTOR Model\r\n\r\n1. From the GravityWrite dashboard, select the 'PASTOR model'.\r\n2. You will be prompted to answer a sequence of eight questions. These details will be foundational for the template. Be sure to provide as much detailed information as possible.\r\n    - Type of content you desire to create\r\n    - Your Ideal Customer and their interests\r\n    - What you're selling or promoting (including key features of your product or service)\r\n    - The problem your product or service aims to solve for your customers\r\n    - Any specific story or narrative to be incorporated into your content\r\n    - Any customer testimonials to be incorporated into your content\r\n    - The results or benefits customers can expect from using your product or service\r\n    - The action you want the audience to take after engaging with your content\r\n3. After answering these questions, press \"Create Content\". The AI will generate your custom content based on the provided information.\r\n\r\n## Tips for Using PASTOR Model\r\n\r\n- The more detail you provide in each answer, the more tailored and effective your generated content will be.\r\n- Be specific about your ideal customer's interests. This helps create a more personalized and compelling narrative.\r\n- Always be clear about what action you want your audience to take. This drives the call-to-action in your content.\r\n- Incorporating a customer testimonial gives your content additional credibility and relatability.\r\n- Lastly, keep your content purpose in mind all the time as you navigate through the PASTOR Model.\r\n\r\n## FAQs\r\n\r\n1. **Q**: How does the PASTOR model help me craft content?\r\n    \r\n    **A**: The PASTOR model guides you in creating content that addresses customer pain points, highlights product benefits, and prompts audience action in a structured manner.\r\n    \r\n2. **Q**: What type of content can I create using the PASTOR model?\r\n    \r\n    **A**: You can create content that is focused on addressing customer needs, showcasing your product's features, and encouraging your audience to take action.\r\n    \r\n3. **Q**: How do I identify my Ideal Customer using the PASTOR model?\r\n    \r\n    **A**: Describe your Ideal Customer's interests and preferences to tailor your content effectively towards their needs.\r\n    \r\n4. **Q**: How does the PASTOR model help solve customer problems?\r\n    \r\n    **A**: By understanding your customer's pain points and incorporating solutions into your content, the PASTOR model aims to address and solve their problems effectively.\r\n    \r\n5. **Q**: Can I incorporate a specific story or narrative into my content using the PASTOR model?\r\n    \r\n    **A**: Yes, you can share a compelling story or narrative to engage your audience and make your content more relatable and impactful.\r\n    \r\n6. **Q**: How can I include customer testimonials in my content with the PASTOR model?\r\n    \r\n    **A**: You can enter customer testimonials to add credibility and social proof to your content, enhancing trust and authenticity.\r\n    \r\n7. **Q**: What results or benefits can customers expect from using my product or service with the PASTOR model?\r\n    \r\n    **A**: Customers can expect to see improvements, solutions, or enhancements that your product or service offers, clearly outlined in your content.\r\n    \r\n8. **Q**: What action do I want my audience to take after engaging with my content through the PASTOR model?\r\n    \r\n    **A**: You should clearly define the desired action you want your audience to take, whether it's making a purchase, signing up for a newsletter, or requesting more information.\r\n    \r\n9. **Q**: What type of content can I create using the 'PASTOR model' template?\r\n    \r\n    **A**: You can create content that addresses customer pain points, highlights product benefits, and prompts audience action using the 'PASTOR model' template.\r\n    \r\n10. **Q**: What should I include when describing what I am selling or promoting in the template?\r\n    \r\n    **A**: When describing your product or service, include key features that set it apart and make it valuable to your target audience.\r\n    \r\n\r\n## Feedback\r\n\r\nWe are constantly working to improve the user experience and value any feedback you provide. Whether it's a constructive criticism or a compliment, we appreciate your input. To provide feedback click [here](https://websitelearners.typeform.com/gravityai#name=PASTOR_Model).",
                "created_at": "2023-06-26T08:55:53.000000Z",
                "updated_at": "2025-03-15T13:45:52.000000Z",
                "is_multiprompt": false,
                "website_title": null,
                "allow_website": 0,
                "website_input_title": null,
                "website_input_placeholder": null,
                "category_name": "Copywriting Tools",
                "bgImage": "https://gravitywrite.sgp1.digitaloceanspaces.com/gw/tGPv9TE8YH0whOblDMfOQP9b2QsAm55rep52xBUJ.svg",
                "iconColor": "#d81b60"
            },
            {
                "id": 76,
                "title": "Facebook Ad Copy",
                "slug": "facebook-ad-copy",
                "description": "An AI-tool that helps you create effective Facebook Ad Copies. It generates 10 sets of primary text, headlines, and descriptions for your ads.",
                "frontend_headline": "Boost Your Facebook Ads with Targeted Text and Headlines",
                "icon_type": "svg",
                "icon_content": "<svg fill=\"currentColor\" width=\"18px\" height=\"18px\" viewBox=\"0 0 1920 1920\" xmlns=\"http://www.w3.org/2000/svg\">     <path d=\"M1168.737 487.897c44.672-41.401 113.824-36.889 118.9-36.663l289.354-.113 6.317-417.504L1539.65 22.9C1511.675 16.02 1426.053 0 1237.324 0 901.268 0 675.425 235.206 675.425 585.137v93.97H337v451.234h338.425V1920h451.234v-789.66h356.7l62.045-451.233H1126.66v-69.152c0-54.937 14.214-96.112 42.078-122.058\" fill-rule=\"evenodd\"/> </svg>",
                "category_id": 17,
                "plan_id": "",
                "usage": 30935,
                "favcount": 179,
                "frontend_description": "## Introduction\r\n\r\nOur Facebook Ad Copy creation tool is a specialized AI-powered instrument geared to help you design compelling Facebook Ad Copies. The tool simplifies your advertising needs by generating 10 various sets of primary texts, headlines, and descriptions suited for your ads. All this is based on your inputs about your specific product or service, and the number of ad copies you need.\r\n\r\n## Key Functionalities\r\n\r\n- **Tailored Content Generation**: The tool generates ad copies based on your unique inputs about your product or service.\r\n- **Multiple Ad Copies**: It creates multiple versions, up to 10 sets of Ad Copies, providing variety and creative options.\r\n\r\n## How to Use the Tool\r\n\r\n1. Begin by defining your Product/Service. Be specific and descriptive to ensure the outputs align with your needs and objectives.\r\n2. Specify the Number of Ad Copies you need. You can request up to 10 different versions within each use.\r\n3. Once these queries are answered, click on \"Create Content\". The tool will now generate your ad copies.\r\n\r\n## Tips for Using the Tool\r\n\r\n- Be as specific as possible while describing your Product/Service. The more details you provide, the more aligned the ad copies will be with your advertising objectives.\r\n- Utilize the capability of the tool to generate multiple copies. This can provide you with a range of creative options to choose from for your ad campaign.\r\n\r\n## FAQ's\r\n\r\n1. **Q**: How does the Facebook Ad Copy template work?\r\n    \r\n    **A**: Simply describe your Product/Service and specify the number of Ad Copies you need. Press \"Create Content\" to get 10 sets of primary text, headlines, and descriptions for your ads.\r\n    \r\n2. **Q**: What information do I need to provide to generate Facebook Ad Copies?\r\n    \r\n    **A**: You need to describe your Product/Service and indicate the number of Ad Copies you require to get tailored ad content.\r\n    \r\n3. **Q**: How many Ad Copies can I create at once using this template?\r\n    \r\n    **A**: You can generate 10 sets of primary text, headlines, and descriptions for your Facebook ads with each use of the template.\r\n    \r\n4. **Q**: Do I have to pay for using the Facebook Ad Copy template?\r\n    \r\n    **A**: The template is already included in the AI writing tool, so you can use it at no additional cost.\r\n    \r\n5. **Q**: Can the Facebook Ad Copy template help me with different types of businesses?\r\n    \r\n    **A**: Yes, the template is versatile and can generate ad copies for a wide range of products and services across various industries.\r\n    \r\n7. **Q**: Is it easy to use the Facebook Ad Copy template even if I'm not a marketing expert?\r\n    \r\n    **A**: Yes, the template is designed to be user-friendly, so anyone, regardless of their marketing expertise, can easily create compelling ad copies.\r\n    \r\n8. **Q**: Can I save the Facebook Ad Copies for future use?\r\n    \r\n    **A**: Yes, you can save the generated ad copies and reuse them for future Facebook ad campaigns, making it convenient for ongoing marketing efforts.\r\n    \r\n9. **Q**: Will the Facebook Ad Copy template help me improve my ad performance?\r\n    \r\n    **A**: By providing you with 10 sets of ad copies, the template can help you test different variations and optimize your Facebook ads for better performance and results.\r\n    \r\n\r\n## Feedback\r\n\r\nYour feedback helps us make our tool better, so don't hesitate to let us know about your experiences and any suggestions you might have to improve it. Please share your insights through our feedback form available at: [Feedback Form](https://websitelearners.typeform.com/gravityai#name=facebook-ad-copy)\r\n\r\nWe value your input and look forward to making your experience with our tool more efficient and enjoyable!",
                "created_at": "2023-06-12T21:39:01.000000Z",
                "updated_at": "2025-03-17T06:19:13.000000Z",
                "is_multiprompt": false,
                "website_title": null,
                "allow_website": 0,
                "website_input_title": null,
                "website_input_placeholder": null,
                "category_name": "Advertising Tools",
                "bgImage": "https://gravitywrite.sgp1.digitaloceanspaces.com/gw/uZaDLrVForDA7O8d0LUru6MiBhQCXRAZV0dJ9NtH.svg",
                "iconColor": "#12b3eb"
            },
            {
                "id": 77,
                "title": "Ad Targeting Helper",
                "slug": "ad-targeting-helper",
                "description": "This AI tool helps you to identify your target audience, set your budget, optimize ad performance and monitor ad engagement, ensuring you reach your ideal customers easily.",
                "frontend_headline": "Easily identify your target audience and optimize ad performance.",
                "icon_type": "icon",
                "icon_content": "fa-solid fa-bullseye",
                "category_id": 17,
                "plan_id": "",
                "usage": 3611,
                "favcount": 89,
                "frontend_description": "### **Introduction**\r\n\r\nThe 'Ad Targeting Helper' is a powerful AI tool designed to lend you a hand in pinpointing your ideal audience, setting your budget for ads, optimizing your ad's performance, and also monitoring the engagement of your ads. With this interactive tool, all you need to do is answer a couple of questions about your product or service and targeted location, and it will help you enhance your ad targeting strategy, ensuring you reach your potential customers effectively and efficiently.\r\n\r\n### **Key Functionalities**\r\n\r\n- **Audience Identification:** The tool helps identify your target audience based on the product/service description and target location you provide.\r\n- **Budget Setting:** It assists in setting an appropriate ad budget, ensuring you get maximum returns on your ad spend.\r\n- **Ad Performance Optimization:** The tool provides suggestions for optimizing ad performance to increase views and conversions.\r\n- **Ad Engagement Monitoring:** It facilitates tracking ad engagement, helping you understand your audience better.\r\n\r\n### **How to Use the Tool**\r\n\r\n1. First look for the 'Ad Targeting Helper' template on the GravityWrite platform.\r\n2. Now you have to answer two questions: \"Describe your Product / Service\" and \"Your Target Location\". Make sure to provide detailed and accurate information for best results.\r\n3. After answering these questions, simply press the \"Create Content\" button.\r\n4. Wait a few seconds as our AI creates a comprehensive ad targeting strategy for you.\r\n\r\n### **Tips for Using the Tool**\r\n\r\n1. Be as specific as possible while describing your product/service and target location. The more detailed your information, the more personalized and effective the ad targeting strategy generated.\r\n2. Regularly monitor and update your inputs based on the changing dynamics of your business to maintain optimal ad performance.\r\n3. Lastly, make optimal use of the ad engagement data generated by the 'Ad Targeting Helper'. It can provide valuable insights into improving your overall ad campaign.\r\n\r\n### **FAQ's**\r\n\r\n1. **Q**: How does the Ad Targeting Helper AI tool work?\r\n    \r\n    **A**: The Ad Targeting Helper AI tool works by asking you to describe your product or service, and then specify your target location. After answering these questions, you can press \"Create Content\" to generate content tailored to help you reach your ideal customers.\r\n    \r\n2. **Q**: What type of businesses can benefit from using the Ad Targeting Helper template?\r\n    \r\n    **A**: Any business that wants to identify their target audience, set their budget, optimize ad performance, and monitor ad engagement can benefit from using the Ad Targeting Helper template.\r\n    \r\n3. **Q**: How can the Ad Targeting Helper help me reach my ideal customers?\r\n    \r\n    **A**: The Ad Targeting Helper helps you identify your target audience and optimize ad performance, increasing the likelihood of reaching your ideal customers through more targeted advertising.\r\n    \r\n4. **Q**: What do I do if I have trouble using the Ad Targeting Helper template?\r\n    \r\n    **A**: If you have trouble using the Ad Targeting Helper template, you can reach out to our customer support team for assistance.\r\n    \r\n5. **Q**: Can the Ad Targeting Helper template help me set my advertising budget?\r\n    \r\n    **A**: While the Ad Targeting Helper can provide insights to help you set your budget, it's important to consult with a marketing professional or financial advisor for setting an appropriate advertising budget.\r\n    \r\n6. **Q**: What kind of content will the Ad Targeting Helper generate for me?\r\n    \r\n    **A**: The Ad Targeting Helper will generate content tailored to help you reach your ideal customers by optimizing ad performance and targeting your audience effectively.\r\n    \r\n7. **Q**: Do I need any special skills or knowledge to use the Ad Targeting Helper template?\r\n    \r\n    **A**: No, the Ad Targeting Helper template is designed to be user-friendly, requiring only basic information about your product or service and target location.\r\n    \r\n8. **Q**: How quickly can I expect to see results from using the Ad Targeting Helper?\r\n    \r\n    **A**: Results from using the Ad Targeting Helper may vary, but optimizing ad performance and targeting your ideal customers can lead to improved engagement and conversion rates over time.\r\n    \r\n\r\n### **Feedback**\r\n\r\nYour feedback is important to us. Please share your experience and offer suggestions for improving the Ad Targeting Helper tool. Follow this link to provide your feedback: [Feedback Form](https://websitelearners.typeform.com/gravityai#name=ad-targeting-helper)",
                "created_at": "2023-06-12T22:10:50.000000Z",
                "updated_at": "2025-03-17T06:18:09.000000Z",
                "is_multiprompt": false,
                "website_title": null,
                "allow_website": 0,
                "website_input_title": null,
                "website_input_placeholder": null,
                "category_name": "Advertising Tools",
                "bgImage": "https://gravitywrite.sgp1.digitaloceanspaces.com/gw/uZaDLrVForDA7O8d0LUru6MiBhQCXRAZV0dJ9NtH.svg",
                "iconColor": "#12b3eb"
            },
            {
                "id": 101,
                "title": "Solution-Savings-Social Proof model",
                "slug": "solution-savings-social-proof-model",
                "description": "This AI tool uses the Solution-Savings-Social Proof model to craft engaging content, helping you hit the mark with your audience.",
                "frontend_headline": "Craft content that resonates with your target audience effectively.",
                "icon_type": "icon",
                "icon_content": "fa-solid fa-floppy-disk",
                "category_id": 21,
                "plan_id": "1",
                "usage": 63,
                "favcount": 15,
                "frontend_description": "## Introduction:\r\n\r\nThe 'Solution-Savings-Social Proof model' is an AI writing tool designed to help you create captivating content that resonates with your audience. By leveraging this template, you can effectively convey your message and drive engagement with your target customers.\r\n\r\n## Key Functionalities of the tool:\r\n\r\n- This template utilizes a proven framework to craft compelling content that highlights the solution your product or service offers, emphasizes cost savings, and provides social proof of its effectiveness.\r\n\r\n## How To Use The Tool:\r\n\r\n1. Begin by answering the following questions:\r\n    - What type of content do you want to create?\r\n    - What are you selling or promoting?\r\n    - What are the unique selling points (USPs) of your product or service?\r\n    - Who is your Ideal Customer?\r\n    - What action do you want the audience to take after engaging with your content?\r\n2. Press \"Create Content\" to generate the output.\r\n\r\n## Tips for using the tool:\r\n\r\n- Be clear and concise in your responses to the questions.\r\n- Focus on highlighting the key features and benefits of your product or service.\r\n- Tailor your content to resonate with your Ideal Customer.\r\n- Include a strong call-to-action to prompt your audience to take the desired action.\r\n\r\n## FAQs:\r\n\r\n1. **Q**: What type of information should I provide in 'What type of content do you want to create?'\r\n    \r\n    **A**: When answering this question, clarify the format you are aiming for. Examples could be a blog post, a product description, an ad copy, a social media post, or any other form of content you need.\r\n    \r\n2. **Q**: How detailed should the product or service description be?\r\n    \r\n    **A**: The more specific you are about the key features and benefits of your product or service, the better the AI can generate a precise and appealing content.\r\n    \r\n3. **Q**: How do I identify the unique selling points (USPs) of my product or service?\r\n    \r\n    **A**: UPs are features or aspects that set your product or service apart from its competitors. Think about what makes your product unique or why customers choose your product over others.\r\n    \r\n4. **Q**: How do I describe the interests of my ideal customer?\r\n    \r\n    **A**: Consider the hobbies, lifestyle, values, needs, and wants of your ideal customer. Use these factors to describe their interests.\r\n    \r\n5. **Q**: What should I write in 'What action do you want the audience to take after engaging with your content'?\r\n    \r\n    **A**: This would be the desired outcome from your audience after they interact with your content. It could be purchasing a product, signing up for a newsletter, visiting your website, sharing the content, etc.\r\n    \r\n6. **Q**: Why is my generated content not as expected?\r\n    \r\n    **A**: This can happen if the provided information was vague or insufficient. Try to be more specific in your responses to get a more accurate output.\r\n    \r\n7. **Q**: How does the 'Solution-Savings-Social Proof' model work?\r\n    \r\n    **A**: This model creates content that outlines a problem (solution), emphasizes the cost-effectiveness (savings), and includes endorsements or success stories (social proof) to influence your audience.\r\n    \r\n8. **Q**: Isn't AI-generated content impersonal lacking a human touch?\r\n    \r\n    **A**: Our AI is designed to mimic human-like writing styles. However, feel free to add your personal touches to the generated content to make it more customized and suited to your brand voice.\r\n    \r\n\r\n## Feedback:\r\n\r\nWe value your feedback! Share your experiences and suggestions for improving the 'Solution-Savings-Social Proof model' template [here](https://websitelearners.typeform.com/gravityai#name=solution-savings-social-proof-model).",
                "created_at": "2023-06-28T06:52:47.000000Z",
                "updated_at": "2025-03-01T07:53:17.000000Z",
                "is_multiprompt": false,
                "website_title": null,
                "allow_website": 0,
                "website_input_title": null,
                "website_input_placeholder": null,
                "category_name": "Copywriting Tools",
                "bgImage": "https://gravitywrite.sgp1.digitaloceanspaces.com/gw/tGPv9TE8YH0whOblDMfOQP9b2QsAm55rep52xBUJ.svg",
                "iconColor": "#d81b60"
            },
            {
                "id": 100,
                "title": "P-A-R model",
                "slug": "p-a-r-model",
                "description": "A tool that uses the 'Pain-Agitate-Relief' framework to identify customer pain points and present your product as the solution, effectively converting leads into customers.",
                "frontend_headline": "Find customer pain points, position your product as the solution.",
                "icon_type": "icon",
                "icon_content": "fa-solid fa-paper-plane",
                "category_id": 21,
                "plan_id": "1",
                "usage": 54,
                "favcount": 11,
                "frontend_description": "## Introduction:\r\n\r\nThe 'P-A-R model' template on GravityWrite is a powerful tool that utilizes the 'Pain-Agitate-Relief' framework to help you identify customer pain points and position your product or service as the ultimate solution. By effectively addressing the needs and concerns of your target audience, you can convert leads into loyal customers and boost your sales.\r\n\r\n## Key Functionalities:\r\n\r\n- This section is optional and will be included once we determine the key features and functionalities that add value to your experience with the 'P-A-R model' template.\r\n\r\n## How To Use The Tool:\r\n\r\n1.  Start by answering the following questions:\r\n- What type of content are you looking to create?\r\n- What are you selling or promoting? (Include key features of your product or service)\r\n- What are the unique selling points that set your product or service apart from competitors?\r\n- Who is your Ideal Customer? (describe their interests)\r\n- What action do you want the audience to take after engaging with your content?\r\n\r\n  \r\n2.    Press \"Create Content\" to generate the output.\r\n\r\n## Tips for Using the Tool:\r\n\r\n- Ensure you provide detailed and honest answers to the questions to optimize the effectiveness of the 'P-A-R model' template.\r\n- Tailor your responses to resonate with your target audience and address their specific pain points.\r\n- Experiment with different angles and approaches to see what resonates best with your customers.\r\n\r\n## FAQ's:\r\n\r\n1. **Q**: What do you mean by 'P-A-R model' in this template?\r\n    \r\n    **A**: The 'P-A-R' stands for 'Pain-Agitate-Relief'. It's a marketing strategy that first identifies the customer's pain point, then agitates that problem, and finally presents your product or service as the solution (Relief).\r\n    \r\n2. **Q**: What type of content can I create with this template?\r\n    \r\n    **A**:  The 'P-A-R model' is versatile. You can use it to create promotional material for your product or service, including blog posts, social media content, sales pages, email marketing campaigns, and more.\r\n    \r\n3. **Q**: What kind of information do I need to provide about my product or service?\r\n    \r\n    **A**: When prompted, provide details such as what you are selling or promoting, key features of your product or service, and unique selling points that set you apart from competitors.\r\n    \r\n4. **Q**: What should I include when describing my Ideal Customer?\r\n    \r\n    **A**: Think about your ideal customer's attributes and interests. What is their age bracket, are they business professionals or homemakers, what hobby might they have, or what problem they face that your product or service can solve.\r\n    \r\n5. **Q**: What do you mean by 'the action you want the audience to take after engaging with your content'?\r\n    \r\n    **A**: This might be what you want your audience to do next after reading your content, like purchasing your product, signing up for a newsletter, scheduling a consultation, or sharing your content with their network.\r\n    \r\n6. **Q**: How can I use this template to differentiate my product from my competitors?\r\n    \r\n    **A**: When you release your unique selling points (USPs), emphasize how these USPs solve your customers' problems better than your competitors.\r\n    \r\n7. **Q**: How will this template help in converting my leads into customers?\r\n    \r\n    **A**: With the P-A-R model, your content will not only identify and sympathize with the audience's problem but also present your product as the perfect solution, prompting the readers to take action.\r\n    \r\n8. **Q**: How specific do I need to be when describing my product or service and my unique selling points?\r\n    \r\n    **A**: The more specific, the better. Clear and detailed information will help the AI generate content that accurately and effectively communicates your offerings and their benefits.\r\n    \r\n9. **Q**: How should I phrase or format my answers to the prompts?\r\n    \r\n    **A**: Simple and plain English is best. This makes it easier for the AI to understand and generate relevant content based on your answers.\r\n    \r\n\r\n## Feedback\r\n\r\nWe're always looking for ways to improve our tools. So, don't hesitate to share your experiences and suggestions for enhancing the P-A-R model tool. Please share your feedback [here](https://websitelearners.typeform.com/gravityai#name=p-a-r-model).",
                "created_at": "2023-06-28T06:39:29.000000Z",
                "updated_at": "2025-03-15T20:43:04.000000Z",
                "is_multiprompt": false,
                "website_title": null,
                "allow_website": 0,
                "website_input_title": null,
                "website_input_placeholder": null,
                "category_name": "Copywriting Tools",
                "bgImage": "https://gravitywrite.sgp1.digitaloceanspaces.com/gw/tGPv9TE8YH0whOblDMfOQP9b2QsAm55rep52xBUJ.svg",
                "iconColor": "#d81b60"
            }
        ],
        "first_page_url": "https://api.gravitywrite.com/api/singlePrompt/promptsList?page=1",
        "from": 1,
        "last_page": 3,
        "last_page_url": "https://api.gravitywrite.com/api/singlePrompt/promptsList?page=3",
        "links": [
            {
                "url": null,
                "label": "&laquo; Previous",
                "active": false
            },
            {
                "url": "https://api.gravitywrite.com/api/singlePrompt/promptsList?page=1",
                "label": "1",
                "active": true
            },
            {
                "url": "https://api.gravitywrite.com/api/singlePrompt/promptsList?page=2",
                "label": "2",
                "active": false
            },
            {
                "url": "https://api.gravitywrite.com/api/singlePrompt/promptsList?page=3",
                "label": "3",
                "active": false
            },
            {
                "url": "https://api.gravitywrite.com/api/singlePrompt/promptsList?page=2",
                "label": "Next &raquo;",
                "active": false
            }
        ],
        "next_page_url": "https://api.gravitywrite.com/api/singlePrompt/promptsList?page=2",
        "path": "https://api.gravitywrite.com/api/singlePrompt/promptsList",
        "per_page": 100,
        "prev_page_url": null,
        "to": 100,
        "total": 283
    },
    "message": "success",
    "code": 200,
    "response": "OK"
}
]]></system-out>
  </testcase>
  <testcase name="testCategoryListErrors[100, 1, 200](1)" classname="api.test.SinglePromptTests.CategoryListTests" time="0.0"/>
  <testcase name="testStreamAPI[Valid Prompt, 46, 10, Healthy recipes, 13, 21, 0, 200, YES](1)" classname="api.test.SinglePromptTests.ContentsNewTests" time="2.303">
    <system-out><![CDATA[- "10 Mouthwatering Healthy Recipes to Try This Week"
- "The Ultimate Guide to Quick and Easy Healthy Recipes"
- "Healthy Recipes That Will Make You Forget You're Eating Healthy"
- "5 Ingredient Healthy Recipes for Busy Weeknights"
- "Delicious and Nutritious: Healthy Recipes for Every Meal"
- "Healthy Recipes That Taste Like a Cheat Meal"
- "From Breakfast to Dinner: Healthy Recipes for Every Craving"
- "Healthy Recipes That Even Picky Eaters Will Love"
- "Get Your Greens: Healthy Recipes Packed with Veggies"
- "Indulge Guilt-Free with These Decadent Healthy Recipes"
- "Healthy Recipes to Boost Your Immune System and Energy"
- "One-Pot Wonders: Easy and Healthy Recipes for Minimal Cleanup"
- "Satisfy Your Sweet Tooth with These Healthy Dessert Recipes"
]]></system-out>
  </testcase>
  <testcase name="testStreamAPI[Invalid Prompt ID, 999, 10, Healthy recipes, 13, 21, 0, 405, YES](2)" classname="api.test.SinglePromptTests.ContentsNewTests" time="0.081">
    <system-out><![CDATA[{"error":"Please Enter a valid Prompt Id","message":"Please Enter a valid Prompt Id","type":"info"}
]]></system-out>
  </testcase>
  <testcase name="testStreamAPI[Invalid Tone ID, 46, 999, Healthy recipes, 13, 21, 0, 500, YES](3)" classname="api.test.SinglePromptTests.ContentsNewTests" time="0.098">
    <system-out><![CDATA[{"status":false,"data":null,"message":"SQLSTATE[23000]: Integrity constraint violation: 1452 Cannot add or update a child row: a foreign key constraint fails (`genie_db`.`contents`, CONSTRAINT `tone_fk_7934190` FOREIGN KEY (`tone_id`) REFERENCES `tones` (`id`)) (Connection: mysql, SQL: insert into `contents` (`user_id`, `prompt_id`, `tone_id`, `engine_id`, `language_id`, `is_mode`, `updated_at`, `created_at`) values (980150, 46, 999, 15, 21, 0, 2025-03-17 12:04:11, 2025-03-17 12:04:11))","type":"error","code":500,"response":"error"}
]]></system-out>
  </testcase>
  <testcase name="testStreamAPI[Unregistered Prompt, 999, 12, Tech innovations, 15, 22, 0, 405, YES](4)" classname="api.test.SinglePromptTests.ContentsNewTests" time="0.084">
    <system-out><![CDATA[{"error":"Please Enter a valid Prompt Id","message":"Please Enter a valid Prompt Id","type":"info"}
]]></system-out>
  </testcase>
  <testcase name="testStreamAPI[Invalid Language ID, 50, 12, Tech innovations, 15, 999, 0, 500, YES](5)" classname="api.test.SinglePromptTests.ContentsNewTests" time="0.099">
    <system-out><![CDATA[{"status":false,"data":null,"message":"SQLSTATE[23000]: Integrity constraint violation: 1452 Cannot add or update a child row: a foreign key constraint fails (`genie_db`.`contents`, CONSTRAINT `language_fk_8089055` FOREIGN KEY (`language_id`) REFERENCES `languages` (`id`)) (Connection: mysql, SQL: insert into `contents` (`user_id`, `prompt_id`, `tone_id`, `engine_id`, `language_id`, `is_mode`, `updated_at`, `created_at`) values (980150, 50, 12, 19, 999, 0, 2025-03-17 12:04:11, 2025-03-17 12:04:11))","type":"error","code":500,"response":"error"}
]]></system-out>
  </testcase>
  <testcase name="testStreamAPI[Valid Prompt with Disabled, 50, 12, Tech innovations, 15, 22, 0, 200, YES](6)" classname="api.test.SinglePromptTests.ContentsNewTests" time="2.233">
    <system-out><![CDATA[I understand. I'll generate image prompts based on the blog outline you provide, following the guidelines you've specified. Please share the blog outline, and I'll create the prompts accordingly.
]]></system-out>
  </testcase>
  <testcase name="testStreamAPI[Empty Prompt, 0, 12, &quot; &quot;, 15, 22, 0, 405, YES](7)" classname="api.test.SinglePromptTests.ContentsNewTests" time="0.093">
    <system-out><![CDATA[{"error":"Please Enter a valid Prompt Id","message":"Please Enter a valid Prompt Id","type":"info"}
]]></system-out>
  </testcase>
</testsuite>