<?xml version="1.0" encoding="UTF-8"?>
<!-- Generated by org.testng.reporters.JUnitReportReporter -->
<testsuite hostname="WL-286" failures="0" tests="6" name="api.test.AuthTests.ResetPasswordTests" time="0.795" errors="0" timestamp="2025-03-14T14:19:34 IST" skipped="0">
  <testcase classname="api.test.AuthTests.ResetPasswordTests" name="testResetPassword" time="0.150">
    <system-out>
      <![CDATA[TestCase: Empty Confirm Pass | Expected: 405 | Got: 405]]>
    </system-out>
  </testcase> <!-- testResetPassword -->
  <testcase classname="api.test.AuthTests.ResetPasswordTests" name="testResetPassword" time="0.187">
    <system-out>
      <![CDATA[TestCase: Valid Reset | Expected: 200 | Got: 200]]>
    </system-out>
  </testcase> <!-- testResetPassword -->
  <testcase classname="api.test.AuthTests.ResetPasswordTests" name="testResetPassword" time="0.101">
    <system-out>
      <![CDATA[TestCase: Empty Email | Expected: 405 | Got: 405]]>
    </system-out>
  </testcase> <!-- testResetPassword -->
  <testcase classname="api.test.AuthTests.ResetPasswordTests" name="testResetPassword" time="0.112">
    <system-out>
      <![CDATA[TestCase: Invalid Email | Expected: 405 | Got: 405]]>
    </system-out>
  </testcase> <!-- testResetPassword -->
  <testcase classname="api.test.AuthTests.ResetPasswordTests" name="testResetPassword" time="0.131">
    <system-out>
      <![CDATA[TestCase: Empty Password | Expected: 405 | Got: 405]]>
    </system-out>
  </testcase> <!-- testResetPassword -->
  <testcase classname="api.test.AuthTests.ResetPasswordTests" name="testResetPassword" time="0.114">
    <system-out>
      <![CDATA[TestCase: Password Mismatch | Expected: 405 | Got: 405]]>
    </system-out>
  </testcase> <!-- testResetPassword -->
  <system-out>
    <![CDATA[Test Data: TestCase=Valid Login, Email=websitelearnertest@gmail.com, ExpectedStatusCode=200
Invalid Register API tested with email: 
Invalid Register API tested with email: testuser1@gmail.com
Invalid Register API tested with email: testuser1@gmail.com
Invalid Register API tested with email: invalidemail
Invalid Register API tested with email: user@example.com
Invalid Register API tested with email: websitelearnertest@gmail.com
Invalid Register API tested with email: 
Valid Register API tested with email: testuser1741941489899@wl.com
Valid Register API tested with email: userexample1741941489899@wl.com
Get User API called successfully with token: 3477518|GL6sh9hAv9i46jmrCBpIiB9v9JIGtMICi2mLe1Vw25046029
Test Data: TestCase=Valid Forgot Password, Email=websitelearnertest@gmail.com, ExpectedStatusCode=200
Test Data: TestCase=Unregistered Email, Email=wrongemail@gmail.com, ExpectedStatusCode=405
Test Data: TestCase=Invalid Email Format, Email=invalidemailformat, ExpectedStatusCode=405
Test Data: TestCase=Empty Email, Email=" ", ExpectedStatusCode=405
TestCase: Valid Reset | Expected: 200 | Got: 200
TestCase: Empty Email | Expected: 405 | Got: 405
TestCase: Invalid Email | Expected: 405 | Got: 405
TestCase: Empty Password | Expected: 405 | Got: 405
TestCase: Empty Confirm Pass | Expected: 405 | Got: 405
TestCase: Password Mismatch | Expected: 405 | Got: 405
 TestCase: Valid Request (Success) | Paginate=100 | Page=1 | Expected: 200 | Got: 200
Tested API with paginate=100, page=1. Expected: 200, Got: 200]]>
  </system-out>
</testsuite> <!-- api.test.AuthTests.ResetPasswordTests -->
