<?xml version="1.0" encoding="UTF-8"?>
<!-- Generated by org.testng.reporters.JUnitReportReporter -->
<testsuite hostname="WL-286" failures="0" tests="6" name="api.test.ResetPasswordTests" time="0.563" errors="0" timestamp="2025-03-04T17:00:39 IST" skipped="0">
  <testcase classname="api.test.ResetPasswordTests" name="testInvalidResetPassword" time="0.083"/>
  <testcase classname="api.test.ResetPasswordTests" name="testInvalidResetPassword" time="0.082"/>
  <testcase classname="api.test.ResetPasswordTests" name="testInvalidResetPassword" time="0.088"/>
  <testcase classname="api.test.ResetPasswordTests" name="testInvalidResetPassword" time="0.078"/>
  <testcase classname="api.test.ResetPasswordTests" name="testInvalidResetPassword" time="0.077"/>
  <testcase classname="api.test.ResetPasswordTests" name="testValidResetPassword" time="0.155"/>
</testsuite> <!-- api.test.ResetPasswordTests -->
