<?xml version="1.0" encoding="UTF-8"?>
<!-- Generated by org.testng.reporters.JUnitReportReporter -->
<testsuite hostname="WL-286" failures="0" tests="2" name="api.test.LogoutTests" time="0.159" errors="0" timestamp="2025-03-04T17:00:39 IST" skipped="0">
  <testcase classname="api.test.LogoutTests" name="testInvalidLogout" time="0.077"/>
  <testcase classname="api.test.LogoutTests" name="testValidLogout" time="0.082"/>
</testsuite> <!-- api.test.LogoutTests -->
