<?xml version="1.0" encoding="UTF-8"?>
<!-- Generated by org.testng.reporters.JUnitReportReporter -->
<testsuite hostname="WL-286" failures="0" tests="1" name="api.test.SinglePromptTests.ContentsNewTest" time="2.419" errors="0" timestamp="2025-03-11T17:06:03 IST" skipped="0">
  <testcase classname="api.test.SinglePromptTests.ContentsNewTest" name="testStreamAPI" time="2.419"/>
  <system-out>
    <![CDATA[Test Data: Email=wrongemail@gmail.com, ExpectedStatusCode=401
Test Data: Email=websitelearnertest@gmail.com, ExpectedStatusCode=401
Test Data: Email=, ExpectedStatusCode=422
Test Data: Email=websitelearnertest@gmail.com, ExpectedStatusCode=422
Test Data: Email=invalidemailformat, ExpectedStatusCode=422
Test Data: Email=, ExpectedStatusCode=422
Test Data: Email=websitelearnertest@gmail.com, ExpectedStatusCode=200]]>
  </system-out>
</testsuite> <!-- api.test.SinglePromptTests.ContentsNewTest -->
