<?xml version="1.0" encoding="UTF-8"?>
<!-- Generated by org.testng.reporters.JUnitReportReporter -->
<testsuite hostname="WL-286" failures="0" tests="4" name="api.test.ForgotPasswordTests" time="1.494" errors="0" timestamp="2025-03-04T17:00:39 IST" skipped="0">
  <testcase classname="api.test.ForgotPasswordTests" name="testValidForgotPassword" time="1.229"/>
  <testcase classname="api.test.ForgotPasswordTests" name="testInvalidForgotPassword" time="0.101"/>
  <testcase classname="api.test.ForgotPasswordTests" name="testInvalidForgotPassword" time="0.083"/>
  <testcase classname="api.test.ForgotPasswordTests" name="testInvalidForgotPassword" time="0.081"/>
</testsuite> <!-- api.test.ForgotPasswordTests -->
