<?xml version="1.0" encoding="UTF-8"?>
<!-- Generated by org.testng.reporters.JUnitReportReporter -->
<testsuite hostname="WL-286" failures="0" tests="9" name="api.test.RegisterTests" time="7.357" errors="0" timestamp="2025-03-04T17:00:39 IST" skipped="0">
  <testcase classname="api.test.RegisterTests" name="testValidUserRegister" time="2.820"/>
  <testcase classname="api.test.RegisterTests" name="testInvalidUserRegister" time="0.080"/>
  <testcase classname="api.test.RegisterTests" name="testInvalidUserRegister" time="0.089"/>
  <testcase classname="api.test.RegisterTests" name="testInvalidUserRegister" time="0.082"/>
  <testcase classname="api.test.RegisterTests" name="testValidUserRegister" time="2.803"/>
  <testcase classname="api.test.RegisterTests" name="testInvalidUserRegister" time="0.080"/>
  <testcase classname="api.test.RegisterTests" name="testInvalidUserRegister" time="0.083"/>
  <testcase classname="api.test.RegisterTests" name="testInvalidUserRegister" time="1.238"/>
  <testcase classname="api.test.RegisterTests" name="testInvalidUserRegister" time="0.082"/>
</testsuite> <!-- api.test.RegisterTests -->
