<?xml version="1.0" encoding="UTF-8"?>
<!-- Generated by org.testng.reporters.JUnitReportReporter -->
<testsuite hostname="WL-286" failures="0" tests="1" name="api.endpoints.StreamAPITest" time="4.154" errors="0" timestamp="2025-03-14T10:08:07 IST" skipped="0">
  <testcase classname="api.endpoints.StreamAPITest" name="testStreamAPI" time="4.154"/>
</testsuite> <!-- api.endpoints.StreamAPITest -->
