<?xml version="1.0" encoding="UTF-8"?>
<!-- Generated by org.testng.reporters.JUnitReportReporter -->
<testsuite hostname="WL-286" failures="0" tests="1" name="api.test.GetUserTests" time="0.106" errors="0" timestamp="2025-03-04T17:00:39 IST" skipped="0">
  <testcase classname="api.test.GetUserTests" name="testGetUserWithValidToken" time="0.106"/>
</testsuite> <!-- api.test.GetUserTests -->
