<?xml version="1.0" encoding="UTF-8"?>
<!-- Generated by org.testng.reporters.JUnitReportReporter -->
<testsuite hostname="WL-286" failures="0" tests="2" name="api.test.AuthTests.LogoutTests" time="0.182" errors="0" timestamp="2025-03-11T15:34:55 IST" skipped="0">
  <testcase classname="api.test.AuthTests.LogoutTests" name="testInvalidLogout" time="0.089">
    <system-out>
      <![CDATA[Invalid Logout API tested with token: invalidBearerToken456]]>
    </system-out>
  </testcase> <!-- testInvalidLogout -->
  <testcase classname="api.test.AuthTests.LogoutTests" name="testValidLogout" time="0.093">
    <system-out>
      <![CDATA[Valid Logout API tested with token: 3446355|ISyBbpF1n2AvDlzThShlwHHlPwcVENT53U16rUOR72846fda]]>
    </system-out>
  </testcase> <!-- testValidLogout -->
  <system-out>
    <![CDATA[Test Data: Email=websitelearnertest@gmail.com, ExpectedStatusCode=200
Test Data: Email=wrongemail@gmail.com, ExpectedStatusCode=401
Test Data: Email=websitelearnertest@gmail.com, ExpectedStatusCode=401
Test Data: Email=, ExpectedStatusCode=422
Test Data: Email=websitelearnertest@gmail.com, ExpectedStatusCode=422
Test Data: Email=invalidemailformat, ExpectedStatusCode=422
Test Data: Email=, ExpectedStatusCode=422
Invalid Register API tested with email: 
Invalid Register API tested with email: testuser1@gmail.com
Invalid Register API tested with email: testuser1@gmail.com
Invalid Register API tested with email: invalidemail
Invalid Register API tested with email: user@example.com
Invalid Register API tested with email: websitelearnertest@gmail.com
Invalid Register API tested with email: 
Valid Register API tested with email: testuser1741687483033@wl.com
Valid Register API tested with email: userexample1741687483033@wl.com
Get User API called successfully with token: 3446355|ISyBbpF1n2AvDlzThShlwHHlPwcVENT53U16rUOR72846fda
Invalid Forgot Password API tested with email: wrongemail@gmail.com
Invalid Forgot Password API tested with email: invalidemailformat
Invalid Forgot Password API tested with email: 
Forgot Password API called successfully with email: websitelearnertest@gmail.com
Invalid Reset Password API tested with email: 
Invalid Reset Password API tested with email: invalid-email
Invalid Reset Password API tested with email: jerald@wl.team
Invalid Reset Password API tested with email: jerald@wl.team
Invalid Reset Password API tested with email: jerald@wl.team
Valid Reset Password API tested with email: jerald@wl.team
Tested API with paginate=100 and page=1. Expected: 200, Got: 200
Tested API with paginate=100 and page=1. Expected: 200, Got: 200
Invalid Logout API tested with token: invalidBearerToken456
Valid Logout API tested with token: 3446355|ISyBbpF1n2AvDlzThShlwHHlPwcVENT53U16rUOR72846fda]]>
  </system-out>
</testsuite> <!-- api.test.AuthTests.LogoutTests -->
