<?xml version="1.0" encoding="UTF-8"?>
<!-- Generated by org.testng.reporters.JUnitReportReporter -->
<testsuite hostname="WL-286" failures="0" tests="7" name="api.test.LoginTests" time="5.258" errors="0" timestamp="2025-03-04T17:00:39 IST" skipped="0">
  <testcase classname="api.test.LoginTests" name="testInvalidUserLogin" time="0.081"/>
  <testcase classname="api.test.LoginTests" name="testInvalidUserLogin" time="0.092"/>
  <testcase classname="api.test.LoginTests" name="testInvalidUserLogin" time="0.090"/>
  <testcase classname="api.test.LoginTests" name="testInvalidUserLogin" time="0.147"/>
  <testcase classname="api.test.LoginTests" name="testInvalidUserLogin" time="0.083"/>
  <testcase classname="api.test.LoginTests" name="testInvalidUserLogin" time="0.088"/>
  <testcase classname="api.test.LoginTests" name="testValidUserLogin" time="4.677"/>
</testsuite> <!-- api.test.LoginTests -->
