<?xml version="1.0" encoding="UTF-8"?>
<!-- Generated by org.testng.reporters.JUnitReportReporter -->
<testsuite hostname="WL-286" failures="0" tests="7" name="api.test.SinglePromptTests.ContentsNewTests" time="4.986" errors="0" timestamp="2025-03-17T12:04:17 IST" skipped="0">
  <testcase classname="api.test.SinglePromptTests.ContentsNewTests" name="testStreamAPI" time="2.301"/>
  <testcase classname="api.test.SinglePromptTests.ContentsNewTests" name="testStreamAPI" time="2.232"/>
  <testcase classname="api.test.SinglePromptTests.ContentsNewTests" name="testStreamAPI" time="0.081"/>
  <testcase classname="api.test.SinglePromptTests.ContentsNewTests" name="testStreamAPI" time="0.095"/>
  <testcase classname="api.test.SinglePromptTests.ContentsNewTests" name="testStreamAPI" time="0.084"/>
  <testcase classname="api.test.SinglePromptTests.ContentsNewTests" name="testStreamAPI" time="0.097"/>
  <testcase classname="api.test.SinglePromptTests.ContentsNewTests" name="testStreamAPI" time="0.096"/>
  <system-out>
    <![CDATA[Test Data: TestCase=Valid Login, Email=websitelearnertest@gmail.com, ExpectedStatusCode=200
Invalid Register API tested with email: 
Invalid Register API tested with email: testuser1@gmail.com
Invalid Register API tested with email: testuser1@gmail.com
Invalid Register API tested with email: invalidemail
Invalid Register API tested with email: user@example.com
Invalid Register API tested with email: websitelearnertest@gmail.com
Invalid Register API tested with email: 
Valid Register API tested with email: testuser1742193242529@wl.com
Valid Register API tested with email: userexample1742193242529@wl.com
Get User API called successfully with token: 3506367|AF05NlHawATDhJXoHQ10Su0lHXQHffE1jcx616Oj346ba824
Test Data: TestCase=Valid Forgot Password, Email=websitelearnertest@gmail.com, ExpectedStatusCode=200
Test Data: TestCase=Unregistered Email, Email=wrongemail@gmail.com, ExpectedStatusCode=405
Test Data: TestCase=Invalid Email Format, Email=invalidemailformat, ExpectedStatusCode=405
Test Data: TestCase=Empty Email, Email=" ", ExpectedStatusCode=405
 TestCase: Valid Request (Success) | Paginate=100 | Page=1 | Expected: 200 | Got: 200
Tested API with paginate=100, page=1. Expected: 200, Got: 200]]>
  </system-out>
</testsuite> <!-- api.test.SinglePromptTests.ContentsNewTests -->
