<?xml version="1.0" encoding="UTF-8"?>
<!-- Generated by org.testng.reporters.JUnitReportReporter -->
<testsuite hostname="WL-286" failures="0" tests="9" name="api.test.AuthTests.RegisterTests" time="8.666" errors="0" timestamp="2025-03-17T17:12:22 IST" skipped="0">
  <testcase classname="api.test.AuthTests.RegisterTests" name="testInvalidUserRegister" time="0.100">
    <system-out>
      <![CDATA[Invalid Register API tested with email: testuser1@gmail.com]]>
    </system-out>
  </testcase> <!-- testInvalidUserRegister -->
  <testcase classname="api.test.AuthTests.RegisterTests" name="testInvalidUserRegister" time="0.080">
    <system-out>
      <![CDATA[Invalid Register API tested with email: invalidemail]]>
    </system-out>
  </testcase> <!-- testInvalidUserRegister -->
  <testcase classname="api.test.AuthTests.RegisterTests" name="testInvalidUserRegister" time="0.086">
    <system-out>
      <![CDATA[Invalid Register API tested with email: websitelearnertest@gmail.com]]>
    </system-out>
  </testcase> <!-- testInvalidUserRegister -->
  <testcase classname="api.test.AuthTests.RegisterTests" name="testInvalidUserRegister" time="0.114">
    <system-out>
      <![CDATA[Invalid Register API tested with email: ]]>
    </system-out>
  </testcase> <!-- testInvalidUserRegister -->
  <testcase classname="api.test.AuthTests.RegisterTests" name="testInvalidUserRegister" time="0.107">
    <system-out>
      <![CDATA[Invalid Register API tested with email: ]]>
    </system-out>
  </testcase> <!-- testInvalidUserRegister -->
  <testcase classname="api.test.AuthTests.RegisterTests" name="testValidUserRegister" time="2.842">
    <system-out>
      <![CDATA[Valid Register API tested with email: testuser1742211730846@wl.com]]>
    </system-out>
  </testcase> <!-- testValidUserRegister -->
  <testcase classname="api.test.AuthTests.RegisterTests" name="testInvalidUserRegister" time="0.100">
    <system-out>
      <![CDATA[Invalid Register API tested with email: testuser1@gmail.com]]>
    </system-out>
  </testcase> <!-- testInvalidUserRegister -->
  <testcase classname="api.test.AuthTests.RegisterTests" name="testInvalidUserRegister" time="1.756">
    <system-out>
      <![CDATA[Invalid Register API tested with email: user@example.com]]>
    </system-out>
  </testcase> <!-- testInvalidUserRegister -->
  <testcase classname="api.test.AuthTests.RegisterTests" name="testValidUserRegister" time="3.481">
    <system-out>
      <![CDATA[Valid Register API tested with email: userexample1742211730846@wl.com]]>
    </system-out>
  </testcase> <!-- testValidUserRegister -->
  <system-out>
    <![CDATA[Test Data: TestCase=Valid Login, Email=websitelearnertest@gmail.com, ExpectedStatusCode=200
Invalid Register API tested with email: 
Invalid Register API tested with email: testuser1@gmail.com
Invalid Register API tested with email: testuser1@gmail.com
Invalid Register API tested with email: invalidemail
Invalid Register API tested with email: user@example.com
Invalid Register API tested with email: websitelearnertest@gmail.com
Invalid Register API tested with email: 
Valid Register API tested with email: testuser1742211730846@wl.com
Valid Register API tested with email: userexample1742211730846@wl.com
Get User API called successfully with token: 3509530|MAlJUElrUr1K6DAyD9azvQebRSvqGcvJLlGvvzxh7b8da303
Test Data: TestCase=Valid Forgot Password, Email=websitelearnertest@gmail.com, ExpectedStatusCode=200
Test Data: TestCase=Unregistered Email, Email=wrongemail@gmail.com, ExpectedStatusCode=405
Test Data: TestCase=Invalid Email Format, Email=invalidemailformat, ExpectedStatusCode=405
Test Data: TestCase=Empty Email, Email=" ", ExpectedStatusCode=405
 TestCase: Valid Request (Success) | Paginate=100 | Page=1 | Expected: 200 | Got: 200
Tested API with paginate=100, page=1. Expected: 200, Got: 200]]>
  </system-out>
</testsuite> <!-- api.test.AuthTests.RegisterTests -->
