<?xml version="1.0" encoding="UTF-8"?>
<!-- Generated by org.testng.reporters.JUnitReportReporter -->
<testsuite hostname="WL-286" failures="0" tests="9" name="api.test.AuthTests.RegisterTests" time="8.827" errors="0" timestamp="2025-03-17T12:04:17 IST" skipped="0">
  <testcase classname="api.test.AuthTests.RegisterTests" name="testInvalidUserRegister" time="0.086">
    <system-out>
      <![CDATA[Invalid Register API tested with email: websitelearnertest@gmail.com]]>
    </system-out>
  </testcase> <!-- testInvalidUserRegister -->
  <testcase classname="api.test.AuthTests.RegisterTests" name="testValidUserRegister" time="3.506">
    <system-out>
      <![CDATA[Valid Register API tested with email: testuser1742193242529@wl.com]]>
    </system-out>
  </testcase> <!-- testValidUserRegister -->
  <testcase classname="api.test.AuthTests.RegisterTests" name="testValidUserRegister" time="2.935">
    <system-out>
      <![CDATA[Valid Register API tested with email: userexample1742193242529@wl.com]]>
    </system-out>
  </testcase> <!-- testValidUserRegister -->
  <testcase classname="api.test.AuthTests.RegisterTests" name="testInvalidUserRegister" time="0.095">
    <system-out>
      <![CDATA[Invalid Register API tested with email: testuser1@gmail.com]]>
    </system-out>
  </testcase> <!-- testInvalidUserRegister -->
  <testcase classname="api.test.AuthTests.RegisterTests" name="testInvalidUserRegister" time="0.098">
    <system-out>
      <![CDATA[Invalid Register API tested with email: ]]>
    </system-out>
  </testcase> <!-- testInvalidUserRegister -->
  <testcase classname="api.test.AuthTests.RegisterTests" name="testInvalidUserRegister" time="0.113">
    <system-out>
      <![CDATA[Invalid Register API tested with email: invalidemail]]>
    </system-out>
  </testcase> <!-- testInvalidUserRegister -->
  <testcase classname="api.test.AuthTests.RegisterTests" name="testInvalidUserRegister" time="0.081">
    <system-out>
      <![CDATA[Invalid Register API tested with email: ]]>
    </system-out>
  </testcase> <!-- testInvalidUserRegister -->
  <testcase classname="api.test.AuthTests.RegisterTests" name="testInvalidUserRegister" time="0.132">
    <system-out>
      <![CDATA[Invalid Register API tested with email: testuser1@gmail.com]]>
    </system-out>
  </testcase> <!-- testInvalidUserRegister -->
  <testcase classname="api.test.AuthTests.RegisterTests" name="testInvalidUserRegister" time="1.781">
    <system-out>
      <![CDATA[Invalid Register API tested with email: user@example.com]]>
    </system-out>
  </testcase> <!-- testInvalidUserRegister -->
  <system-out>
    <![CDATA[Test Data: TestCase=Valid Login, Email=websitelearnertest@gmail.com, ExpectedStatusCode=200
Invalid Register API tested with email: 
Invalid Register API tested with email: testuser1@gmail.com
Invalid Register API tested with email: testuser1@gmail.com
Invalid Register API tested with email: invalidemail
Invalid Register API tested with email: user@example.com
Invalid Register API tested with email: websitelearnertest@gmail.com
Invalid Register API tested with email: 
Valid Register API tested with email: testuser1742193242529@wl.com
Valid Register API tested with email: userexample1742193242529@wl.com
Get User API called successfully with token: 3506367|AF05NlHawATDhJXoHQ10Su0lHXQHffE1jcx616Oj346ba824
Test Data: TestCase=Valid Forgot Password, Email=websitelearnertest@gmail.com, ExpectedStatusCode=200
Test Data: TestCase=Unregistered Email, Email=wrongemail@gmail.com, ExpectedStatusCode=405
Test Data: TestCase=Invalid Email Format, Email=invalidemailformat, ExpectedStatusCode=405
Test Data: TestCase=Empty Email, Email=" ", ExpectedStatusCode=405
 TestCase: Valid Request (Success) | Paginate=100 | Page=1 | Expected: 200 | Got: 200
Tested API with paginate=100, page=1. Expected: 200, Got: 200]]>
  </system-out>
</testsuite> <!-- api.test.AuthTests.RegisterTests -->
