<?xml version="1.0" encoding="UTF-8"?>
<!-- Generated by org.testng.reporters.JUnitReportReporter -->
<testsuite hostname="WL-286" failures="0" tests="1" name="api.test.AuthTests.LoginTests" time="5.069" errors="0" timestamp="2025-03-17T17:12:22 IST" skipped="0">
  <testcase classname="api.test.AuthTests.LoginTests" name="testUserLogin" time="5.069">
    <system-out>
      <![CDATA[Test Data: TestCase=Valid Login, Email=websitelearnertest@gmail.com, ExpectedStatusCode=200]]>
    </system-out>
  </testcase> <!-- testUserLogin -->
  <system-out>
    <![CDATA[Test Data: TestCase=Valid Login, Email=websitelearnertest@gmail.com, ExpectedStatusCode=200
Invalid Register API tested with email: 
Invalid Register API tested with email: testuser1@gmail.com
Invalid Register API tested with email: testuser1@gmail.com
Invalid Register API tested with email: invalidemail
Invalid Register API tested with email: user@example.com
Invalid Register API tested with email: websitelearnertest@gmail.com
Invalid Register API tested with email: 
Valid Register API tested with email: testuser1742211730846@wl.com
Valid Register API tested with email: userexample1742211730846@wl.com
Get User API called successfully with token: 3509530|MAlJUElrUr1K6DAyD9azvQebRSvqGcvJLlGvvzxh7b8da303
Test Data: TestCase=Valid Forgot Password, Email=websitelearnertest@gmail.com, ExpectedStatusCode=200
Test Data: TestCase=Unregistered Email, Email=wrongemail@gmail.com, ExpectedStatusCode=405
Test Data: TestCase=Invalid Email Format, Email=invalidemailformat, ExpectedStatusCode=405
Test Data: TestCase=Empty Email, Email=" ", ExpectedStatusCode=405
 TestCase: Valid Request (Success) | Paginate=100 | Page=1 | Expected: 200 | Got: 200
Tested API with paginate=100, page=1. Expected: 200, Got: 200]]>
  </system-out>
</testsuite> <!-- api.test.AuthTests.LoginTests -->
