<?xml version="1.0" encoding="UTF-8"?>
<!-- Generated by org.testng.reporters.JUnitReportReporter -->
<testsuite hostname="WL-286" failures="0" tests="9" name="api.test.AuthTests.RegisterTests" time="9.768" errors="0" timestamp="2025-03-17T14:00:28 IST" skipped="0">
  <testcase classname="api.test.AuthTests.RegisterTests" name="testInvalidUserRegister" time="0.112">
    <system-out>
      <![CDATA[Invalid Register API tested with email: invalidemail]]>
    </system-out>
  </testcase> <!-- testInvalidUserRegister -->
  <testcase classname="api.test.AuthTests.RegisterTests" name="testInvalidUserRegister" time="0.105">
    <system-out>
      <![CDATA[Invalid Register API tested with email: ]]>
    </system-out>
  </testcase> <!-- testInvalidUserRegister -->
  <testcase classname="api.test.AuthTests.RegisterTests" name="testInvalidUserRegister" time="1.772">
    <system-out>
      <![CDATA[Invalid Register API tested with email: user@example.com]]>
    </system-out>
  </testcase> <!-- testInvalidUserRegister -->
  <testcase classname="api.test.AuthTests.RegisterTests" name="testInvalidUserRegister" time="0.100">
    <system-out>
      <![CDATA[Invalid Register API tested with email: ]]>
    </system-out>
  </testcase> <!-- testInvalidUserRegister -->
  <testcase classname="api.test.AuthTests.RegisterTests" name="testValidUserRegister" time="3.171">
    <system-out>
      <![CDATA[Valid Register API tested with email: userexample1742200212584@wl.com]]>
    </system-out>
  </testcase> <!-- testValidUserRegister -->
  <testcase classname="api.test.AuthTests.RegisterTests" name="testInvalidUserRegister" time="0.097">
    <system-out>
      <![CDATA[Invalid Register API tested with email: testuser1@gmail.com]]>
    </system-out>
  </testcase> <!-- testInvalidUserRegister -->
  <testcase classname="api.test.AuthTests.RegisterTests" name="testValidUserRegister" time="4.210">
    <system-out>
      <![CDATA[Valid Register API tested with email: testuser1742200212584@wl.com]]>
    </system-out>
  </testcase> <!-- testValidUserRegister -->
  <testcase classname="api.test.AuthTests.RegisterTests" name="testInvalidUserRegister" time="0.080">
    <system-out>
      <![CDATA[Invalid Register API tested with email: websitelearnertest@gmail.com]]>
    </system-out>
  </testcase> <!-- testInvalidUserRegister -->
  <testcase classname="api.test.AuthTests.RegisterTests" name="testInvalidUserRegister" time="0.121">
    <system-out>
      <![CDATA[Invalid Register API tested with email: testuser1@gmail.com]]>
    </system-out>
  </testcase> <!-- testInvalidUserRegister -->
  <system-out>
    <![CDATA[Test Data: TestCase=Valid Login, Email=websitelearnertest@gmail.com, ExpectedStatusCode=200
Invalid Register API tested with email: 
Invalid Register API tested with email: testuser1@gmail.com
Invalid Register API tested with email: testuser1@gmail.com
Invalid Register API tested with email: invalidemail
Invalid Register API tested with email: user@example.com
Invalid Register API tested with email: websitelearnertest@gmail.com
Invalid Register API tested with email: 
Valid Register API tested with email: testuser1742200212584@wl.com
Valid Register API tested with email: userexample1742200212584@wl.com
Get User API called successfully with token: 3507557|JUsVQuO9G7Qy3zhp5D3WNd159NaLKRmjgVhHE8V026919aeb
Test Data: TestCase=Valid Forgot Password, Email=websitelearnertest@gmail.com, ExpectedStatusCode=200
Test Data: TestCase=Unregistered Email, Email=wrongemail@gmail.com, ExpectedStatusCode=405
Test Data: TestCase=Invalid Email Format, Email=invalidemailformat, ExpectedStatusCode=405
Test Data: TestCase=Empty Email, Email=" ", ExpectedStatusCode=405
 TestCase: Valid Request (Success) | Paginate=100 | Page=1 | Expected: 200 | Got: 200
Tested API with paginate=100, page=1. Expected: 200, Got: 200]]>
  </system-out>
</testsuite> <!-- api.test.AuthTests.RegisterTests -->
